************************************************************
*** checking if a hello world program can be built ... 
*** test program is
#include <stdio.h>

int main(int argc, char *argv[])
{
	puts("hello world");
	return 0;
}
*** results are
make[3]: Entering directory `/home/andrewec/dslinux/user/nail'
ucfront-gcc arm-linux-elf-gcc  -O2 -g -fomit-frame-pointer -fno-common -fno-builtin -Wall  -mswp-byte-writes -DCONFIG_NDS_ROM8BIT -mcpu=arm946e-s -mfpu=fpe3 -DEMBED -D__PIC__ -fpic -msingle-pic-base -Dlinux -D__linux__ -Dunix -D__uClinux__  -DMAILRC='"/etc/nail.rc"' -DMAILSPOOL='"/var/mail"' -DSENDMAIL='"/usr/lib/sendmail"'    \
		-Wl,-elf2flt -D__PIC__ -fpic -msingle-pic-base -mswp-byte-writes ___build8993.c `grep '^[^#]' LIBS`  -o ___build8993
make[3]: Leaving directory `/home/andrewec/dslinux/user/nail'
*** okay

************************************************************
*** checking for <alloca.h> ... 
*** test program is
#include <alloca.h>
*** results are
make[3]: Entering directory `/home/andrewec/dslinux/user/nail'
ucfront-gcc arm-linux-elf-gcc  -O2 -g -fomit-frame-pointer -fno-common -fno-builtin -Wall  -mswp-byte-writes -DCONFIG_NDS_ROM8BIT -mcpu=arm946e-s -mfpu=fpe3 -DEMBED -D__PIC__ -fpic -msingle-pic-base -Dlinux -D__linux__ -Dunix -D__uClinux__  -DMAILRC='"/etc/nail.rc"' -DMAILSPOOL='"/var/mail"' -DSENDMAIL='"/usr/lib/sendmail"'    -c ___build8993.c
make[3]: Leaving directory `/home/andrewec/dslinux/user/nail'
*** okay

************************************************************
*** checking for alloca() ... 
*** test program is
#include "rcv.h"
int main(void)
{
	alloca(1);
	return 0;
}
*** results are
make[3]: Entering directory `/home/andrewec/dslinux/user/nail'
ucfront-gcc arm-linux-elf-gcc  -O2 -g -fomit-frame-pointer -fno-common -fno-builtin -Wall  -mswp-byte-writes -DCONFIG_NDS_ROM8BIT -mcpu=arm946e-s -mfpu=fpe3 -DEMBED -D__PIC__ -fpic -msingle-pic-base -Dlinux -D__linux__ -Dunix -D__uClinux__  -DMAILRC='"/etc/nail.rc"' -DMAILSPOOL='"/var/mail"' -DSENDMAIL='"/usr/lib/sendmail"'    \
		-Wl,-elf2flt -D__PIC__ -fpic -msingle-pic-base -mswp-byte-writes ___build8993.c `grep '^[^#]' LIBS`  -o ___build8993
No relocations in code!
make[3]: Leaving directory `/home/andrewec/dslinux/user/nail'
*** okay

************************************************************
*** checking for ssize_t ... 
*** test program is
#include <sys/types.h>
#include <unistd.h>
int main(void)
{
	ssize_t	i = 3;
	write(1, "foo", i);
	return 0;
}
*** results are
make[3]: Entering directory `/home/andrewec/dslinux/user/nail'
ucfront-gcc arm-linux-elf-gcc  -O2 -g -fomit-frame-pointer -fno-common -fno-builtin -Wall  -mswp-byte-writes -DCONFIG_NDS_ROM8BIT -mcpu=arm946e-s -mfpu=fpe3 -DEMBED -D__PIC__ -fpic -msingle-pic-base -Dlinux -D__linux__ -Dunix -D__uClinux__  -DMAILRC='"/etc/nail.rc"' -DMAILSPOOL='"/var/mail"' -DSENDMAIL='"/usr/lib/sendmail"'    -c ___build8993.c
make[3]: Leaving directory `/home/andrewec/dslinux/user/nail'
*** okay

************************************************************
*** checking for snprintf() ... 
*** test program is
#include <stdio.h>
int main(void)
{
	char	b[20];
	snprintf(b, sizeof b, "%s", "string");
	return 0;
}
*** results are
make[3]: Entering directory `/home/andrewec/dslinux/user/nail'
ucfront-gcc arm-linux-elf-gcc  -O2 -g -fomit-frame-pointer -fno-common -fno-builtin -Wall  -mswp-byte-writes -DCONFIG_NDS_ROM8BIT -mcpu=arm946e-s -mfpu=fpe3 -DEMBED -D__PIC__ -fpic -msingle-pic-base -Dlinux -D__linux__ -Dunix -D__uClinux__  -DMAILRC='"/etc/nail.rc"' -DMAILSPOOL='"/var/mail"' -DSENDMAIL='"/usr/lib/sendmail"'    \
		-Wl,-elf2flt -D__PIC__ -fpic -msingle-pic-base -mswp-byte-writes ___build8993.c `grep '^[^#]' LIBS`  -o ___build8993
make[3]: Leaving directory `/home/andrewec/dslinux/user/nail'
*** okay

************************************************************
*** checking for fchdir() ... 
*** test program is
#include <unistd.h>
int main(void)
{
	fchdir(0);
	return 0;
}
*** results are
make[3]: Entering directory `/home/andrewec/dslinux/user/nail'
ucfront-gcc arm-linux-elf-gcc  -O2 -g -fomit-frame-pointer -fno-common -fno-builtin -Wall  -mswp-byte-writes -DCONFIG_NDS_ROM8BIT -mcpu=arm946e-s -mfpu=fpe3 -DEMBED -D__PIC__ -fpic -msingle-pic-base -Dlinux -D__linux__ -Dunix -D__uClinux__  -DMAILRC='"/etc/nail.rc"' -DMAILSPOOL='"/var/mail"' -DSENDMAIL='"/usr/lib/sendmail"'    \
		-Wl,-elf2flt -D__PIC__ -fpic -msingle-pic-base -mswp-byte-writes ___build8993.c `grep '^[^#]' LIBS`  -o ___build8993
No relocations in code!
make[3]: Leaving directory `/home/andrewec/dslinux/user/nail'
*** okay

************************************************************
*** checking for mmap() ... 
*** test program is
#include <sys/types.h>
#include <sys/mman.h>
int main(void)
{
	mmap(0, 0, 0, 0, 0, 0);
	return 0;
}
*** results are
make[3]: Entering directory `/home/andrewec/dslinux/user/nail'
ucfront-gcc arm-linux-elf-gcc  -O2 -g -fomit-frame-pointer -fno-common -fno-builtin -Wall  -mswp-byte-writes -DCONFIG_NDS_ROM8BIT -mcpu=arm946e-s -mfpu=fpe3 -DEMBED -D__PIC__ -fpic -msingle-pic-base -Dlinux -D__linux__ -Dunix -D__uClinux__  -DMAILRC='"/etc/nail.rc"' -DMAILSPOOL='"/var/mail"' -DSENDMAIL='"/usr/lib/sendmail"'    \
		-Wl,-elf2flt -D__PIC__ -fpic -msingle-pic-base -mswp-byte-writes ___build8993.c `grep '^[^#]' LIBS`  -o ___build8993
No relocations in code!
make[3]: Leaving directory `/home/andrewec/dslinux/user/nail'
*** okay

************************************************************
*** checking for mremap() ... 
*** test program is
#include <sys/types.h>
#include <sys/mman.h>
int main(void)
{
	mremap(0, 0, 0, MREMAP_MAYMOVE);
	return 0;
}
*** results are
make[3]: Entering directory `/home/andrewec/dslinux/user/nail'
ucfront-gcc arm-linux-elf-gcc  -O2 -g -fomit-frame-pointer -fno-common -fno-builtin -Wall  -mswp-byte-writes -DCONFIG_NDS_ROM8BIT -mcpu=arm946e-s -mfpu=fpe3 -DEMBED -D__PIC__ -fpic -msingle-pic-base -Dlinux -D__linux__ -Dunix -D__uClinux__  -DMAILRC='"/etc/nail.rc"' -DMAILSPOOL='"/var/mail"' -DSENDMAIL='"/usr/lib/sendmail"'    \
		-Wl,-elf2flt -D__PIC__ -fpic -msingle-pic-base -mswp-byte-writes ___build8993.c `grep '^[^#]' LIBS`  -o ___build8993
___build8993.c: In function 'main':
___build8993.c:5: error: 'MREMAP_MAYMOVE' undeclared (first use in this function)
___build8993.c:5: error: (Each undeclared identifier is reported only once
___build8993.c:5: error: for each function it appears in.)
make[3]: *** [___build8993] Error 1
make[3]: Leaving directory `/home/andrewec/dslinux/user/nail'
*** no

************************************************************
*** checking for iconv functionality ... 
*** test program is
#include <iconv.h>
int main(void)
{
	iconv_t	id;

	id = iconv_open("foo", "bar");
	return 0;
}
*** results are
make[3]: Entering directory `/home/andrewec/dslinux/user/nail'
ucfront-gcc arm-linux-elf-gcc  -O2 -g -fomit-frame-pointer -fno-common -fno-builtin -Wall  -mswp-byte-writes -DCONFIG_NDS_ROM8BIT -mcpu=arm946e-s -mfpu=fpe3 -DEMBED -D__PIC__ -fpic -msingle-pic-base -Dlinux -D__linux__ -Dunix -D__uClinux__  -DMAILRC='"/etc/nail.rc"' -DMAILSPOOL='"/var/mail"' -DSENDMAIL='"/usr/lib/sendmail"'    \
		-Wl,-elf2flt -D__PIC__ -fpic -msingle-pic-base -mswp-byte-writes ___build8993.c `grep '^[^#]' LIBS`  -o ___build8993
___build8993.elf2flt: In function `main':
/home/andrewec/dslinux/user/nail/___build8993.c:6: undefined reference to `libiconv_open'
collect2: ld returned 1 exit status
make[3]: *** [___build8993] Error 1
make[3]: Leaving directory `/home/andrewec/dslinux/user/nail'
*** no

************************************************************
*** checking for iconv functionality in libiconv ... 
*** test program is
#include <iconv.h>
int main(void)
{
	iconv_t	id;

	id = iconv_open("foo", "bar");
	return 0;
}
*** results are
make[3]: Entering directory `/home/andrewec/dslinux/user/nail'
ucfront-gcc arm-linux-elf-gcc  -O2 -g -fomit-frame-pointer -fno-common -fno-builtin -Wall  -mswp-byte-writes -DCONFIG_NDS_ROM8BIT -mcpu=arm946e-s -mfpu=fpe3 -DEMBED -D__PIC__ -fpic -msingle-pic-base -Dlinux -D__linux__ -Dunix -D__uClinux__  -DMAILRC='"/etc/nail.rc"' -DMAILSPOOL='"/var/mail"' -DSENDMAIL='"/usr/lib/sendmail"'    \
		-Wl,-elf2flt -D__PIC__ -fpic -msingle-pic-base -mswp-byte-writes ___build8993.c `grep '^[^#]' LIBS` -liconv -o ___build8993
make[3]: Leaving directory `/home/andrewec/dslinux/user/nail'
*** okay

************************************************************
*** checking for wctype functionality ... 
*** test program is
#include <wctype.h>
int main(void)
{
	iswprint(L'c');
	towupper(L'c');
	return 0;
}
*** results are
make[3]: Entering directory `/home/andrewec/dslinux/user/nail'
ucfront-gcc arm-linux-elf-gcc  -O2 -g -fomit-frame-pointer -fno-common -fno-builtin -Wall  -mswp-byte-writes -DCONFIG_NDS_ROM8BIT -mcpu=arm946e-s -mfpu=fpe3 -DEMBED -D__PIC__ -fpic -msingle-pic-base -Dlinux -D__linux__ -Dunix -D__uClinux__  -DMAILRC='"/etc/nail.rc"' -DMAILSPOOL='"/var/mail"' -DSENDMAIL='"/usr/lib/sendmail"'    \
		-Wl,-elf2flt -D__PIC__ -fpic -msingle-pic-base -mswp-byte-writes ___build8993.c `grep '^[^#]' LIBS`  -o ___build8993
In file included from ___build8993.c:1:
/home/andrewec/dslinux/uClibc/include/wctype.h:30:2: error: #error Attempted to include wctype.h when uClibc built without wide char support.
make[3]: *** [___build8993] Error 1
make[3]: Leaving directory `/home/andrewec/dslinux/user/nail'
*** no

************************************************************
*** checking for wcwidth()  ... 
*** test program is
#include <wchar.h>
int main(void)
{
	wcwidth(L'c');
	return 0;
}
*** results are
make[3]: Entering directory `/home/andrewec/dslinux/user/nail'
ucfront-gcc arm-linux-elf-gcc  -O2 -g -fomit-frame-pointer -fno-common -fno-builtin -Wall  -mswp-byte-writes -DCONFIG_NDS_ROM8BIT -mcpu=arm946e-s -mfpu=fpe3 -DEMBED -D__PIC__ -fpic -msingle-pic-base -Dlinux -D__linux__ -Dunix -D__uClinux__  -DMAILRC='"/etc/nail.rc"' -DMAILSPOOL='"/var/mail"' -DSENDMAIL='"/usr/lib/sendmail"'    \
		-Wl,-elf2flt -D__PIC__ -fpic -msingle-pic-base -mswp-byte-writes ___build8993.c `grep '^[^#]' LIBS`  -o ___build8993
In file included from ___build8993.c:1:
/home/andrewec/dslinux/uClibc/include/wchar.h:32:2: error: #error Attempted to include wchar.h when uClibc built without wide char support.
___build8993.c: In function 'main':
___build8993.c:4: warning: implicit declaration of function 'wcwidth'
make[3]: *** [___build8993] Error 1
make[3]: Leaving directory `/home/andrewec/dslinux/user/nail'
*** no

************************************************************
*** checking for mbtowc() ... 
*** test program is
#include <stdlib.h>
int main(void)
{
	wchar_t	wc;
	mbtowc(&wc, "x", 1);
	return 0;
}
*** results are
make[3]: Entering directory `/home/andrewec/dslinux/user/nail'
ucfront-gcc arm-linux-elf-gcc  -O2 -g -fomit-frame-pointer -fno-common -fno-builtin -Wall  -mswp-byte-writes -DCONFIG_NDS_ROM8BIT -mcpu=arm946e-s -mfpu=fpe3 -DEMBED -D__PIC__ -fpic -msingle-pic-base -Dlinux -D__linux__ -Dunix -D__uClinux__  -DMAILRC='"/etc/nail.rc"' -DMAILSPOOL='"/var/mail"' -DSENDMAIL='"/usr/lib/sendmail"'    \
		-Wl,-elf2flt -D__PIC__ -fpic -msingle-pic-base -mswp-byte-writes ___build8993.c `grep '^[^#]' LIBS`  -o ___build8993
___build8993.c: In function 'main':
___build8993.c:4: error: 'wchar_t' undeclared (first use in this function)
___build8993.c:4: error: (Each undeclared identifier is reported only once
___build8993.c:4: error: for each function it appears in.)
___build8993.c:4: error: syntax error before 'wc'
___build8993.c:5: warning: implicit declaration of function 'mbtowc'
___build8993.c:5: error: 'wc' undeclared (first use in this function)
make[3]: *** [___build8993] Error 1
make[3]: Leaving directory `/home/andrewec/dslinux/user/nail'
*** no

************************************************************
*** checking for setlocale() ... 
*** test program is
#include <locale.h>
int main(void)
{
	setlocale(LC_ALL, "");
	return 0;
}
*** results are
make[3]: Entering directory `/home/andrewec/dslinux/user/nail'
ucfront-gcc arm-linux-elf-gcc  -O2 -g -fomit-frame-pointer -fno-common -fno-builtin -Wall  -mswp-byte-writes -DCONFIG_NDS_ROM8BIT -mcpu=arm946e-s -mfpu=fpe3 -DEMBED -D__PIC__ -fpic -msingle-pic-base -Dlinux -D__linux__ -Dunix -D__uClinux__  -DMAILRC='"/etc/nail.rc"' -DMAILSPOOL='"/var/mail"' -DSENDMAIL='"/usr/lib/sendmail"'    \
		-Wl,-elf2flt -D__PIC__ -fpic -msingle-pic-base -mswp-byte-writes ___build8993.c `grep '^[^#]' LIBS`  -o ___build8993
No relocations in code!
make[3]: Leaving directory `/home/andrewec/dslinux/user/nail'
*** okay

************************************************************
*** checking for nl_langinfo() ... 
*** test program is
#include <langinfo.h>
int main(void)
{
	nl_langinfo(DAY_1);
	return 0;
}
*** results are
make[3]: Entering directory `/home/andrewec/dslinux/user/nail'
ucfront-gcc arm-linux-elf-gcc  -O2 -g -fomit-frame-pointer -fno-common -fno-builtin -Wall  -mswp-byte-writes -DCONFIG_NDS_ROM8BIT -mcpu=arm946e-s -mfpu=fpe3 -DEMBED -D__PIC__ -fpic -msingle-pic-base -Dlinux -D__linux__ -Dunix -D__uClinux__  -DMAILRC='"/etc/nail.rc"' -DMAILSPOOL='"/var/mail"' -DSENDMAIL='"/usr/lib/sendmail"'    \
		-Wl,-elf2flt -D__PIC__ -fpic -msingle-pic-base -mswp-byte-writes ___build8993.c `grep '^[^#]' LIBS`  -o ___build8993
No relocations in code!
make[3]: Leaving directory `/home/andrewec/dslinux/user/nail'
*** okay

************************************************************
*** checking for mkstemp() ... 
*** test program is
#include <stdlib.h>
int main(void)
{
	mkstemp("x");
	return 0;
}
*** results are
make[3]: Entering directory `/home/andrewec/dslinux/user/nail'
ucfront-gcc arm-linux-elf-gcc  -O2 -g -fomit-frame-pointer -fno-common -fno-builtin -Wall  -mswp-byte-writes -DCONFIG_NDS_ROM8BIT -mcpu=arm946e-s -mfpu=fpe3 -DEMBED -D__PIC__ -fpic -msingle-pic-base -Dlinux -D__linux__ -Dunix -D__uClinux__  -DMAILRC='"/etc/nail.rc"' -DMAILSPOOL='"/var/mail"' -DSENDMAIL='"/usr/lib/sendmail"'    \
		-Wl,-elf2flt -D__PIC__ -fpic -msingle-pic-base -mswp-byte-writes ___build8993.c `grep '^[^#]' LIBS`  -o ___build8993
make[3]: Leaving directory `/home/andrewec/dslinux/user/nail'
*** okay

************************************************************
*** checking for fpathconf() ... 
*** test program is
#include <unistd.h>
int main(void)
{
	fpathconf(0, _PC_PATH_MAX);
	return 0;
}
*** results are
make[3]: Entering directory `/home/andrewec/dslinux/user/nail'
ucfront-gcc arm-linux-elf-gcc  -O2 -g -fomit-frame-pointer -fno-common -fno-builtin -Wall  -mswp-byte-writes -DCONFIG_NDS_ROM8BIT -mcpu=arm946e-s -mfpu=fpe3 -DEMBED -D__PIC__ -fpic -msingle-pic-base -Dlinux -D__linux__ -Dunix -D__uClinux__  -DMAILRC='"/etc/nail.rc"' -DMAILSPOOL='"/var/mail"' -DSENDMAIL='"/usr/lib/sendmail"'    \
		-Wl,-elf2flt -D__PIC__ -fpic -msingle-pic-base -mswp-byte-writes ___build8993.c `grep '^[^#]' LIBS`  -o ___build8993
No relocations in code!
make[3]: Leaving directory `/home/andrewec/dslinux/user/nail'
*** okay

************************************************************
*** checking for wordexp() ... 
*** test program is
#include <wordexp.h>
int main(void)
{
	wordexp((char *)0, (wordexp_t *)0, 0);
	return 0;
}
*** results are
make[3]: Entering directory `/home/andrewec/dslinux/user/nail'
ucfront-gcc arm-linux-elf-gcc  -O2 -g -fomit-frame-pointer -fno-common -fno-builtin -Wall  -mswp-byte-writes -DCONFIG_NDS_ROM8BIT -mcpu=arm946e-s -mfpu=fpe3 -DEMBED -D__PIC__ -fpic -msingle-pic-base -Dlinux -D__linux__ -Dunix -D__uClinux__  -DMAILRC='"/etc/nail.rc"' -DMAILSPOOL='"/var/mail"' -DSENDMAIL='"/usr/lib/sendmail"'    \
		-Wl,-elf2flt -D__PIC__ -fpic -msingle-pic-base -mswp-byte-writes ___build8993.c `grep '^[^#]' LIBS`  -o ___build8993
___build8993.elf2flt: In function `main':
/home/andrewec/dslinux/user/nail/___build8993.c:4: undefined reference to `wordexp'
collect2: ld returned 1 exit status
make[3]: *** [___build8993] Error 1
make[3]: Leaving directory `/home/andrewec/dslinux/user/nail'
*** no

************************************************************
*** checking for <arpa/inet.h> ... 
*** test program is
#include "config.h"
#include <sys/types.h>
#include <sys/socket.h>
#include <netdb.h>
#include <netinet/in.h>
#include <arpa/inet.h>
*** results are
make[3]: Entering directory `/home/andrewec/dslinux/user/nail'
ucfront-gcc arm-linux-elf-gcc  -O2 -g -fomit-frame-pointer -fno-common -fno-builtin -Wall  -mswp-byte-writes -DCONFIG_NDS_ROM8BIT -mcpu=arm946e-s -mfpu=fpe3 -DEMBED -D__PIC__ -fpic -msingle-pic-base -Dlinux -D__linux__ -Dunix -D__uClinux__  -DMAILRC='"/etc/nail.rc"' -DMAILSPOOL='"/var/mail"' -DSENDMAIL='"/usr/lib/sendmail"'    -c ___build8993.c
make[3]: Leaving directory `/home/andrewec/dslinux/user/nail'
*** okay

************************************************************
*** checking for socket functionality in libc ... 
*** test program is
#include "config.h"
#include <sys/types.h>
#include <sys/socket.h>
#include <netdb.h>
#include <netinet/in.h>
#ifdef	HAVE_ARPA_INET_H
#include <arpa/inet.h>
#endif	/* HAVE_ARPA_INET_H */

int main(void)
{
	struct sockaddr	s;
	socket(AF_INET, SOCK_STREAM, 0);
	connect(0, &s, 0);
	gethostbyname("foo");
	return 0;
}
*** results are
make[3]: Entering directory `/home/andrewec/dslinux/user/nail'
ucfront-gcc arm-linux-elf-gcc  -O2 -g -fomit-frame-pointer -fno-common -fno-builtin -Wall  -mswp-byte-writes -DCONFIG_NDS_ROM8BIT -mcpu=arm946e-s -mfpu=fpe3 -DEMBED -D__PIC__ -fpic -msingle-pic-base -Dlinux -D__linux__ -Dunix -D__uClinux__  -DMAILRC='"/etc/nail.rc"' -DMAILSPOOL='"/var/mail"' -DSENDMAIL='"/usr/lib/sendmail"'    \
		-Wl,-elf2flt -D__PIC__ -fpic -msingle-pic-base -mswp-byte-writes ___build8993.c `grep '^[^#]' LIBS`  -o ___build8993
make[3]: Leaving directory `/home/andrewec/dslinux/user/nail'
*** okay

************************************************************
*** checking for Network Security Services (NSS) ... 
*** test program is
#include <nss.h>
#include <ssl.h>
#include <prinit.h>
#include <prmem.h>
#include <pk11func.h>
#include <prtypes.h>
#include <prerror.h>
#include <secerr.h>
#include <smime.h>
#include <ciferfam.h>
#include <private/pprio.h>

int main(void)
{
	PR_ImportTCPSocket(0);
	NSS_CMSSignerInfo_AddSMIMECaps(0);
	return 0;
}
*** results are
make[3]: Entering directory `/home/andrewec/dslinux/user/nail'
ucfront-gcc arm-linux-elf-gcc  -O2 -g -fomit-frame-pointer -fno-common -fno-builtin -Wall  -mswp-byte-writes -DCONFIG_NDS_ROM8BIT -mcpu=arm946e-s -mfpu=fpe3 -DEMBED -D__PIC__ -fpic -msingle-pic-base -Dlinux -D__linux__ -Dunix -D__uClinux__  -DMAILRC='"/etc/nail.rc"' -DMAILSPOOL='"/var/mail"' -DSENDMAIL='"/usr/lib/sendmail"'    \
		-Wl,-elf2flt -D__PIC__ -fpic -msingle-pic-base -mswp-byte-writes ___build8993.c `grep '^[^#]' LIBS` -lsmime3 -lnss3 -lssl3 -lnspr4 -lplc4 -o ___build8993
___build8993.c:1:17: error: nss.h: No such file or directory
___build8993.c:2:17: error: ssl.h: No such file or directory
___build8993.c:3:20: error: prinit.h: No such file or directory
___build8993.c:4:19: error: prmem.h: No such file or directory
___build8993.c:5:22: error: pk11func.h: No such file or directory
___build8993.c:6:21: error: prtypes.h: No such file or directory
___build8993.c:7:21: error: prerror.h: No such file or directory
___build8993.c:8:20: error: secerr.h: No such file or directory
___build8993.c:9:19: error: smime.h: No such file or directory
___build8993.c:10:22: error: ciferfam.h: No such file or directory
___build8993.c:11:27: error: private/pprio.h: No such file or directory
___build8993.c: In function 'main':
___build8993.c:15: warning: implicit declaration of function 'PR_ImportTCPSocket'
___build8993.c:16: warning: implicit declaration of function 'NSS_CMSSignerInfo_AddSMIMECaps'
make[3]: *** [___build8993] Error 1
make[3]: Leaving directory `/home/andrewec/dslinux/user/nail'
*** no

************************************************************
*** checking for sufficiently recent OpenSSL ... 
*** test program is
#include <openssl/ssl.h>
#include <openssl/err.h>
#include <openssl/x509v3.h>
#include <openssl/x509.h>
#include <openssl/rand.h>

int main(void)
{
	SSLv23_client_method();
	PEM_read_PrivateKey(0, 0, 0, 0);
	return 0;
}
*** results are
make[3]: Entering directory `/home/andrewec/dslinux/user/nail'
ucfront-gcc arm-linux-elf-gcc  -O2 -g -fomit-frame-pointer -fno-common -fno-builtin -Wall  -mswp-byte-writes -DCONFIG_NDS_ROM8BIT -mcpu=arm946e-s -mfpu=fpe3 -DEMBED -D__PIC__ -fpic -msingle-pic-base -Dlinux -D__linux__ -Dunix -D__uClinux__  -DMAILRC='"/etc/nail.rc"' -DMAILSPOOL='"/var/mail"' -DSENDMAIL='"/usr/lib/sendmail"'    \
		-Wl,-elf2flt -D__PIC__ -fpic -msingle-pic-base -mswp-byte-writes ___build8993.c `grep '^[^#]' LIBS` -lssl -lcrypto -o ___build8993
make[3]: Leaving directory `/home/andrewec/dslinux/user/nail'
*** okay

************************************************************
*** checking for GSSAPI in libgss ... 
*** test program is
#include <gssapi/gssapi.h>

int main(void)
{
	gss_import_name(0, 0, GSS_C_NT_HOSTBASED_SERVICE, 0);
	gss_init_sec_context(0,0,0,0,0,0,0,0,0,0,0,0,0);
	return 0;
}
*** results are
make[3]: Entering directory `/home/andrewec/dslinux/user/nail'
ucfront-gcc arm-linux-elf-gcc  -O2 -g -fomit-frame-pointer -fno-common -fno-builtin -Wall  -mswp-byte-writes -DCONFIG_NDS_ROM8BIT -mcpu=arm946e-s -mfpu=fpe3 -DEMBED -D__PIC__ -fpic -msingle-pic-base -Dlinux -D__linux__ -Dunix -D__uClinux__  -DMAILRC='"/etc/nail.rc"' -DMAILSPOOL='"/var/mail"' -DSENDMAIL='"/usr/lib/sendmail"'    \
		-Wl,-elf2flt -D__PIC__ -fpic -msingle-pic-base -mswp-byte-writes ___build8993.c `grep '^[^#]' LIBS` -lgss -o ___build8993
___build8993.c:1:27: error: gssapi/gssapi.h: No such file or directory
___build8993.c: In function 'main':
___build8993.c:5: warning: implicit declaration of function 'gss_import_name'
___build8993.c:5: error: 'GSS_C_NT_HOSTBASED_SERVICE' undeclared (first use in this function)
___build8993.c:5: error: (Each undeclared identifier is reported only once
___build8993.c:5: error: for each function it appears in.)
___build8993.c:6: warning: implicit declaration of function 'gss_init_sec_context'
make[3]: *** [___build8993] Error 1
make[3]: Leaving directory `/home/andrewec/dslinux/user/nail'
*** no

************************************************************
*** checking for GSSAPI in libgssapi_krb5 ... 
*** test program is
#include <gssapi/gssapi.h>

int main(void)
{
	gss_import_name(0, 0, GSS_C_NT_HOSTBASED_SERVICE, 0);
	gss_init_sec_context(0,0,0,0,0,0,0,0,0,0,0,0,0);
	return 0;
}
*** results are
make[3]: Entering directory `/home/andrewec/dslinux/user/nail'
ucfront-gcc arm-linux-elf-gcc  -O2 -g -fomit-frame-pointer -fno-common -fno-builtin -Wall  -mswp-byte-writes -DCONFIG_NDS_ROM8BIT -mcpu=arm946e-s -mfpu=fpe3 -DEMBED -D__PIC__ -fpic -msingle-pic-base -Dlinux -D__linux__ -Dunix -D__uClinux__  -DMAILRC='"/etc/nail.rc"' -DMAILSPOOL='"/var/mail"' -DSENDMAIL='"/usr/lib/sendmail"'    \
		-Wl,-elf2flt -D__PIC__ -fpic -msingle-pic-base -mswp-byte-writes ___build8993.c `grep '^[^#]' LIBS` -lgssapi_krb5 -o ___build8993
___build8993.c:1:27: error: gssapi/gssapi.h: No such file or directory
___build8993.c: In function 'main':
___build8993.c:5: warning: implicit declaration of function 'gss_import_name'
___build8993.c:5: error: 'GSS_C_NT_HOSTBASED_SERVICE' undeclared (first use in this function)
___build8993.c:5: error: (Each undeclared identifier is reported only once
___build8993.c:5: error: for each function it appears in.)
___build8993.c:6: warning: implicit declaration of function 'gss_init_sec_context'
make[3]: *** [___build8993] Error 1
make[3]: Leaving directory `/home/andrewec/dslinux/user/nail'
*** no

************************************************************
*** checking for GSSAPI in libgssapi_krb5, old-style ... 
*** test program is
#include <gssapi/gssapi.h>
#include <gssapi/gssapi_generic.h>

int main(void)
{
	gss_import_name(0, 0, gss_nt_service_name, 0);
	gss_init_sec_context(0,0,0,0,0,0,0,0,0,0,0,0,0);
	return 0;
}
*** results are
make[3]: Entering directory `/home/andrewec/dslinux/user/nail'
ucfront-gcc arm-linux-elf-gcc  -O2 -g -fomit-frame-pointer -fno-common -fno-builtin -Wall  -mswp-byte-writes -DCONFIG_NDS_ROM8BIT -mcpu=arm946e-s -mfpu=fpe3 -DEMBED -D__PIC__ -fpic -msingle-pic-base -Dlinux -D__linux__ -Dunix -D__uClinux__  -DMAILRC='"/etc/nail.rc"' -DMAILSPOOL='"/var/mail"' -DSENDMAIL='"/usr/lib/sendmail"'    \
		-Wl,-elf2flt -D__PIC__ -fpic -msingle-pic-base -mswp-byte-writes ___build8993.c `grep '^[^#]' LIBS` -lgssapi_krb5 -o ___build8993
___build8993.c:1:27: error: gssapi/gssapi.h: No such file or directory
___build8993.c:2:35: error: gssapi/gssapi_generic.h: No such file or directory
___build8993.c: In function 'main':
___build8993.c:6: warning: implicit declaration of function 'gss_import_name'
___build8993.c:6: error: 'gss_nt_service_name' undeclared (first use in this function)
___build8993.c:6: error: (Each undeclared identifier is reported only once
___build8993.c:6: error: for each function it appears in.)
___build8993.c:7: warning: implicit declaration of function 'gss_init_sec_context'
make[3]: *** [___build8993] Error 1
make[3]: Leaving directory `/home/andrewec/dslinux/user/nail'
*** no

************************************************************
*** checking for GSSAPI in libgssapi ... 
*** test program is
#include <gssapi.h>

int main(void)
{
	gss_import_name(0, 0, GSS_C_NT_HOSTBASED_SERVICE, 0);
	gss_init_sec_context(0,0,0,0,0,0,0,0,0,0,0,0,0);
	return 0;
}
*** results are
make[3]: Entering directory `/home/andrewec/dslinux/user/nail'
ucfront-gcc arm-linux-elf-gcc  -O2 -g -fomit-frame-pointer -fno-common -fno-builtin -Wall  -mswp-byte-writes -DCONFIG_NDS_ROM8BIT -mcpu=arm946e-s -mfpu=fpe3 -DEMBED -D__PIC__ -fpic -msingle-pic-base -Dlinux -D__linux__ -Dunix -D__uClinux__  -DMAILRC='"/etc/nail.rc"' -DMAILSPOOL='"/var/mail"' -DSENDMAIL='"/usr/lib/sendmail"'    \
		-Wl,-elf2flt -D__PIC__ -fpic -msingle-pic-base -mswp-byte-writes ___build8993.c `grep '^[^#]' LIBS` -lgssapi -o ___build8993
___build8993.c:1:20: error: gssapi.h: No such file or directory
___build8993.c: In function 'main':
___build8993.c:5: warning: implicit declaration of function 'gss_import_name'
___build8993.c:5: error: 'GSS_C_NT_HOSTBASED_SERVICE' undeclared (first use in this function)
___build8993.c:5: error: (Each undeclared identifier is reported only once
___build8993.c:5: error: for each function it appears in.)
___build8993.c:6: warning: implicit declaration of function 'gss_init_sec_context'
make[3]: *** [___build8993] Error 1
make[3]: Leaving directory `/home/andrewec/dslinux/user/nail'
*** no

___tmp8993.c:66:53: warning: missing terminating ' character [enabled by default]
