This file contains any messages produced by compilers while
running configure, to aid debugging if configure makes a mistake.

It was created by sqlite configure 3.6.20, which was
generated by GNU Autoconf 2.62.  Invocation command line was

  $ ./configure --prefix=/usr --host=arm-linux-elf --disable-threadsafe --disable-dynamic-extensions

## --------- ##
## Platform. ##
## --------- ##

hostname = jenkins
uname -m = i686
uname -r = 3.2.0-4-686-pae
uname -s = Linux
uname -v = #1 SMP Debian 3.2.78-1

/usr/bin/uname -p = unknown
/bin/uname -X     = unknown

/bin/arch              = unknown
/usr/bin/arch -k       = unknown
/usr/convex/getsysinfo = unknown
/usr/bin/hostinfo      = unknown
/bin/machine           = unknown
/usr/bin/oslevel       = unknown
/bin/universe          = unknown

PATH: /usr/local/dslinux-toolchain-2008-01-24-i686/bin
PATH: /usr/local/bin
PATH: /usr/bin
PATH: /bin
PATH: /usr/local/games
PATH: /usr/games
PATH: /home/andrewec/dslinux/tools


## ----------- ##
## Core tests. ##
## ----------- ##

configure:2092: checking for a BSD-compatible install
configure:2160: result: /usr/bin/install -c
configure:2171: checking whether build environment is sane
configure:2214: result: yes
configure:2276: checking for gawk
configure:2292: found /usr/bin/gawk
configure:2303: result: gawk
configure:2314: checking whether make sets $(MAKE)
configure:2336: result: yes
configure:2412: checking for arm-linux-elf-strip
configure:2439: result: arm-linux-elf-strip
configure:2533: checking for style of include used by make
configure:2561: result: GNU
configure:2594: checking for arm-linux-elf-gcc
configure:2621: result: ucfront-gcc arm-linux-elf-gcc 
configure:2899: checking for C compiler version
configure:2907: ucfront-gcc arm-linux-elf-gcc  --version >&5
arm-linux-elf-gcc (GCC) 4.0.4
Copyright (C) 2006 Free Software Foundation, Inc.
This is free software; see the source for copying conditions.  There is NO
warranty; not even for MERCHANTABILITY or FITNESS FOR A PARTICULAR PURPOSE.

configure:2911: $? = 0
configure:2918: ucfront-gcc arm-linux-elf-gcc  -v >&5
Using built-in specs.
Target: arm-linux-elf
Configured with: /src/toolchain/src/gcc-4.0.4/configure --prefix=/src/toolchain/prefix --with-sysroot=/src/toolchain/prefix/arm-linux-elf --target=arm-linux-elf --enable-languages=c,c++ --enable-multilib --with-cpu=arm7tdmi --with-gcc --with-gnu-ld --with-gnu-as --disable-shared --disable-threads --disable-nls --disable-libssp
Thread model: single
gcc version 4.0.4
configure:2922: $? = 0
configure:2929: ucfront-gcc arm-linux-elf-gcc  -V >&5
arm-linux-elf-gcc: '-V' option must have argument
configure:2933: $? = 1
configure:2956: checking for C compiler default output file name
configure:2978: ucfront-gcc arm-linux-elf-gcc  -O2 -g -fomit-frame-pointer -fno-common -fno-builtin -Wall  -mswp-byte-writes -DCONFIG_NDS_ROM8BIT -mcpu=arm946e-s -mfpu=fpe3 -DEMBED -D__PIC__ -fpic -msingle-pic-base -Dlinux -D__linux__ -Dunix -D__uClinux__ -DSQLITE_DISABLE_LFS=1 -Os  -Wl,-elf2flt -D__PIC__ -fpic -msingle-pic-base -mswp-byte-writes conftest.c  >&5
No relocations in code!
configure:2982: $? = 0
configure:3020: result: a.out
configure:3037: checking whether the C compiler works
configure:3047: ./a.out
./configure: line 3049: ./a.out: cannot execute binary file
configure:3051: $? = 126
configure:3068: result: yes
configure:3075: checking whether we are cross compiling
configure:3077: result: yes
configure:3080: checking for suffix of executables
configure:3087: ucfront-gcc arm-linux-elf-gcc  -o conftest -O2 -g -fomit-frame-pointer -fno-common -fno-builtin -Wall  -mswp-byte-writes -DCONFIG_NDS_ROM8BIT -mcpu=arm946e-s -mfpu=fpe3 -DEMBED -D__PIC__ -fpic -msingle-pic-base -Dlinux -D__linux__ -Dunix -D__uClinux__ -DSQLITE_DISABLE_LFS=1 -Os  -Wl,-elf2flt -D__PIC__ -fpic -msingle-pic-base -mswp-byte-writes conftest.c  >&5
No relocations in code!
configure:3091: $? = 0
configure:3115: result: 
configure:3121: checking for suffix of object files
configure:3147: ucfront-gcc arm-linux-elf-gcc  -c -O2 -g -fomit-frame-pointer -fno-common -fno-builtin -Wall  -mswp-byte-writes -DCONFIG_NDS_ROM8BIT -mcpu=arm946e-s -mfpu=fpe3 -DEMBED -D__PIC__ -fpic -msingle-pic-base -Dlinux -D__linux__ -Dunix -D__uClinux__ -DSQLITE_DISABLE_LFS=1 -Os  conftest.c >&5
configure:3151: $? = 0
configure:3174: result: o
configure:3178: checking whether we are using the GNU C compiler
configure:3207: ucfront-gcc arm-linux-elf-gcc  -c -O2 -g -fomit-frame-pointer -fno-common -fno-builtin -Wall  -mswp-byte-writes -DCONFIG_NDS_ROM8BIT -mcpu=arm946e-s -mfpu=fpe3 -DEMBED -D__PIC__ -fpic -msingle-pic-base -Dlinux -D__linux__ -Dunix -D__uClinux__ -DSQLITE_DISABLE_LFS=1 -Os  conftest.c >&5
configure:3214: $? = 0
configure:3231: result: yes
configure:3240: checking whether ucfront-gcc arm-linux-elf-gcc  accepts -g
configure:3270: ucfront-gcc arm-linux-elf-gcc  -c -g  conftest.c >&5
configure:3277: $? = 0
configure:3378: result: yes
configure:3395: checking for ucfront-gcc arm-linux-elf-gcc  option to accept ISO C89
configure:3469: ucfront-gcc arm-linux-elf-gcc   -c -O2 -g -fomit-frame-pointer -fno-common -fno-builtin -Wall  -mswp-byte-writes -DCONFIG_NDS_ROM8BIT -mcpu=arm946e-s -mfpu=fpe3 -DEMBED -D__PIC__ -fpic -msingle-pic-base -Dlinux -D__linux__ -Dunix -D__uClinux__ -DSQLITE_DISABLE_LFS=1 -Os  conftest.c >&5
configure:3476: $? = 0
configure:3499: result: none needed
configure:3519: checking dependency style of ucfront-gcc arm-linux-elf-gcc 
configure:3609: result: gcc3
configure:3634: checking for special C compiler options needed for large files
configure:3729: result: no
configure:3735: checking for _FILE_OFFSET_BITS value needed for large files
configure:3770: ucfront-gcc arm-linux-elf-gcc  -c -O2 -g -fomit-frame-pointer -fno-common -fno-builtin -Wall  -mswp-byte-writes -DCONFIG_NDS_ROM8BIT -mcpu=arm946e-s -mfpu=fpe3 -DEMBED -D__PIC__ -fpic -msingle-pic-base -Dlinux -D__linux__ -Dunix -D__uClinux__ -DSQLITE_DISABLE_LFS=1 -Os  conftest.c >&5
conftest.c:16: warning: left shift count >= width of type
conftest.c:16: warning: left shift count >= width of type
conftest.c:18: error: size of array 'off_t_is_large' is negative
configure:3777: $? = 1
configure: failed program was:
| /* confdefs.h.  */
| #define PACKAGE_NAME "sqlite"
| #define PACKAGE_TARNAME "sqlite"
| #define PACKAGE_VERSION "3.6.20"
| #define PACKAGE_STRING "sqlite 3.6.20"
| #define PACKAGE_BUGREPORT "http://www.sqlite.org"
| #define PACKAGE "sqlite"
| #define VERSION "3.6.20"
| /* end confdefs.h.  */
| #include <sys/types.h>
|  /* Check that off_t can represent 2**63 - 1 correctly.
|     We can't simply define LARGE_OFF_T to be 9223372036854775807,
|     since some C++ compilers masquerading as C compilers
|     incorrectly reject 9223372036854775807.  */
| #define LARGE_OFF_T (((off_t) 1 << 62) - 1 + ((off_t) 1 << 62))
|   int off_t_is_large[(LARGE_OFF_T % 2147483629 == 721
| 		       && LARGE_OFF_T % 2147483647 == 1)
| 		      ? 1 : -1];
| int
| main ()
| {
| 
|   ;
|   return 0;
| }
configure:3821: ucfront-gcc arm-linux-elf-gcc  -c -O2 -g -fomit-frame-pointer -fno-common -fno-builtin -Wall  -mswp-byte-writes -DCONFIG_NDS_ROM8BIT -mcpu=arm946e-s -mfpu=fpe3 -DEMBED -D__PIC__ -fpic -msingle-pic-base -Dlinux -D__linux__ -Dunix -D__uClinux__ -DSQLITE_DISABLE_LFS=1 -Os  conftest.c >&5
In file included from /home/andrewec/dslinux/uClibc/include/sys/types.h:26,
                 from conftest.c:11:
/home/andrewec/dslinux/uClibc/include/features.h:329:2: error: #error It appears you have defined _FILE_OFFSET_BITS=64. Unfortunately, uClibc was built without large file support enabled.
configure:3828: $? = 1
configure: failed program was:
| /* confdefs.h.  */
| #define PACKAGE_NAME "sqlite"
| #define PACKAGE_TARNAME "sqlite"
| #define PACKAGE_VERSION "3.6.20"
| #define PACKAGE_STRING "sqlite 3.6.20"
| #define PACKAGE_BUGREPORT "http://www.sqlite.org"
| #define PACKAGE "sqlite"
| #define VERSION "3.6.20"
| /* end confdefs.h.  */
| #define _FILE_OFFSET_BITS 64
| #include <sys/types.h>
|  /* Check that off_t can represent 2**63 - 1 correctly.
|     We can't simply define LARGE_OFF_T to be 9223372036854775807,
|     since some C++ compilers masquerading as C compilers
|     incorrectly reject 9223372036854775807.  */
| #define LARGE_OFF_T (((off_t) 1 << 62) - 1 + ((off_t) 1 << 62))
|   int off_t_is_large[(LARGE_OFF_T % 2147483629 == 721
| 		       && LARGE_OFF_T % 2147483647 == 1)
| 		      ? 1 : -1];
| int
| main ()
| {
| 
|   ;
|   return 0;
| }
configure:3846: result: unknown
configure:3858: checking for _LARGE_FILES value needed for large files
configure:3893: ucfront-gcc arm-linux-elf-gcc  -c -O2 -g -fomit-frame-pointer -fno-common -fno-builtin -Wall  -mswp-byte-writes -DCONFIG_NDS_ROM8BIT -mcpu=arm946e-s -mfpu=fpe3 -DEMBED -D__PIC__ -fpic -msingle-pic-base -Dlinux -D__linux__ -Dunix -D__uClinux__ -DSQLITE_DISABLE_LFS=1 -Os  conftest.c >&5
conftest.c:16: warning: left shift count >= width of type
conftest.c:16: warning: left shift count >= width of type
conftest.c:18: error: size of array 'off_t_is_large' is negative
configure:3900: $? = 1
configure: failed program was:
| /* confdefs.h.  */
| #define PACKAGE_NAME "sqlite"
| #define PACKAGE_TARNAME "sqlite"
| #define PACKAGE_VERSION "3.6.20"
| #define PACKAGE_STRING "sqlite 3.6.20"
| #define PACKAGE_BUGREPORT "http://www.sqlite.org"
| #define PACKAGE "sqlite"
| #define VERSION "3.6.20"
| /* end confdefs.h.  */
| #include <sys/types.h>
|  /* Check that off_t can represent 2**63 - 1 correctly.
|     We can't simply define LARGE_OFF_T to be 9223372036854775807,
|     since some C++ compilers masquerading as C compilers
|     incorrectly reject 9223372036854775807.  */
| #define LARGE_OFF_T (((off_t) 1 << 62) - 1 + ((off_t) 1 << 62))
|   int off_t_is_large[(LARGE_OFF_T % 2147483629 == 721
| 		       && LARGE_OFF_T % 2147483647 == 1)
| 		      ? 1 : -1];
| int
| main ()
| {
| 
|   ;
|   return 0;
| }
configure:3944: ucfront-gcc arm-linux-elf-gcc  -c -O2 -g -fomit-frame-pointer -fno-common -fno-builtin -Wall  -mswp-byte-writes -DCONFIG_NDS_ROM8BIT -mcpu=arm946e-s -mfpu=fpe3 -DEMBED -D__PIC__ -fpic -msingle-pic-base -Dlinux -D__linux__ -Dunix -D__uClinux__ -DSQLITE_DISABLE_LFS=1 -Os  conftest.c >&5
conftest.c:17: warning: left shift count >= width of type
conftest.c:17: warning: left shift count >= width of type
conftest.c:19: error: size of array 'off_t_is_large' is negative
configure:3951: $? = 1
configure: failed program was:
| /* confdefs.h.  */
| #define PACKAGE_NAME "sqlite"
| #define PACKAGE_TARNAME "sqlite"
| #define PACKAGE_VERSION "3.6.20"
| #define PACKAGE_STRING "sqlite 3.6.20"
| #define PACKAGE_BUGREPORT "http://www.sqlite.org"
| #define PACKAGE "sqlite"
| #define VERSION "3.6.20"
| /* end confdefs.h.  */
| #define _LARGE_FILES 1
| #include <sys/types.h>
|  /* Check that off_t can represent 2**63 - 1 correctly.
|     We can't simply define LARGE_OFF_T to be 9223372036854775807,
|     since some C++ compilers masquerading as C compilers
|     incorrectly reject 9223372036854775807.  */
| #define LARGE_OFF_T (((off_t) 1 << 62) - 1 + ((off_t) 1 << 62))
|   int off_t_is_large[(LARGE_OFF_T % 2147483629 == 721
| 		       && LARGE_OFF_T % 2147483647 == 1)
| 		      ? 1 : -1];
| int
| main ()
| {
| 
|   ;
|   return 0;
| }
configure:3969: result: unknown
configure:3993: checking for arm-linux-elf-gcc
configure:4020: result: ucfront-gcc arm-linux-elf-gcc 
configure:4298: checking for C compiler version
configure:4306: ucfront-gcc arm-linux-elf-gcc  --version >&5
arm-linux-elf-gcc (GCC) 4.0.4
Copyright (C) 2006 Free Software Foundation, Inc.
This is free software; see the source for copying conditions.  There is NO
warranty; not even for MERCHANTABILITY or FITNESS FOR A PARTICULAR PURPOSE.

configure:4310: $? = 0
configure:4317: ucfront-gcc arm-linux-elf-gcc  -v >&5
Using built-in specs.
Target: arm-linux-elf
Configured with: /src/toolchain/src/gcc-4.0.4/configure --prefix=/src/toolchain/prefix --with-sysroot=/src/toolchain/prefix/arm-linux-elf --target=arm-linux-elf --enable-languages=c,c++ --enable-multilib --with-cpu=arm7tdmi --with-gcc --with-gnu-ld --with-gnu-as --disable-shared --disable-threads --disable-nls --disable-libssp
Thread model: single
gcc version 4.0.4
configure:4321: $? = 0
configure:4328: ucfront-gcc arm-linux-elf-gcc  -V >&5
arm-linux-elf-gcc: '-V' option must have argument
configure:4332: $? = 1
configure:4335: checking whether we are using the GNU C compiler
configure:4388: result: yes
configure:4397: checking whether ucfront-gcc arm-linux-elf-gcc  accepts -g
configure:4535: result: yes
configure:4552: checking for ucfront-gcc arm-linux-elf-gcc  option to accept ISO C89
configure:4656: result: none needed
configure:4676: checking dependency style of ucfront-gcc arm-linux-elf-gcc 
configure:4766: result: gcc3
configure:4786: checking for arm-linux-elf-ranlib
configure:4813: result: arm-linux-elf-ranlib
configure:4957: checking build system type
configure:4975: result: i686-pc-linux-gnu
configure:4997: checking host system type
configure:5012: result: arm-linux-elf
configure:5034: checking for a sed that does not truncate output
configure:5088: result: /bin/sed
configure:5091: checking for grep that handles long lines and -e
configure:5151: result: /bin/grep
configure:5156: checking for egrep
configure:5220: result: /bin/grep -E
configure:5236: checking for ld used by ucfront-gcc arm-linux-elf-gcc 
configure:5303: result: arm-linux-elf-ld
configure:5312: checking if the linker (arm-linux-elf-ld) is GNU ld
configure:5327: result: yes
configure:5332: checking for arm-linux-elf-ld option to reload object files
configure:5339: result: -r
configure:5357: checking for BSD-compatible nm
configure:5406: result: /usr/local/dslinux-toolchain-2008-01-24-i686/bin/arm-linux-elf-nm -B
configure:5410: checking whether ln -s works
configure:5414: result: yes
configure:5421: checking how to recognise dependent libraries
configure:5597: result: unknown
configure:5834: checking how to run the C preprocessor
configure:5874: ucfront-gcc arm-linux-elf-gcc  -E  conftest.c
configure:5881: $? = 0
configure:5912: ucfront-gcc arm-linux-elf-gcc  -E  conftest.c
conftest.c:10:28: error: ac_nonexistent.h: No such file or directory
configure:5919: $? = 1
configure: failed program was:
| /* confdefs.h.  */
| #define PACKAGE_NAME "sqlite"
| #define PACKAGE_TARNAME "sqlite"
| #define PACKAGE_VERSION "3.6.20"
| #define PACKAGE_STRING "sqlite 3.6.20"
| #define PACKAGE_BUGREPORT "http://www.sqlite.org"
| #define PACKAGE "sqlite"
| #define VERSION "3.6.20"
| /* end confdefs.h.  */
| #include <ac_nonexistent.h>
configure:5952: result: ucfront-gcc arm-linux-elf-gcc  -E
configure:5981: ucfront-gcc arm-linux-elf-gcc  -E  conftest.c
configure:5988: $? = 0
configure:6019: ucfront-gcc arm-linux-elf-gcc  -E  conftest.c
conftest.c:10:28: error: ac_nonexistent.h: No such file or directory
configure:6026: $? = 1
configure: failed program was:
| /* confdefs.h.  */
| #define PACKAGE_NAME "sqlite"
| #define PACKAGE_TARNAME "sqlite"
| #define PACKAGE_VERSION "3.6.20"
| #define PACKAGE_STRING "sqlite 3.6.20"
| #define PACKAGE_BUGREPORT "http://www.sqlite.org"
| #define PACKAGE "sqlite"
| #define VERSION "3.6.20"
| /* end confdefs.h.  */
| #include <ac_nonexistent.h>
configure:6064: checking for ANSI C header files
configure:6094: ucfront-gcc arm-linux-elf-gcc  -c -O2 -g -fomit-frame-pointer -fno-common -fno-builtin -Wall  -mswp-byte-writes -DCONFIG_NDS_ROM8BIT -mcpu=arm946e-s -mfpu=fpe3 -DEMBED -D__PIC__ -fpic -msingle-pic-base -Dlinux -D__linux__ -Dunix -D__uClinux__ -DSQLITE_DISABLE_LFS=1 -Os  conftest.c >&5
configure:6101: $? = 0
configure:6232: result: yes
configure:6256: checking for sys/types.h
configure:6277: ucfront-gcc arm-linux-elf-gcc  -c -O2 -g -fomit-frame-pointer -fno-common -fno-builtin -Wall  -mswp-byte-writes -DCONFIG_NDS_ROM8BIT -mcpu=arm946e-s -mfpu=fpe3 -DEMBED -D__PIC__ -fpic -msingle-pic-base -Dlinux -D__linux__ -Dunix -D__uClinux__ -DSQLITE_DISABLE_LFS=1 -Os  conftest.c >&5
configure:6284: $? = 0
configure:6301: result: yes
configure:6256: checking for sys/stat.h
configure:6277: ucfront-gcc arm-linux-elf-gcc  -c -O2 -g -fomit-frame-pointer -fno-common -fno-builtin -Wall  -mswp-byte-writes -DCONFIG_NDS_ROM8BIT -mcpu=arm946e-s -mfpu=fpe3 -DEMBED -D__PIC__ -fpic -msingle-pic-base -Dlinux -D__linux__ -Dunix -D__uClinux__ -DSQLITE_DISABLE_LFS=1 -Os  conftest.c >&5
configure:6284: $? = 0
configure:6301: result: yes
configure:6256: checking for stdlib.h
configure:6277: ucfront-gcc arm-linux-elf-gcc  -c -O2 -g -fomit-frame-pointer -fno-common -fno-builtin -Wall  -mswp-byte-writes -DCONFIG_NDS_ROM8BIT -mcpu=arm946e-s -mfpu=fpe3 -DEMBED -D__PIC__ -fpic -msingle-pic-base -Dlinux -D__linux__ -Dunix -D__uClinux__ -DSQLITE_DISABLE_LFS=1 -Os  conftest.c >&5
configure:6284: $? = 0
configure:6301: result: yes
configure:6256: checking for string.h
configure:6277: ucfront-gcc arm-linux-elf-gcc  -c -O2 -g -fomit-frame-pointer -fno-common -fno-builtin -Wall  -mswp-byte-writes -DCONFIG_NDS_ROM8BIT -mcpu=arm946e-s -mfpu=fpe3 -DEMBED -D__PIC__ -fpic -msingle-pic-base -Dlinux -D__linux__ -Dunix -D__uClinux__ -DSQLITE_DISABLE_LFS=1 -Os  conftest.c >&5
configure:6284: $? = 0
configure:6301: result: yes
configure:6256: checking for memory.h
configure:6277: ucfront-gcc arm-linux-elf-gcc  -c -O2 -g -fomit-frame-pointer -fno-common -fno-builtin -Wall  -mswp-byte-writes -DCONFIG_NDS_ROM8BIT -mcpu=arm946e-s -mfpu=fpe3 -DEMBED -D__PIC__ -fpic -msingle-pic-base -Dlinux -D__linux__ -Dunix -D__uClinux__ -DSQLITE_DISABLE_LFS=1 -Os  conftest.c >&5
configure:6284: $? = 0
configure:6301: result: yes
configure:6256: checking for strings.h
configure:6277: ucfront-gcc arm-linux-elf-gcc  -c -O2 -g -fomit-frame-pointer -fno-common -fno-builtin -Wall  -mswp-byte-writes -DCONFIG_NDS_ROM8BIT -mcpu=arm946e-s -mfpu=fpe3 -DEMBED -D__PIC__ -fpic -msingle-pic-base -Dlinux -D__linux__ -Dunix -D__uClinux__ -DSQLITE_DISABLE_LFS=1 -Os  conftest.c >&5
configure:6284: $? = 0
configure:6301: result: yes
configure:6256: checking for inttypes.h
configure:6277: ucfront-gcc arm-linux-elf-gcc  -c -O2 -g -fomit-frame-pointer -fno-common -fno-builtin -Wall  -mswp-byte-writes -DCONFIG_NDS_ROM8BIT -mcpu=arm946e-s -mfpu=fpe3 -DEMBED -D__PIC__ -fpic -msingle-pic-base -Dlinux -D__linux__ -Dunix -D__uClinux__ -DSQLITE_DISABLE_LFS=1 -Os  conftest.c >&5
configure:6284: $? = 0
configure:6301: result: yes
configure:6256: checking for stdint.h
configure:6277: ucfront-gcc arm-linux-elf-gcc  -c -O2 -g -fomit-frame-pointer -fno-common -fno-builtin -Wall  -mswp-byte-writes -DCONFIG_NDS_ROM8BIT -mcpu=arm946e-s -mfpu=fpe3 -DEMBED -D__PIC__ -fpic -msingle-pic-base -Dlinux -D__linux__ -Dunix -D__uClinux__ -DSQLITE_DISABLE_LFS=1 -Os  conftest.c >&5
configure:6284: $? = 0
configure:6301: result: yes
configure:6256: checking for unistd.h
configure:6277: ucfront-gcc arm-linux-elf-gcc  -c -O2 -g -fomit-frame-pointer -fno-common -fno-builtin -Wall  -mswp-byte-writes -DCONFIG_NDS_ROM8BIT -mcpu=arm946e-s -mfpu=fpe3 -DEMBED -D__PIC__ -fpic -msingle-pic-base -Dlinux -D__linux__ -Dunix -D__uClinux__ -DSQLITE_DISABLE_LFS=1 -Os  conftest.c >&5
configure:6284: $? = 0
configure:6301: result: yes
configure:6330: checking dlfcn.h usability
configure:6347: ucfront-gcc arm-linux-elf-gcc  -c -O2 -g -fomit-frame-pointer -fno-common -fno-builtin -Wall  -mswp-byte-writes -DCONFIG_NDS_ROM8BIT -mcpu=arm946e-s -mfpu=fpe3 -DEMBED -D__PIC__ -fpic -msingle-pic-base -Dlinux -D__linux__ -Dunix -D__uClinux__ -DSQLITE_DISABLE_LFS=1 -Os  conftest.c >&5
configure:6354: $? = 0
configure:6368: result: yes
configure:6372: checking dlfcn.h presence
configure:6387: ucfront-gcc arm-linux-elf-gcc  -E  conftest.c
configure:6394: $? = 0
configure:6408: result: yes
configure:6441: checking for dlfcn.h
configure:6450: result: yes
configure:6580: checking for C++ compiler version
configure:6588: ucfront-g++ arm-linux-elf-g++  --version >&5
arm-linux-elf-g++ (GCC) 4.0.4
Copyright (C) 2006 Free Software Foundation, Inc.
This is free software; see the source for copying conditions.  There is NO
warranty; not even for MERCHANTABILITY or FITNESS FOR A PARTICULAR PURPOSE.

configure:6592: $? = 0
configure:6599: ucfront-g++ arm-linux-elf-g++  -v >&5
Using built-in specs.
Target: arm-linux-elf
Configured with: /src/toolchain/src/gcc-4.0.4/configure --prefix=/src/toolchain/prefix --with-sysroot=/src/toolchain/prefix/arm-linux-elf --target=arm-linux-elf --enable-languages=c,c++ --enable-multilib --with-cpu=arm7tdmi --with-gcc --with-gnu-ld --with-gnu-as --disable-shared --disable-threads --disable-nls --disable-libssp
Thread model: single
gcc version 4.0.4
configure:6603: $? = 0
configure:6610: ucfront-g++ arm-linux-elf-g++  -V >&5
arm-linux-elf-g++: '-V' option must have argument
configure:6614: $? = 1
configure:6617: checking whether we are using the GNU C++ compiler
configure:6646: ucfront-g++ arm-linux-elf-g++  -c -O2 -g -fomit-frame-pointer -fno-common -fno-builtin -Wall  -mswp-byte-writes -DCONFIG_NDS_ROM8BIT -mcpu=arm946e-s -mfpu=fpe3 -DEMBED -D__PIC__ -fpic -msingle-pic-base -Dlinux -D__linux__ -Dunix -D__uClinux__  -I /home/andrewec/dslinux/lib/uClibc++/include -fno-builtin -nostdinc++ -DGCC_HASCLASSVISIBILITY -Wno-deprecated  conftest.cpp >&5
configure:6653: $? = 0
configure:6670: result: yes
configure:6679: checking whether ucfront-g++ arm-linux-elf-g++  accepts -g
configure:6709: ucfront-g++ arm-linux-elf-g++  -c -g  conftest.cpp >&5
configure:6716: $? = 0
configure:6817: result: yes
configure:6842: checking dependency style of ucfront-g++ arm-linux-elf-g++ 
configure:6932: result: gcc3
configure:6959: checking how to run the C++ preprocessor
configure:6995: ucfront-g++ arm-linux-elf-g++  -E  conftest.cpp
configure:7002: $? = 0
configure:7033: ucfront-g++ arm-linux-elf-g++  -E  conftest.cpp
conftest.cpp:21:28: error: ac_nonexistent.h: No such file or directory
configure:7040: $? = 1
configure: failed program was:
| /* confdefs.h.  */
| #define PACKAGE_NAME "sqlite"
| #define PACKAGE_TARNAME "sqlite"
| #define PACKAGE_VERSION "3.6.20"
| #define PACKAGE_STRING "sqlite 3.6.20"
| #define PACKAGE_BUGREPORT "http://www.sqlite.org"
| #define PACKAGE "sqlite"
| #define VERSION "3.6.20"
| #define STDC_HEADERS 1
| #define HAVE_SYS_TYPES_H 1
| #define HAVE_SYS_STAT_H 1
| #define HAVE_STDLIB_H 1
| #define HAVE_STRING_H 1
| #define HAVE_MEMORY_H 1
| #define HAVE_STRINGS_H 1
| #define HAVE_INTTYPES_H 1
| #define HAVE_STDINT_H 1
| #define HAVE_UNISTD_H 1
| #define HAVE_DLFCN_H 1
| /* end confdefs.h.  */
| #include <ac_nonexistent.h>
configure:7073: result: ucfront-g++ arm-linux-elf-g++  -E
configure:7102: ucfront-g++ arm-linux-elf-g++  -E  conftest.cpp
configure:7109: $? = 0
configure:7140: ucfront-g++ arm-linux-elf-g++  -E  conftest.cpp
conftest.cpp:21:28: error: ac_nonexistent.h: No such file or directory
configure:7147: $? = 1
configure: failed program was:
| /* confdefs.h.  */
| #define PACKAGE_NAME "sqlite"
| #define PACKAGE_TARNAME "sqlite"
| #define PACKAGE_VERSION "3.6.20"
| #define PACKAGE_STRING "sqlite 3.6.20"
| #define PACKAGE_BUGREPORT "http://www.sqlite.org"
| #define PACKAGE "sqlite"
| #define VERSION "3.6.20"
| #define STDC_HEADERS 1
| #define HAVE_SYS_TYPES_H 1
| #define HAVE_SYS_STAT_H 1
| #define HAVE_STDLIB_H 1
| #define HAVE_STRING_H 1
| #define HAVE_MEMORY_H 1
| #define HAVE_STRINGS_H 1
| #define HAVE_INTTYPES_H 1
| #define HAVE_STDINT_H 1
| #define HAVE_UNISTD_H 1
| #define HAVE_DLFCN_H 1
| /* end confdefs.h.  */
| #include <ac_nonexistent.h>
configure:7196: checking for arm-linux-elf-g77
configure:7226: result: no
configure:7196: checking for arm-linux-elf-xlf
configure:7226: result: no
configure:7196: checking for arm-linux-elf-f77
configure:7226: result: no
configure:7196: checking for arm-linux-elf-frt
configure:7226: result: no
configure:7196: checking for arm-linux-elf-pgf77
configure:7226: result: no
configure:7196: checking for arm-linux-elf-cf77
configure:7226: result: no
configure:7196: checking for arm-linux-elf-fort77
configure:7226: result: no
configure:7196: checking for arm-linux-elf-fl32
configure:7226: result: no
configure:7196: checking for arm-linux-elf-af77
configure:7226: result: no
configure:7196: checking for arm-linux-elf-xlf90
configure:7226: result: no
configure:7196: checking for arm-linux-elf-f90
configure:7226: result: no
configure:7196: checking for arm-linux-elf-pgf90
configure:7226: result: no
configure:7196: checking for arm-linux-elf-pghpf
configure:7226: result: no
configure:7196: checking for arm-linux-elf-epcf90
configure:7226: result: no
configure:7196: checking for arm-linux-elf-gfortran
configure:7226: result: no
configure:7196: checking for arm-linux-elf-g95
configure:7226: result: no
configure:7196: checking for arm-linux-elf-xlf95
configure:7226: result: no
configure:7196: checking for arm-linux-elf-f95
configure:7226: result: no
configure:7196: checking for arm-linux-elf-fort
configure:7226: result: no
configure:7196: checking for arm-linux-elf-ifort
configure:7226: result: no
configure:7196: checking for arm-linux-elf-ifc
configure:7226: result: no
configure:7196: checking for arm-linux-elf-efc
configure:7226: result: no
configure:7196: checking for arm-linux-elf-pgf95
configure:7226: result: no
configure:7196: checking for arm-linux-elf-lf95
configure:7226: result: no
configure:7196: checking for arm-linux-elf-ftn
configure:7226: result: no
configure:7240: checking for g77
configure:7270: result: no
configure:7240: checking for xlf
configure:7270: result: no
configure:7240: checking for f77
configure:7270: result: no
configure:7240: checking for frt
configure:7270: result: no
configure:7240: checking for pgf77
configure:7270: result: no
configure:7240: checking for cf77
configure:7270: result: no
configure:7240: checking for fort77
configure:7270: result: no
configure:7240: checking for fl32
configure:7270: result: no
configure:7240: checking for af77
configure:7270: result: no
configure:7240: checking for xlf90
configure:7270: result: no
configure:7240: checking for f90
configure:7270: result: no
configure:7240: checking for pgf90
configure:7270: result: no
configure:7240: checking for pghpf
configure:7270: result: no
configure:7240: checking for epcf90
configure:7270: result: no
configure:7240: checking for gfortran
configure:7270: result: no
configure:7240: checking for g95
configure:7270: result: no
configure:7240: checking for xlf95
configure:7270: result: no
configure:7240: checking for f95
configure:7270: result: no
configure:7240: checking for fort
configure:7270: result: no
configure:7240: checking for ifort
configure:7270: result: no
configure:7240: checking for ifc
configure:7270: result: no
configure:7240: checking for efc
configure:7270: result: no
configure:7240: checking for pgf95
configure:7270: result: no
configure:7240: checking for lf95
configure:7270: result: no
configure:7240: checking for ftn
configure:7270: result: no
configure:7297: checking for Fortran 77 compiler version
configure:7305:  --version >&5
./configure: line 7307: --version: command not found
configure:7309: $? = 127
configure:7316:  -v >&5
./configure: line 7318: -v: command not found
configure:7320: $? = 127
configure:7327:  -V >&5
./configure: line 7329: -V: command not found
configure:7331: $? = 127
configure:7339: checking whether we are using the GNU Fortran 77 compiler
configure:7358:  -c  conftest.F >&5
./configure: line 7360: -c: command not found
configure:7365: $? = 127
configure: failed program was:
|       program main
| #ifndef __GNUC__
|        choke me
| #endif
| 
|       end
configure:7382: result: no
configure:7388: checking whether  accepts -g
configure:7405:  -c -g conftest.f >&5
./configure: line 7407: -c: command not found
configure:7412: $? = 127
configure: failed program was:
|       program main
| 
|       end
configure:7428: result: no
configure:7462: checking the maximum length of command line arguments
configure:7571: result: 32768
configure:7582: checking command to parse /usr/local/dslinux-toolchain-2008-01-24-i686/bin/arm-linux-elf-nm -B output from ucfront-gcc arm-linux-elf-gcc  object
configure:7687: ucfront-gcc arm-linux-elf-gcc  -c -O2 -g -fomit-frame-pointer -fno-common -fno-builtin -Wall  -mswp-byte-writes -DCONFIG_NDS_ROM8BIT -mcpu=arm946e-s -mfpu=fpe3 -DEMBED -D__PIC__ -fpic -msingle-pic-base -Dlinux -D__linux__ -Dunix -D__uClinux__ -DSQLITE_DISABLE_LFS=1 -Os  conftest.c >&5
configure:7690: $? = 0
configure:7694: /usr/local/dslinux-toolchain-2008-01-24-i686/bin/arm-linux-elf-nm -B conftest.o \| sed -n -e 's/^.*[ 	]\([ABCDGIRSTW][ABCDGIRSTW]*\)[ 	][ 	]*\([_A-Za-z][_A-Za-z0-9]*\)$/\1 \2 \2/p' \> conftest.nm
configure:7697: $? = 0
configure:7749: ucfront-gcc arm-linux-elf-gcc  -o conftest -O2 -g -fomit-frame-pointer -fno-common -fno-builtin -Wall  -mswp-byte-writes -DCONFIG_NDS_ROM8BIT -mcpu=arm946e-s -mfpu=fpe3 -DEMBED -D__PIC__ -fpic -msingle-pic-base -Dlinux -D__linux__ -Dunix -D__uClinux__ -DSQLITE_DISABLE_LFS=1 -Os  -Wl,-elf2flt -D__PIC__ -fpic -msingle-pic-base -mswp-byte-writes conftest.c conftstm.o >&5
configure:7752: $? = 0
configure:7790: result: ok
configure:7794: checking for objdir
configure:7809: result: .libs
configure:7861: checking for arm-linux-elf-ar
configure:7888: result: arm-linux-elf-ar
configure:7957: checking for arm-linux-elf-ranlib
configure:7984: result: arm-linux-elf-ranlib
configure:8053: checking for arm-linux-elf-strip
configure:8080: result: arm-linux-elf-strip
configure:8406: checking if ucfront-gcc arm-linux-elf-gcc  supports -fno-rtti -fno-exceptions
configure:8424: ucfront-gcc arm-linux-elf-gcc  -c -O2 -g -fomit-frame-pointer -fno-common -fno-builtin -Wall  -mswp-byte-writes -DCONFIG_NDS_ROM8BIT -mcpu=arm946e-s -mfpu=fpe3 -DEMBED -D__PIC__ -fpic -msingle-pic-base -Dlinux -D__linux__ -Dunix -D__uClinux__ -DSQLITE_DISABLE_LFS=1 -Os  -fno-rtti -fno-exceptions conftest.c >&5
cc1: warning: command line option "-fno-rtti" is valid for C++/ObjC++ but not for C
configure:8428: $? = 0
configure:8441: result: no
configure:8456: checking for ucfront-gcc arm-linux-elf-gcc  option to produce PIC
configure:8666: result: -fPIC
configure:8674: checking if ucfront-gcc arm-linux-elf-gcc  PIC flag -fPIC works
configure:8692: ucfront-gcc arm-linux-elf-gcc  -c -O2 -g -fomit-frame-pointer -fno-common -fno-builtin -Wall  -mswp-byte-writes -DCONFIG_NDS_ROM8BIT -mcpu=arm946e-s -mfpu=fpe3 -DEMBED -D__PIC__ -fpic -msingle-pic-base -Dlinux -D__linux__ -Dunix -D__uClinux__ -DSQLITE_DISABLE_LFS=1 -Os  -fPIC -DPIC conftest.c >&5
configure:8696: $? = 0
configure:8709: result: yes
configure:8737: checking if ucfront-gcc arm-linux-elf-gcc  static flag -static works
No relocations in code!
configure:8765: result: yes
configure:8775: checking if ucfront-gcc arm-linux-elf-gcc  supports -c -o file.o
configure:8796: ucfront-gcc arm-linux-elf-gcc  -c -O2 -g -fomit-frame-pointer -fno-common -fno-builtin -Wall  -mswp-byte-writes -DCONFIG_NDS_ROM8BIT -mcpu=arm946e-s -mfpu=fpe3 -DEMBED -D__PIC__ -fpic -msingle-pic-base -Dlinux -D__linux__ -Dunix -D__uClinux__ -DSQLITE_DISABLE_LFS=1 -Os  -o out/conftest2.o conftest.c >&5
configure:8800: $? = 0
configure:8822: result: yes
configure:8848: checking whether the ucfront-gcc arm-linux-elf-gcc  linker (arm-linux-elf-ld) supports shared libraries
configure:9810: result: yes
configure:9831: checking whether -lc should be explicitly linked in
configure:9836: ucfront-gcc arm-linux-elf-gcc  -c -O2 -g -fomit-frame-pointer -fno-common -fno-builtin -Wall  -mswp-byte-writes -DCONFIG_NDS_ROM8BIT -mcpu=arm946e-s -mfpu=fpe3 -DEMBED -D__PIC__ -fpic -msingle-pic-base -Dlinux -D__linux__ -Dunix -D__uClinux__ -DSQLITE_DISABLE_LFS=1 -Os  conftest.c >&5
configure:9839: $? = 0
configure:9854: ucfront-gcc arm-linux-elf-gcc  -shared conftest.o  -v -Wl,-soname -Wl,conftest -o conftest 2\>\&1 \| grep  -lc  \>/dev/null 2\>\&1
configure:9857: $? = 0
configure:9869: result: no
configure:9877: checking dynamic linker characteristics
configure:10465: result: no
configure:10474: checking how to hardcode library paths into programs
configure:10499: result: immediate
configure:10513: checking whether stripping libraries is possible
configure:10518: result: yes
configure:11347: checking if libtool supports shared libraries
configure:11349: result: no
configure:11352: checking whether to build shared libraries
configure:11373: result: no
configure:11376: checking whether to build static libraries
configure:11380: result: yes
configure:11472: creating libtool
configure:12060: checking for ld used by ucfront-g++ arm-linux-elf-g++ 
configure:12127: result: arm-linux-elf-ld
configure:12136: checking if the linker (arm-linux-elf-ld) is GNU ld
configure:12151: result: yes
configure:12202: checking whether the ucfront-g++ arm-linux-elf-g++  linker (arm-linux-elf-ld) supports shared libraries
configure:13144: result: no
configure:13162: ucfront-g++ arm-linux-elf-g++  -c -O2 -g -fomit-frame-pointer -fno-common -fno-builtin -Wall  -mswp-byte-writes -DCONFIG_NDS_ROM8BIT -mcpu=arm946e-s -mfpu=fpe3 -DEMBED -D__PIC__ -fpic -msingle-pic-base -Dlinux -D__linux__ -Dunix -D__uClinux__  -I /home/andrewec/dslinux/lib/uClibc++/include -fno-builtin -nostdinc++ -DGCC_HASCLASSVISIBILITY -Wno-deprecated  conftest.cpp >&5
configure:13165: $? = 0
configure:13284: checking for ucfront-g++ arm-linux-elf-g++  option to produce PIC
configure:13558: result: -fPIC
configure:13566: checking if ucfront-g++ arm-linux-elf-g++  PIC flag -fPIC works
configure:13584: ucfront-g++ arm-linux-elf-g++  -c -O2 -g -fomit-frame-pointer -fno-common -fno-builtin -Wall  -mswp-byte-writes -DCONFIG_NDS_ROM8BIT -mcpu=arm946e-s -mfpu=fpe3 -DEMBED -D__PIC__ -fpic -msingle-pic-base -Dlinux -D__linux__ -Dunix -D__uClinux__  -I /home/andrewec/dslinux/lib/uClibc++/include -fno-builtin -nostdinc++ -DGCC_HASCLASSVISIBILITY -Wno-deprecated  -fPIC -DPIC conftest.cpp >&5
configure:13588: $? = 0
configure:13601: result: yes
configure:13629: checking if ucfront-g++ arm-linux-elf-g++  static flag -static works
No relocations in code!
configure:13657: result: yes
configure:13667: checking if ucfront-g++ arm-linux-elf-g++  supports -c -o file.o
configure:13688: ucfront-g++ arm-linux-elf-g++  -c -O2 -g -fomit-frame-pointer -fno-common -fno-builtin -Wall  -mswp-byte-writes -DCONFIG_NDS_ROM8BIT -mcpu=arm946e-s -mfpu=fpe3 -DEMBED -D__PIC__ -fpic -msingle-pic-base -Dlinux -D__linux__ -Dunix -D__uClinux__  -I /home/andrewec/dslinux/lib/uClibc++/include -fno-builtin -nostdinc++ -DGCC_HASCLASSVISIBILITY -Wno-deprecated  -o out/conftest2.o conftest.cpp >&5
configure:13692: $? = 0
configure:13714: result: yes
configure:13740: checking whether the ucfront-g++ arm-linux-elf-g++  linker (arm-linux-elf-ld) supports shared libraries
configure:13765: result: no
configure:13832: checking dynamic linker characteristics
configure:14420: result: no
configure:14429: checking how to hardcode library paths into programs
configure:14454: result: immediate
configure:20620: checking for fdatasync
configure:20676: ucfront-gcc arm-linux-elf-gcc  -o conftest -O2 -g -fomit-frame-pointer -fno-common -fno-builtin -Wall  -mswp-byte-writes -DCONFIG_NDS_ROM8BIT -mcpu=arm946e-s -mfpu=fpe3 -DEMBED -D__PIC__ -fpic -msingle-pic-base -Dlinux -D__linux__ -Dunix -D__uClinux__ -DSQLITE_DISABLE_LFS=1 -Os  -Wl,-elf2flt -D__PIC__ -fpic -msingle-pic-base -mswp-byte-writes conftest.c  >&5
No relocations in code!
configure:20683: $? = 0
configure:20705: result: yes
configure:20620: checking for usleep
configure:20676: ucfront-gcc arm-linux-elf-gcc  -o conftest -O2 -g -fomit-frame-pointer -fno-common -fno-builtin -Wall  -mswp-byte-writes -DCONFIG_NDS_ROM8BIT -mcpu=arm946e-s -mfpu=fpe3 -DEMBED -D__PIC__ -fpic -msingle-pic-base -Dlinux -D__linux__ -Dunix -D__uClinux__ -DSQLITE_DISABLE_LFS=1 -Os  -Wl,-elf2flt -D__PIC__ -fpic -msingle-pic-base -mswp-byte-writes conftest.c  >&5
No relocations in code!
configure:20683: $? = 0
configure:20705: result: yes
configure:20620: checking for fullfsync
configure:20676: ucfront-gcc arm-linux-elf-gcc  -o conftest -O2 -g -fomit-frame-pointer -fno-common -fno-builtin -Wall  -mswp-byte-writes -DCONFIG_NDS_ROM8BIT -mcpu=arm946e-s -mfpu=fpe3 -DEMBED -D__PIC__ -fpic -msingle-pic-base -Dlinux -D__linux__ -Dunix -D__uClinux__ -DSQLITE_DISABLE_LFS=1 -Os  -Wl,-elf2flt -D__PIC__ -fpic -msingle-pic-base -mswp-byte-writes conftest.c  >&5
conftest.elf2flt: In function `main':
/home/andrewec/dslinux/user/sqlite/src/conftest.c:57: undefined reference to `fullfsync'
collect2: ld returned 1 exit status
configure:20683: $? = 1
configure: failed program was:
| /* confdefs.h.  */
| #define PACKAGE_NAME "sqlite"
| #define PACKAGE_TARNAME "sqlite"
| #define PACKAGE_VERSION "3.6.20"
| #define PACKAGE_STRING "sqlite 3.6.20"
| #define PACKAGE_BUGREPORT "http://www.sqlite.org"
| #define PACKAGE "sqlite"
| #define VERSION "3.6.20"
| #define STDC_HEADERS 1
| #define HAVE_SYS_TYPES_H 1
| #define HAVE_SYS_STAT_H 1
| #define HAVE_STDLIB_H 1
| #define HAVE_STRING_H 1
| #define HAVE_MEMORY_H 1
| #define HAVE_STRINGS_H 1
| #define HAVE_INTTYPES_H 1
| #define HAVE_STDINT_H 1
| #define HAVE_UNISTD_H 1
| #define HAVE_DLFCN_H 1
| #define HAVE_FDATASYNC 1
| #define HAVE_USLEEP 1
| /* end confdefs.h.  */
| /* Define fullfsync to an innocuous variant, in case <limits.h> declares fullfsync.
|    For example, HP-UX 11i <limits.h> declares gettimeofday.  */
| #define fullfsync innocuous_fullfsync
| 
| /* System header to define __stub macros and hopefully few prototypes,
|     which can conflict with char fullfsync (); below.
|     Prefer <limits.h> to <assert.h> if __STDC__ is defined, since
|     <limits.h> exists even on freestanding compilers.  */
| 
| #ifdef __STDC__
| # include <limits.h>
| #else
| # include <assert.h>
| #endif
| 
| #undef fullfsync
| 
| /* Override any GCC internal prototype to avoid an error.
|    Use char because int might match the return type of a GCC
|    builtin and then its argument prototype would still apply.  */
| #ifdef __cplusplus
| extern "C"
| #endif
| char fullfsync ();
| /* The GNU C library defines this for functions which it implements
|     to always fail with ENOSYS.  Some functions are actually named
|     something starting with __ and the normal name is an alias.  */
| #if defined __stub_fullfsync || defined __stub___fullfsync
| choke me
| #endif
| 
| int
| main ()
| {
| return fullfsync ();
|   ;
|   return 0;
| }
configure:20705: result: no
configure:20620: checking for localtime_r
configure:20676: ucfront-gcc arm-linux-elf-gcc  -o conftest -O2 -g -fomit-frame-pointer -fno-common -fno-builtin -Wall  -mswp-byte-writes -DCONFIG_NDS_ROM8BIT -mcpu=arm946e-s -mfpu=fpe3 -DEMBED -D__PIC__ -fpic -msingle-pic-base -Dlinux -D__linux__ -Dunix -D__uClinux__ -DSQLITE_DISABLE_LFS=1 -Os  -Wl,-elf2flt -D__PIC__ -fpic -msingle-pic-base -mswp-byte-writes conftest.c  >&5
configure:20683: $? = 0
configure:20705: result: yes
configure:20620: checking for gmtime_r
configure:20676: ucfront-gcc arm-linux-elf-gcc  -o conftest -O2 -g -fomit-frame-pointer -fno-common -fno-builtin -Wall  -mswp-byte-writes -DCONFIG_NDS_ROM8BIT -mcpu=arm946e-s -mfpu=fpe3 -DEMBED -D__PIC__ -fpic -msingle-pic-base -Dlinux -D__linux__ -Dunix -D__uClinux__ -DSQLITE_DISABLE_LFS=1 -Os  -Wl,-elf2flt -D__PIC__ -fpic -msingle-pic-base -mswp-byte-writes conftest.c  >&5
No relocations in code!
configure:20683: $? = 0
configure:20705: result: yes
configure:20734: checking for library containing tgetent
configure:20775: ucfront-gcc arm-linux-elf-gcc  -o conftest -O2 -g -fomit-frame-pointer -fno-common -fno-builtin -Wall  -mswp-byte-writes -DCONFIG_NDS_ROM8BIT -mcpu=arm946e-s -mfpu=fpe3 -DEMBED -D__PIC__ -fpic -msingle-pic-base -Dlinux -D__linux__ -Dunix -D__uClinux__ -DSQLITE_DISABLE_LFS=1 -Os  -Wl,-elf2flt -D__PIC__ -fpic -msingle-pic-base -mswp-byte-writes conftest.c  >&5
conftest.elf2flt: In function `main':
/home/andrewec/dslinux/user/sqlite/src/conftest.c:36: undefined reference to `tgetent'
collect2: ld returned 1 exit status
configure:20782: $? = 1
configure: failed program was:
| /* confdefs.h.  */
| #define PACKAGE_NAME "sqlite"
| #define PACKAGE_TARNAME "sqlite"
| #define PACKAGE_VERSION "3.6.20"
| #define PACKAGE_STRING "sqlite 3.6.20"
| #define PACKAGE_BUGREPORT "http://www.sqlite.org"
| #define PACKAGE "sqlite"
| #define VERSION "3.6.20"
| #define STDC_HEADERS 1
| #define HAVE_SYS_TYPES_H 1
| #define HAVE_SYS_STAT_H 1
| #define HAVE_STDLIB_H 1
| #define HAVE_STRING_H 1
| #define HAVE_MEMORY_H 1
| #define HAVE_STRINGS_H 1
| #define HAVE_INTTYPES_H 1
| #define HAVE_STDINT_H 1
| #define HAVE_UNISTD_H 1
| #define HAVE_DLFCN_H 1
| #define HAVE_FDATASYNC 1
| #define HAVE_USLEEP 1
| #define HAVE_LOCALTIME_R 1
| #define HAVE_GMTIME_R 1
| /* end confdefs.h.  */
| 
| /* Override any GCC internal prototype to avoid an error.
|    Use char because int might match the return type of a GCC
|    builtin and then its argument prototype would still apply.  */
| #ifdef __cplusplus
| extern "C"
| #endif
| char tgetent ();
| int
| main ()
| {
| return tgetent ();
|   ;
|   return 0;
| }
configure:20775: ucfront-gcc arm-linux-elf-gcc  -o conftest -O2 -g -fomit-frame-pointer -fno-common -fno-builtin -Wall  -mswp-byte-writes -DCONFIG_NDS_ROM8BIT -mcpu=arm946e-s -mfpu=fpe3 -DEMBED -D__PIC__ -fpic -msingle-pic-base -Dlinux -D__linux__ -Dunix -D__uClinux__ -DSQLITE_DISABLE_LFS=1 -Os  -Wl,-elf2flt -D__PIC__ -fpic -msingle-pic-base -mswp-byte-writes conftest.c -lcurses   >&5
/usr/local/dslinux-toolchain-2008-01-24-i686/bin/../lib/gcc/arm-linux-elf/4.0.4/../../../../arm-linux-elf/bin/ld.real: cannot find -lcurses
collect2: ld returned 1 exit status
configure:20782: $? = 1
configure: failed program was:
| /* confdefs.h.  */
| #define PACKAGE_NAME "sqlite"
| #define PACKAGE_TARNAME "sqlite"
| #define PACKAGE_VERSION "3.6.20"
| #define PACKAGE_STRING "sqlite 3.6.20"
| #define PACKAGE_BUGREPORT "http://www.sqlite.org"
| #define PACKAGE "sqlite"
| #define VERSION "3.6.20"
| #define STDC_HEADERS 1
| #define HAVE_SYS_TYPES_H 1
| #define HAVE_SYS_STAT_H 1
| #define HAVE_STDLIB_H 1
| #define HAVE_STRING_H 1
| #define HAVE_MEMORY_H 1
| #define HAVE_STRINGS_H 1
| #define HAVE_INTTYPES_H 1
| #define HAVE_STDINT_H 1
| #define HAVE_UNISTD_H 1
| #define HAVE_DLFCN_H 1
| #define HAVE_FDATASYNC 1
| #define HAVE_USLEEP 1
| #define HAVE_LOCALTIME_R 1
| #define HAVE_GMTIME_R 1
| /* end confdefs.h.  */
| 
| /* Override any GCC internal prototype to avoid an error.
|    Use char because int might match the return type of a GCC
|    builtin and then its argument prototype would still apply.  */
| #ifdef __cplusplus
| extern "C"
| #endif
| char tgetent ();
| int
| main ()
| {
| return tgetent ();
|   ;
|   return 0;
| }
configure:20813: result: no
configure:20821: checking for library containing readline
configure:20862: ucfront-gcc arm-linux-elf-gcc  -o conftest -O2 -g -fomit-frame-pointer -fno-common -fno-builtin -Wall  -mswp-byte-writes -DCONFIG_NDS_ROM8BIT -mcpu=arm946e-s -mfpu=fpe3 -DEMBED -D__PIC__ -fpic -msingle-pic-base -Dlinux -D__linux__ -Dunix -D__uClinux__ -DSQLITE_DISABLE_LFS=1 -Os  -Wl,-elf2flt -D__PIC__ -fpic -msingle-pic-base -mswp-byte-writes conftest.c  >&5
conftest.elf2flt: In function `main':
/home/andrewec/dslinux/user/sqlite/src/conftest.c:36: undefined reference to `readline'
collect2: ld returned 1 exit status
configure:20869: $? = 1
configure: failed program was:
| /* confdefs.h.  */
| #define PACKAGE_NAME "sqlite"
| #define PACKAGE_TARNAME "sqlite"
| #define PACKAGE_VERSION "3.6.20"
| #define PACKAGE_STRING "sqlite 3.6.20"
| #define PACKAGE_BUGREPORT "http://www.sqlite.org"
| #define PACKAGE "sqlite"
| #define VERSION "3.6.20"
| #define STDC_HEADERS 1
| #define HAVE_SYS_TYPES_H 1
| #define HAVE_SYS_STAT_H 1
| #define HAVE_STDLIB_H 1
| #define HAVE_STRING_H 1
| #define HAVE_MEMORY_H 1
| #define HAVE_STRINGS_H 1
| #define HAVE_INTTYPES_H 1
| #define HAVE_STDINT_H 1
| #define HAVE_UNISTD_H 1
| #define HAVE_DLFCN_H 1
| #define HAVE_FDATASYNC 1
| #define HAVE_USLEEP 1
| #define HAVE_LOCALTIME_R 1
| #define HAVE_GMTIME_R 1
| /* end confdefs.h.  */
| 
| /* Override any GCC internal prototype to avoid an error.
|    Use char because int might match the return type of a GCC
|    builtin and then its argument prototype would still apply.  */
| #ifdef __cplusplus
| extern "C"
| #endif
| char readline ();
| int
| main ()
| {
| return readline ();
|   ;
|   return 0;
| }
configure:20862: ucfront-gcc arm-linux-elf-gcc  -o conftest -O2 -g -fomit-frame-pointer -fno-common -fno-builtin -Wall  -mswp-byte-writes -DCONFIG_NDS_ROM8BIT -mcpu=arm946e-s -mfpu=fpe3 -DEMBED -D__PIC__ -fpic -msingle-pic-base -Dlinux -D__linux__ -Dunix -D__uClinux__ -DSQLITE_DISABLE_LFS=1 -Os  -Wl,-elf2flt -D__PIC__ -fpic -msingle-pic-base -mswp-byte-writes conftest.c -lreadline   >&5
/usr/local/dslinux-toolchain-2008-01-24-i686/bin/../lib/gcc/arm-linux-elf/4.0.4/../../../../arm-linux-elf/bin/ld.real: cannot find -lreadline
collect2: ld returned 1 exit status
configure:20869: $? = 1
configure: failed program was:
| /* confdefs.h.  */
| #define PACKAGE_NAME "sqlite"
| #define PACKAGE_TARNAME "sqlite"
| #define PACKAGE_VERSION "3.6.20"
| #define PACKAGE_STRING "sqlite 3.6.20"
| #define PACKAGE_BUGREPORT "http://www.sqlite.org"
| #define PACKAGE "sqlite"
| #define VERSION "3.6.20"
| #define STDC_HEADERS 1
| #define HAVE_SYS_TYPES_H 1
| #define HAVE_SYS_STAT_H 1
| #define HAVE_STDLIB_H 1
| #define HAVE_STRING_H 1
| #define HAVE_MEMORY_H 1
| #define HAVE_STRINGS_H 1
| #define HAVE_INTTYPES_H 1
| #define HAVE_STDINT_H 1
| #define HAVE_UNISTD_H 1
| #define HAVE_DLFCN_H 1
| #define HAVE_FDATASYNC 1
| #define HAVE_USLEEP 1
| #define HAVE_LOCALTIME_R 1
| #define HAVE_GMTIME_R 1
| /* end confdefs.h.  */
| 
| /* Override any GCC internal prototype to avoid an error.
|    Use char because int might match the return type of a GCC
|    builtin and then its argument prototype would still apply.  */
| #ifdef __cplusplus
| extern "C"
| #endif
| char readline ();
| int
| main ()
| {
| return readline ();
|   ;
|   return 0;
| }
configure:20900: result: no
configure:20914: checking for readline
configure:20970: ucfront-gcc arm-linux-elf-gcc  -o conftest -O2 -g -fomit-frame-pointer -fno-common -fno-builtin -Wall  -mswp-byte-writes -DCONFIG_NDS_ROM8BIT -mcpu=arm946e-s -mfpu=fpe3 -DEMBED -D__PIC__ -fpic -msingle-pic-base -Dlinux -D__linux__ -Dunix -D__uClinux__ -DSQLITE_DISABLE_LFS=1 -Os  -Wl,-elf2flt -D__PIC__ -fpic -msingle-pic-base -mswp-byte-writes conftest.c  >&5
conftest.elf2flt: In function `main':
/home/andrewec/dslinux/user/sqlite/src/conftest.c:59: undefined reference to `readline'
collect2: ld returned 1 exit status
configure:20977: $? = 1
configure: failed program was:
| /* confdefs.h.  */
| #define PACKAGE_NAME "sqlite"
| #define PACKAGE_TARNAME "sqlite"
| #define PACKAGE_VERSION "3.6.20"
| #define PACKAGE_STRING "sqlite 3.6.20"
| #define PACKAGE_BUGREPORT "http://www.sqlite.org"
| #define PACKAGE "sqlite"
| #define VERSION "3.6.20"
| #define STDC_HEADERS 1
| #define HAVE_SYS_TYPES_H 1
| #define HAVE_SYS_STAT_H 1
| #define HAVE_STDLIB_H 1
| #define HAVE_STRING_H 1
| #define HAVE_MEMORY_H 1
| #define HAVE_STRINGS_H 1
| #define HAVE_INTTYPES_H 1
| #define HAVE_STDINT_H 1
| #define HAVE_UNISTD_H 1
| #define HAVE_DLFCN_H 1
| #define HAVE_FDATASYNC 1
| #define HAVE_USLEEP 1
| #define HAVE_LOCALTIME_R 1
| #define HAVE_GMTIME_R 1
| /* end confdefs.h.  */
| /* Define readline to an innocuous variant, in case <limits.h> declares readline.
|    For example, HP-UX 11i <limits.h> declares gettimeofday.  */
| #define readline innocuous_readline
| 
| /* System header to define __stub macros and hopefully few prototypes,
|     which can conflict with char readline (); below.
|     Prefer <limits.h> to <assert.h> if __STDC__ is defined, since
|     <limits.h> exists even on freestanding compilers.  */
| 
| #ifdef __STDC__
| # include <limits.h>
| #else
| # include <assert.h>
| #endif
| 
| #undef readline
| 
| /* Override any GCC internal prototype to avoid an error.
|    Use char because int might match the return type of a GCC
|    builtin and then its argument prototype would still apply.  */
| #ifdef __cplusplus
| extern "C"
| #endif
| char readline ();
| /* The GNU C library defines this for functions which it implements
|     to always fail with ENOSYS.  Some functions are actually named
|     something starting with __ and the normal name is an alias.  */
| #if defined __stub_readline || defined __stub___readline
| choke me
| #endif
| 
| int
| main ()
| {
| return readline ();
|   ;
|   return 0;
| }
configure:20999: result: no
configure:21221: checking for whether to support dynamic extensions
configure:21223: result: no
configure:21419: creating ./config.status

## ---------------------- ##
## Running config.status. ##
## ---------------------- ##

This file was extended by sqlite config.status 3.6.20, which was
generated by GNU Autoconf 2.62.  Invocation command line was

  CONFIG_FILES    = 
  CONFIG_HEADERS  = 
  CONFIG_LINKS    = 
  CONFIG_COMMANDS = 
  $ ./config.status 

on jenkins

config.status:719: creating Makefile
config.status:719: creating sqlite3.pc
config.status:924: executing depfiles commands

## ---------------- ##
## Cache variables. ##
## ---------------- ##

ac_cv_build=i686-pc-linux-gnu
ac_cv_c_compiler_gnu=yes
ac_cv_cxx_compiler_gnu=yes
ac_cv_env_CCC_set=
ac_cv_env_CCC_value=
ac_cv_env_CC_set=set
ac_cv_env_CC_value='ucfront-gcc arm-linux-elf-gcc '
ac_cv_env_CFLAGS_set=set
ac_cv_env_CFLAGS_value='-O2 -g -fomit-frame-pointer -fno-common -fno-builtin -Wall  -mswp-byte-writes -DCONFIG_NDS_ROM8BIT -mcpu=arm946e-s -mfpu=fpe3 -DEMBED -D__PIC__ -fpic -msingle-pic-base -Dlinux -D__linux__ -Dunix -D__uClinux__ -DSQLITE_DISABLE_LFS=1 -Os'
ac_cv_env_CPPFLAGS_set=
ac_cv_env_CPPFLAGS_value=
ac_cv_env_CPP_set=
ac_cv_env_CPP_value=
ac_cv_env_CXXCPP_set=
ac_cv_env_CXXCPP_value=
ac_cv_env_CXXFLAGS_set=set
ac_cv_env_CXXFLAGS_value='-O2 -g -fomit-frame-pointer -fno-common -fno-builtin -Wall  -mswp-byte-writes -DCONFIG_NDS_ROM8BIT -mcpu=arm946e-s -mfpu=fpe3 -DEMBED -D__PIC__ -fpic -msingle-pic-base -Dlinux -D__linux__ -Dunix -D__uClinux__  -I /home/andrewec/dslinux/lib/uClibc++/include -fno-builtin -nostdinc++ -DGCC_HASCLASSVISIBILITY -Wno-deprecated'
ac_cv_env_CXX_set=set
ac_cv_env_CXX_value='ucfront-g++ arm-linux-elf-g++ '
ac_cv_env_F77_set=
ac_cv_env_F77_value=
ac_cv_env_FFLAGS_set=
ac_cv_env_FFLAGS_value=
ac_cv_env_LDFLAGS_set=set
ac_cv_env_LDFLAGS_value='-Wl,-elf2flt -D__PIC__ -fpic -msingle-pic-base -mswp-byte-writes'
ac_cv_env_LIBS_set=
ac_cv_env_LIBS_value=
ac_cv_env_build_alias_set=
ac_cv_env_build_alias_value=
ac_cv_env_host_alias_set=set
ac_cv_env_host_alias_value=arm-linux-elf
ac_cv_env_target_alias_set=
ac_cv_env_target_alias_value=
ac_cv_f77_compiler_gnu=no
ac_cv_func_fdatasync=yes
ac_cv_func_fullfsync=no
ac_cv_func_gmtime_r=yes
ac_cv_func_localtime_r=yes
ac_cv_func_readline=no
ac_cv_func_usleep=yes
ac_cv_header_dlfcn_h=yes
ac_cv_header_inttypes_h=yes
ac_cv_header_memory_h=yes
ac_cv_header_stdc=yes
ac_cv_header_stdint_h=yes
ac_cv_header_stdlib_h=yes
ac_cv_header_string_h=yes
ac_cv_header_strings_h=yes
ac_cv_header_sys_stat_h=yes
ac_cv_header_sys_types_h=yes
ac_cv_header_unistd_h=yes
ac_cv_host=arm-linux-elf
ac_cv_objext=o
ac_cv_path_EGREP='/bin/grep -E'
ac_cv_path_GREP=/bin/grep
ac_cv_path_install='/usr/bin/install -c'
ac_cv_prog_AR=arm-linux-elf-ar
ac_cv_prog_AWK=gawk
ac_cv_prog_CC='ucfront-gcc arm-linux-elf-gcc '
ac_cv_prog_CPP='ucfront-gcc arm-linux-elf-gcc  -E'
ac_cv_prog_CXXCPP='ucfront-g++ arm-linux-elf-g++  -E'
ac_cv_prog_RANLIB=arm-linux-elf-ranlib
ac_cv_prog_STRIP=arm-linux-elf-strip
ac_cv_prog_cc_c89=
ac_cv_prog_cc_g=yes
ac_cv_prog_cxx_g=yes
ac_cv_prog_f77_g=no
ac_cv_prog_make_make_set=yes
ac_cv_search_readline=no
ac_cv_search_tgetent=no
ac_cv_sys_file_offset_bits=unknown
ac_cv_sys_large_files=unknown
ac_cv_sys_largefile_CC=no
am_cv_CC_dependencies_compiler_type=gcc3
am_cv_CXX_dependencies_compiler_type=gcc3
lt_cv_deplibs_check_method=unknown
lt_cv_file_magic_cmd='$MAGIC_CMD'
lt_cv_file_magic_test_file=
lt_cv_ld_reload_flag=-r
lt_cv_objdir=.libs
lt_cv_path_LD=arm-linux-elf-ld
lt_cv_path_LDCXX=arm-linux-elf-ld
lt_cv_path_NM='/usr/local/dslinux-toolchain-2008-01-24-i686/bin/arm-linux-elf-nm -B'
lt_cv_path_SED=/bin/sed
lt_cv_prog_compiler_c_o=yes
lt_cv_prog_compiler_c_o_CXX=yes
lt_cv_prog_compiler_rtti_exceptions=no
lt_cv_prog_gnu_ld=yes
lt_cv_prog_gnu_ldcxx=yes
lt_cv_sys_global_symbol_pipe='sed -n -e '\''s/^.*[ 	]\([ABCDGIRSTW][ABCDGIRSTW]*\)[ 	][ 	]*\([_A-Za-z][_A-Za-z0-9]*\)$/\1 \2 \2/p'\'''
lt_cv_sys_global_symbol_to_c_name_address='sed -n -e '\''s/^: \([^ ]*\) $/  {\"\1\", (lt_ptr) 0},/p'\'' -e '\''s/^[BCDEGRST] \([^ ]*\) \([^ ]*\)$/  {"\2", (lt_ptr) \&\2},/p'\'''
lt_cv_sys_global_symbol_to_cdecl='sed -n -e '\''s/^. .* \(.*\)$/extern int \1;/p'\'''
lt_cv_sys_max_cmd_len=32768
lt_lt_cv_prog_compiler_c_o='"yes"'
lt_lt_cv_prog_compiler_c_o_CXX='"yes"'
lt_lt_cv_sys_global_symbol_pipe='"sed -n -e '\''s/^.*[ 	]\\([ABCDGIRSTW][ABCDGIRSTW]*\\)[ 	][ 	]*\\([_A-Za-z][_A-Za-z0-9]*\\)\$/\\1 \\2 \\2/p'\''"'
lt_lt_cv_sys_global_symbol_to_c_name_address='"sed -n -e '\''s/^: \\([^ ]*\\) \$/  {\\\"\\1\\\", (lt_ptr) 0},/p'\'' -e '\''s/^[BCDEGRST] \\([^ ]*\\) \\([^ ]*\\)\$/  {\"\\2\", (lt_ptr) \\&\\2},/p'\''"'
lt_lt_cv_sys_global_symbol_to_cdecl='"sed -n -e '\''s/^. .* \\(.*\\)\$/extern int \\1;/p'\''"'

## ----------------- ##
## Output variables. ##
## ----------------- ##

ACLOCAL='${SHELL} /home/andrewec/dslinux/user/sqlite/src/missing --run aclocal-1.9'
AMDEPBACKSLASH='\'
AMDEP_FALSE='#'
AMDEP_TRUE=''
AMTAR='${SHELL} /home/andrewec/dslinux/user/sqlite/src/missing --run tar'
AR='arm-linux-elf-ar'
AUTOCONF='${SHELL} /home/andrewec/dslinux/user/sqlite/src/missing --run autoconf'
AUTOHEADER='${SHELL} /home/andrewec/dslinux/user/sqlite/src/missing --run autoheader'
AUTOMAKE='${SHELL} /home/andrewec/dslinux/user/sqlite/src/missing --run automake-1.9'
AWK='gawk'
BUILD_CFLAGS=''
CC='ucfront-gcc arm-linux-elf-gcc '
CCDEPMODE='depmode=gcc3'
CFLAGS='-O2 -g -fomit-frame-pointer -fno-common -fno-builtin -Wall  -mswp-byte-writes -DCONFIG_NDS_ROM8BIT -mcpu=arm946e-s -mfpu=fpe3 -DEMBED -D__PIC__ -fpic -msingle-pic-base -Dlinux -D__linux__ -Dunix -D__uClinux__ -DSQLITE_DISABLE_LFS=1 -Os'
CPP='ucfront-gcc arm-linux-elf-gcc  -E'
CPPFLAGS=''
CXX='ucfront-g++ arm-linux-elf-g++ '
CXXCPP='ucfront-g++ arm-linux-elf-g++  -E'
CXXDEPMODE='depmode=gcc3'
CXXFLAGS='-O2 -g -fomit-frame-pointer -fno-common -fno-builtin -Wall  -mswp-byte-writes -DCONFIG_NDS_ROM8BIT -mcpu=arm946e-s -mfpu=fpe3 -DEMBED -D__PIC__ -fpic -msingle-pic-base -Dlinux -D__linux__ -Dunix -D__uClinux__  -I /home/andrewec/dslinux/lib/uClibc++/include -fno-builtin -nostdinc++ -DGCC_HASCLASSVISIBILITY -Wno-deprecated'
CYGPATH_W='echo'
DEFS='-DPACKAGE_NAME=\"sqlite\" -DPACKAGE_TARNAME=\"sqlite\" -DPACKAGE_VERSION=\"3.6.20\" -DPACKAGE_STRING=\"sqlite\ 3.6.20\" -DPACKAGE_BUGREPORT=\"http://www.sqlite.org\" -DPACKAGE=\"sqlite\" -DVERSION=\"3.6.20\" -DSTDC_HEADERS=1 -DHAVE_SYS_TYPES_H=1 -DHAVE_SYS_STAT_H=1 -DHAVE_STDLIB_H=1 -DHAVE_STRING_H=1 -DHAVE_MEMORY_H=1 -DHAVE_STRINGS_H=1 -DHAVE_INTTYPES_H=1 -DHAVE_STDINT_H=1 -DHAVE_UNISTD_H=1 -DHAVE_DLFCN_H=1 -DHAVE_FDATASYNC=1 -DHAVE_USLEEP=1 -DHAVE_LOCALTIME_R=1 -DHAVE_GMTIME_R=1'
DEPDIR='.deps'
DYNAMIC_EXTENSION_FLAGS='-DSQLITE_OMIT_LOAD_EXTENSION=1'
ECHO='echo'
ECHO_C=''
ECHO_N='-n'
ECHO_T=''
EGREP='/bin/grep -E'
EXEEXT=''
F77=''
FFLAGS=''
GREP='/bin/grep'
INSTALL_DATA='${INSTALL} -m 644'
INSTALL_PROGRAM='${INSTALL}'
INSTALL_SCRIPT='${INSTALL}'
INSTALL_STRIP_PROGRAM='${SHELL} $(install_sh) -c -s'
LDFLAGS='-Wl,-elf2flt -D__PIC__ -fpic -msingle-pic-base -mswp-byte-writes'
LIBOBJS=''
LIBS=''
LIBTOOL='$(SHELL) $(top_builddir)/libtool'
LN_S='ln -s'
LTLIBOBJS=''
MAKEINFO='${SHELL} /home/andrewec/dslinux/user/sqlite/src/missing --run makeinfo'
OBJEXT='o'
PACKAGE='sqlite'
PACKAGE_BUGREPORT='http://www.sqlite.org'
PACKAGE_NAME='sqlite'
PACKAGE_STRING='sqlite 3.6.20'
PACKAGE_TARNAME='sqlite'
PACKAGE_VERSION='3.6.20'
PATH_SEPARATOR=':'
RANLIB='arm-linux-elf-ranlib'
READLINE_LIBS=''
SET_MAKE=''
SHELL='/bin/bash'
STRIP='arm-linux-elf-strip'
THREADSAFE_FLAGS='-DSQLITE_THREADSAFE=0'
VERSION='3.6.20'
ac_ct_CC=''
ac_ct_CXX=''
ac_ct_F77=''
am__fastdepCC_FALSE='#'
am__fastdepCC_TRUE=''
am__fastdepCXX_FALSE='#'
am__fastdepCXX_TRUE=''
am__include='include'
am__leading_dot='.'
am__quote=''
am__tar='${AMTAR} chof - "$$tardir"'
am__untar='${AMTAR} xf -'
bindir='${exec_prefix}/bin'
build='i686-pc-linux-gnu'
build_alias=''
build_cpu='i686'
build_os='linux-gnu'
build_vendor='pc'
datadir='${datarootdir}'
datarootdir='${prefix}/share'
docdir='${datarootdir}/doc/${PACKAGE_TARNAME}'
dvidir='${docdir}'
exec_prefix='${prefix}'
host='arm-linux-elf'
host_alias='arm-linux-elf'
host_cpu='arm'
host_os='elf'
host_vendor='linux'
htmldir='${docdir}'
includedir='${prefix}/include'
infodir='${datarootdir}/info'
install_sh='/home/andrewec/dslinux/user/sqlite/src/install-sh'
libdir='${exec_prefix}/lib'
libexecdir='${exec_prefix}/libexec'
localedir='${datarootdir}/locale'
localstatedir='${prefix}/var'
mandir='${datarootdir}/man'
mkdir_p='mkdir -p --'
oldincludedir='/usr/include'
pdfdir='${docdir}'
prefix='/usr'
program_transform_name='s,x,x,'
psdir='${docdir}'
sbindir='${exec_prefix}/sbin'
sharedstatedir='${prefix}/com'
sysconfdir='${prefix}/etc'
target_alias=''

## ----------- ##
## confdefs.h. ##
## ----------- ##

#define PACKAGE_NAME "sqlite"
#define PACKAGE_TARNAME "sqlite"
#define PACKAGE_VERSION "3.6.20"
#define PACKAGE_STRING "sqlite 3.6.20"
#define PACKAGE_BUGREPORT "http://www.sqlite.org"
#define PACKAGE "sqlite"
#define VERSION "3.6.20"
#define STDC_HEADERS 1
#define HAVE_SYS_TYPES_H 1
#define HAVE_SYS_STAT_H 1
#define HAVE_STDLIB_H 1
#define HAVE_STRING_H 1
#define HAVE_MEMORY_H 1
#define HAVE_STRINGS_H 1
#define HAVE_INTTYPES_H 1
#define HAVE_STDINT_H 1
#define HAVE_UNISTD_H 1
#define HAVE_DLFCN_H 1
#define HAVE_FDATASYNC 1
#define HAVE_USLEEP 1
#define HAVE_LOCALTIME_R 1
#define HAVE_GMTIME_R 1

configure: exit 0
