This file contains any messages produced by compilers while
running configure, to aid debugging if configure makes a mistake.

It was created by configure, which was
generated by GNU Autoconf 2.61.  Invocation command line was

  $ ./configure --host=arm-linux-elf --enable-oss --disable-alsa

## --------- ##
## Platform. ##
## --------- ##

hostname = jenkins
uname -m = i686
uname -r = 3.2.0-4-686-pae
uname -s = Linux
uname -v = #1 SMP Debian 3.2.78-1

/usr/bin/uname -p = unknown
/bin/uname -X     = unknown

/bin/arch              = unknown
/usr/bin/arch -k       = unknown
/usr/convex/getsysinfo = unknown
/usr/bin/hostinfo      = unknown
/bin/machine           = unknown
/usr/bin/oslevel       = unknown
/bin/universe          = unknown

PATH: /usr/local/dslinux-toolchain-2008-01-24-i686/bin
PATH: /usr/local/bin
PATH: /usr/bin
PATH: /bin
PATH: /usr/local/games
PATH: /usr/games
PATH: /home/andrewec/dslinux/tools


## ----------- ##
## Core tests. ##
## ----------- ##

configure:1769: checking build system type
configure:1787: result: i686-pc-linux-gnu
configure:1809: checking host system type
configure:1824: result: arm-linux-elf
configure:2002: checking for arm-linux-elf-gcc
configure:2029: result: ucfront-gcc arm-linux-elf-gcc 
configure:2307: checking for C compiler version
configure:2314: ucfront-gcc arm-linux-elf-gcc  --version >&5
arm-linux-elf-gcc (GCC) 4.0.4
Copyright (C) 2006 Free Software Foundation, Inc.
This is free software; see the source for copying conditions.  There is NO
warranty; not even for MERCHANTABILITY or FITNESS FOR A PARTICULAR PURPOSE.

configure:2317: $? = 0
configure:2324: ucfront-gcc arm-linux-elf-gcc  -v >&5
Using built-in specs.
Target: arm-linux-elf
Configured with: /src/toolchain/src/gcc-4.0.4/configure --prefix=/src/toolchain/prefix --with-sysroot=/src/toolchain/prefix/arm-linux-elf --target=arm-linux-elf --enable-languages=c,c++ --enable-multilib --with-cpu=arm7tdmi --with-gcc --with-gnu-ld --with-gnu-as --disable-shared --disable-threads --disable-nls --disable-libssp
Thread model: single
gcc version 4.0.4
configure:2327: $? = 0
configure:2334: ucfront-gcc arm-linux-elf-gcc  -V >&5
arm-linux-elf-gcc: '-V' option must have argument
configure:2337: $? = 1
configure:2360: checking for C compiler default output file name
configure:2387: ucfront-gcc arm-linux-elf-gcc  -O2 -g -fomit-frame-pointer -fno-common -fno-builtin -Wall  -mswp-byte-writes -DCONFIG_NDS_ROM8BIT -mcpu=arm946e-s -mfpu=fpe3 -DEMBED -D__PIC__ -fpic -msingle-pic-base -Dlinux -D__linux__ -Dunix -D__uClinux__   conftest.c  >&5
configure:2390: $? = 0
configure:2428: result: a.out
configure:2445: checking whether the C compiler works
configure:2455: ./a.out
./a.out: 1: ./a.out: Syntax error: word unexpected (expecting ")")
configure:2458: $? = 2
configure:2475: result: yes
configure:2482: checking whether we are cross compiling
configure:2484: result: yes
configure:2487: checking for suffix of executables
configure:2494: ucfront-gcc arm-linux-elf-gcc  -o conftest -O2 -g -fomit-frame-pointer -fno-common -fno-builtin -Wall  -mswp-byte-writes -DCONFIG_NDS_ROM8BIT -mcpu=arm946e-s -mfpu=fpe3 -DEMBED -D__PIC__ -fpic -msingle-pic-base -Dlinux -D__linux__ -Dunix -D__uClinux__   conftest.c  >&5
configure:2497: $? = 0
configure:2521: result: 
configure:2527: checking for suffix of object files
configure:2553: ucfront-gcc arm-linux-elf-gcc  -c -O2 -g -fomit-frame-pointer -fno-common -fno-builtin -Wall  -mswp-byte-writes -DCONFIG_NDS_ROM8BIT -mcpu=arm946e-s -mfpu=fpe3 -DEMBED -D__PIC__ -fpic -msingle-pic-base -Dlinux -D__linux__ -Dunix -D__uClinux__  conftest.c >&5
configure:2556: $? = 0
configure:2579: result: o
configure:2583: checking whether we are using the GNU C compiler
configure:2612: ucfront-gcc arm-linux-elf-gcc  -c -O2 -g -fomit-frame-pointer -fno-common -fno-builtin -Wall  -mswp-byte-writes -DCONFIG_NDS_ROM8BIT -mcpu=arm946e-s -mfpu=fpe3 -DEMBED -D__PIC__ -fpic -msingle-pic-base -Dlinux -D__linux__ -Dunix -D__uClinux__  conftest.c >&5
configure:2618: $? = 0
configure:2635: result: yes
configure:2640: checking whether ucfront-gcc arm-linux-elf-gcc  accepts -g
configure:2670: ucfront-gcc arm-linux-elf-gcc  -c -g  conftest.c >&5
configure:2676: $? = 0
configure:2775: result: yes
configure:2792: checking for ucfront-gcc arm-linux-elf-gcc  option to accept ISO C89
configure:2866: ucfront-gcc arm-linux-elf-gcc   -c -O2 -g -fomit-frame-pointer -fno-common -fno-builtin -Wall  -mswp-byte-writes -DCONFIG_NDS_ROM8BIT -mcpu=arm946e-s -mfpu=fpe3 -DEMBED -D__PIC__ -fpic -msingle-pic-base -Dlinux -D__linux__ -Dunix -D__uClinux__  conftest.c >&5
configure:2872: $? = 0
configure:2895: result: none needed
configure:2926: checking for a BSD-compatible install
configure:2982: result: /usr/bin/install -c
configure:2993: checking whether make sets $(MAKE)
configure:3014: result: yes
configure:3026: checking for arm-linux-elf-ranlib
configure:3053: result: arm-linux-elf-ranlib
configure:3126: checking how to run the C preprocessor
configure:3166: ucfront-gcc arm-linux-elf-gcc  -E  conftest.c
configure:3172: $? = 0
configure:3203: ucfront-gcc arm-linux-elf-gcc  -E  conftest.c
conftest.c:8:28: error: ac_nonexistent.h: No such file or directory
configure:3209: $? = 1
configure: failed program was:
| /* confdefs.h.  */
| #define PACKAGE_NAME ""
| #define PACKAGE_TARNAME ""
| #define PACKAGE_VERSION ""
| #define PACKAGE_STRING ""
| #define PACKAGE_BUGREPORT ""
| /* end confdefs.h.  */
| #include <ac_nonexistent.h>
configure:3242: result: ucfront-gcc arm-linux-elf-gcc  -E
configure:3271: ucfront-gcc arm-linux-elf-gcc  -E  conftest.c
configure:3277: $? = 0
configure:3308: ucfront-gcc arm-linux-elf-gcc  -E  conftest.c
conftest.c:8:28: error: ac_nonexistent.h: No such file or directory
configure:3314: $? = 1
configure: failed program was:
| /* confdefs.h.  */
| #define PACKAGE_NAME ""
| #define PACKAGE_TARNAME ""
| #define PACKAGE_VERSION ""
| #define PACKAGE_STRING ""
| #define PACKAGE_BUGREPORT ""
| /* end confdefs.h.  */
| #include <ac_nonexistent.h>
configure:3352: checking for grep that handles long lines and -e
configure:3426: result: /bin/grep
configure:3431: checking for egrep
configure:3509: result: /bin/grep -E
configure:3514: checking for ANSI C header files
configure:3544: ucfront-gcc arm-linux-elf-gcc  -c -O2 -g -fomit-frame-pointer -fno-common -fno-builtin -Wall  -mswp-byte-writes -DCONFIG_NDS_ROM8BIT -mcpu=arm946e-s -mfpu=fpe3 -DEMBED -D__PIC__ -fpic -msingle-pic-base -Dlinux -D__linux__ -Dunix -D__uClinux__  conftest.c >&5
configure:3550: $? = 0
configure:3678: result: yes
configure:3693: checking for /usr/lib/oss
configure:3705: result: no
configure:3713: checking for /usr/src/sys/i386/isa/sound
configure:3725: result: no
configure:4516: checking strings.h usability
configure:4533: ucfront-gcc arm-linux-elf-gcc  -c -O2 -g -fomit-frame-pointer -fno-common -fno-builtin -Wall  -mswp-byte-writes -DCONFIG_NDS_ROM8BIT -mcpu=arm946e-s -mfpu=fpe3 -DEMBED -D__PIC__ -fpic -msingle-pic-base -Dlinux -D__linux__ -Dunix -D__uClinux__  conftest.c >&5
configure:4539: $? = 0
configure:4553: result: yes
configure:4557: checking strings.h presence
configure:4572: ucfront-gcc arm-linux-elf-gcc  -E  conftest.c
configure:4578: $? = 0
configure:4592: result: yes
configure:4620: checking for strings.h
configure:4628: result: yes
configure:4516: checking getopt.h usability
configure:4533: ucfront-gcc arm-linux-elf-gcc  -c -O2 -g -fomit-frame-pointer -fno-common -fno-builtin -Wall  -mswp-byte-writes -DCONFIG_NDS_ROM8BIT -mcpu=arm946e-s -mfpu=fpe3 -DEMBED -D__PIC__ -fpic -msingle-pic-base -Dlinux -D__linux__ -Dunix -D__uClinux__  conftest.c >&5
configure:4539: $? = 0
configure:4553: result: yes
configure:4557: checking getopt.h presence
configure:4572: ucfront-gcc arm-linux-elf-gcc  -E  conftest.c
configure:4578: $? = 0
configure:4592: result: yes
configure:4620: checking for getopt.h
configure:4628: result: yes
configure:4516: checking sys/select.h usability
configure:4533: ucfront-gcc arm-linux-elf-gcc  -c -O2 -g -fomit-frame-pointer -fno-common -fno-builtin -Wall  -mswp-byte-writes -DCONFIG_NDS_ROM8BIT -mcpu=arm946e-s -mfpu=fpe3 -DEMBED -D__PIC__ -fpic -msingle-pic-base -Dlinux -D__linux__ -Dunix -D__uClinux__  conftest.c >&5
configure:4539: $? = 0
configure:4553: result: yes
configure:4557: checking sys/select.h presence
configure:4572: ucfront-gcc arm-linux-elf-gcc  -E  conftest.c
configure:4578: $? = 0
configure:4592: result: yes
configure:4620: checking for sys/select.h
configure:4628: result: yes
configure:4516: checking sys/param.h usability
configure:4533: ucfront-gcc arm-linux-elf-gcc  -c -O2 -g -fomit-frame-pointer -fno-common -fno-builtin -Wall  -mswp-byte-writes -DCONFIG_NDS_ROM8BIT -mcpu=arm946e-s -mfpu=fpe3 -DEMBED -D__PIC__ -fpic -msingle-pic-base -Dlinux -D__linux__ -Dunix -D__uClinux__  conftest.c >&5
configure:4539: $? = 0
configure:4553: result: yes
configure:4557: checking sys/param.h presence
configure:4572: ucfront-gcc arm-linux-elf-gcc  -E  conftest.c
configure:4578: $? = 0
configure:4592: result: yes
configure:4620: checking for sys/param.h
configure:4628: result: yes
configure:4516: checking termios.h usability
configure:4533: ucfront-gcc arm-linux-elf-gcc  -c -O2 -g -fomit-frame-pointer -fno-common -fno-builtin -Wall  -mswp-byte-writes -DCONFIG_NDS_ROM8BIT -mcpu=arm946e-s -mfpu=fpe3 -DEMBED -D__PIC__ -fpic -msingle-pic-base -Dlinux -D__linux__ -Dunix -D__uClinux__  conftest.c >&5
configure:4539: $? = 0
configure:4553: result: yes
configure:4557: checking termios.h presence
configure:4572: ucfront-gcc arm-linux-elf-gcc  -E  conftest.c
configure:4578: $? = 0
configure:4592: result: yes
configure:4620: checking for termios.h
configure:4628: result: yes
configure:4516: checking sys/shm.h usability
configure:4533: ucfront-gcc arm-linux-elf-gcc  -c -O2 -g -fomit-frame-pointer -fno-common -fno-builtin -Wall  -mswp-byte-writes -DCONFIG_NDS_ROM8BIT -mcpu=arm946e-s -mfpu=fpe3 -DEMBED -D__PIC__ -fpic -msingle-pic-base -Dlinux -D__linux__ -Dunix -D__uClinux__  conftest.c >&5
configure:4539: $? = 0
configure:4553: result: yes
configure:4557: checking sys/shm.h presence
configure:4572: ucfront-gcc arm-linux-elf-gcc  -E  conftest.c
configure:4578: $? = 0
configure:4592: result: yes
configure:4620: checking for sys/shm.h
configure:4628: result: yes
configure:4516: checking sys/soundcard.h usability
configure:4533: ucfront-gcc arm-linux-elf-gcc  -c -O2 -g -fomit-frame-pointer -fno-common -fno-builtin -Wall  -mswp-byte-writes -DCONFIG_NDS_ROM8BIT -mcpu=arm946e-s -mfpu=fpe3 -DEMBED -D__PIC__ -fpic -msingle-pic-base -Dlinux -D__linux__ -Dunix -D__uClinux__  conftest.c >&5
configure:4539: $? = 0
configure:4553: result: yes
configure:4557: checking sys/soundcard.h presence
configure:4572: ucfront-gcc arm-linux-elf-gcc  -E  conftest.c
configure:4578: $? = 0
configure:4592: result: yes
configure:4620: checking for sys/soundcard.h
configure:4628: result: yes
configure:4516: checking machine/soundcard.h usability
configure:4533: ucfront-gcc arm-linux-elf-gcc  -c -O2 -g -fomit-frame-pointer -fno-common -fno-builtin -Wall  -mswp-byte-writes -DCONFIG_NDS_ROM8BIT -mcpu=arm946e-s -mfpu=fpe3 -DEMBED -D__PIC__ -fpic -msingle-pic-base -Dlinux -D__linux__ -Dunix -D__uClinux__  conftest.c >&5
conftest.c:49:31: error: machine/soundcard.h: No such file or directory
configure:4539: $? = 1
configure: failed program was:
| /* confdefs.h.  */
| #define PACKAGE_NAME ""
| #define PACKAGE_TARNAME ""
| #define PACKAGE_VERSION ""
| #define PACKAGE_STRING ""
| #define PACKAGE_BUGREPORT ""
| #define STDC_HEADERS 1
| #define HAVE_STRINGS_H 1
| #define HAVE_GETOPT_H 1
| #define HAVE_SYS_SELECT_H 1
| #define HAVE_SYS_PARAM_H 1
| #define HAVE_TERMIOS_H 1
| #define HAVE_SYS_SHM_H 1
| #define HAVE_SYS_SOUNDCARD_H 1
| /* end confdefs.h.  */
| #include <stdio.h>
| #ifdef HAVE_SYS_TYPES_H
| # include <sys/types.h>
| #endif
| #ifdef HAVE_SYS_STAT_H
| # include <sys/stat.h>
| #endif
| #ifdef STDC_HEADERS
| # include <stdlib.h>
| # include <stddef.h>
| #else
| # ifdef HAVE_STDLIB_H
| #  include <stdlib.h>
| # endif
| #endif
| #ifdef HAVE_STRING_H
| # if !defined STDC_HEADERS && defined HAVE_MEMORY_H
| #  include <memory.h>
| # endif
| # include <string.h>
| #endif
| #ifdef HAVE_STRINGS_H
| # include <strings.h>
| #endif
| #ifdef HAVE_INTTYPES_H
| # include <inttypes.h>
| #endif
| #ifdef HAVE_STDINT_H
| # include <stdint.h>
| #endif
| #ifdef HAVE_UNISTD_H
| # include <unistd.h>
| #endif
| #include <machine/soundcard.h>
configure:4553: result: no
configure:4557: checking machine/soundcard.h presence
configure:4572: ucfront-gcc arm-linux-elf-gcc  -E  conftest.c
conftest.c:16:31: error: machine/soundcard.h: No such file or directory
configure:4578: $? = 1
configure: failed program was:
| /* confdefs.h.  */
| #define PACKAGE_NAME ""
| #define PACKAGE_TARNAME ""
| #define PACKAGE_VERSION ""
| #define PACKAGE_STRING ""
| #define PACKAGE_BUGREPORT ""
| #define STDC_HEADERS 1
| #define HAVE_STRINGS_H 1
| #define HAVE_GETOPT_H 1
| #define HAVE_SYS_SELECT_H 1
| #define HAVE_SYS_PARAM_H 1
| #define HAVE_TERMIOS_H 1
| #define HAVE_SYS_SHM_H 1
| #define HAVE_SYS_SOUNDCARD_H 1
| /* end confdefs.h.  */
| #include <machine/soundcard.h>
configure:4592: result: no
configure:4620: checking for machine/soundcard.h
configure:4628: result: no
configure:4516: checking sys/ultrasound.h usability
configure:4533: ucfront-gcc arm-linux-elf-gcc  -c -O2 -g -fomit-frame-pointer -fno-common -fno-builtin -Wall  -mswp-byte-writes -DCONFIG_NDS_ROM8BIT -mcpu=arm946e-s -mfpu=fpe3 -DEMBED -D__PIC__ -fpic -msingle-pic-base -Dlinux -D__linux__ -Dunix -D__uClinux__  conftest.c >&5
conftest.c:49:28: error: sys/ultrasound.h: No such file or directory
configure:4539: $? = 1
configure: failed program was:
| /* confdefs.h.  */
| #define PACKAGE_NAME ""
| #define PACKAGE_TARNAME ""
| #define PACKAGE_VERSION ""
| #define PACKAGE_STRING ""
| #define PACKAGE_BUGREPORT ""
| #define STDC_HEADERS 1
| #define HAVE_STRINGS_H 1
| #define HAVE_GETOPT_H 1
| #define HAVE_SYS_SELECT_H 1
| #define HAVE_SYS_PARAM_H 1
| #define HAVE_TERMIOS_H 1
| #define HAVE_SYS_SHM_H 1
| #define HAVE_SYS_SOUNDCARD_H 1
| /* end confdefs.h.  */
| #include <stdio.h>
| #ifdef HAVE_SYS_TYPES_H
| # include <sys/types.h>
| #endif
| #ifdef HAVE_SYS_STAT_H
| # include <sys/stat.h>
| #endif
| #ifdef STDC_HEADERS
| # include <stdlib.h>
| # include <stddef.h>
| #else
| # ifdef HAVE_STDLIB_H
| #  include <stdlib.h>
| # endif
| #endif
| #ifdef HAVE_STRING_H
| # if !defined STDC_HEADERS && defined HAVE_MEMORY_H
| #  include <memory.h>
| # endif
| # include <string.h>
| #endif
| #ifdef HAVE_STRINGS_H
| # include <strings.h>
| #endif
| #ifdef HAVE_INTTYPES_H
| # include <inttypes.h>
| #endif
| #ifdef HAVE_STDINT_H
| # include <stdint.h>
| #endif
| #ifdef HAVE_UNISTD_H
| # include <unistd.h>
| #endif
| #include <sys/ultrasound.h>
configure:4553: result: no
configure:4557: checking sys/ultrasound.h presence
configure:4572: ucfront-gcc arm-linux-elf-gcc  -E  conftest.c
conftest.c:16:28: error: sys/ultrasound.h: No such file or directory
configure:4578: $? = 1
configure: failed program was:
| /* confdefs.h.  */
| #define PACKAGE_NAME ""
| #define PACKAGE_TARNAME ""
| #define PACKAGE_VERSION ""
| #define PACKAGE_STRING ""
| #define PACKAGE_BUGREPORT ""
| #define STDC_HEADERS 1
| #define HAVE_STRINGS_H 1
| #define HAVE_GETOPT_H 1
| #define HAVE_SYS_SELECT_H 1
| #define HAVE_SYS_PARAM_H 1
| #define HAVE_TERMIOS_H 1
| #define HAVE_SYS_SHM_H 1
| #define HAVE_SYS_SOUNDCARD_H 1
| /* end confdefs.h.  */
| #include <sys/ultrasound.h>
configure:4592: result: no
configure:4620: checking for sys/ultrasound.h
configure:4628: result: no
configure:4516: checking linux/ultrasound.h usability
configure:4533: ucfront-gcc arm-linux-elf-gcc  -c -O2 -g -fomit-frame-pointer -fno-common -fno-builtin -Wall  -mswp-byte-writes -DCONFIG_NDS_ROM8BIT -mcpu=arm946e-s -mfpu=fpe3 -DEMBED -D__PIC__ -fpic -msingle-pic-base -Dlinux -D__linux__ -Dunix -D__uClinux__  conftest.c >&5
configure:4539: $? = 0
configure:4553: result: yes
configure:4557: checking linux/ultrasound.h presence
configure:4572: ucfront-gcc arm-linux-elf-gcc  -E  conftest.c
configure:4578: $? = 0
configure:4592: result: yes
configure:4620: checking for linux/ultrasound.h
configure:4628: result: yes
configure:4516: checking machine/ultrasound.h usability
configure:4533: ucfront-gcc arm-linux-elf-gcc  -c -O2 -g -fomit-frame-pointer -fno-common -fno-builtin -Wall  -mswp-byte-writes -DCONFIG_NDS_ROM8BIT -mcpu=arm946e-s -mfpu=fpe3 -DEMBED -D__PIC__ -fpic -msingle-pic-base -Dlinux -D__linux__ -Dunix -D__uClinux__  conftest.c >&5
conftest.c:50:32: error: machine/ultrasound.h: No such file or directory
configure:4539: $? = 1
configure: failed program was:
| /* confdefs.h.  */
| #define PACKAGE_NAME ""
| #define PACKAGE_TARNAME ""
| #define PACKAGE_VERSION ""
| #define PACKAGE_STRING ""
| #define PACKAGE_BUGREPORT ""
| #define STDC_HEADERS 1
| #define HAVE_STRINGS_H 1
| #define HAVE_GETOPT_H 1
| #define HAVE_SYS_SELECT_H 1
| #define HAVE_SYS_PARAM_H 1
| #define HAVE_TERMIOS_H 1
| #define HAVE_SYS_SHM_H 1
| #define HAVE_SYS_SOUNDCARD_H 1
| #define HAVE_LINUX_ULTRASOUND_H 1
| /* end confdefs.h.  */
| #include <stdio.h>
| #ifdef HAVE_SYS_TYPES_H
| # include <sys/types.h>
| #endif
| #ifdef HAVE_SYS_STAT_H
| # include <sys/stat.h>
| #endif
| #ifdef STDC_HEADERS
| # include <stdlib.h>
| # include <stddef.h>
| #else
| # ifdef HAVE_STDLIB_H
| #  include <stdlib.h>
| # endif
| #endif
| #ifdef HAVE_STRING_H
| # if !defined STDC_HEADERS && defined HAVE_MEMORY_H
| #  include <memory.h>
| # endif
| # include <string.h>
| #endif
| #ifdef HAVE_STRINGS_H
| # include <strings.h>
| #endif
| #ifdef HAVE_INTTYPES_H
| # include <inttypes.h>
| #endif
| #ifdef HAVE_STDINT_H
| # include <stdint.h>
| #endif
| #ifdef HAVE_UNISTD_H
| # include <unistd.h>
| #endif
| #include <machine/ultrasound.h>
configure:4553: result: no
configure:4557: checking machine/ultrasound.h presence
configure:4572: ucfront-gcc arm-linux-elf-gcc  -E  conftest.c
conftest.c:17:32: error: machine/ultrasound.h: No such file or directory
configure:4578: $? = 1
configure: failed program was:
| /* confdefs.h.  */
| #define PACKAGE_NAME ""
| #define PACKAGE_TARNAME ""
| #define PACKAGE_VERSION ""
| #define PACKAGE_STRING ""
| #define PACKAGE_BUGREPORT ""
| #define STDC_HEADERS 1
| #define HAVE_STRINGS_H 1
| #define HAVE_GETOPT_H 1
| #define HAVE_SYS_SELECT_H 1
| #define HAVE_SYS_PARAM_H 1
| #define HAVE_TERMIOS_H 1
| #define HAVE_SYS_SHM_H 1
| #define HAVE_SYS_SOUNDCARD_H 1
| #define HAVE_LINUX_ULTRASOUND_H 1
| /* end confdefs.h.  */
| #include <machine/ultrasound.h>
configure:4592: result: no
configure:4620: checking for machine/ultrasound.h
configure:4628: result: no
configure:4516: checking awe_voice.h usability
configure:4533: ucfront-gcc arm-linux-elf-gcc  -c -O2 -g -fomit-frame-pointer -fno-common -fno-builtin -Wall  -mswp-byte-writes -DCONFIG_NDS_ROM8BIT -mcpu=arm946e-s -mfpu=fpe3 -DEMBED -D__PIC__ -fpic -msingle-pic-base -Dlinux -D__linux__ -Dunix -D__uClinux__  conftest.c >&5
conftest.c:50:23: error: awe_voice.h: No such file or directory
configure:4539: $? = 1
configure: failed program was:
| /* confdefs.h.  */
| #define PACKAGE_NAME ""
| #define PACKAGE_TARNAME ""
| #define PACKAGE_VERSION ""
| #define PACKAGE_STRING ""
| #define PACKAGE_BUGREPORT ""
| #define STDC_HEADERS 1
| #define HAVE_STRINGS_H 1
| #define HAVE_GETOPT_H 1
| #define HAVE_SYS_SELECT_H 1
| #define HAVE_SYS_PARAM_H 1
| #define HAVE_TERMIOS_H 1
| #define HAVE_SYS_SHM_H 1
| #define HAVE_SYS_SOUNDCARD_H 1
| #define HAVE_LINUX_ULTRASOUND_H 1
| /* end confdefs.h.  */
| #include <stdio.h>
| #ifdef HAVE_SYS_TYPES_H
| # include <sys/types.h>
| #endif
| #ifdef HAVE_SYS_STAT_H
| # include <sys/stat.h>
| #endif
| #ifdef STDC_HEADERS
| # include <stdlib.h>
| # include <stddef.h>
| #else
| # ifdef HAVE_STDLIB_H
| #  include <stdlib.h>
| # endif
| #endif
| #ifdef HAVE_STRING_H
| # if !defined STDC_HEADERS && defined HAVE_MEMORY_H
| #  include <memory.h>
| # endif
| # include <string.h>
| #endif
| #ifdef HAVE_STRINGS_H
| # include <strings.h>
| #endif
| #ifdef HAVE_INTTYPES_H
| # include <inttypes.h>
| #endif
| #ifdef HAVE_STDINT_H
| # include <stdint.h>
| #endif
| #ifdef HAVE_UNISTD_H
| # include <unistd.h>
| #endif
| #include <awe_voice.h>
configure:4553: result: no
configure:4557: checking awe_voice.h presence
configure:4572: ucfront-gcc arm-linux-elf-gcc  -E  conftest.c
conftest.c:17:23: error: awe_voice.h: No such file or directory
configure:4578: $? = 1
configure: failed program was:
| /* confdefs.h.  */
| #define PACKAGE_NAME ""
| #define PACKAGE_TARNAME ""
| #define PACKAGE_VERSION ""
| #define PACKAGE_STRING ""
| #define PACKAGE_BUGREPORT ""
| #define STDC_HEADERS 1
| #define HAVE_STRINGS_H 1
| #define HAVE_GETOPT_H 1
| #define HAVE_SYS_SELECT_H 1
| #define HAVE_SYS_PARAM_H 1
| #define HAVE_TERMIOS_H 1
| #define HAVE_SYS_SHM_H 1
| #define HAVE_SYS_SOUNDCARD_H 1
| #define HAVE_LINUX_ULTRASOUND_H 1
| /* end confdefs.h.  */
| #include <awe_voice.h>
configure:4592: result: no
configure:4620: checking for awe_voice.h
configure:4628: result: no
configure:4516: checking sys/awe_voice.h usability
configure:4533: ucfront-gcc arm-linux-elf-gcc  -c -O2 -g -fomit-frame-pointer -fno-common -fno-builtin -Wall  -mswp-byte-writes -DCONFIG_NDS_ROM8BIT -mcpu=arm946e-s -mfpu=fpe3 -DEMBED -D__PIC__ -fpic -msingle-pic-base -Dlinux -D__linux__ -Dunix -D__uClinux__  conftest.c >&5
conftest.c:50:27: error: sys/awe_voice.h: No such file or directory
configure:4539: $? = 1
configure: failed program was:
| /* confdefs.h.  */
| #define PACKAGE_NAME ""
| #define PACKAGE_TARNAME ""
| #define PACKAGE_VERSION ""
| #define PACKAGE_STRING ""
| #define PACKAGE_BUGREPORT ""
| #define STDC_HEADERS 1
| #define HAVE_STRINGS_H 1
| #define HAVE_GETOPT_H 1
| #define HAVE_SYS_SELECT_H 1
| #define HAVE_SYS_PARAM_H 1
| #define HAVE_TERMIOS_H 1
| #define HAVE_SYS_SHM_H 1
| #define HAVE_SYS_SOUNDCARD_H 1
| #define HAVE_LINUX_ULTRASOUND_H 1
| /* end confdefs.h.  */
| #include <stdio.h>
| #ifdef HAVE_SYS_TYPES_H
| # include <sys/types.h>
| #endif
| #ifdef HAVE_SYS_STAT_H
| # include <sys/stat.h>
| #endif
| #ifdef STDC_HEADERS
| # include <stdlib.h>
| # include <stddef.h>
| #else
| # ifdef HAVE_STDLIB_H
| #  include <stdlib.h>
| # endif
| #endif
| #ifdef HAVE_STRING_H
| # if !defined STDC_HEADERS && defined HAVE_MEMORY_H
| #  include <memory.h>
| # endif
| # include <string.h>
| #endif
| #ifdef HAVE_STRINGS_H
| # include <strings.h>
| #endif
| #ifdef HAVE_INTTYPES_H
| # include <inttypes.h>
| #endif
| #ifdef HAVE_STDINT_H
| # include <stdint.h>
| #endif
| #ifdef HAVE_UNISTD_H
| # include <unistd.h>
| #endif
| #include <sys/awe_voice.h>
configure:4553: result: no
configure:4557: checking sys/awe_voice.h presence
configure:4572: ucfront-gcc arm-linux-elf-gcc  -E  conftest.c
conftest.c:17:27: error: sys/awe_voice.h: No such file or directory
configure:4578: $? = 1
configure: failed program was:
| /* confdefs.h.  */
| #define PACKAGE_NAME ""
| #define PACKAGE_TARNAME ""
| #define PACKAGE_VERSION ""
| #define PACKAGE_STRING ""
| #define PACKAGE_BUGREPORT ""
| #define STDC_HEADERS 1
| #define HAVE_STRINGS_H 1
| #define HAVE_GETOPT_H 1
| #define HAVE_SYS_SELECT_H 1
| #define HAVE_SYS_PARAM_H 1
| #define HAVE_TERMIOS_H 1
| #define HAVE_SYS_SHM_H 1
| #define HAVE_SYS_SOUNDCARD_H 1
| #define HAVE_LINUX_ULTRASOUND_H 1
| /* end confdefs.h.  */
| #include <sys/awe_voice.h>
configure:4592: result: no
configure:4620: checking for sys/awe_voice.h
configure:4628: result: no
configure:4516: checking linux/awe_voice.h usability
configure:4533: ucfront-gcc arm-linux-elf-gcc  -c -O2 -g -fomit-frame-pointer -fno-common -fno-builtin -Wall  -mswp-byte-writes -DCONFIG_NDS_ROM8BIT -mcpu=arm946e-s -mfpu=fpe3 -DEMBED -D__PIC__ -fpic -msingle-pic-base -Dlinux -D__linux__ -Dunix -D__uClinux__  conftest.c >&5
configure:4539: $? = 0
configure:4553: result: yes
configure:4557: checking linux/awe_voice.h presence
configure:4572: ucfront-gcc arm-linux-elf-gcc  -E  conftest.c
configure:4578: $? = 0
configure:4592: result: yes
configure:4620: checking for linux/awe_voice.h
configure:4628: result: yes
configure:4516: checking alsa/asoundlib.h usability
configure:4533: ucfront-gcc arm-linux-elf-gcc  -c -O2 -g -fomit-frame-pointer -fno-common -fno-builtin -Wall  -mswp-byte-writes -DCONFIG_NDS_ROM8BIT -mcpu=arm946e-s -mfpu=fpe3 -DEMBED -D__PIC__ -fpic -msingle-pic-base -Dlinux -D__linux__ -Dunix -D__uClinux__  conftest.c >&5
conftest.c:51:28: error: alsa/asoundlib.h: No such file or directory
configure:4539: $? = 1
configure: failed program was:
| /* confdefs.h.  */
| #define PACKAGE_NAME ""
| #define PACKAGE_TARNAME ""
| #define PACKAGE_VERSION ""
| #define PACKAGE_STRING ""
| #define PACKAGE_BUGREPORT ""
| #define STDC_HEADERS 1
| #define HAVE_STRINGS_H 1
| #define HAVE_GETOPT_H 1
| #define HAVE_SYS_SELECT_H 1
| #define HAVE_SYS_PARAM_H 1
| #define HAVE_TERMIOS_H 1
| #define HAVE_SYS_SHM_H 1
| #define HAVE_SYS_SOUNDCARD_H 1
| #define HAVE_LINUX_ULTRASOUND_H 1
| #define HAVE_LINUX_AWE_VOICE_H 1
| /* end confdefs.h.  */
| #include <stdio.h>
| #ifdef HAVE_SYS_TYPES_H
| # include <sys/types.h>
| #endif
| #ifdef HAVE_SYS_STAT_H
| # include <sys/stat.h>
| #endif
| #ifdef STDC_HEADERS
| # include <stdlib.h>
| # include <stddef.h>
| #else
| # ifdef HAVE_STDLIB_H
| #  include <stdlib.h>
| # endif
| #endif
| #ifdef HAVE_STRING_H
| # if !defined STDC_HEADERS && defined HAVE_MEMORY_H
| #  include <memory.h>
| # endif
| # include <string.h>
| #endif
| #ifdef HAVE_STRINGS_H
| # include <strings.h>
| #endif
| #ifdef HAVE_INTTYPES_H
| # include <inttypes.h>
| #endif
| #ifdef HAVE_STDINT_H
| # include <stdint.h>
| #endif
| #ifdef HAVE_UNISTD_H
| # include <unistd.h>
| #endif
| #include <alsa/asoundlib.h>
configure:4553: result: no
configure:4557: checking alsa/asoundlib.h presence
configure:4572: ucfront-gcc arm-linux-elf-gcc  -E  conftest.c
conftest.c:18:28: error: alsa/asoundlib.h: No such file or directory
configure:4578: $? = 1
configure: failed program was:
| /* confdefs.h.  */
| #define PACKAGE_NAME ""
| #define PACKAGE_TARNAME ""
| #define PACKAGE_VERSION ""
| #define PACKAGE_STRING ""
| #define PACKAGE_BUGREPORT ""
| #define STDC_HEADERS 1
| #define HAVE_STRINGS_H 1
| #define HAVE_GETOPT_H 1
| #define HAVE_SYS_SELECT_H 1
| #define HAVE_SYS_PARAM_H 1
| #define HAVE_TERMIOS_H 1
| #define HAVE_SYS_SHM_H 1
| #define HAVE_SYS_SOUNDCARD_H 1
| #define HAVE_LINUX_ULTRASOUND_H 1
| #define HAVE_LINUX_AWE_VOICE_H 1
| /* end confdefs.h.  */
| #include <alsa/asoundlib.h>
configure:4592: result: no
configure:4620: checking for alsa/asoundlib.h
configure:4628: result: no
configure:4516: checking esd.h usability
configure:4533: ucfront-gcc arm-linux-elf-gcc  -c -O2 -g -fomit-frame-pointer -fno-common -fno-builtin -Wall  -mswp-byte-writes -DCONFIG_NDS_ROM8BIT -mcpu=arm946e-s -mfpu=fpe3 -DEMBED -D__PIC__ -fpic -msingle-pic-base -Dlinux -D__linux__ -Dunix -D__uClinux__  conftest.c >&5
conftest.c:51:17: error: esd.h: No such file or directory
configure:4539: $? = 1
configure: failed program was:
| /* confdefs.h.  */
| #define PACKAGE_NAME ""
| #define PACKAGE_TARNAME ""
| #define PACKAGE_VERSION ""
| #define PACKAGE_STRING ""
| #define PACKAGE_BUGREPORT ""
| #define STDC_HEADERS 1
| #define HAVE_STRINGS_H 1
| #define HAVE_GETOPT_H 1
| #define HAVE_SYS_SELECT_H 1
| #define HAVE_SYS_PARAM_H 1
| #define HAVE_TERMIOS_H 1
| #define HAVE_SYS_SHM_H 1
| #define HAVE_SYS_SOUNDCARD_H 1
| #define HAVE_LINUX_ULTRASOUND_H 1
| #define HAVE_LINUX_AWE_VOICE_H 1
| /* end confdefs.h.  */
| #include <stdio.h>
| #ifdef HAVE_SYS_TYPES_H
| # include <sys/types.h>
| #endif
| #ifdef HAVE_SYS_STAT_H
| # include <sys/stat.h>
| #endif
| #ifdef STDC_HEADERS
| # include <stdlib.h>
| # include <stddef.h>
| #else
| # ifdef HAVE_STDLIB_H
| #  include <stdlib.h>
| # endif
| #endif
| #ifdef HAVE_STRING_H
| # if !defined STDC_HEADERS && defined HAVE_MEMORY_H
| #  include <memory.h>
| # endif
| # include <string.h>
| #endif
| #ifdef HAVE_STRINGS_H
| # include <strings.h>
| #endif
| #ifdef HAVE_INTTYPES_H
| # include <inttypes.h>
| #endif
| #ifdef HAVE_STDINT_H
| # include <stdint.h>
| #endif
| #ifdef HAVE_UNISTD_H
| # include <unistd.h>
| #endif
| #include <esd.h>
configure:4553: result: no
configure:4557: checking esd.h presence
configure:4572: ucfront-gcc arm-linux-elf-gcc  -E  conftest.c
conftest.c:18:17: error: esd.h: No such file or directory
configure:4578: $? = 1
configure: failed program was:
| /* confdefs.h.  */
| #define PACKAGE_NAME ""
| #define PACKAGE_TARNAME ""
| #define PACKAGE_VERSION ""
| #define PACKAGE_STRING ""
| #define PACKAGE_BUGREPORT ""
| #define STDC_HEADERS 1
| #define HAVE_STRINGS_H 1
| #define HAVE_GETOPT_H 1
| #define HAVE_SYS_SELECT_H 1
| #define HAVE_SYS_PARAM_H 1
| #define HAVE_TERMIOS_H 1
| #define HAVE_SYS_SHM_H 1
| #define HAVE_SYS_SOUNDCARD_H 1
| #define HAVE_LINUX_ULTRASOUND_H 1
| #define HAVE_LINUX_AWE_VOICE_H 1
| /* end confdefs.h.  */
| #include <esd.h>
configure:4592: result: no
configure:4620: checking for esd.h
configure:4628: result: no
configure:4516: checking pulse/simple.h usability
configure:4533: ucfront-gcc arm-linux-elf-gcc  -c -O2 -g -fomit-frame-pointer -fno-common -fno-builtin -Wall  -mswp-byte-writes -DCONFIG_NDS_ROM8BIT -mcpu=arm946e-s -mfpu=fpe3 -DEMBED -D__PIC__ -fpic -msingle-pic-base -Dlinux -D__linux__ -Dunix -D__uClinux__  conftest.c >&5
conftest.c:51:26: error: pulse/simple.h: No such file or directory
configure:4539: $? = 1
configure: failed program was:
| /* confdefs.h.  */
| #define PACKAGE_NAME ""
| #define PACKAGE_TARNAME ""
| #define PACKAGE_VERSION ""
| #define PACKAGE_STRING ""
| #define PACKAGE_BUGREPORT ""
| #define STDC_HEADERS 1
| #define HAVE_STRINGS_H 1
| #define HAVE_GETOPT_H 1
| #define HAVE_SYS_SELECT_H 1
| #define HAVE_SYS_PARAM_H 1
| #define HAVE_TERMIOS_H 1
| #define HAVE_SYS_SHM_H 1
| #define HAVE_SYS_SOUNDCARD_H 1
| #define HAVE_LINUX_ULTRASOUND_H 1
| #define HAVE_LINUX_AWE_VOICE_H 1
| /* end confdefs.h.  */
| #include <stdio.h>
| #ifdef HAVE_SYS_TYPES_H
| # include <sys/types.h>
| #endif
| #ifdef HAVE_SYS_STAT_H
| # include <sys/stat.h>
| #endif
| #ifdef STDC_HEADERS
| # include <stdlib.h>
| # include <stddef.h>
| #else
| # ifdef HAVE_STDLIB_H
| #  include <stdlib.h>
| # endif
| #endif
| #ifdef HAVE_STRING_H
| # if !defined STDC_HEADERS && defined HAVE_MEMORY_H
| #  include <memory.h>
| # endif
| # include <string.h>
| #endif
| #ifdef HAVE_STRINGS_H
| # include <strings.h>
| #endif
| #ifdef HAVE_INTTYPES_H
| # include <inttypes.h>
| #endif
| #ifdef HAVE_STDINT_H
| # include <stdint.h>
| #endif
| #ifdef HAVE_UNISTD_H
| # include <unistd.h>
| #endif
| #include <pulse/simple.h>
configure:4553: result: no
configure:4557: checking pulse/simple.h presence
configure:4572: ucfront-gcc arm-linux-elf-gcc  -E  conftest.c
conftest.c:18:26: error: pulse/simple.h: No such file or directory
configure:4578: $? = 1
configure: failed program was:
| /* confdefs.h.  */
| #define PACKAGE_NAME ""
| #define PACKAGE_TARNAME ""
| #define PACKAGE_VERSION ""
| #define PACKAGE_STRING ""
| #define PACKAGE_BUGREPORT ""
| #define STDC_HEADERS 1
| #define HAVE_STRINGS_H 1
| #define HAVE_GETOPT_H 1
| #define HAVE_SYS_SELECT_H 1
| #define HAVE_SYS_PARAM_H 1
| #define HAVE_TERMIOS_H 1
| #define HAVE_SYS_SHM_H 1
| #define HAVE_SYS_SOUNDCARD_H 1
| #define HAVE_LINUX_ULTRASOUND_H 1
| #define HAVE_LINUX_AWE_VOICE_H 1
| /* end confdefs.h.  */
| #include <pulse/simple.h>
configure:4592: result: no
configure:4620: checking for pulse/simple.h
configure:4628: result: no
configure:4647: checking for audio/audiolib.h
configure:4671: ucfront-gcc arm-linux-elf-gcc  -c -O2 -g -fomit-frame-pointer -fno-common -fno-builtin -Wall  -mswp-byte-writes -DCONFIG_NDS_ROM8BIT -mcpu=arm946e-s -mfpu=fpe3 -DEMBED -D__PIC__ -fpic -msingle-pic-base -Dlinux -D__linux__ -Dunix -D__uClinux__  conftest.c >&5
conftest.c:23:28: error: audio/audiolib.h: No such file or directory
configure:4677: $? = 1
configure: failed program was:
| /* confdefs.h.  */
| #define PACKAGE_NAME ""
| #define PACKAGE_TARNAME ""
| #define PACKAGE_VERSION ""
| #define PACKAGE_STRING ""
| #define PACKAGE_BUGREPORT ""
| #define STDC_HEADERS 1
| #define HAVE_STRINGS_H 1
| #define HAVE_GETOPT_H 1
| #define HAVE_SYS_SELECT_H 1
| #define HAVE_SYS_PARAM_H 1
| #define HAVE_TERMIOS_H 1
| #define HAVE_SYS_SHM_H 1
| #define HAVE_SYS_SOUNDCARD_H 1
| #define HAVE_LINUX_ULTRASOUND_H 1
| #define HAVE_LINUX_AWE_VOICE_H 1
| /* end confdefs.h.  */
| #if HAVE_AUDIO_AUDIOLIB_H
| #include <audio/audiolib.h>
| #endif
| 
| 
| #include <audio/audiolib.h>
configure:4693: result: no
configure:4647: checking for audio/soundlib.h
configure:4671: ucfront-gcc arm-linux-elf-gcc  -c -O2 -g -fomit-frame-pointer -fno-common -fno-builtin -Wall  -mswp-byte-writes -DCONFIG_NDS_ROM8BIT -mcpu=arm946e-s -mfpu=fpe3 -DEMBED -D__PIC__ -fpic -msingle-pic-base -Dlinux -D__linux__ -Dunix -D__uClinux__  conftest.c >&5
conftest.c:23:28: error: audio/soundlib.h: No such file or directory
configure:4677: $? = 1
configure: failed program was:
| /* confdefs.h.  */
| #define PACKAGE_NAME ""
| #define PACKAGE_TARNAME ""
| #define PACKAGE_VERSION ""
| #define PACKAGE_STRING ""
| #define PACKAGE_BUGREPORT ""
| #define STDC_HEADERS 1
| #define HAVE_STRINGS_H 1
| #define HAVE_GETOPT_H 1
| #define HAVE_SYS_SELECT_H 1
| #define HAVE_SYS_PARAM_H 1
| #define HAVE_TERMIOS_H 1
| #define HAVE_SYS_SHM_H 1
| #define HAVE_SYS_SOUNDCARD_H 1
| #define HAVE_LINUX_ULTRASOUND_H 1
| #define HAVE_LINUX_AWE_VOICE_H 1
| /* end confdefs.h.  */
| #if HAVE_AUDIO_AUDIOLIB_H
| #include <audio/audiolib.h>
| #endif
| 
| 
| #include <audio/soundlib.h>
configure:4693: result: no
configure:4706: checking for X
configure:4821: ucfront-gcc arm-linux-elf-gcc  -E  conftest.c
conftest.c:18:22: error: X11/Xlib.h: No such file or directory
configure:4827: $? = 1
configure: failed program was:
| /* confdefs.h.  */
| #define PACKAGE_NAME ""
| #define PACKAGE_TARNAME ""
| #define PACKAGE_VERSION ""
| #define PACKAGE_STRING ""
| #define PACKAGE_BUGREPORT ""
| #define STDC_HEADERS 1
| #define HAVE_STRINGS_H 1
| #define HAVE_GETOPT_H 1
| #define HAVE_SYS_SELECT_H 1
| #define HAVE_SYS_PARAM_H 1
| #define HAVE_TERMIOS_H 1
| #define HAVE_SYS_SHM_H 1
| #define HAVE_SYS_SOUNDCARD_H 1
| #define HAVE_LINUX_ULTRASOUND_H 1
| #define HAVE_LINUX_AWE_VOICE_H 1
| /* end confdefs.h.  */
| #include <X11/Xlib.h>
configure:4876: ucfront-gcc arm-linux-elf-gcc  -o conftest -O2 -g -fomit-frame-pointer -fno-common -fno-builtin -Wall  -mswp-byte-writes -DCONFIG_NDS_ROM8BIT -mcpu=arm946e-s -mfpu=fpe3 -DEMBED -D__PIC__ -fpic -msingle-pic-base -Dlinux -D__linux__ -Dunix -D__uClinux__   conftest.c -lX11  >&5
conftest.c:18:22: error: X11/Xlib.h: No such file or directory
conftest.c: In function 'main':
conftest.c:22: warning: implicit declaration of function 'XrmInitialize'
configure:4882: $? = 1
configure: failed program was:
| /* confdefs.h.  */
| #define PACKAGE_NAME ""
| #define PACKAGE_TARNAME ""
| #define PACKAGE_VERSION ""
| #define PACKAGE_STRING ""
| #define PACKAGE_BUGREPORT ""
| #define STDC_HEADERS 1
| #define HAVE_STRINGS_H 1
| #define HAVE_GETOPT_H 1
| #define HAVE_SYS_SELECT_H 1
| #define HAVE_SYS_PARAM_H 1
| #define HAVE_TERMIOS_H 1
| #define HAVE_SYS_SHM_H 1
| #define HAVE_SYS_SOUNDCARD_H 1
| #define HAVE_LINUX_ULTRASOUND_H 1
| #define HAVE_LINUX_AWE_VOICE_H 1
| /* end confdefs.h.  */
| #include <X11/Xlib.h>
| int
| main ()
| {
| XrmInitialize ()
|   ;
|   return 0;
| }
configure:4930: result: no
configure:6124: WARNING: ALSA support disabled
configure:8653: checking whether sys/soundcard.h knows about audio_buf_info
configure:8680: ucfront-gcc arm-linux-elf-gcc  -c -O2 -g -fomit-frame-pointer -fno-common -fno-builtin -Wall  -mswp-byte-writes -DCONFIG_NDS_ROM8BIT -mcpu=arm946e-s -mfpu=fpe3 -DEMBED -D__PIC__ -fpic -msingle-pic-base -Dlinux -D__linux__ -Dunix -D__uClinux__ -Wall -finline-functions  conftest.c >&5
conftest.c: In function 'main':
conftest.c:26: warning: unused variable 'info'
configure:8686: $? = 0
configure:8701: result: yes
configure:8720: checking whether linux/awe_voice.h knows about AWE_MD_NEW_VOLUME_CALC
configure:8747: ucfront-gcc arm-linux-elf-gcc  -c -O2 -g -fomit-frame-pointer -fno-common -fno-builtin -Wall  -mswp-byte-writes -DCONFIG_NDS_ROM8BIT -mcpu=arm946e-s -mfpu=fpe3 -DEMBED -D__PIC__ -fpic -msingle-pic-base -Dlinux -D__linux__ -Dunix -D__uClinux__ -Wall -finline-functions  conftest.c >&5
conftest.c: In function 'main':
conftest.c:27: warning: unused variable 'foo'
configure:8753: $? = 0
configure:8768: result: yes
configure:8863: checking whether ucfront-gcc arm-linux-elf-gcc  needs -traditional
configure:8905: result: no
configure:8912: checking return type of signal handlers
configure:8940: ucfront-gcc arm-linux-elf-gcc  -c -O2 -g -fomit-frame-pointer -fno-common -fno-builtin -Wall  -mswp-byte-writes -DCONFIG_NDS_ROM8BIT -mcpu=arm946e-s -mfpu=fpe3 -DEMBED -D__PIC__ -fpic -msingle-pic-base -Dlinux -D__linux__ -Dunix -D__uClinux__ -Wall -finline-functions  conftest.c >&5
conftest.c: In function 'main':
conftest.c:29: error: void value not ignored as it ought to be
configure:8946: $? = 1
configure: failed program was:
| /* confdefs.h.  */
| #define PACKAGE_NAME ""
| #define PACKAGE_TARNAME ""
| #define PACKAGE_VERSION ""
| #define PACKAGE_STRING ""
| #define PACKAGE_BUGREPORT ""
| #define STDC_HEADERS 1
| #define HAVE_STRINGS_H 1
| #define HAVE_GETOPT_H 1
| #define HAVE_SYS_SELECT_H 1
| #define HAVE_SYS_PARAM_H 1
| #define HAVE_TERMIOS_H 1
| #define HAVE_SYS_SHM_H 1
| #define HAVE_SYS_SOUNDCARD_H 1
| #define HAVE_LINUX_ULTRASOUND_H 1
| #define HAVE_LINUX_AWE_VOICE_H 1
| #define X_DISPLAY_MISSING 1
| #define DRIVER_OSS_SEQ 1
| #define DRIVER_OSS_MIX 1
| #define HAVE_AUDIO_BUF_INFO 1
| #define HAVE_AWE_MD_NEW_VOLUME_CALC 1
| /* end confdefs.h.  */
| #include <sys/types.h>
| #include <signal.h>
| 
| int
| main ()
| {
| return *(signal (0, 0)) (0) == 1;
|   ;
|   return 0;
| }
configure:8961: result: void
configure:8973: checking for vprintf
configure:9029: ucfront-gcc arm-linux-elf-gcc  -o conftest -O2 -g -fomit-frame-pointer -fno-common -fno-builtin -Wall  -mswp-byte-writes -DCONFIG_NDS_ROM8BIT -mcpu=arm946e-s -mfpu=fpe3 -DEMBED -D__PIC__ -fpic -msingle-pic-base -Dlinux -D__linux__ -Dunix -D__uClinux__ -Wall -finline-functions   conftest.c  >&5
configure:9035: $? = 0
configure:9053: result: yes
configure:9060: checking for _doprnt
configure:9116: ucfront-gcc arm-linux-elf-gcc  -o conftest -O2 -g -fomit-frame-pointer -fno-common -fno-builtin -Wall  -mswp-byte-writes -DCONFIG_NDS_ROM8BIT -mcpu=arm946e-s -mfpu=fpe3 -DEMBED -D__PIC__ -fpic -msingle-pic-base -Dlinux -D__linux__ -Dunix -D__uClinux__ -Wall -finline-functions   conftest.c  >&5
/tmp/ccSKLXhU.o: In function `main':
/home/andrewec/dslinux/user/xmp/src/conftest.c:59: undefined reference to `_doprnt'
collect2: ld returned 1 exit status
configure:9122: $? = 1
configure: failed program was:
| /* confdefs.h.  */
| #define PACKAGE_NAME ""
| #define PACKAGE_TARNAME ""
| #define PACKAGE_VERSION ""
| #define PACKAGE_STRING ""
| #define PACKAGE_BUGREPORT ""
| #define STDC_HEADERS 1
| #define HAVE_STRINGS_H 1
| #define HAVE_GETOPT_H 1
| #define HAVE_SYS_SELECT_H 1
| #define HAVE_SYS_PARAM_H 1
| #define HAVE_TERMIOS_H 1
| #define HAVE_SYS_SHM_H 1
| #define HAVE_SYS_SOUNDCARD_H 1
| #define HAVE_LINUX_ULTRASOUND_H 1
| #define HAVE_LINUX_AWE_VOICE_H 1
| #define X_DISPLAY_MISSING 1
| #define DRIVER_OSS_SEQ 1
| #define DRIVER_OSS_MIX 1
| #define HAVE_AUDIO_BUF_INFO 1
| #define HAVE_AWE_MD_NEW_VOLUME_CALC 1
| #define RETSIGTYPE void
| #define HAVE_VPRINTF 1
| /* end confdefs.h.  */
| /* Define _doprnt to an innocuous variant, in case <limits.h> declares _doprnt.
|    For example, HP-UX 11i <limits.h> declares gettimeofday.  */
| #define _doprnt innocuous__doprnt
| 
| /* System header to define __stub macros and hopefully few prototypes,
|     which can conflict with char _doprnt (); below.
|     Prefer <limits.h> to <assert.h> if __STDC__ is defined, since
|     <limits.h> exists even on freestanding compilers.  */
| 
| #ifdef __STDC__
| # include <limits.h>
| #else
| # include <assert.h>
| #endif
| 
| #undef _doprnt
| 
| /* Override any GCC internal prototype to avoid an error.
|    Use char because int might match the return type of a GCC
|    builtin and then its argument prototype would still apply.  */
| #ifdef __cplusplus
| extern "C"
| #endif
| char _doprnt ();
| /* The GNU C library defines this for functions which it implements
|     to always fail with ENOSYS.  Some functions are actually named
|     something starting with __ and the normal name is an alias.  */
| #if defined __stub__doprnt || defined __stub____doprnt
| choke me
| #endif
| 
| int
| main ()
| {
| return _doprnt ();
|   ;
|   return 0;
| }
configure:9139: result: no
configure:9159: checking for select
configure:9215: ucfront-gcc arm-linux-elf-gcc  -o conftest -O2 -g -fomit-frame-pointer -fno-common -fno-builtin -Wall  -mswp-byte-writes -DCONFIG_NDS_ROM8BIT -mcpu=arm946e-s -mfpu=fpe3 -DEMBED -D__PIC__ -fpic -msingle-pic-base -Dlinux -D__linux__ -Dunix -D__uClinux__ -Wall -finline-functions   conftest.c  >&5
configure:9221: $? = 0
configure:9239: result: yes
configure:9159: checking for getopt_long
configure:9215: ucfront-gcc arm-linux-elf-gcc  -o conftest -O2 -g -fomit-frame-pointer -fno-common -fno-builtin -Wall  -mswp-byte-writes -DCONFIG_NDS_ROM8BIT -mcpu=arm946e-s -mfpu=fpe3 -DEMBED -D__PIC__ -fpic -msingle-pic-base -Dlinux -D__linux__ -Dunix -D__uClinux__ -Wall -finline-functions   conftest.c  >&5
configure:9221: $? = 0
configure:9239: result: yes
configure:9159: checking for snprintf
configure:9215: ucfront-gcc arm-linux-elf-gcc  -o conftest -O2 -g -fomit-frame-pointer -fno-common -fno-builtin -Wall  -mswp-byte-writes -DCONFIG_NDS_ROM8BIT -mcpu=arm946e-s -mfpu=fpe3 -DEMBED -D__PIC__ -fpic -msingle-pic-base -Dlinux -D__linux__ -Dunix -D__uClinux__ -Wall -finline-functions   conftest.c  >&5
configure:9221: $? = 0
configure:9239: result: yes
configure:9352: creating ./config.status

## ---------------------- ##
## Running config.status. ##
## ---------------------- ##

This file was extended by config.status, which was
generated by GNU Autoconf 2.61.  Invocation command line was

  CONFIG_FILES    = 
  CONFIG_HEADERS  = 
  CONFIG_LINKS    = 
  CONFIG_COMMANDS = 
  $ ./config.status 

on jenkins

config.status:10051: creating Makefile.rules
config.status:10051: creating src/include/config.h

## ---------------- ##
## Cache variables. ##
## ---------------- ##

ac_cv_audio_buf_info='yes'
ac_cv_awe_md_new_volume_calc='yes'
ac_cv_build='i686-pc-linux-gnu'
ac_cv_c_compiler_gnu='yes'
ac_cv_dir_usr_lib_oss='no'
ac_cv_dir_usr_src_sys_i386_isa_sound='no'
ac_cv_env_CC_set='set'
ac_cv_env_CC_value='ucfront-gcc arm-linux-elf-gcc '
ac_cv_env_CFLAGS_set='set'
ac_cv_env_CFLAGS_value='-O2 -g -fomit-frame-pointer -fno-common -fno-builtin -Wall  -mswp-byte-writes -DCONFIG_NDS_ROM8BIT -mcpu=arm946e-s -mfpu=fpe3 -DEMBED -D__PIC__ -fpic -msingle-pic-base -Dlinux -D__linux__ -Dunix -D__uClinux__'
ac_cv_env_CPPFLAGS_set=''
ac_cv_env_CPPFLAGS_value=''
ac_cv_env_CPP_set=''
ac_cv_env_CPP_value=''
ac_cv_env_LDFLAGS_set='set'
ac_cv_env_LDFLAGS_value='-Wl,-elf2flt -D__PIC__ -fpic -msingle-pic-base -mswp-byte-writes'
ac_cv_env_LIBS_set=''
ac_cv_env_LIBS_value=''
ac_cv_env_XMKMF_set=''
ac_cv_env_XMKMF_value=''
ac_cv_env_build_alias_set=''
ac_cv_env_build_alias_value=''
ac_cv_env_host_alias_set='set'
ac_cv_env_host_alias_value='arm-linux-elf'
ac_cv_env_target_alias_set=''
ac_cv_env_target_alias_value=''
ac_cv_func__doprnt='no'
ac_cv_func_getopt_long='yes'
ac_cv_func_select='yes'
ac_cv_func_snprintf='yes'
ac_cv_func_vprintf='yes'
ac_cv_have_x='have_x=no'
ac_cv_header_alsa_asoundlib_h='no'
ac_cv_header_audio_audiolib_h='no'
ac_cv_header_audio_soundlib_h='no'
ac_cv_header_awe_voice_h='no'
ac_cv_header_esd_h='no'
ac_cv_header_getopt_h='yes'
ac_cv_header_linux_awe_voice_h='yes'
ac_cv_header_linux_ultrasound_h='yes'
ac_cv_header_machine_soundcard_h='no'
ac_cv_header_machine_ultrasound_h='no'
ac_cv_header_pulse_simple_h='no'
ac_cv_header_stdc='yes'
ac_cv_header_strings_h='yes'
ac_cv_header_sys_awe_voice_h='no'
ac_cv_header_sys_param_h='yes'
ac_cv_header_sys_select_h='yes'
ac_cv_header_sys_shm_h='yes'
ac_cv_header_sys_soundcard_h='yes'
ac_cv_header_sys_ultrasound_h='no'
ac_cv_header_termios_h='yes'
ac_cv_host='arm-linux-elf'
ac_cv_objext='o'
ac_cv_path_EGREP='/bin/grep -E'
ac_cv_path_GREP='/bin/grep'
ac_cv_path_install='/usr/bin/install -c'
ac_cv_prog_CC='ucfront-gcc arm-linux-elf-gcc '
ac_cv_prog_CPP='ucfront-gcc arm-linux-elf-gcc  -E'
ac_cv_prog_RANLIB='arm-linux-elf-ranlib'
ac_cv_prog_cc_c89=''
ac_cv_prog_cc_g='yes'
ac_cv_prog_gcc_traditional='no'
ac_cv_prog_make_make_set='yes'
ac_cv_type_signal='void'

## ----------------- ##
## Output variables. ##
## ----------------- ##

CC='ucfront-gcc arm-linux-elf-gcc '
CFLAGS='-O2 -g -fomit-frame-pointer -fno-common -fno-builtin -Wall  -mswp-byte-writes -DCONFIG_NDS_ROM8BIT -mcpu=arm946e-s -mfpu=fpe3 -DEMBED -D__PIC__ -fpic -msingle-pic-base -Dlinux -D__linux__ -Dunix -D__uClinux__ -Wall -finline-functions'
CINCS=''
CPP='ucfront-gcc arm-linux-elf-gcc  -E'
CPPFLAGS=''
DEFS='-DHAVE_CONFIG_H'
DRIVERS=' oss_seq.o oss_mix.o'
ECHO_C=''
ECHO_N='-n'
ECHO_T=''
EGREP='/bin/grep -E'
EXEEXT=''
GREP='/bin/grep'
INSTALL_DATA='${INSTALL} -m 644'
INSTALL_PROGRAM='${INSTALL}'
INSTALL_SCRIPT='${INSTALL}'
LDFLAGS=''
LIBM='-lm'
LIBOBJS=''
LIBS=''
LTLIBOBJS=''
MIXER='mix_all.o'
OBJEXT='o'
PACKAGE_BUGREPORT=''
PACKAGE_NAME=''
PACKAGE_STRING=''
PACKAGE_TARNAME=''
PACKAGE_VERSION=''
PATH_SEPARATOR=':'
PLATFORM='arm-linux-elf'
PLUGINS=''
RANLIB='arm-linux-elf-ranlib'
SET_MAKE=''
SHELL='/bin/bash'
XMKMF=''
X_CFLAGS=''
X_EXTRA_LIBS=''
X_LIBS=''
X_PRE_LIBS=''
ac_ct_CC=''
bindir='${exec_prefix}/bin'
build='i686-pc-linux-gnu'
build_alias=''
build_cpu='i686'
build_os='linux-gnu'
build_vendor='pc'
datadir='${datarootdir}'
datarootdir='${prefix}/share'
docdir='${datarootdir}/doc/${PACKAGE}'
dvidir='${docdir}'
exec_prefix='${prefix}'
host='arm-linux-elf'
host_alias='arm-linux-elf'
host_cpu='arm'
host_os='elf'
host_vendor='linux'
htmldir='${docdir}'
includedir='${prefix}/include'
infodir='${datarootdir}/info'
libdir='${exec_prefix}/lib'
libexecdir='${exec_prefix}/libexec'
localedir='${datarootdir}/locale'
localstatedir='/var'
mandir='${datarootdir}/man'
oldincludedir='/usr/include'
pdfdir='${docdir}'
prefix='/usr/local'
program_transform_name='s,x,x,'
psdir='${docdir}'
sbindir='${exec_prefix}/sbin'
sharedstatedir='${prefix}/com'
sysconfdir='/etc'
target_alias=''

## ----------- ##
## confdefs.h. ##
## ----------- ##

#define PACKAGE_NAME ""
#define PACKAGE_TARNAME ""
#define PACKAGE_VERSION ""
#define PACKAGE_STRING ""
#define PACKAGE_BUGREPORT ""
#define STDC_HEADERS 1
#define HAVE_STRINGS_H 1
#define HAVE_GETOPT_H 1
#define HAVE_SYS_SELECT_H 1
#define HAVE_SYS_PARAM_H 1
#define HAVE_TERMIOS_H 1
#define HAVE_SYS_SHM_H 1
#define HAVE_SYS_SOUNDCARD_H 1
#define HAVE_LINUX_ULTRASOUND_H 1
#define HAVE_LINUX_AWE_VOICE_H 1
#define X_DISPLAY_MISSING 1
#define DRIVER_OSS_SEQ 1
#define DRIVER_OSS_MIX 1
#define HAVE_AUDIO_BUF_INFO 1
#define HAVE_AWE_MD_NEW_VOLUME_CALC 1
#define RETSIGTYPE void
#define HAVE_VPRINTF 1
#define HAVE_SELECT 1
#define HAVE_GETOPT_LONG 1
#define HAVE_SNPRINTF 1

configure: exit 0
