This file contains any messages produced by compilers while
running configure, to aid debugging if configure makes a mistake.

It was created by configure, which was
generated by GNU Autoconf 2.60.  Invocation command line was

  $ ./configure --build=i386 --host=none-uclinux --prefix=/usr --enable-static --disable-shared --disable-java --disable-native-java --with-libiconv-prefix=/home/andrewec/dslinux --with-included-gettext --without-emacs

## --------- ##
## Platform. ##
## --------- ##

hostname = jenkins
uname -m = i686
uname -r = 3.2.0-4-686-pae
uname -s = Linux
uname -v = #1 SMP Debian 3.2.78-1

/usr/bin/uname -p = unknown
/bin/uname -X     = unknown

/bin/arch              = unknown
/usr/bin/arch -k       = unknown
/usr/convex/getsysinfo = unknown
/usr/bin/hostinfo      = unknown
/bin/machine           = unknown
/usr/bin/oslevel       = unknown
/bin/universe          = unknown

PATH: /usr/local/dslinux-toolchain-2008-01-24-i686/bin
PATH: /usr/local/bin
PATH: /usr/bin
PATH: /bin
PATH: /usr/local/games
PATH: /usr/games
PATH: /home/andrewec/dslinux/tools


## ----------- ##
## Core tests. ##
## ----------- ##

configure:1785: checking for a BSD-compatible install
configure:1841: result: /usr/bin/install -c
configure:1852: checking whether build environment is sane
configure:1895: result: yes
configure:1923: checking for a thread-safe mkdir -p
configure:1962: result: /bin/mkdir -p
configure:1975: checking for gawk
configure:1991: found /usr/bin/gawk
configure:2002: result: gawk
configure:2013: checking whether make sets $(MAKE)
configure:2034: result: yes
configure:2114: checking for none-uclinux-strip
configure:2141: result: arm-linux-elf-strip
configure:2238: checking build system type
configure:2256: result: i386-pc-none
configure:2278: checking host system type
configure:2293: result: none-none-none
configure:2858: creating ./config.status

## ---------------------- ##
## Running config.status. ##
## ---------------------- ##

This file was extended by config.status, which was
generated by GNU Autoconf 2.60.  Invocation command line was

  CONFIG_FILES    = 
  CONFIG_HEADERS  = 
  CONFIG_LINKS    = 
  CONFIG_COMMANDS = 
  $ ./config.status 

on jenkins

config.status:3542: creating Makefile
config.status:3542: creating gnulib-local/Makefile
configure:3830: === configuring in gettext-runtime (/home/andrewec/dslinux/lib/gettext/src/gettext-runtime)
configure:3933: running /bin/bash ./configure --prefix=/usr  '--build=i386' '--host=none-uclinux' '--enable-static' '--disable-shared' '--disable-java' '--disable-native-java' '--with-libiconv-prefix=/home/andrewec/dslinux' '--with-included-gettext' '--without-emacs' 'build_alias=i386' 'host_alias=none-uclinux' 'CC=ucfront-gcc arm-linux-elf-gcc ' 'CFLAGS=-O2 -g -fomit-frame-pointer -fno-common -fno-builtin -Wall  -mswp-byte-writes -DCONFIG_NDS_ROM8BIT -mcpu=arm946e-s -mfpu=fpe3 -DEMBED -D__PIC__ -fpic -msingle-pic-base -Dlinux -D__linux__ -Dunix -D__uClinux__' 'LDFLAGS=-Wl,-elf2flt -D__PIC__ -fpic -msingle-pic-base -mswp-byte-writes' 'CXX=ucfront-g++ arm-linux-elf-g++ ' 'CXXFLAGS=-O2 -g -fomit-frame-pointer -fno-common -fno-builtin -Wall  -mswp-byte-writes -DCONFIG_NDS_ROM8BIT -mcpu=arm946e-s -mfpu=fpe3 -DEMBED -D__PIC__ -fpic -msingle-pic-base -Dlinux -D__linux__ -Dunix -D__uClinux__  -I /home/andrewec/dslinux/lib/uClibc++/include -fno-builtin -nostdinc++ -DGCC_HASCLASSVISIBILITY -Wno-deprecated' --cache-file=/dev/null --srcdir=.

## ---------------- ##
## Cache variables. ##
## ---------------- ##

ac_cv_build='i386-pc-none'
ac_cv_env_CC_set='set'
ac_cv_env_CC_value='ucfront-gcc arm-linux-elf-gcc '
ac_cv_env_CFLAGS_set='set'
ac_cv_env_CFLAGS_value='-O2 -g -fomit-frame-pointer -fno-common -fno-builtin -Wall  -mswp-byte-writes -DCONFIG_NDS_ROM8BIT -mcpu=arm946e-s -mfpu=fpe3 -DEMBED -D__PIC__ -fpic -msingle-pic-base -Dlinux -D__linux__ -Dunix -D__uClinux__'
ac_cv_env_CPPFLAGS_set=''
ac_cv_env_CPPFLAGS_value=''
ac_cv_env_CPP_set=''
ac_cv_env_CPP_value=''
ac_cv_env_CXXCPP_set=''
ac_cv_env_CXXCPP_value=''
ac_cv_env_CXXFLAGS_set='set'
ac_cv_env_CXXFLAGS_value='-O2 -g -fomit-frame-pointer -fno-common -fno-builtin -Wall  -mswp-byte-writes -DCONFIG_NDS_ROM8BIT -mcpu=arm946e-s -mfpu=fpe3 -DEMBED -D__PIC__ -fpic -msingle-pic-base -Dlinux -D__linux__ -Dunix -D__uClinux__  -I /home/andrewec/dslinux/lib/uClibc++/include -fno-builtin -nostdinc++ -DGCC_HASCLASSVISIBILITY -Wno-deprecated'
ac_cv_env_CXX_set='set'
ac_cv_env_CXX_value='ucfront-g++ arm-linux-elf-g++ '
ac_cv_env_EMACSLOADPATH_set=''
ac_cv_env_EMACSLOADPATH_value=''
ac_cv_env_EMACS_set=''
ac_cv_env_EMACS_value=''
ac_cv_env_F77_set=''
ac_cv_env_F77_value=''
ac_cv_env_FFLAGS_set=''
ac_cv_env_FFLAGS_value=''
ac_cv_env_GCJFLAGS_set=''
ac_cv_env_GCJFLAGS_value=''
ac_cv_env_GCJ_set=''
ac_cv_env_GCJ_value=''
ac_cv_env_LDFLAGS_set='set'
ac_cv_env_LDFLAGS_value='-Wl,-elf2flt -D__PIC__ -fpic -msingle-pic-base -mswp-byte-writes'
ac_cv_env_YACC_set=''
ac_cv_env_YACC_value=''
ac_cv_env_YFLAGS_set=''
ac_cv_env_YFLAGS_value=''
ac_cv_env_build_alias_set='set'
ac_cv_env_build_alias_value='i386'
ac_cv_env_host_alias_set='set'
ac_cv_env_host_alias_value='none-uclinux'
ac_cv_env_target_alias_set=''
ac_cv_env_target_alias_value=''
ac_cv_host='none-none-none'
ac_cv_path_install='/usr/bin/install -c'
ac_cv_path_mkdir='/bin/mkdir'
ac_cv_prog_AWK='gawk'
ac_cv_prog_STRIP='arm-linux-elf-strip'
ac_cv_prog_make_make_set='yes'

## ----------------- ##
## Output variables. ##
## ----------------- ##

ACLOCAL='${SHELL} /home/andrewec/dslinux/lib/gettext/src/build-aux/missing --run aclocal-1.10'
AMTAR='${SHELL} /home/andrewec/dslinux/lib/gettext/src/build-aux/missing --run tar'
AUTOCONF='${SHELL} /home/andrewec/dslinux/lib/gettext/src/build-aux/missing --run autoconf'
AUTOHEADER='${SHELL} /home/andrewec/dslinux/lib/gettext/src/build-aux/missing --run autoheader'
AUTOMAKE='${SHELL} /home/andrewec/dslinux/lib/gettext/src/build-aux/missing --run automake-1.10'
AWK='gawk'
CC='ucfront-gcc arm-linux-elf-gcc '
CFLAGS='-O2 -g -fomit-frame-pointer -fno-common -fno-builtin -Wall  -mswp-byte-writes -DCONFIG_NDS_ROM8BIT -mcpu=arm946e-s -mfpu=fpe3 -DEMBED -D__PIC__ -fpic -msingle-pic-base -Dlinux -D__linux__ -Dunix -D__uClinux__'
CPP=''
CPPFLAGS=''
CXX='ucfront-g++ arm-linux-elf-g++ '
CXXCPP=''
CXXFLAGS='-O2 -g -fomit-frame-pointer -fno-common -fno-builtin -Wall  -mswp-byte-writes -DCONFIG_NDS_ROM8BIT -mcpu=arm946e-s -mfpu=fpe3 -DEMBED -D__PIC__ -fpic -msingle-pic-base -Dlinux -D__linux__ -Dunix -D__uClinux__  -I /home/andrewec/dslinux/lib/uClibc++/include -fno-builtin -nostdinc++ -DGCC_HASCLASSVISIBILITY -Wno-deprecated'
CYGPATH_W='echo'
DEFS='-DPACKAGE_NAME=\"\" -DPACKAGE_TARNAME=\"\" -DPACKAGE_VERSION=\"\" -DPACKAGE_STRING=\"\" -DPACKAGE_BUGREPORT=\"\" -DPACKAGE=\"gettext\" -DVERSION=\"0.16\"'
ECHO_C=''
ECHO_N='-n'
ECHO_T=''
EMACS=''
EMACSLOADPATH=''
F77=''
FFLAGS=''
GCJ=''
GCJFLAGS=''
INSTALL_DATA='${INSTALL} -m 644'
INSTALL_PROGRAM='${INSTALL}'
INSTALL_SCRIPT='${INSTALL}'
INSTALL_STRIP_PROGRAM='$(install_sh) -c -s'
LDFLAGS='-Wl,-elf2flt -D__PIC__ -fpic -msingle-pic-base -mswp-byte-writes'
LIBOBJS=''
LIBS=''
LTLIBOBJS=''
MAKEINFO='${SHELL} /home/andrewec/dslinux/lib/gettext/src/build-aux/missing --run makeinfo'
PACKAGE='gettext'
PACKAGE_BUGREPORT=''
PACKAGE_NAME=''
PACKAGE_STRING=''
PACKAGE_TARNAME=''
PACKAGE_VERSION=''
PATH_SEPARATOR=':'
SET_MAKE=''
SHELL='/bin/bash'
STRIP='arm-linux-elf-strip'
VERSION='0.16'
YACC=''
YFLAGS=''
am__isrc=''
am__leading_dot='.'
am__tar='${AMTAR} chof - "$$tardir"'
am__untar='${AMTAR} xf -'
bindir='${exec_prefix}/bin'
build='i386-pc-none'
build_alias='i386'
build_cpu='i386'
build_os='none'
build_vendor='pc'
datadir='${datarootdir}'
datarootdir='${prefix}/share'
docdir='${datarootdir}/doc/${PACKAGE}'
dvidir='${docdir}'
exec_prefix='${prefix}'
host='none-none-none'
host_alias='none-uclinux'
host_cpu='none'
host_os='none'
host_vendor='none'
htmldir='${docdir}'
includedir='${prefix}/include'
infodir='${datarootdir}/info'
install_sh='$(SHELL) /home/andrewec/dslinux/lib/gettext/src/build-aux/install-sh'
libdir='${exec_prefix}/lib'
libexecdir='${exec_prefix}/libexec'
localedir='${datarootdir}/locale'
localstatedir='${prefix}/var'
mandir='${datarootdir}/man'
mkdir_p='/bin/mkdir -p'
oldincludedir='/usr/include'
pdfdir='${docdir}'
prefix='/usr'
program_transform_name='s,x,x,'
psdir='${docdir}'
sbindir='${exec_prefix}/sbin'
sharedstatedir='${prefix}/com'
subdirs=' gettext-runtime'
sysconfdir='${prefix}/etc'
target_alias=''

## ----------- ##
## confdefs.h. ##
## ----------- ##

#define PACKAGE_NAME ""
#define PACKAGE_TARNAME ""
#define PACKAGE_VERSION ""
#define PACKAGE_STRING ""
#define PACKAGE_BUGREPORT ""
#define PACKAGE "gettext"
#define VERSION "0.16"

configure: exit 0
