This file contains any messages produced by compilers while
running configure, to aid debugging if configure makes a mistake.

It was created by configure, which was
generated by GNU Autoconf 2.60.  Invocation command line was

  $ ./configure --prefix=/usr --build=i386 --host=none-uclinux --enable-static --disable-shared --disable-java --disable-native-java --with-libiconv-prefix=/home/andrewec/dslinux --with-included-gettext --without-emacs build_alias=i386 host_alias=none-uclinux CC=ucfront-gcc arm-linux-elf-gcc  CFLAGS=-O2 -g -fomit-frame-pointer -fno-common -fno-builtin -Wall  -mswp-byte-writes -DCONFIG_NDS_ROM8BIT -mcpu=arm946e-s -mfpu=fpe3 -DEMBED -D__PIC__ -fpic -msingle-pic-base -Dlinux -D__linux__ -Dunix -D__uClinux__ LDFLAGS=-Wl,-elf2flt -D__PIC__ -fpic -msingle-pic-base -mswp-byte-writes CXX=ucfront-g++ arm-linux-elf-g++  CXXFLAGS=-O2 -g -fomit-frame-pointer -fno-common -fno-builtin -Wall  -mswp-byte-writes -DCONFIG_NDS_ROM8BIT -mcpu=arm946e-s -mfpu=fpe3 -DEMBED -D__PIC__ -fpic -msingle-pic-base -Dlinux -D__linux__ -Dunix -D__uClinux__  -I /home/andrewec/dslinux/lib/uClibc++/include -fno-builtin -nostdinc++ -DGCC_HASCLASSVISIBILITY -Wno-deprecated --cache-file=/dev/null --srcdir=.

## --------- ##
## Platform. ##
## --------- ##

hostname = jenkins
uname -m = i686
uname -r = 3.2.0-4-686-pae
uname -s = Linux
uname -v = #1 SMP Debian 3.2.78-1

/usr/bin/uname -p = unknown
/bin/uname -X     = unknown

/bin/arch              = unknown
/usr/bin/arch -k       = unknown
/usr/convex/getsysinfo = unknown
/usr/bin/hostinfo      = unknown
/bin/machine           = unknown
/usr/bin/oslevel       = unknown
/bin/universe          = unknown

PATH: /usr/local/dslinux-toolchain-2008-01-24-i686/bin
PATH: /usr/local/bin
PATH: /usr/bin
PATH: /bin
PATH: /usr/local/games
PATH: /usr/games
PATH: /home/andrewec/dslinux/tools


## ----------- ##
## Core tests. ##
## ----------- ##

configure:1958: checking for a BSD-compatible install
configure:2014: result: /usr/bin/install -c
configure:2025: checking whether build environment is sane
configure:2068: result: yes
configure:2096: checking for a thread-safe mkdir -p
configure:2135: result: /bin/mkdir -p
configure:2148: checking for gawk
configure:2164: found /usr/bin/gawk
configure:2175: result: gawk
configure:2186: checking whether make sets $(MAKE)
configure:2207: result: yes
configure:2287: checking for none-uclinux-strip
configure:2314: result: arm-linux-elf-strip
configure:2406: checking for none-uclinux-gcc
configure:2433: result: ucfront-gcc arm-linux-elf-gcc 
configure:2711: checking for C compiler version
configure:2718: ucfront-gcc arm-linux-elf-gcc  --version >&5
arm-linux-elf-gcc (GCC) 4.0.4
Copyright (C) 2006 Free Software Foundation, Inc.
This is free software; see the source for copying conditions.  There is NO
warranty; not even for MERCHANTABILITY or FITNESS FOR A PARTICULAR PURPOSE.

configure:2721: $? = 0
configure:2728: ucfront-gcc arm-linux-elf-gcc  -v >&5
Using built-in specs.
Target: arm-linux-elf
Configured with: /src/toolchain/src/gcc-4.0.4/configure --prefix=/src/toolchain/prefix --with-sysroot=/src/toolchain/prefix/arm-linux-elf --target=arm-linux-elf --enable-languages=c,c++ --enable-multilib --with-cpu=arm7tdmi --with-gcc --with-gnu-ld --with-gnu-as --disable-shared --disable-threads --disable-nls --disable-libssp
Thread model: single
gcc version 4.0.4
configure:2731: $? = 0
configure:2738: ucfront-gcc arm-linux-elf-gcc  -V >&5
arm-linux-elf-gcc: '-V' option must have argument
configure:2741: $? = 1
configure:2764: checking for C compiler default output file name
configure:2791: ucfront-gcc arm-linux-elf-gcc  -O2 -g -fomit-frame-pointer -fno-common -fno-builtin -Wall  -mswp-byte-writes -DCONFIG_NDS_ROM8BIT -mcpu=arm946e-s -mfpu=fpe3 -DEMBED -D__PIC__ -fpic -msingle-pic-base -Dlinux -D__linux__ -Dunix -D__uClinux__  -Wl,-elf2flt -D__PIC__ -fpic -msingle-pic-base -mswp-byte-writes conftest.c  >&5
No relocations in code!
configure:2794: $? = 0
configure:2840: result: a.out
configure:2845: checking whether the C compiler works
configure:2875: result: yes
configure:2882: checking whether we are cross compiling
configure:2884: result: yes
configure:2887: checking for suffix of executables
configure:2894: ucfront-gcc arm-linux-elf-gcc  -o conftest -O2 -g -fomit-frame-pointer -fno-common -fno-builtin -Wall  -mswp-byte-writes -DCONFIG_NDS_ROM8BIT -mcpu=arm946e-s -mfpu=fpe3 -DEMBED -D__PIC__ -fpic -msingle-pic-base -Dlinux -D__linux__ -Dunix -D__uClinux__  -Wl,-elf2flt -D__PIC__ -fpic -msingle-pic-base -mswp-byte-writes conftest.c  >&5
No relocations in code!
configure:2897: $? = 0
configure:2921: result: 
configure:2927: checking for suffix of object files
configure:2953: ucfront-gcc arm-linux-elf-gcc  -c -O2 -g -fomit-frame-pointer -fno-common -fno-builtin -Wall  -mswp-byte-writes -DCONFIG_NDS_ROM8BIT -mcpu=arm946e-s -mfpu=fpe3 -DEMBED -D__PIC__ -fpic -msingle-pic-base -Dlinux -D__linux__ -Dunix -D__uClinux__  conftest.c >&5
configure:2956: $? = 0
configure:2979: result: o
configure:2983: checking whether we are using the GNU C compiler
configure:3012: ucfront-gcc arm-linux-elf-gcc  -c -O2 -g -fomit-frame-pointer -fno-common -fno-builtin -Wall  -mswp-byte-writes -DCONFIG_NDS_ROM8BIT -mcpu=arm946e-s -mfpu=fpe3 -DEMBED -D__PIC__ -fpic -msingle-pic-base -Dlinux -D__linux__ -Dunix -D__uClinux__  conftest.c >&5
configure:3018: $? = 0
configure:3025: test -z "$ac_c_werror_flag" || test ! -s conftest.err
configure:3028: $? = 0
configure:3035: test -s conftest.o
configure:3038: $? = 0
configure:3052: result: yes
configure:3057: checking whether ucfront-gcc arm-linux-elf-gcc  accepts -g
configure:3087: ucfront-gcc arm-linux-elf-gcc  -c -g  conftest.c >&5
configure:3093: $? = 0
configure:3100: test -z "$ac_c_werror_flag" || test ! -s conftest.err
configure:3103: $? = 0
configure:3110: test -s conftest.o
configure:3113: $? = 0
configure:3243: result: yes
configure:3260: checking for ucfront-gcc arm-linux-elf-gcc  option to accept ISO C89
configure:3334: ucfront-gcc arm-linux-elf-gcc   -c -O2 -g -fomit-frame-pointer -fno-common -fno-builtin -Wall  -mswp-byte-writes -DCONFIG_NDS_ROM8BIT -mcpu=arm946e-s -mfpu=fpe3 -DEMBED -D__PIC__ -fpic -msingle-pic-base -Dlinux -D__linux__ -Dunix -D__uClinux__  conftest.c >&5
configure:3340: $? = 0
configure:3347: test -z "$ac_c_werror_flag" || test ! -s conftest.err
configure:3350: $? = 0
configure:3357: test -s conftest.o
configure:3360: $? = 0
configure:3380: result: none needed
configure:3409: checking for style of include used by make
configure:3437: result: GNU
configure:3462: checking dependency style of ucfront-gcc arm-linux-elf-gcc 
configure:3553: result: none
configure:3684: checking for C++ compiler version
configure:3691: ucfront-g++ arm-linux-elf-g++  --version >&5
arm-linux-elf-g++ (GCC) 4.0.4
Copyright (C) 2006 Free Software Foundation, Inc.
This is free software; see the source for copying conditions.  There is NO
warranty; not even for MERCHANTABILITY or FITNESS FOR A PARTICULAR PURPOSE.

configure:3694: $? = 0
configure:3701: ucfront-g++ arm-linux-elf-g++  -v >&5
Using built-in specs.
Target: arm-linux-elf
Configured with: /src/toolchain/src/gcc-4.0.4/configure --prefix=/src/toolchain/prefix --with-sysroot=/src/toolchain/prefix/arm-linux-elf --target=arm-linux-elf --enable-languages=c,c++ --enable-multilib --with-cpu=arm7tdmi --with-gcc --with-gnu-ld --with-gnu-as --disable-shared --disable-threads --disable-nls --disable-libssp
Thread model: single
gcc version 4.0.4
configure:3704: $? = 0
configure:3711: ucfront-g++ arm-linux-elf-g++  -V >&5
arm-linux-elf-g++: '-V' option must have argument
configure:3714: $? = 1
configure:3717: checking whether we are using the GNU C++ compiler
configure:3746: ucfront-g++ arm-linux-elf-g++  -c -O2 -g -fomit-frame-pointer -fno-common -fno-builtin -Wall  -mswp-byte-writes -DCONFIG_NDS_ROM8BIT -mcpu=arm946e-s -mfpu=fpe3 -DEMBED -D__PIC__ -fpic -msingle-pic-base -Dlinux -D__linux__ -Dunix -D__uClinux__  -I /home/andrewec/dslinux/lib/uClibc++/include -fno-builtin -nostdinc++ -DGCC_HASCLASSVISIBILITY -Wno-deprecated  conftest.cpp >&5
configure:3752: $? = 0
configure:3759: test -z "$ac_cxx_werror_flag" || test ! -s conftest.err
configure:3762: $? = 0
configure:3769: test -s conftest.o
configure:3772: $? = 0
configure:3786: result: yes
configure:3791: checking whether ucfront-g++ arm-linux-elf-g++  accepts -g
configure:3821: ucfront-g++ arm-linux-elf-g++  -c -g  conftest.cpp >&5
configure:3827: $? = 0
configure:3834: test -z "$ac_cxx_werror_flag" || test ! -s conftest.err
configure:3837: $? = 0
configure:3844: test -s conftest.o
configure:3847: $? = 0
configure:3977: result: yes
configure:4002: checking dependency style of ucfront-g++ arm-linux-elf-g++ 
configure:4093: result: none
configure:4121: checking for a BSD-compatible install
configure:4177: result: /usr/bin/install -c
configure:4195: checking build system type
configure:4213: result: i386-pc-none
configure:4235: checking host system type
configure:4250: result: none-none-none
configure:4433: checking for a sed that does not truncate output
configure:4487: result: /bin/sed
configure:4490: checking for grep that handles long lines and -e
configure:4564: result: /bin/grep
configure:4569: checking for egrep
configure:4647: result: /bin/grep -E
configure:4663: checking for ld used by ucfront-gcc arm-linux-elf-gcc 
configure:4730: result: arm-linux-elf-ld
configure:4739: checking if the linker (arm-linux-elf-ld) is GNU ld
configure:4754: result: yes
configure:4759: checking for arm-linux-elf-ld option to reload object files
configure:4766: result: -r
configure:4784: checking for BSD-compatible nm
configure:4833: result: nm
configure:4837: checking whether ln -s works
configure:4841: result: yes
configure:4848: checking how to recognise dependent libraries
configure:5024: result: unknown
configure:5561: checking how to run the C preprocessor
configure:5601: ucfront-gcc arm-linux-elf-gcc  -E  conftest.c
configure:5607: $? = 0
configure:5645: ucfront-gcc arm-linux-elf-gcc  -E  conftest.c
conftest.c:10:28: error: ac_nonexistent.h: No such file or directory
configure:5651: $? = 1
configure: failed program was:
| /* confdefs.h.  */
| #define PACKAGE_NAME ""
| #define PACKAGE_TARNAME ""
| #define PACKAGE_VERSION ""
| #define PACKAGE_STRING ""
| #define PACKAGE_BUGREPORT ""
| #define PACKAGE "libasprintf"
| #define VERSION "1.0"
| /* end confdefs.h.  */
| #include <ac_nonexistent.h>
configure:5691: result: ucfront-gcc arm-linux-elf-gcc  -E
configure:5720: ucfront-gcc arm-linux-elf-gcc  -E  conftest.c
configure:5726: $? = 0
configure:5764: ucfront-gcc arm-linux-elf-gcc  -E  conftest.c
conftest.c:10:28: error: ac_nonexistent.h: No such file or directory
configure:5770: $? = 1
configure: failed program was:
| /* confdefs.h.  */
| #define PACKAGE_NAME ""
| #define PACKAGE_TARNAME ""
| #define PACKAGE_VERSION ""
| #define PACKAGE_STRING ""
| #define PACKAGE_BUGREPORT ""
| #define PACKAGE "libasprintf"
| #define VERSION "1.0"
| /* end confdefs.h.  */
| #include <ac_nonexistent.h>
configure:5815: checking for ANSI C header files
configure:5845: ucfront-gcc arm-linux-elf-gcc  -c -O2 -g -fomit-frame-pointer -fno-common -fno-builtin -Wall  -mswp-byte-writes -DCONFIG_NDS_ROM8BIT -mcpu=arm946e-s -mfpu=fpe3 -DEMBED -D__PIC__ -fpic -msingle-pic-base -Dlinux -D__linux__ -Dunix -D__uClinux__  conftest.c >&5
configure:5851: $? = 0
configure:5858: test -z "$ac_c_werror_flag" || test ! -s conftest.err
configure:5861: $? = 0
configure:5868: test -s conftest.o
configure:5871: $? = 0
configure:5996: result: yes
configure:6020: checking for sys/types.h
configure:6041: ucfront-gcc arm-linux-elf-gcc  -c -O2 -g -fomit-frame-pointer -fno-common -fno-builtin -Wall  -mswp-byte-writes -DCONFIG_NDS_ROM8BIT -mcpu=arm946e-s -mfpu=fpe3 -DEMBED -D__PIC__ -fpic -msingle-pic-base -Dlinux -D__linux__ -Dunix -D__uClinux__  conftest.c >&5
configure:6047: $? = 0
configure:6054: test -z "$ac_c_werror_flag" || test ! -s conftest.err
configure:6057: $? = 0
configure:6064: test -s conftest.o
configure:6067: $? = 0
configure:6080: result: yes
configure:6020: checking for sys/stat.h
configure:6041: ucfront-gcc arm-linux-elf-gcc  -c -O2 -g -fomit-frame-pointer -fno-common -fno-builtin -Wall  -mswp-byte-writes -DCONFIG_NDS_ROM8BIT -mcpu=arm946e-s -mfpu=fpe3 -DEMBED -D__PIC__ -fpic -msingle-pic-base -Dlinux -D__linux__ -Dunix -D__uClinux__  conftest.c >&5
configure:6047: $? = 0
configure:6054: test -z "$ac_c_werror_flag" || test ! -s conftest.err
configure:6057: $? = 0
configure:6064: test -s conftest.o
configure:6067: $? = 0
configure:6080: result: yes
configure:6020: checking for stdlib.h
configure:6041: ucfront-gcc arm-linux-elf-gcc  -c -O2 -g -fomit-frame-pointer -fno-common -fno-builtin -Wall  -mswp-byte-writes -DCONFIG_NDS_ROM8BIT -mcpu=arm946e-s -mfpu=fpe3 -DEMBED -D__PIC__ -fpic -msingle-pic-base -Dlinux -D__linux__ -Dunix -D__uClinux__  conftest.c >&5
configure:6047: $? = 0
configure:6054: test -z "$ac_c_werror_flag" || test ! -s conftest.err
configure:6057: $? = 0
configure:6064: test -s conftest.o
configure:6067: $? = 0
configure:6080: result: yes
configure:6020: checking for string.h
configure:6041: ucfront-gcc arm-linux-elf-gcc  -c -O2 -g -fomit-frame-pointer -fno-common -fno-builtin -Wall  -mswp-byte-writes -DCONFIG_NDS_ROM8BIT -mcpu=arm946e-s -mfpu=fpe3 -DEMBED -D__PIC__ -fpic -msingle-pic-base -Dlinux -D__linux__ -Dunix -D__uClinux__  conftest.c >&5
configure:6047: $? = 0
configure:6054: test -z "$ac_c_werror_flag" || test ! -s conftest.err
configure:6057: $? = 0
configure:6064: test -s conftest.o
configure:6067: $? = 0
configure:6080: result: yes
configure:6020: checking for memory.h
configure:6041: ucfront-gcc arm-linux-elf-gcc  -c -O2 -g -fomit-frame-pointer -fno-common -fno-builtin -Wall  -mswp-byte-writes -DCONFIG_NDS_ROM8BIT -mcpu=arm946e-s -mfpu=fpe3 -DEMBED -D__PIC__ -fpic -msingle-pic-base -Dlinux -D__linux__ -Dunix -D__uClinux__  conftest.c >&5
configure:6047: $? = 0
configure:6054: test -z "$ac_c_werror_flag" || test ! -s conftest.err
configure:6057: $? = 0
configure:6064: test -s conftest.o
configure:6067: $? = 0
configure:6080: result: yes
configure:6020: checking for strings.h
configure:6041: ucfront-gcc arm-linux-elf-gcc  -c -O2 -g -fomit-frame-pointer -fno-common -fno-builtin -Wall  -mswp-byte-writes -DCONFIG_NDS_ROM8BIT -mcpu=arm946e-s -mfpu=fpe3 -DEMBED -D__PIC__ -fpic -msingle-pic-base -Dlinux -D__linux__ -Dunix -D__uClinux__  conftest.c >&5
configure:6047: $? = 0
configure:6054: test -z "$ac_c_werror_flag" || test ! -s conftest.err
configure:6057: $? = 0
configure:6064: test -s conftest.o
configure:6067: $? = 0
configure:6080: result: yes
configure:6020: checking for inttypes.h
configure:6041: ucfront-gcc arm-linux-elf-gcc  -c -O2 -g -fomit-frame-pointer -fno-common -fno-builtin -Wall  -mswp-byte-writes -DCONFIG_NDS_ROM8BIT -mcpu=arm946e-s -mfpu=fpe3 -DEMBED -D__PIC__ -fpic -msingle-pic-base -Dlinux -D__linux__ -Dunix -D__uClinux__  conftest.c >&5
configure:6047: $? = 0
configure:6054: test -z "$ac_c_werror_flag" || test ! -s conftest.err
configure:6057: $? = 0
configure:6064: test -s conftest.o
configure:6067: $? = 0
configure:6080: result: yes
configure:6020: checking for stdint.h
configure:6041: ucfront-gcc arm-linux-elf-gcc  -c -O2 -g -fomit-frame-pointer -fno-common -fno-builtin -Wall  -mswp-byte-writes -DCONFIG_NDS_ROM8BIT -mcpu=arm946e-s -mfpu=fpe3 -DEMBED -D__PIC__ -fpic -msingle-pic-base -Dlinux -D__linux__ -Dunix -D__uClinux__  conftest.c >&5
configure:6047: $? = 0
configure:6054: test -z "$ac_c_werror_flag" || test ! -s conftest.err
configure:6057: $? = 0
configure:6064: test -s conftest.o
configure:6067: $? = 0
configure:6080: result: yes
configure:6020: checking for unistd.h
configure:6041: ucfront-gcc arm-linux-elf-gcc  -c -O2 -g -fomit-frame-pointer -fno-common -fno-builtin -Wall  -mswp-byte-writes -DCONFIG_NDS_ROM8BIT -mcpu=arm946e-s -mfpu=fpe3 -DEMBED -D__PIC__ -fpic -msingle-pic-base -Dlinux -D__linux__ -Dunix -D__uClinux__  conftest.c >&5
configure:6047: $? = 0
configure:6054: test -z "$ac_c_werror_flag" || test ! -s conftest.err
configure:6057: $? = 0
configure:6064: test -s conftest.o
configure:6067: $? = 0
configure:6080: result: yes
configure:6107: checking dlfcn.h usability
configure:6124: ucfront-gcc arm-linux-elf-gcc  -c -O2 -g -fomit-frame-pointer -fno-common -fno-builtin -Wall  -mswp-byte-writes -DCONFIG_NDS_ROM8BIT -mcpu=arm946e-s -mfpu=fpe3 -DEMBED -D__PIC__ -fpic -msingle-pic-base -Dlinux -D__linux__ -Dunix -D__uClinux__  conftest.c >&5
configure:6130: $? = 0
configure:6137: test -z "$ac_c_werror_flag" || test ! -s conftest.err
configure:6140: $? = 0
configure:6147: test -s conftest.o
configure:6150: $? = 0
configure:6161: result: yes
configure:6165: checking dlfcn.h presence
configure:6180: ucfront-gcc arm-linux-elf-gcc  -E  conftest.c
configure:6186: $? = 0
configure:6207: result: yes
configure:6235: checking for dlfcn.h
configure:6243: result: yes
configure:6266: checking how to run the C++ preprocessor
configure:6302: ucfront-g++ arm-linux-elf-g++  -E  conftest.cpp
configure:6308: $? = 0
configure:6346: ucfront-g++ arm-linux-elf-g++  -E  conftest.cpp
conftest.cpp:21:28: error: ac_nonexistent.h: No such file or directory
configure:6352: $? = 1
configure: failed program was:
| /* confdefs.h.  */
| #define PACKAGE_NAME ""
| #define PACKAGE_TARNAME ""
| #define PACKAGE_VERSION ""
| #define PACKAGE_STRING ""
| #define PACKAGE_BUGREPORT ""
| #define PACKAGE "libasprintf"
| #define VERSION "1.0"
| #define STDC_HEADERS 1
| #define HAVE_SYS_TYPES_H 1
| #define HAVE_SYS_STAT_H 1
| #define HAVE_STDLIB_H 1
| #define HAVE_STRING_H 1
| #define HAVE_MEMORY_H 1
| #define HAVE_STRINGS_H 1
| #define HAVE_INTTYPES_H 1
| #define HAVE_STDINT_H 1
| #define HAVE_UNISTD_H 1
| #define HAVE_DLFCN_H 1
| /* end confdefs.h.  */
| #include <ac_nonexistent.h>
configure:6392: result: ucfront-g++ arm-linux-elf-g++  -E
configure:6421: ucfront-g++ arm-linux-elf-g++  -E  conftest.cpp
configure:6427: $? = 0
configure:6465: ucfront-g++ arm-linux-elf-g++  -E  conftest.cpp
conftest.cpp:21:28: error: ac_nonexistent.h: No such file or directory
configure:6471: $? = 1
configure: failed program was:
| /* confdefs.h.  */
| #define PACKAGE_NAME ""
| #define PACKAGE_TARNAME ""
| #define PACKAGE_VERSION ""
| #define PACKAGE_STRING ""
| #define PACKAGE_BUGREPORT ""
| #define PACKAGE "libasprintf"
| #define VERSION "1.0"
| #define STDC_HEADERS 1
| #define HAVE_SYS_TYPES_H 1
| #define HAVE_SYS_STAT_H 1
| #define HAVE_STDLIB_H 1
| #define HAVE_STRING_H 1
| #define HAVE_MEMORY_H 1
| #define HAVE_STRINGS_H 1
| #define HAVE_INTTYPES_H 1
| #define HAVE_STDINT_H 1
| #define HAVE_UNISTD_H 1
| #define HAVE_DLFCN_H 1
| /* end confdefs.h.  */
| #include <ac_nonexistent.h>
configure:6527: checking for none-uclinux-g77
configure:6557: result: no
configure:6527: checking for none-uclinux-f77
configure:6557: result: no
configure:6527: checking for none-uclinux-xlf
configure:6557: result: no
configure:6527: checking for none-uclinux-frt
configure:6557: result: no
configure:6527: checking for none-uclinux-pgf77
configure:6557: result: no
configure:6527: checking for none-uclinux-cf77
configure:6557: result: no
configure:6527: checking for none-uclinux-fort77
configure:6557: result: no
configure:6527: checking for none-uclinux-fl32
configure:6557: result: no
configure:6527: checking for none-uclinux-af77
configure:6557: result: no
configure:6527: checking for none-uclinux-f90
configure:6557: result: no
configure:6527: checking for none-uclinux-xlf90
configure:6557: result: no
configure:6527: checking for none-uclinux-pgf90
configure:6557: result: no
configure:6527: checking for none-uclinux-pghpf
configure:6557: result: no
configure:6527: checking for none-uclinux-epcf90
configure:6557: result: no
configure:6527: checking for none-uclinux-gfortran
configure:6557: result: no
configure:6527: checking for none-uclinux-g95
configure:6557: result: no
configure:6527: checking for none-uclinux-f95
configure:6557: result: no
configure:6527: checking for none-uclinux-fort
configure:6557: result: no
configure:6527: checking for none-uclinux-xlf95
configure:6557: result: no
configure:6527: checking for none-uclinux-ifort
configure:6557: result: no
configure:6527: checking for none-uclinux-ifc
configure:6557: result: no
configure:6527: checking for none-uclinux-efc
configure:6557: result: no
configure:6527: checking for none-uclinux-pgf95
configure:6557: result: no
configure:6527: checking for none-uclinux-lf95
configure:6557: result: no
configure:6527: checking for none-uclinux-ftn
configure:6557: result: no
configure:6571: checking for g77
configure:6601: result: no
configure:6571: checking for f77
configure:6601: result: no
configure:6571: checking for xlf
configure:6601: result: no
configure:6571: checking for frt
configure:6601: result: no
configure:6571: checking for pgf77
configure:6601: result: no
configure:6571: checking for cf77
configure:6601: result: no
configure:6571: checking for fort77
configure:6601: result: no
configure:6571: checking for fl32
configure:6601: result: no
configure:6571: checking for af77
configure:6601: result: no
configure:6571: checking for f90
configure:6601: result: no
configure:6571: checking for xlf90
configure:6601: result: no
configure:6571: checking for pgf90
configure:6601: result: no
configure:6571: checking for pghpf
configure:6601: result: no
configure:6571: checking for epcf90
configure:6601: result: no
configure:6571: checking for gfortran
configure:6601: result: no
configure:6571: checking for g95
configure:6601: result: no
configure:6571: checking for f95
configure:6601: result: no
configure:6571: checking for fort
configure:6601: result: no
configure:6571: checking for xlf95
configure:6601: result: no
configure:6571: checking for ifort
configure:6601: result: no
configure:6571: checking for ifc
configure:6601: result: no
configure:6571: checking for efc
configure:6601: result: no
configure:6571: checking for pgf95
configure:6601: result: no
configure:6571: checking for lf95
configure:6601: result: no
configure:6571: checking for ftn
configure:6601: result: no
configure:6628: checking for Fortran 77 compiler version
configure:6635:  --version >&5
./configure: line 6636: --version: command not found
configure:6638: $? = 127
configure:6645:  -v >&5
./configure: line 6646: -v: command not found
configure:6648: $? = 127
configure:6655:  -V >&5
./configure: line 6656: -V: command not found
configure:6658: $? = 127
configure:6666: checking whether we are using the GNU Fortran 77 compiler
configure:6685:  -c  conftest.F >&5
./configure: line 6686: -c: command not found
configure:6691: $? = 127
configure: failed program was:
|       program main
| #ifndef __GNUC__
|        choke me
| #endif
| 
|       end
configure:6725: result: no
configure:6731: checking whether  accepts -g
configure:6748:  -c -g conftest.f >&5
./configure: line 6749: -c: command not found
configure:6754: $? = 127
configure: failed program was:
|       program main
| 
|       end
configure:6787: result: no
configure:6817: checking the maximum length of command line arguments
configure:6926: result: 32768
configure:6937: checking command to parse nm output from ucfront-gcc arm-linux-elf-gcc  object
configure:7042: ucfront-gcc arm-linux-elf-gcc  -c -O2 -g -fomit-frame-pointer -fno-common -fno-builtin -Wall  -mswp-byte-writes -DCONFIG_NDS_ROM8BIT -mcpu=arm946e-s -mfpu=fpe3 -DEMBED -D__PIC__ -fpic -msingle-pic-base -Dlinux -D__linux__ -Dunix -D__uClinux__  conftest.c >&5
configure:7045: $? = 0
configure:7049: nm conftest.o \| sed -n -e 's/^.*[ 	]\([ABCDGIRSTW][ABCDGIRSTW]*\)[ 	][ 	]*\([_A-Za-z][_A-Za-z0-9]*\)$/\1 \2 \2/p' \> conftest.nm
configure:7052: $? = 0
configure:7104: ucfront-gcc arm-linux-elf-gcc  -o conftest -O2 -g -fomit-frame-pointer -fno-common -fno-builtin -Wall  -mswp-byte-writes -DCONFIG_NDS_ROM8BIT -mcpu=arm946e-s -mfpu=fpe3 -DEMBED -D__PIC__ -fpic -msingle-pic-base -Dlinux -D__linux__ -Dunix -D__uClinux__  -Wl,-elf2flt -D__PIC__ -fpic -msingle-pic-base -mswp-byte-writes conftest.c conftstm.o >&5
configure:7107: $? = 0
configure:7145: result: ok
configure:7149: checking for objdir
configure:7164: result: .libs
configure:7216: checking for none-uclinux-ar
configure:7243: result: arm-linux-elf-ar
configure:7312: checking for none-uclinux-ranlib
configure:7339: result: arm-linux-elf-ranlib
configure:7408: checking for none-uclinux-strip
configure:7435: result: arm-linux-elf-strip
configure:7765: checking if ucfront-gcc arm-linux-elf-gcc  supports -fno-rtti -fno-exceptions
configure:7783: ucfront-gcc arm-linux-elf-gcc  -c -O2 -g -fomit-frame-pointer -fno-common -fno-builtin -Wall  -mswp-byte-writes -DCONFIG_NDS_ROM8BIT -mcpu=arm946e-s -mfpu=fpe3 -DEMBED -D__PIC__ -fpic -msingle-pic-base -Dlinux -D__linux__ -Dunix -D__uClinux__  -fno-rtti -fno-exceptions conftest.c >&5
cc1: warning: command line option "-fno-rtti" is valid for C++/ObjC++ but not for C
configure:7787: $? = 0
configure:7800: result: no
configure:7815: checking for ucfront-gcc arm-linux-elf-gcc  option to produce PIC
configure:8048: result: -fPIC
configure:8056: checking if ucfront-gcc arm-linux-elf-gcc  PIC flag -fPIC works
configure:8074: ucfront-gcc arm-linux-elf-gcc  -c -O2 -g -fomit-frame-pointer -fno-common -fno-builtin -Wall  -mswp-byte-writes -DCONFIG_NDS_ROM8BIT -mcpu=arm946e-s -mfpu=fpe3 -DEMBED -D__PIC__ -fpic -msingle-pic-base -Dlinux -D__linux__ -Dunix -D__uClinux__  -fPIC -DPIC conftest.c >&5
configure:8078: $? = 0
configure:8091: result: yes
configure:8119: checking if ucfront-gcc arm-linux-elf-gcc  static flag -static works
No relocations in code!
configure:8147: result: yes
configure:8157: checking if ucfront-gcc arm-linux-elf-gcc  supports -c -o file.o
configure:8178: ucfront-gcc arm-linux-elf-gcc  -c -O2 -g -fomit-frame-pointer -fno-common -fno-builtin -Wall  -mswp-byte-writes -DCONFIG_NDS_ROM8BIT -mcpu=arm946e-s -mfpu=fpe3 -DEMBED -D__PIC__ -fpic -msingle-pic-base -Dlinux -D__linux__ -Dunix -D__uClinux__  -o out/conftest2.o conftest.c >&5
configure:8182: $? = 0
configure:8204: result: yes
configure:8230: checking whether the ucfront-gcc arm-linux-elf-gcc  linker (arm-linux-elf-ld) supports shared libraries
configure:9225: result: yes
configure:9292: checking dynamic linker characteristics
configure:9880: result: no
configure:9889: checking how to hardcode library paths into programs
configure:9914: result: immediate
configure:9928: checking whether stripping libraries is possible
configure:9933: result: yes
configure:10846: checking if libtool supports shared libraries
configure:10848: result: no
configure:10851: checking whether to build shared libraries
configure:10872: result: no
configure:10875: checking whether to build static libraries
configure:10879: result: yes
configure:10971: creating libtool
configure:11559: checking for ld used by ucfront-g++ arm-linux-elf-g++ 
configure:11626: result: arm-linux-elf-ld
configure:11635: checking if the linker (arm-linux-elf-ld) is GNU ld
configure:11650: result: yes
configure:11701: checking whether the ucfront-g++ arm-linux-elf-g++  linker (arm-linux-elf-ld) supports shared libraries
configure:12690: result: no
configure:12712: ucfront-g++ arm-linux-elf-g++  -c -O2 -g -fomit-frame-pointer -fno-common -fno-builtin -Wall  -mswp-byte-writes -DCONFIG_NDS_ROM8BIT -mcpu=arm946e-s -mfpu=fpe3 -DEMBED -D__PIC__ -fpic -msingle-pic-base -Dlinux -D__linux__ -Dunix -D__uClinux__  -I /home/andrewec/dslinux/lib/uClibc++/include -fno-builtin -nostdinc++ -DGCC_HASCLASSVISIBILITY -Wno-deprecated  conftest.cpp >&5
configure:12715: $? = 0
configure:12843: checking for ucfront-g++ arm-linux-elf-g++  option to produce PIC
configure:13127: result: -fPIC
configure:13135: checking if ucfront-g++ arm-linux-elf-g++  PIC flag -fPIC works
configure:13153: ucfront-g++ arm-linux-elf-g++  -c -O2 -g -fomit-frame-pointer -fno-common -fno-builtin -Wall  -mswp-byte-writes -DCONFIG_NDS_ROM8BIT -mcpu=arm946e-s -mfpu=fpe3 -DEMBED -D__PIC__ -fpic -msingle-pic-base -Dlinux -D__linux__ -Dunix -D__uClinux__  -I /home/andrewec/dslinux/lib/uClibc++/include -fno-builtin -nostdinc++ -DGCC_HASCLASSVISIBILITY -Wno-deprecated  -fPIC -DPIC conftest.cpp >&5
configure:13157: $? = 0
configure:13170: result: yes
configure:13198: checking if ucfront-g++ arm-linux-elf-g++  static flag -static works
No relocations in code!
configure:13226: result: yes
configure:13236: checking if ucfront-g++ arm-linux-elf-g++  supports -c -o file.o
configure:13257: ucfront-g++ arm-linux-elf-g++  -c -O2 -g -fomit-frame-pointer -fno-common -fno-builtin -Wall  -mswp-byte-writes -DCONFIG_NDS_ROM8BIT -mcpu=arm946e-s -mfpu=fpe3 -DEMBED -D__PIC__ -fpic -msingle-pic-base -Dlinux -D__linux__ -Dunix -D__uClinux__  -I /home/andrewec/dslinux/lib/uClibc++/include -fno-builtin -nostdinc++ -DGCC_HASCLASSVISIBILITY -Wno-deprecated  -o out/conftest2.o conftest.cpp >&5
configure:13261: $? = 0
configure:13283: result: yes
configure:13309: checking whether the ucfront-g++ arm-linux-elf-g++  linker (arm-linux-elf-ld) supports shared libraries
configure:13334: result: no
configure:13401: checking dynamic linker characteristics
configure:13989: result: no
configure:13998: checking how to hardcode library paths into programs
configure:14023: result: immediate
configure:20305: checking for inline
configure:20331: ucfront-gcc arm-linux-elf-gcc  -c -O2 -g -fomit-frame-pointer -fno-common -fno-builtin -Wall  -mswp-byte-writes -DCONFIG_NDS_ROM8BIT -mcpu=arm946e-s -mfpu=fpe3 -DEMBED -D__PIC__ -fpic -msingle-pic-base -Dlinux -D__linux__ -Dunix -D__uClinux__  conftest.c >&5
configure:20337: $? = 0
configure:20344: test -z "$ac_c_werror_flag" || test ! -s conftest.err
configure:20347: $? = 0
configure:20354: test -s conftest.o
configure:20357: $? = 0
configure:20372: result: inline
configure:20391: checking for size_t
configure:20421: ucfront-gcc arm-linux-elf-gcc  -c -O2 -g -fomit-frame-pointer -fno-common -fno-builtin -Wall  -mswp-byte-writes -DCONFIG_NDS_ROM8BIT -mcpu=arm946e-s -mfpu=fpe3 -DEMBED -D__PIC__ -fpic -msingle-pic-base -Dlinux -D__linux__ -Dunix -D__uClinux__  conftest.c >&5
configure:20427: $? = 0
configure:20434: test -z "$ac_c_werror_flag" || test ! -s conftest.err
configure:20437: $? = 0
configure:20444: test -s conftest.o
configure:20447: $? = 0
configure:20459: result: yes
configure:20472: checking for long long int
configure:20505: ucfront-gcc arm-linux-elf-gcc  -o conftest -O2 -g -fomit-frame-pointer -fno-common -fno-builtin -Wall  -mswp-byte-writes -DCONFIG_NDS_ROM8BIT -mcpu=arm946e-s -mfpu=fpe3 -DEMBED -D__PIC__ -fpic -msingle-pic-base -Dlinux -D__linux__ -Dunix -D__uClinux__  -Wl,-elf2flt -D__PIC__ -fpic -msingle-pic-base -mswp-byte-writes conftest.c  >&5
No relocations in code!
configure:20511: $? = 0
configure:20518: test -z "$ac_c_werror_flag" || test ! -s conftest.err
configure:20521: $? = 0
configure:20528: test -s conftest
configure:20531: $? = 0
configure:20544: result: yes
configure:20566: checking for long double
configure:20639: result: yes
configure:20650: checking for wchar_t
configure:20677: ucfront-gcc arm-linux-elf-gcc  -c -O2 -g -fomit-frame-pointer -fno-common -fno-builtin -Wall  -mswp-byte-writes -DCONFIG_NDS_ROM8BIT -mcpu=arm946e-s -mfpu=fpe3 -DEMBED -D__PIC__ -fpic -msingle-pic-base -Dlinux -D__linux__ -Dunix -D__uClinux__  conftest.c >&5
configure:20683: $? = 0
configure:20690: test -z "$ac_c_werror_flag" || test ! -s conftest.err
configure:20693: $? = 0
configure:20700: test -s conftest.o
configure:20703: $? = 0
configure:20715: result: yes
configure:20726: checking for wint_t
configure:20753: ucfront-gcc arm-linux-elf-gcc  -c -O2 -g -fomit-frame-pointer -fno-common -fno-builtin -Wall  -mswp-byte-writes -DCONFIG_NDS_ROM8BIT -mcpu=arm946e-s -mfpu=fpe3 -DEMBED -D__PIC__ -fpic -msingle-pic-base -Dlinux -D__linux__ -Dunix -D__uClinux__  conftest.c >&5
In file included from conftest.c:25:
/home/andrewec/dslinux/uClibc/include/wchar.h:32:2: error: #error Attempted to include wchar.h when uClibc built without wide char support.
configure:20759: $? = 1
configure: failed program was:
| /* confdefs.h.  */
| #define PACKAGE_NAME ""
| #define PACKAGE_TARNAME ""
| #define PACKAGE_VERSION ""
| #define PACKAGE_STRING ""
| #define PACKAGE_BUGREPORT ""
| #define PACKAGE "libasprintf"
| #define VERSION "1.0"
| #define STDC_HEADERS 1
| #define HAVE_SYS_TYPES_H 1
| #define HAVE_SYS_STAT_H 1
| #define HAVE_STDLIB_H 1
| #define HAVE_STRING_H 1
| #define HAVE_MEMORY_H 1
| #define HAVE_STRINGS_H 1
| #define HAVE_INTTYPES_H 1
| #define HAVE_STDINT_H 1
| #define HAVE_UNISTD_H 1
| #define HAVE_DLFCN_H 1
| #define HAVE_LONG_LONG_INT 1
| #define HAVE_LONG_LONG 1
| #define HAVE_LONG_DOUBLE 1
| #define HAVE_WCHAR_T 1
| /* end confdefs.h.  */
| #include <wchar.h>
|        wint_t foo = (wchar_t)'\0';
| int
| main ()
| {
| 
|   ;
|   return 0;
| }
configure:20791: result: no
configure:20801: checking for ptrdiff_t
configure:20831: ucfront-gcc arm-linux-elf-gcc  -c -O2 -g -fomit-frame-pointer -fno-common -fno-builtin -Wall  -mswp-byte-writes -DCONFIG_NDS_ROM8BIT -mcpu=arm946e-s -mfpu=fpe3 -DEMBED -D__PIC__ -fpic -msingle-pic-base -Dlinux -D__linux__ -Dunix -D__uClinux__  conftest.c >&5
configure:20837: $? = 0
configure:20844: test -z "$ac_c_werror_flag" || test ! -s conftest.err
configure:20847: $? = 0
configure:20854: test -s conftest.o
configure:20857: $? = 0
configure:20869: result: yes
configure:20883: checking for inttypes.h
configure:20910: ucfront-gcc arm-linux-elf-gcc  -c -O2 -g -fomit-frame-pointer -fno-common -fno-builtin -Wall  -mswp-byte-writes -DCONFIG_NDS_ROM8BIT -mcpu=arm946e-s -mfpu=fpe3 -DEMBED -D__PIC__ -fpic -msingle-pic-base -Dlinux -D__linux__ -Dunix -D__uClinux__  conftest.c >&5
configure:20916: $? = 0
configure:20923: test -z "$ac_c_werror_flag" || test ! -s conftest.err
configure:20926: $? = 0
configure:20933: test -s conftest.o
configure:20936: $? = 0
configure:20948: result: yes
configure:20959: checking for stdint.h
configure:20986: ucfront-gcc arm-linux-elf-gcc  -c -O2 -g -fomit-frame-pointer -fno-common -fno-builtin -Wall  -mswp-byte-writes -DCONFIG_NDS_ROM8BIT -mcpu=arm946e-s -mfpu=fpe3 -DEMBED -D__PIC__ -fpic -msingle-pic-base -Dlinux -D__linux__ -Dunix -D__uClinux__  conftest.c >&5
configure:20992: $? = 0
configure:20999: test -z "$ac_c_werror_flag" || test ! -s conftest.err
configure:21002: $? = 0
configure:21009: test -s conftest.o
configure:21012: $? = 0
configure:21024: result: yes
configure:21037: checking for intmax_t
configure:21073: ucfront-gcc arm-linux-elf-gcc  -c -O2 -g -fomit-frame-pointer -fno-common -fno-builtin -Wall  -mswp-byte-writes -DCONFIG_NDS_ROM8BIT -mcpu=arm946e-s -mfpu=fpe3 -DEMBED -D__PIC__ -fpic -msingle-pic-base -Dlinux -D__linux__ -Dunix -D__uClinux__  conftest.c >&5
configure:21079: $? = 0
configure:21086: test -z "$ac_c_werror_flag" || test ! -s conftest.err
configure:21089: $? = 0
configure:21096: test -s conftest.o
configure:21099: $? = 0
configure:21111: result: yes
configure:21127: checking for stdint.h
configure:21133: result: yes
configure:21286: checking for SIZE_MAX
configure:22186: result: yes
configure:22204: checking for stdint.h
configure:22210: result: yes
configure:22368: checking for working alloca.h
configure:22395: ucfront-gcc arm-linux-elf-gcc  -o conftest -O2 -g -fomit-frame-pointer -fno-common -fno-builtin -Wall  -mswp-byte-writes -DCONFIG_NDS_ROM8BIT -mcpu=arm946e-s -mfpu=fpe3 -DEMBED -D__PIC__ -fpic -msingle-pic-base -Dlinux -D__linux__ -Dunix -D__uClinux__  -Wl,-elf2flt -D__PIC__ -fpic -msingle-pic-base -mswp-byte-writes conftest.c  >&5
No relocations in code!
configure:22401: $? = 0
configure:22408: test -z "$ac_c_werror_flag" || test ! -s conftest.err
configure:22411: $? = 0
configure:22418: test -s conftest
configure:22421: $? = 0
configure:22434: result: yes
configure:22444: checking for alloca
configure:22491: ucfront-gcc arm-linux-elf-gcc  -o conftest -O2 -g -fomit-frame-pointer -fno-common -fno-builtin -Wall  -mswp-byte-writes -DCONFIG_NDS_ROM8BIT -mcpu=arm946e-s -mfpu=fpe3 -DEMBED -D__PIC__ -fpic -msingle-pic-base -Dlinux -D__linux__ -Dunix -D__uClinux__  -Wl,-elf2flt -D__PIC__ -fpic -msingle-pic-base -mswp-byte-writes conftest.c  >&5
No relocations in code!
configure:22497: $? = 0
configure:22504: test -z "$ac_c_werror_flag" || test ! -s conftest.err
configure:22507: $? = 0
configure:22514: test -s conftest
configure:22517: $? = 0
configure:22530: result: yes
configure:22801: checking for snprintf
configure:22857: ucfront-gcc arm-linux-elf-gcc  -o conftest -O2 -g -fomit-frame-pointer -fno-common -fno-builtin -Wall  -mswp-byte-writes -DCONFIG_NDS_ROM8BIT -mcpu=arm946e-s -mfpu=fpe3 -DEMBED -D__PIC__ -fpic -msingle-pic-base -Dlinux -D__linux__ -Dunix -D__uClinux__  -Wl,-elf2flt -D__PIC__ -fpic -msingle-pic-base -mswp-byte-writes conftest.c  >&5
configure:22863: $? = 0
configure:22870: test -z "$ac_c_werror_flag" || test ! -s conftest.err
configure:22873: $? = 0
configure:22880: test -s conftest
configure:22883: $? = 0
configure:22897: result: yes
configure:22801: checking for vasprintf
configure:22857: ucfront-gcc arm-linux-elf-gcc  -o conftest -O2 -g -fomit-frame-pointer -fno-common -fno-builtin -Wall  -mswp-byte-writes -DCONFIG_NDS_ROM8BIT -mcpu=arm946e-s -mfpu=fpe3 -DEMBED -D__PIC__ -fpic -msingle-pic-base -Dlinux -D__linux__ -Dunix -D__uClinux__  -Wl,-elf2flt -D__PIC__ -fpic -msingle-pic-base -mswp-byte-writes conftest.c  >&5
configure:22863: $? = 0
configure:22870: test -z "$ac_c_werror_flag" || test ! -s conftest.err
configure:22873: $? = 0
configure:22880: test -s conftest
configure:22883: $? = 0
configure:22897: result: yes
configure:22801: checking for wcslen
configure:22857: ucfront-gcc arm-linux-elf-gcc  -o conftest -O2 -g -fomit-frame-pointer -fno-common -fno-builtin -Wall  -mswp-byte-writes -DCONFIG_NDS_ROM8BIT -mcpu=arm946e-s -mfpu=fpe3 -DEMBED -D__PIC__ -fpic -msingle-pic-base -Dlinux -D__linux__ -Dunix -D__uClinux__  -Wl,-elf2flt -D__PIC__ -fpic -msingle-pic-base -mswp-byte-writes conftest.c  >&5
conftest.elf2flt: In function `main':
/home/andrewec/dslinux/lib/gettext/src/gettext-runtime/libasprintf/conftest.c:68: undefined reference to `wcslen'
collect2: ld returned 1 exit status
configure:22863: $? = 1
configure: failed program was:
| /* confdefs.h.  */
| #define PACKAGE_NAME ""
| #define PACKAGE_TARNAME ""
| #define PACKAGE_VERSION ""
| #define PACKAGE_STRING ""
| #define PACKAGE_BUGREPORT ""
| #define PACKAGE "libasprintf"
| #define VERSION "1.0"
| #define STDC_HEADERS 1
| #define HAVE_SYS_TYPES_H 1
| #define HAVE_SYS_STAT_H 1
| #define HAVE_STDLIB_H 1
| #define HAVE_STRING_H 1
| #define HAVE_MEMORY_H 1
| #define HAVE_STRINGS_H 1
| #define HAVE_INTTYPES_H 1
| #define HAVE_STDINT_H 1
| #define HAVE_UNISTD_H 1
| #define HAVE_DLFCN_H 1
| #define HAVE_LONG_LONG_INT 1
| #define HAVE_LONG_LONG 1
| #define HAVE_LONG_DOUBLE 1
| #define HAVE_WCHAR_T 1
| #define HAVE_INTTYPES_H_WITH_UINTMAX 1
| #define HAVE_STDINT_H_WITH_UINTMAX 1
| #define HAVE_INTMAX_T 1
| #define HAVE_STDINT_H 1
| #define HAVE_STDINT_H 1
| #define HAVE_ALLOCA_H 1
| #define HAVE_ALLOCA 1
| #define HAVE_SNPRINTF 1
| #define HAVE_VASPRINTF 1
| /* end confdefs.h.  */
| /* Define wcslen to an innocuous variant, in case <limits.h> declares wcslen.
|    For example, HP-UX 11i <limits.h> declares gettimeofday.  */
| #define wcslen innocuous_wcslen
| 
| /* System header to define __stub macros and hopefully few prototypes,
|     which can conflict with char wcslen (); below.
|     Prefer <limits.h> to <assert.h> if __STDC__ is defined, since
|     <limits.h> exists even on freestanding compilers.  */
| 
| #ifdef __STDC__
| # include <limits.h>
| #else
| # include <assert.h>
| #endif
| 
| #undef wcslen
| 
| /* Override any GCC internal prototype to avoid an error.
|    Use char because int might match the return type of a GCC
|    builtin and then its argument prototype would still apply.  */
| #ifdef __cplusplus
| extern "C"
| #endif
| char wcslen ();
| /* The GNU C library defines this for functions which it implements
|     to always fail with ENOSYS.  Some functions are actually named
|     something starting with __ and the normal name is an alias.  */
| #if defined __stub_wcslen || defined __stub___wcslen
| choke me
| #endif
| 
| int
| main ()
| {
| return wcslen ();
|   ;
|   return 0;
| }
configure:22897: result: no
configure:22907: checking whether _snprintf is declared
configure:22937: ucfront-gcc arm-linux-elf-gcc  -c -O2 -g -fomit-frame-pointer -fno-common -fno-builtin -Wall  -mswp-byte-writes -DCONFIG_NDS_ROM8BIT -mcpu=arm946e-s -mfpu=fpe3 -DEMBED -D__PIC__ -fpic -msingle-pic-base -Dlinux -D__linux__ -Dunix -D__uClinux__  conftest.c >&5
conftest.c: In function 'main':
conftest.c:71: error: '_snprintf' undeclared (first use in this function)
conftest.c:71: error: (Each undeclared identifier is reported only once
conftest.c:71: error: for each function it appears in.)
configure:22943: $? = 1
configure: failed program was:
| /* confdefs.h.  */
| #define PACKAGE_NAME ""
| #define PACKAGE_TARNAME ""
| #define PACKAGE_VERSION ""
| #define PACKAGE_STRING ""
| #define PACKAGE_BUGREPORT ""
| #define PACKAGE "libasprintf"
| #define VERSION "1.0"
| #define STDC_HEADERS 1
| #define HAVE_SYS_TYPES_H 1
| #define HAVE_SYS_STAT_H 1
| #define HAVE_STDLIB_H 1
| #define HAVE_STRING_H 1
| #define HAVE_MEMORY_H 1
| #define HAVE_STRINGS_H 1
| #define HAVE_INTTYPES_H 1
| #define HAVE_STDINT_H 1
| #define HAVE_UNISTD_H 1
| #define HAVE_DLFCN_H 1
| #define HAVE_LONG_LONG_INT 1
| #define HAVE_LONG_LONG 1
| #define HAVE_LONG_DOUBLE 1
| #define HAVE_WCHAR_T 1
| #define HAVE_INTTYPES_H_WITH_UINTMAX 1
| #define HAVE_STDINT_H_WITH_UINTMAX 1
| #define HAVE_INTMAX_T 1
| #define HAVE_STDINT_H 1
| #define HAVE_STDINT_H 1
| #define HAVE_ALLOCA_H 1
| #define HAVE_ALLOCA 1
| #define HAVE_SNPRINTF 1
| #define HAVE_VASPRINTF 1
| /* end confdefs.h.  */
| #include <stdio.h>
| #if HAVE_SYS_TYPES_H
| # include <sys/types.h>
| #endif
| #if HAVE_SYS_STAT_H
| # include <sys/stat.h>
| #endif
| #if STDC_HEADERS
| # include <stdlib.h>
| # include <stddef.h>
| #else
| # if HAVE_STDLIB_H
| #  include <stdlib.h>
| # endif
| #endif
| #if HAVE_STRING_H
| # if !STDC_HEADERS && HAVE_MEMORY_H
| #  include <memory.h>
| # endif
| # include <string.h>
| #endif
| #if HAVE_STRINGS_H
| # include <strings.h>
| #endif
| #if HAVE_INTTYPES_H
| # include <inttypes.h>
| #endif
| #if HAVE_STDINT_H
| # include <stdint.h>
| #endif
| #if HAVE_UNISTD_H
| # include <unistd.h>
| #endif
| int
| main ()
| {
| #ifndef _snprintf
|   char *p = (char *) _snprintf;
|   return !p;
| #endif
| 
|   ;
|   return 0;
| }
configure:22975: result: no
configure:22995: checking whether printf() supports POSIX/XSI format strings
configure:23079: result: guessing yes
configure:23095: checking for dvips
configure:23126: result: /home/andrewec/dslinux/lib/gettext/src/build-aux/missing dvips
configure:23136: checking for texi2pdf
configure:23154: found /usr/bin/texi2pdf
configure:23167: result: /usr/bin/texi2pdf
configure:23177: checking for perl
configure:23195: found /usr/bin/perl
configure:23208: result: /usr/bin/perl
configure:23341: creating ./config.status

## ---------------------- ##
## Running config.status. ##
## ---------------------- ##

This file was extended by config.status, which was
generated by GNU Autoconf 2.60.  Invocation command line was

  CONFIG_FILES    = 
  CONFIG_HEADERS  = 
  CONFIG_LINKS    = 
  CONFIG_COMMANDS = 
  $ ./config.status 

on jenkins

config.status:657: creating Makefile
config.status:657: creating config.h
config.status:898: config.h is unchanged
config.status:944: executing depfiles commands

## ---------------- ##
## Cache variables. ##
## ---------------- ##

ac_cv_build=i386-pc-none
ac_cv_c_compiler_gnu=yes
ac_cv_c_inline=inline
ac_cv_cxx_compiler_gnu=yes
ac_cv_env_CCC_set=
ac_cv_env_CCC_value=
ac_cv_env_CC_set=set
ac_cv_env_CC_value='ucfront-gcc arm-linux-elf-gcc '
ac_cv_env_CFLAGS_set=set
ac_cv_env_CFLAGS_value='-O2 -g -fomit-frame-pointer -fno-common -fno-builtin -Wall  -mswp-byte-writes -DCONFIG_NDS_ROM8BIT -mcpu=arm946e-s -mfpu=fpe3 -DEMBED -D__PIC__ -fpic -msingle-pic-base -Dlinux -D__linux__ -Dunix -D__uClinux__'
ac_cv_env_CPPFLAGS_set=
ac_cv_env_CPPFLAGS_value=
ac_cv_env_CPP_set=
ac_cv_env_CPP_value=
ac_cv_env_CXXCPP_set=
ac_cv_env_CXXCPP_value=
ac_cv_env_CXXFLAGS_set=set
ac_cv_env_CXXFLAGS_value='-O2 -g -fomit-frame-pointer -fno-common -fno-builtin -Wall  -mswp-byte-writes -DCONFIG_NDS_ROM8BIT -mcpu=arm946e-s -mfpu=fpe3 -DEMBED -D__PIC__ -fpic -msingle-pic-base -Dlinux -D__linux__ -Dunix -D__uClinux__  -I /home/andrewec/dslinux/lib/uClibc++/include -fno-builtin -nostdinc++ -DGCC_HASCLASSVISIBILITY -Wno-deprecated'
ac_cv_env_CXX_set=set
ac_cv_env_CXX_value='ucfront-g++ arm-linux-elf-g++ '
ac_cv_env_F77_set=
ac_cv_env_F77_value=
ac_cv_env_FFLAGS_set=
ac_cv_env_FFLAGS_value=
ac_cv_env_LDFLAGS_set=set
ac_cv_env_LDFLAGS_value='-Wl,-elf2flt -D__PIC__ -fpic -msingle-pic-base -mswp-byte-writes'
ac_cv_env_build_alias_set=set
ac_cv_env_build_alias_value=i386
ac_cv_env_host_alias_set=set
ac_cv_env_host_alias_value=none-uclinux
ac_cv_env_target_alias_set=
ac_cv_env_target_alias_value=
ac_cv_f77_compiler_gnu=no
ac_cv_func_alloca_works=yes
ac_cv_func_snprintf=yes
ac_cv_func_vasprintf=yes
ac_cv_func_wcslen=no
ac_cv_have_decl__snprintf=no
ac_cv_header_dlfcn_h=yes
ac_cv_header_inttypes_h=yes
ac_cv_header_memory_h=yes
ac_cv_header_stdc=yes
ac_cv_header_stdint_h=yes
ac_cv_header_stdlib_h=yes
ac_cv_header_string_h=yes
ac_cv_header_strings_h=yes
ac_cv_header_sys_stat_h=yes
ac_cv_header_sys_types_h=yes
ac_cv_header_unistd_h=yes
ac_cv_host=none-none-none
ac_cv_objext=o
ac_cv_path_DVIPS='/home/andrewec/dslinux/lib/gettext/src/build-aux/missing dvips'
ac_cv_path_EGREP='/bin/grep -E'
ac_cv_path_GREP=/bin/grep
ac_cv_path_PERL=/usr/bin/perl
ac_cv_path_TEXI2PDF=/usr/bin/texi2pdf
ac_cv_path_install='/usr/bin/install -c'
ac_cv_path_mkdir=/bin/mkdir
ac_cv_prog_AR=arm-linux-elf-ar
ac_cv_prog_AWK=gawk
ac_cv_prog_CC='ucfront-gcc arm-linux-elf-gcc '
ac_cv_prog_CPP='ucfront-gcc arm-linux-elf-gcc  -E'
ac_cv_prog_CXXCPP='ucfront-g++ arm-linux-elf-g++  -E'
ac_cv_prog_RANLIB=arm-linux-elf-ranlib
ac_cv_prog_STRIP=arm-linux-elf-strip
ac_cv_prog_cc_c89=
ac_cv_prog_cc_g=yes
ac_cv_prog_cxx_g=yes
ac_cv_prog_f77_g=no
ac_cv_prog_make_make_set=yes
ac_cv_type_long_long=yes
ac_cv_type_long_long_int=yes
ac_cv_type_ptrdiff_t=yes
ac_cv_type_size_t=yes
ac_cv_working_alloca_h=yes
am_cv_CC_dependencies_compiler_type=none
am_cv_CXX_dependencies_compiler_type=none
gl_cv_header_inttypes_h=yes
gl_cv_header_stdint_h=yes
gl_cv_size_max=yes
gt_cv_c_intmax_t=yes
gt_cv_c_long_double=yes
gt_cv_c_wchar_t=yes
gt_cv_c_wint_t=no
gt_cv_func_printf_posix='guessing yes'
lt_cv_deplibs_check_method=unknown
lt_cv_file_magic_cmd='$MAGIC_CMD'
lt_cv_file_magic_test_file=
lt_cv_ld_reload_flag=-r
lt_cv_objdir=.libs
lt_cv_path_LD=arm-linux-elf-ld
lt_cv_path_LDCXX=arm-linux-elf-ld
lt_cv_path_NM=nm
lt_cv_path_SED=/bin/sed
lt_cv_prog_compiler_c_o=yes
lt_cv_prog_compiler_c_o_CXX=yes
lt_cv_prog_compiler_rtti_exceptions=no
lt_cv_prog_gnu_ld=yes
lt_cv_prog_gnu_ldcxx=yes
lt_cv_sys_global_symbol_pipe='sed -n -e '\''s/^.*[ 	]\([ABCDGIRSTW][ABCDGIRSTW]*\)[ 	][ 	]*\([_A-Za-z][_A-Za-z0-9]*\)$/\1 \2 \2/p'\'''
lt_cv_sys_global_symbol_to_c_name_address='sed -n -e '\''s/^: \([^ ]*\) $/  {\"\1\", (lt_ptr) 0},/p'\'' -e '\''s/^[BCDEGRST] \([^ ]*\) \([^ ]*\)$/  {"\2", (lt_ptr) \&\2},/p'\'''
lt_cv_sys_global_symbol_to_cdecl='sed -n -e '\''s/^. .* \(.*\)$/extern int \1;/p'\'''
lt_cv_sys_max_cmd_len=32768
lt_lt_cv_prog_compiler_c_o='"yes"'
lt_lt_cv_prog_compiler_c_o_CXX='"yes"'
lt_lt_cv_sys_global_symbol_pipe='"sed -n -e '\''s/^.*[ 	]\\([ABCDGIRSTW][ABCDGIRSTW]*\\)[ 	][ 	]*\\([_A-Za-z][_A-Za-z0-9]*\\)\$/\\1 \\2 \\2/p'\''"'
lt_lt_cv_sys_global_symbol_to_c_name_address='"sed -n -e '\''s/^: \\([^ ]*\\) \$/  {\\\"\\1\\\", (lt_ptr) 0},/p'\'' -e '\''s/^[BCDEGRST] \\([^ ]*\\) \\([^ ]*\\)\$/  {\"\\2\", (lt_ptr) \\&\\2},/p'\''"'
lt_lt_cv_sys_global_symbol_to_cdecl='"sed -n -e '\''s/^. .* \\(.*\\)\$/extern int \\1;/p'\''"'

## ----------------- ##
## Output variables. ##
## ----------------- ##

ACLOCAL='${SHELL} /home/andrewec/dslinux/lib/gettext/src/build-aux/missing --run aclocal-1.10'
ALLOCA=''
ALLOCA_H='alloca.h'
AMDEPBACKSLASH='\'
AMDEP_FALSE='#'
AMDEP_TRUE=''
AMTAR='${SHELL} /home/andrewec/dslinux/lib/gettext/src/build-aux/missing --run tar'
AR='arm-linux-elf-ar'
AS='arm-linux-elf-as '
AUTOCONF='${SHELL} /home/andrewec/dslinux/lib/gettext/src/build-aux/missing --run autoconf'
AUTOHEADER='${SHELL} /home/andrewec/dslinux/lib/gettext/src/build-aux/missing --run autoheader'
AUTOMAKE='${SHELL} /home/andrewec/dslinux/lib/gettext/src/build-aux/missing --run automake-1.10'
AWK='gawk'
CC='ucfront-gcc arm-linux-elf-gcc '
CCDEPMODE='depmode=none'
CFLAGS='-O2 -g -fomit-frame-pointer -fno-common -fno-builtin -Wall  -mswp-byte-writes -DCONFIG_NDS_ROM8BIT -mcpu=arm946e-s -mfpu=fpe3 -DEMBED -D__PIC__ -fpic -msingle-pic-base -Dlinux -D__linux__ -Dunix -D__uClinux__'
CPP='ucfront-gcc arm-linux-elf-gcc  -E'
CPPFLAGS=''
CXX='ucfront-g++ arm-linux-elf-g++ '
CXXCPP='ucfront-g++ arm-linux-elf-g++  -E'
CXXDEPMODE='depmode=none'
CXXFLAGS='-O2 -g -fomit-frame-pointer -fno-common -fno-builtin -Wall  -mswp-byte-writes -DCONFIG_NDS_ROM8BIT -mcpu=arm946e-s -mfpu=fpe3 -DEMBED -D__PIC__ -fpic -msingle-pic-base -Dlinux -D__linux__ -Dunix -D__uClinux__  -I /home/andrewec/dslinux/lib/uClibc++/include -fno-builtin -nostdinc++ -DGCC_HASCLASSVISIBILITY -Wno-deprecated'
CYGPATH_W='echo'
DEFS='-DHAVE_CONFIG_H'
DEPDIR='.deps'
DLLTOOL='dlltool'
DVIPS='/home/andrewec/dslinux/lib/gettext/src/build-aux/missing dvips'
ECHO='echo'
ECHO_C=''
ECHO_N='-n'
ECHO_T=''
EGREP='/bin/grep -E'
EXEEXT=''
F77=''
FFLAGS=''
GREP='/bin/grep'
INSTALL_DATA='${INSTALL} -m 644'
INSTALL_PROGRAM='${INSTALL}'
INSTALL_SCRIPT='${INSTALL}'
INSTALL_STRIP_PROGRAM='$(install_sh) -c -s'
LDFLAGS='-Wl,-elf2flt -D__PIC__ -fpic -msingle-pic-base -mswp-byte-writes'
LIBOBJS=''
LIBS=''
LIBTOOL='$(SHELL) $(top_builddir)/libtool'
LN_S='ln -s'
LTLIBOBJS=''
LTNOUNDEF=''
MAKEINFO='${SHELL} /home/andrewec/dslinux/lib/gettext/src/build-aux/missing --run makeinfo'
OBJDUMP='objdump'
OBJEXT='o'
PACKAGE='libasprintf'
PACKAGE_BUGREPORT=''
PACKAGE_NAME=''
PACKAGE_STRING=''
PACKAGE_TARNAME=''
PACKAGE_VERSION=''
PATH_SEPARATOR=':'
PERL='/usr/bin/perl'
RANLIB='arm-linux-elf-ranlib'
SET_MAKE=''
SHELL='/bin/bash'
STRIP='arm-linux-elf-strip'
TEXI2PDF='/usr/bin/texi2pdf'
VERSION='1.0'
ac_ct_CC=''
ac_ct_CXX=''
ac_ct_F77=''
am__fastdepCC_FALSE=''
am__fastdepCC_TRUE='#'
am__fastdepCXX_FALSE=''
am__fastdepCXX_TRUE='#'
am__include='include'
am__isrc=''
am__leading_dot='.'
am__quote=''
am__tar='${AMTAR} chof - "$$tardir"'
am__untar='${AMTAR} xf -'
bindir='${exec_prefix}/bin'
build='i386-pc-none'
build_alias='i386'
build_cpu='i386'
build_os='none'
build_vendor='pc'
datadir='${datarootdir}'
datarootdir='${prefix}/share'
docdir='${datarootdir}/doc/${PACKAGE}'
dvidir='${docdir}'
exec_prefix='${prefix}'
host='none-none-none'
host_alias='none-uclinux'
host_cpu='none'
host_os='none'
host_vendor='none'
htmldir='${docdir}'
includedir='${prefix}/include'
infodir='${datarootdir}/info'
install_sh='$(SHELL) /home/andrewec/dslinux/lib/gettext/src/build-aux/install-sh'
libdir='${exec_prefix}/lib'
libexecdir='${exec_prefix}/libexec'
localedir='${datarootdir}/locale'
localstatedir='${prefix}/var'
mandir='${datarootdir}/man'
mkdir_p='/bin/mkdir -p'
oldincludedir='/usr/include'
pdfdir='${docdir}'
prefix='/usr'
program_transform_name='s,x,x,'
psdir='${docdir}'
sbindir='${exec_prefix}/sbin'
sharedstatedir='${prefix}/com'
sysconfdir='${prefix}/etc'
target_alias=''

## ----------- ##
## confdefs.h. ##
## ----------- ##

#define PACKAGE_NAME ""
#define PACKAGE_TARNAME ""
#define PACKAGE_VERSION ""
#define PACKAGE_STRING ""
#define PACKAGE_BUGREPORT ""
#define PACKAGE "libasprintf"
#define VERSION "1.0"
#define STDC_HEADERS 1
#define HAVE_SYS_TYPES_H 1
#define HAVE_SYS_STAT_H 1
#define HAVE_STDLIB_H 1
#define HAVE_STRING_H 1
#define HAVE_MEMORY_H 1
#define HAVE_STRINGS_H 1
#define HAVE_INTTYPES_H 1
#define HAVE_STDINT_H 1
#define HAVE_UNISTD_H 1
#define HAVE_DLFCN_H 1
#define HAVE_LONG_LONG_INT 1
#define HAVE_LONG_LONG 1
#define HAVE_LONG_DOUBLE 1
#define HAVE_WCHAR_T 1
#define HAVE_INTTYPES_H_WITH_UINTMAX 1
#define HAVE_STDINT_H_WITH_UINTMAX 1
#define HAVE_INTMAX_T 1
#define HAVE_STDINT_H 1
#define HAVE_STDINT_H 1
#define HAVE_ALLOCA_H 1
#define HAVE_ALLOCA 1
#define HAVE_SNPRINTF 1
#define HAVE_VASPRINTF 1
#define HAVE_DECL__SNPRINTF 0
#define HAVE_POSIX_PRINTF 1

configure: exit 0
