This file contains any messages produced by compilers while
running configure, to aid debugging if configure makes a mistake.

It was created by irssi configure 0.8.12, which was
generated by GNU Autoconf 2.61.  Invocation command line was

  $ ./configure --build i386 --host none-uclinux-uclibc --prefix=/usr --enable-static --disable-shared --with-ncurses=/home/andrewec/dslinux/lib/libncurses --disable-glibtest --with-perl-staticlib --with-perl=yes --enable-ipv6=no LDFLAGS=-Wl,-elf2flt -D__PIC__ -fpic -msingle-pic-base -mswp-byte-writes -L/home/andrewec/dslinux/lib -lintl -liconv CFLAGS=-I/home/andrewec/dslinux/include -O2 -g -fomit-frame-pointer -fno-common -fno-builtin -Wall  -mswp-byte-writes -DCONFIG_NDS_ROM8BIT -mcpu=arm946e-s -mfpu=fpe3 -DEMBED -D__PIC__ -fpic -msingle-pic-base -Dlinux -D__linux__ -Dunix -D__uClinux__

## --------- ##
## Platform. ##
## --------- ##

hostname = jenkins
uname -m = i686
uname -r = 3.2.0-4-686-pae
uname -s = Linux
uname -v = #1 SMP Debian 3.2.78-1

/usr/bin/uname -p = unknown
/bin/uname -X     = unknown

/bin/arch              = unknown
/usr/bin/arch -k       = unknown
/usr/convex/getsysinfo = unknown
/usr/bin/hostinfo      = unknown
/bin/machine           = unknown
/usr/bin/oslevel       = unknown
/bin/universe          = unknown

PATH: /usr/local/dslinux-toolchain-2008-01-24-i686/bin
PATH: /usr/local/bin
PATH: /usr/bin
PATH: /bin
PATH: /usr/local/games
PATH: /usr/games
PATH: /home/andrewec/dslinux/tools


## ----------- ##
## Core tests. ##
## ----------- ##

configure:2062: checking for a BSD-compatible install
configure:2118: result: /usr/bin/install -c
configure:2129: checking whether build environment is sane
configure:2172: result: yes
configure:2237: checking for gawk
configure:2253: found /usr/bin/gawk
configure:2264: result: gawk
configure:2275: checking whether make sets $(MAKE)
configure:2296: result: yes
configure:2363: checking for none-uclinux-uclibc-strip
configure:2390: result: arm-linux-elf-strip
configure:2472: checking whether to enable maintainer-specific portions of Makefiles
configure:2481: result: no
configure:2509: checking for style of include used by make
configure:2537: result: GNU
configure:2570: checking for none-uclinux-uclibc-gcc
configure:2597: result: ucfront-gcc arm-linux-elf-gcc 
configure:2875: checking for C compiler version
configure:2882: ucfront-gcc arm-linux-elf-gcc  --version >&5
arm-linux-elf-gcc (GCC) 4.0.4
Copyright (C) 2006 Free Software Foundation, Inc.
This is free software; see the source for copying conditions.  There is NO
warranty; not even for MERCHANTABILITY or FITNESS FOR A PARTICULAR PURPOSE.

configure:2885: $? = 0
configure:2892: ucfront-gcc arm-linux-elf-gcc  -v >&5
Using built-in specs.
Target: arm-linux-elf
Configured with: /src/toolchain/src/gcc-4.0.4/configure --prefix=/src/toolchain/prefix --with-sysroot=/src/toolchain/prefix/arm-linux-elf --target=arm-linux-elf --enable-languages=c,c++ --enable-multilib --with-cpu=arm7tdmi --with-gcc --with-gnu-ld --with-gnu-as --disable-shared --disable-threads --disable-nls --disable-libssp
Thread model: single
gcc version 4.0.4
configure:2895: $? = 0
configure:2902: ucfront-gcc arm-linux-elf-gcc  -V >&5
arm-linux-elf-gcc: '-V' option must have argument
configure:2905: $? = 1
configure:2928: checking for C compiler default output file name
configure:2955: ucfront-gcc arm-linux-elf-gcc  -I/home/andrewec/dslinux/include -O2 -g -fomit-frame-pointer -fno-common -fno-builtin -Wall  -mswp-byte-writes -DCONFIG_NDS_ROM8BIT -mcpu=arm946e-s -mfpu=fpe3 -DEMBED -D__PIC__ -fpic -msingle-pic-base -Dlinux -D__linux__ -Dunix -D__uClinux__  -Wl,-elf2flt -D__PIC__ -fpic -msingle-pic-base -mswp-byte-writes -L/home/andrewec/dslinux/lib -lintl -liconv conftest.c  >&5
No relocations in code!
configure:2958: $? = 0
configure:2996: result: a.out
configure:3013: checking whether the C compiler works
configure:3043: result: yes
configure:3050: checking whether we are cross compiling
configure:3052: result: yes
configure:3055: checking for suffix of executables
configure:3062: ucfront-gcc arm-linux-elf-gcc  -o conftest -I/home/andrewec/dslinux/include -O2 -g -fomit-frame-pointer -fno-common -fno-builtin -Wall  -mswp-byte-writes -DCONFIG_NDS_ROM8BIT -mcpu=arm946e-s -mfpu=fpe3 -DEMBED -D__PIC__ -fpic -msingle-pic-base -Dlinux -D__linux__ -Dunix -D__uClinux__  -Wl,-elf2flt -D__PIC__ -fpic -msingle-pic-base -mswp-byte-writes -L/home/andrewec/dslinux/lib -lintl -liconv conftest.c  >&5
No relocations in code!
configure:3065: $? = 0
configure:3089: result: 
configure:3095: checking for suffix of object files
configure:3121: ucfront-gcc arm-linux-elf-gcc  -c -I/home/andrewec/dslinux/include -O2 -g -fomit-frame-pointer -fno-common -fno-builtin -Wall  -mswp-byte-writes -DCONFIG_NDS_ROM8BIT -mcpu=arm946e-s -mfpu=fpe3 -DEMBED -D__PIC__ -fpic -msingle-pic-base -Dlinux -D__linux__ -Dunix -D__uClinux__  conftest.c >&5
configure:3124: $? = 0
configure:3147: result: o
configure:3151: checking whether we are using the GNU C compiler
configure:3180: ucfront-gcc arm-linux-elf-gcc  -c -I/home/andrewec/dslinux/include -O2 -g -fomit-frame-pointer -fno-common -fno-builtin -Wall  -mswp-byte-writes -DCONFIG_NDS_ROM8BIT -mcpu=arm946e-s -mfpu=fpe3 -DEMBED -D__PIC__ -fpic -msingle-pic-base -Dlinux -D__linux__ -Dunix -D__uClinux__  conftest.c >&5
configure:3186: $? = 0
configure:3203: result: yes
configure:3208: checking whether ucfront-gcc arm-linux-elf-gcc  accepts -g
configure:3238: ucfront-gcc arm-linux-elf-gcc  -c -g  conftest.c >&5
configure:3244: $? = 0
configure:3343: result: yes
configure:3360: checking for ucfront-gcc arm-linux-elf-gcc  option to accept ISO C89
configure:3434: ucfront-gcc arm-linux-elf-gcc   -c -I/home/andrewec/dslinux/include -O2 -g -fomit-frame-pointer -fno-common -fno-builtin -Wall  -mswp-byte-writes -DCONFIG_NDS_ROM8BIT -mcpu=arm946e-s -mfpu=fpe3 -DEMBED -D__PIC__ -fpic -msingle-pic-base -Dlinux -D__linux__ -Dunix -D__uClinux__  conftest.c >&5
configure:3440: $? = 0
configure:3463: result: none needed
configure:3483: checking dependency style of ucfront-gcc arm-linux-elf-gcc 
configure:3573: result: gcc3
configure:3591: checking for library containing strerror
configure:3632: ucfront-gcc arm-linux-elf-gcc  -o conftest -I/home/andrewec/dslinux/include -O2 -g -fomit-frame-pointer -fno-common -fno-builtin -Wall  -mswp-byte-writes -DCONFIG_NDS_ROM8BIT -mcpu=arm946e-s -mfpu=fpe3 -DEMBED -D__PIC__ -fpic -msingle-pic-base -Dlinux -D__linux__ -Dunix -D__uClinux__  -Wl,-elf2flt -D__PIC__ -fpic -msingle-pic-base -mswp-byte-writes -L/home/andrewec/dslinux/lib -lintl -liconv conftest.c  >&5
No relocations in code!
configure:3638: $? = 0
configure:3666: result: none required
configure:3682: checking for none-uclinux-uclibc-gcc
configure:3709: result: ucfront-gcc arm-linux-elf-gcc 
configure:3987: checking for C compiler version
configure:3994: ucfront-gcc arm-linux-elf-gcc  --version >&5
arm-linux-elf-gcc (GCC) 4.0.4
Copyright (C) 2006 Free Software Foundation, Inc.
This is free software; see the source for copying conditions.  There is NO
warranty; not even for MERCHANTABILITY or FITNESS FOR A PARTICULAR PURPOSE.

configure:3997: $? = 0
configure:4004: ucfront-gcc arm-linux-elf-gcc  -v >&5
Using built-in specs.
Target: arm-linux-elf
Configured with: /src/toolchain/src/gcc-4.0.4/configure --prefix=/src/toolchain/prefix --with-sysroot=/src/toolchain/prefix/arm-linux-elf --target=arm-linux-elf --enable-languages=c,c++ --enable-multilib --with-cpu=arm7tdmi --with-gcc --with-gnu-ld --with-gnu-as --disable-shared --disable-threads --disable-nls --disable-libssp
Thread model: single
gcc version 4.0.4
configure:4007: $? = 0
configure:4014: ucfront-gcc arm-linux-elf-gcc  -V >&5
arm-linux-elf-gcc: '-V' option must have argument
configure:4017: $? = 1
configure:4020: checking whether we are using the GNU C compiler
configure:4072: result: yes
configure:4077: checking whether ucfront-gcc arm-linux-elf-gcc  accepts -g
configure:4212: result: yes
configure:4229: checking for ucfront-gcc arm-linux-elf-gcc  option to accept ISO C89
configure:4332: result: none needed
configure:4352: checking dependency style of ucfront-gcc arm-linux-elf-gcc 
configure:4442: result: gcc3
configure:4464: checking how to run the C preprocessor
configure:4504: ucfront-gcc arm-linux-elf-gcc  -E  conftest.c
configure:4510: $? = 0
configure:4541: ucfront-gcc arm-linux-elf-gcc  -E  conftest.c
conftest.c:8:28: error: ac_nonexistent.h: No such file or directory
configure:4547: $? = 1
configure: failed program was:
| /* confdefs.h.  */
| #define PACKAGE_NAME "irssi"
| #define PACKAGE_TARNAME "irssi"
| #define PACKAGE_VERSION "0.8.12"
| #define PACKAGE_STRING "irssi 0.8.12"
| #define PACKAGE_BUGREPORT ""
| /* end confdefs.h.  */
| #include <ac_nonexistent.h>
configure:4580: result: ucfront-gcc arm-linux-elf-gcc  -E
configure:4609: ucfront-gcc arm-linux-elf-gcc  -E  conftest.c
configure:4615: $? = 0
configure:4646: ucfront-gcc arm-linux-elf-gcc  -E  conftest.c
conftest.c:8:28: error: ac_nonexistent.h: No such file or directory
configure:4652: $? = 1
configure: failed program was:
| /* confdefs.h.  */
| #define PACKAGE_NAME "irssi"
| #define PACKAGE_TARNAME "irssi"
| #define PACKAGE_VERSION "0.8.12"
| #define PACKAGE_STRING "irssi 0.8.12"
| #define PACKAGE_BUGREPORT ""
| /* end confdefs.h.  */
| #include <ac_nonexistent.h>
configure:4690: checking for grep that handles long lines and -e
configure:4764: result: /bin/grep
configure:4769: checking for egrep
configure:4847: result: /bin/grep -E
configure:4852: checking for ANSI C header files
configure:4882: ucfront-gcc arm-linux-elf-gcc  -c -I/home/andrewec/dslinux/include -O2 -g -fomit-frame-pointer -fno-common -fno-builtin -Wall  -mswp-byte-writes -DCONFIG_NDS_ROM8BIT -mcpu=arm946e-s -mfpu=fpe3 -DEMBED -D__PIC__ -fpic -msingle-pic-base -Dlinux -D__linux__ -Dunix -D__uClinux__  conftest.c >&5
configure:4888: $? = 0
configure:5016: result: yes
configure:5104: checking build system type
configure:5122: result: i386-pc-none
configure:5144: checking host system type
configure:5159: result: none-none-none
configure:5181: checking for a sed that does not truncate output
configure:5235: result: /bin/sed
configure:5249: checking for ld used by ucfront-gcc arm-linux-elf-gcc 
configure:5316: result: arm-linux-elf-ld
configure:5325: checking if the linker (arm-linux-elf-ld) is GNU ld
configure:5340: result: yes
configure:5345: checking for arm-linux-elf-ld option to reload object files
configure:5352: result: -r
configure:5370: checking for BSD-compatible nm
configure:5419: result: nm
configure:5423: checking whether ln -s works
configure:5427: result: yes
configure:5434: checking how to recognise dependent libraries
configure:5610: result: unknown
configure:5852: checking for sys/types.h
configure:5873: ucfront-gcc arm-linux-elf-gcc  -c -I/home/andrewec/dslinux/include -O2 -g -fomit-frame-pointer -fno-common -fno-builtin -Wall  -mswp-byte-writes -DCONFIG_NDS_ROM8BIT -mcpu=arm946e-s -mfpu=fpe3 -DEMBED -D__PIC__ -fpic -msingle-pic-base -Dlinux -D__linux__ -Dunix -D__uClinux__  conftest.c >&5
configure:5879: $? = 0
configure:5895: result: yes
configure:5852: checking for sys/stat.h
configure:5873: ucfront-gcc arm-linux-elf-gcc  -c -I/home/andrewec/dslinux/include -O2 -g -fomit-frame-pointer -fno-common -fno-builtin -Wall  -mswp-byte-writes -DCONFIG_NDS_ROM8BIT -mcpu=arm946e-s -mfpu=fpe3 -DEMBED -D__PIC__ -fpic -msingle-pic-base -Dlinux -D__linux__ -Dunix -D__uClinux__  conftest.c >&5
configure:5879: $? = 0
configure:5895: result: yes
configure:5852: checking for stdlib.h
configure:5873: ucfront-gcc arm-linux-elf-gcc  -c -I/home/andrewec/dslinux/include -O2 -g -fomit-frame-pointer -fno-common -fno-builtin -Wall  -mswp-byte-writes -DCONFIG_NDS_ROM8BIT -mcpu=arm946e-s -mfpu=fpe3 -DEMBED -D__PIC__ -fpic -msingle-pic-base -Dlinux -D__linux__ -Dunix -D__uClinux__  conftest.c >&5
configure:5879: $? = 0
configure:5895: result: yes
configure:5852: checking for string.h
configure:5873: ucfront-gcc arm-linux-elf-gcc  -c -I/home/andrewec/dslinux/include -O2 -g -fomit-frame-pointer -fno-common -fno-builtin -Wall  -mswp-byte-writes -DCONFIG_NDS_ROM8BIT -mcpu=arm946e-s -mfpu=fpe3 -DEMBED -D__PIC__ -fpic -msingle-pic-base -Dlinux -D__linux__ -Dunix -D__uClinux__  conftest.c >&5
configure:5879: $? = 0
configure:5895: result: yes
configure:5852: checking for memory.h
configure:5873: ucfront-gcc arm-linux-elf-gcc  -c -I/home/andrewec/dslinux/include -O2 -g -fomit-frame-pointer -fno-common -fno-builtin -Wall  -mswp-byte-writes -DCONFIG_NDS_ROM8BIT -mcpu=arm946e-s -mfpu=fpe3 -DEMBED -D__PIC__ -fpic -msingle-pic-base -Dlinux -D__linux__ -Dunix -D__uClinux__  conftest.c >&5
configure:5879: $? = 0
configure:5895: result: yes
configure:5852: checking for strings.h
configure:5873: ucfront-gcc arm-linux-elf-gcc  -c -I/home/andrewec/dslinux/include -O2 -g -fomit-frame-pointer -fno-common -fno-builtin -Wall  -mswp-byte-writes -DCONFIG_NDS_ROM8BIT -mcpu=arm946e-s -mfpu=fpe3 -DEMBED -D__PIC__ -fpic -msingle-pic-base -Dlinux -D__linux__ -Dunix -D__uClinux__  conftest.c >&5
configure:5879: $? = 0
configure:5895: result: yes
configure:5852: checking for inttypes.h
configure:5873: ucfront-gcc arm-linux-elf-gcc  -c -I/home/andrewec/dslinux/include -O2 -g -fomit-frame-pointer -fno-common -fno-builtin -Wall  -mswp-byte-writes -DCONFIG_NDS_ROM8BIT -mcpu=arm946e-s -mfpu=fpe3 -DEMBED -D__PIC__ -fpic -msingle-pic-base -Dlinux -D__linux__ -Dunix -D__uClinux__  conftest.c >&5
configure:5879: $? = 0
configure:5895: result: yes
configure:5852: checking for stdint.h
configure:5873: ucfront-gcc arm-linux-elf-gcc  -c -I/home/andrewec/dslinux/include -O2 -g -fomit-frame-pointer -fno-common -fno-builtin -Wall  -mswp-byte-writes -DCONFIG_NDS_ROM8BIT -mcpu=arm946e-s -mfpu=fpe3 -DEMBED -D__PIC__ -fpic -msingle-pic-base -Dlinux -D__linux__ -Dunix -D__uClinux__  conftest.c >&5
configure:5879: $? = 0
configure:5895: result: yes
configure:5852: checking for unistd.h
configure:5873: ucfront-gcc arm-linux-elf-gcc  -c -I/home/andrewec/dslinux/include -O2 -g -fomit-frame-pointer -fno-common -fno-builtin -Wall  -mswp-byte-writes -DCONFIG_NDS_ROM8BIT -mcpu=arm946e-s -mfpu=fpe3 -DEMBED -D__PIC__ -fpic -msingle-pic-base -Dlinux -D__linux__ -Dunix -D__uClinux__  conftest.c >&5
configure:5879: $? = 0
configure:5895: result: yes
configure:5922: checking dlfcn.h usability
configure:5939: ucfront-gcc arm-linux-elf-gcc  -c -I/home/andrewec/dslinux/include -O2 -g -fomit-frame-pointer -fno-common -fno-builtin -Wall  -mswp-byte-writes -DCONFIG_NDS_ROM8BIT -mcpu=arm946e-s -mfpu=fpe3 -DEMBED -D__PIC__ -fpic -msingle-pic-base -Dlinux -D__linux__ -Dunix -D__uClinux__  conftest.c >&5
configure:5945: $? = 0
configure:5959: result: yes
configure:5963: checking dlfcn.h presence
configure:5978: ucfront-gcc arm-linux-elf-gcc  -E  conftest.c
configure:5984: $? = 0
configure:5998: result: yes
configure:6026: checking for dlfcn.h
configure:6034: result: yes
configure:6163: checking for C++ compiler version
configure:6170: ucfront-g++ arm-linux-elf-g++  --version >&5
arm-linux-elf-g++ (GCC) 4.0.4
Copyright (C) 2006 Free Software Foundation, Inc.
This is free software; see the source for copying conditions.  There is NO
warranty; not even for MERCHANTABILITY or FITNESS FOR A PARTICULAR PURPOSE.

configure:6173: $? = 0
configure:6180: ucfront-g++ arm-linux-elf-g++  -v >&5
Using built-in specs.
Target: arm-linux-elf
Configured with: /src/toolchain/src/gcc-4.0.4/configure --prefix=/src/toolchain/prefix --with-sysroot=/src/toolchain/prefix/arm-linux-elf --target=arm-linux-elf --enable-languages=c,c++ --enable-multilib --with-cpu=arm7tdmi --with-gcc --with-gnu-ld --with-gnu-as --disable-shared --disable-threads --disable-nls --disable-libssp
Thread model: single
gcc version 4.0.4
configure:6183: $? = 0
configure:6190: ucfront-g++ arm-linux-elf-g++  -V >&5
arm-linux-elf-g++: '-V' option must have argument
configure:6193: $? = 1
configure:6196: checking whether we are using the GNU C++ compiler
configure:6225: ucfront-g++ arm-linux-elf-g++  -c -O2 -g -fomit-frame-pointer -fno-common -fno-builtin -Wall  -mswp-byte-writes -DCONFIG_NDS_ROM8BIT -mcpu=arm946e-s -mfpu=fpe3 -DEMBED -D__PIC__ -fpic -msingle-pic-base -Dlinux -D__linux__ -Dunix -D__uClinux__  -I /home/andrewec/dslinux/lib/uClibc++/include -fno-builtin -nostdinc++ -DGCC_HASCLASSVISIBILITY -Wno-deprecated  conftest.cpp >&5
configure:6231: $? = 0
configure:6248: result: yes
configure:6253: checking whether ucfront-g++ arm-linux-elf-g++  accepts -g
configure:6283: ucfront-g++ arm-linux-elf-g++  -c -g  conftest.cpp >&5
configure:6289: $? = 0
configure:6388: result: yes
configure:6413: checking dependency style of ucfront-g++ arm-linux-elf-g++ 
configure:6503: result: gcc3
configure:6530: checking how to run the C++ preprocessor
configure:6566: ucfront-g++ arm-linux-elf-g++  -E  conftest.cpp
configure:6572: $? = 0
configure:6603: ucfront-g++ arm-linux-elf-g++  -E  conftest.cpp
conftest.cpp:19:28: error: ac_nonexistent.h: No such file or directory
configure:6609: $? = 1
configure: failed program was:
| /* confdefs.h.  */
| #define PACKAGE_NAME "irssi"
| #define PACKAGE_TARNAME "irssi"
| #define PACKAGE_VERSION "0.8.12"
| #define PACKAGE_STRING "irssi 0.8.12"
| #define PACKAGE_BUGREPORT ""
| #define STDC_HEADERS 1
| #define HAVE_SYS_TYPES_H 1
| #define HAVE_SYS_STAT_H 1
| #define HAVE_STDLIB_H 1
| #define HAVE_STRING_H 1
| #define HAVE_MEMORY_H 1
| #define HAVE_STRINGS_H 1
| #define HAVE_INTTYPES_H 1
| #define HAVE_STDINT_H 1
| #define HAVE_UNISTD_H 1
| #define HAVE_DLFCN_H 1
| /* end confdefs.h.  */
| #include <ac_nonexistent.h>
configure:6642: result: ucfront-g++ arm-linux-elf-g++  -E
configure:6671: ucfront-g++ arm-linux-elf-g++  -E  conftest.cpp
configure:6677: $? = 0
configure:6708: ucfront-g++ arm-linux-elf-g++  -E  conftest.cpp
conftest.cpp:19:28: error: ac_nonexistent.h: No such file or directory
configure:6714: $? = 1
configure: failed program was:
| /* confdefs.h.  */
| #define PACKAGE_NAME "irssi"
| #define PACKAGE_TARNAME "irssi"
| #define PACKAGE_VERSION "0.8.12"
| #define PACKAGE_STRING "irssi 0.8.12"
| #define PACKAGE_BUGREPORT ""
| #define STDC_HEADERS 1
| #define HAVE_SYS_TYPES_H 1
| #define HAVE_SYS_STAT_H 1
| #define HAVE_STDLIB_H 1
| #define HAVE_STRING_H 1
| #define HAVE_MEMORY_H 1
| #define HAVE_STRINGS_H 1
| #define HAVE_INTTYPES_H 1
| #define HAVE_STDINT_H 1
| #define HAVE_UNISTD_H 1
| #define HAVE_DLFCN_H 1
| /* end confdefs.h.  */
| #include <ac_nonexistent.h>
configure:6763: checking for none-uclinux-uclibc-g77
configure:6793: result: no
configure:6763: checking for none-uclinux-uclibc-xlf
configure:6793: result: no
configure:6763: checking for none-uclinux-uclibc-f77
configure:6793: result: no
configure:6763: checking for none-uclinux-uclibc-frt
configure:6793: result: no
configure:6763: checking for none-uclinux-uclibc-pgf77
configure:6793: result: no
configure:6763: checking for none-uclinux-uclibc-cf77
configure:6793: result: no
configure:6763: checking for none-uclinux-uclibc-fort77
configure:6793: result: no
configure:6763: checking for none-uclinux-uclibc-fl32
configure:6793: result: no
configure:6763: checking for none-uclinux-uclibc-af77
configure:6793: result: no
configure:6763: checking for none-uclinux-uclibc-xlf90
configure:6793: result: no
configure:6763: checking for none-uclinux-uclibc-f90
configure:6793: result: no
configure:6763: checking for none-uclinux-uclibc-pgf90
configure:6793: result: no
configure:6763: checking for none-uclinux-uclibc-pghpf
configure:6793: result: no
configure:6763: checking for none-uclinux-uclibc-epcf90
configure:6793: result: no
configure:6763: checking for none-uclinux-uclibc-gfortran
configure:6793: result: no
configure:6763: checking for none-uclinux-uclibc-g95
configure:6793: result: no
configure:6763: checking for none-uclinux-uclibc-xlf95
configure:6793: result: no
configure:6763: checking for none-uclinux-uclibc-f95
configure:6793: result: no
configure:6763: checking for none-uclinux-uclibc-fort
configure:6793: result: no
configure:6763: checking for none-uclinux-uclibc-ifort
configure:6793: result: no
configure:6763: checking for none-uclinux-uclibc-ifc
configure:6793: result: no
configure:6763: checking for none-uclinux-uclibc-efc
configure:6793: result: no
configure:6763: checking for none-uclinux-uclibc-pgf95
configure:6793: result: no
configure:6763: checking for none-uclinux-uclibc-lf95
configure:6793: result: no
configure:6763: checking for none-uclinux-uclibc-ftn
configure:6793: result: no
configure:6807: checking for g77
configure:6837: result: no
configure:6807: checking for xlf
configure:6837: result: no
configure:6807: checking for f77
configure:6837: result: no
configure:6807: checking for frt
configure:6837: result: no
configure:6807: checking for pgf77
configure:6837: result: no
configure:6807: checking for cf77
configure:6837: result: no
configure:6807: checking for fort77
configure:6837: result: no
configure:6807: checking for fl32
configure:6837: result: no
configure:6807: checking for af77
configure:6837: result: no
configure:6807: checking for xlf90
configure:6837: result: no
configure:6807: checking for f90
configure:6837: result: no
configure:6807: checking for pgf90
configure:6837: result: no
configure:6807: checking for pghpf
configure:6837: result: no
configure:6807: checking for epcf90
configure:6837: result: no
configure:6807: checking for gfortran
configure:6837: result: no
configure:6807: checking for g95
configure:6837: result: no
configure:6807: checking for xlf95
configure:6837: result: no
configure:6807: checking for f95
configure:6837: result: no
configure:6807: checking for fort
configure:6837: result: no
configure:6807: checking for ifort
configure:6837: result: no
configure:6807: checking for ifc
configure:6837: result: no
configure:6807: checking for efc
configure:6837: result: no
configure:6807: checking for pgf95
configure:6837: result: no
configure:6807: checking for lf95
configure:6837: result: no
configure:6807: checking for ftn
configure:6837: result: no
configure:6864: checking for Fortran 77 compiler version
configure:6871:  --version >&5
./configure: line 6872: --version: command not found
configure:6874: $? = 127
configure:6881:  -v >&5
./configure: line 6882: -v: command not found
configure:6884: $? = 127
configure:6891:  -V >&5
./configure: line 6892: -V: command not found
configure:6894: $? = 127
configure:6902: checking whether we are using the GNU Fortran 77 compiler
configure:6921:  -c  conftest.F >&5
./configure: line 6922: -c: command not found
configure:6927: $? = 127
configure: failed program was:
|       program main
| #ifndef __GNUC__
|        choke me
| #endif
| 
|       end
configure:6944: result: no
configure:6950: checking whether  accepts -g
configure:6967:  -c -g conftest.f >&5
./configure: line 6968: -c: command not found
configure:6973: $? = 127
configure: failed program was:
|       program main
| 
|       end
configure:6989: result: no
configure:7019: checking the maximum length of command line arguments
configure:7128: result: 32768
configure:7139: checking command to parse nm output from ucfront-gcc arm-linux-elf-gcc  object
configure:7244: ucfront-gcc arm-linux-elf-gcc  -c -I/home/andrewec/dslinux/include -O2 -g -fomit-frame-pointer -fno-common -fno-builtin -Wall  -mswp-byte-writes -DCONFIG_NDS_ROM8BIT -mcpu=arm946e-s -mfpu=fpe3 -DEMBED -D__PIC__ -fpic -msingle-pic-base -Dlinux -D__linux__ -Dunix -D__uClinux__  conftest.c >&5
configure:7247: $? = 0
configure:7251: nm conftest.o \| sed -n -e 's/^.*[ 	]\([ABCDGIRSTW][ABCDGIRSTW]*\)[ 	][ 	]*\([_A-Za-z][_A-Za-z0-9]*\)$/\1 \2 \2/p' \> conftest.nm
configure:7254: $? = 0
configure:7306: ucfront-gcc arm-linux-elf-gcc  -o conftest -I/home/andrewec/dslinux/include -O2 -g -fomit-frame-pointer -fno-common -fno-builtin -Wall  -mswp-byte-writes -DCONFIG_NDS_ROM8BIT -mcpu=arm946e-s -mfpu=fpe3 -DEMBED -D__PIC__ -fpic -msingle-pic-base -Dlinux -D__linux__ -Dunix -D__uClinux__  -Wl,-elf2flt -D__PIC__ -fpic -msingle-pic-base -mswp-byte-writes -L/home/andrewec/dslinux/lib -lintl -liconv conftest.c conftstm.o >&5
configure:7309: $? = 0
configure:7347: result: ok
configure:7351: checking for objdir
configure:7366: result: .libs
configure:7418: checking for none-uclinux-uclibc-ar
configure:7445: result: arm-linux-elf-ar
configure:7514: checking for none-uclinux-uclibc-ranlib
configure:7541: result: arm-linux-elf-ranlib
configure:7610: checking for none-uclinux-uclibc-strip
configure:7637: result: arm-linux-elf-strip
configure:7963: checking if ucfront-gcc arm-linux-elf-gcc  supports -fno-rtti -fno-exceptions
configure:7981: ucfront-gcc arm-linux-elf-gcc  -c -I/home/andrewec/dslinux/include -O2 -g -fomit-frame-pointer -fno-common -fno-builtin -Wall  -mswp-byte-writes -DCONFIG_NDS_ROM8BIT -mcpu=arm946e-s -mfpu=fpe3 -DEMBED -D__PIC__ -fpic -msingle-pic-base -Dlinux -D__linux__ -Dunix -D__uClinux__  -fno-rtti -fno-exceptions conftest.c >&5
cc1: warning: command line option "-fno-rtti" is valid for C++/ObjC++ but not for C
configure:7985: $? = 0
configure:7998: result: no
configure:8013: checking for ucfront-gcc arm-linux-elf-gcc  option to produce PIC
configure:8223: result: -fPIC
configure:8231: checking if ucfront-gcc arm-linux-elf-gcc  PIC flag -fPIC works
configure:8249: ucfront-gcc arm-linux-elf-gcc  -c -I/home/andrewec/dslinux/include -O2 -g -fomit-frame-pointer -fno-common -fno-builtin -Wall  -mswp-byte-writes -DCONFIG_NDS_ROM8BIT -mcpu=arm946e-s -mfpu=fpe3 -DEMBED -D__PIC__ -fpic -msingle-pic-base -Dlinux -D__linux__ -Dunix -D__uClinux__  -fPIC -DPIC conftest.c >&5
configure:8253: $? = 0
configure:8266: result: yes
configure:8294: checking if ucfront-gcc arm-linux-elf-gcc  static flag -static works
No relocations in code!
configure:8322: result: yes
configure:8332: checking if ucfront-gcc arm-linux-elf-gcc  supports -c -o file.o
configure:8353: ucfront-gcc arm-linux-elf-gcc  -c -I/home/andrewec/dslinux/include -O2 -g -fomit-frame-pointer -fno-common -fno-builtin -Wall  -mswp-byte-writes -DCONFIG_NDS_ROM8BIT -mcpu=arm946e-s -mfpu=fpe3 -DEMBED -D__PIC__ -fpic -msingle-pic-base -Dlinux -D__linux__ -Dunix -D__uClinux__  -o out/conftest2.o conftest.c >&5
configure:8357: $? = 0
configure:8379: result: yes
configure:8405: checking whether the ucfront-gcc arm-linux-elf-gcc  linker (arm-linux-elf-ld) supports shared libraries
configure:9360: result: yes
configure:9427: checking dynamic linker characteristics
configure:10003: result: no
configure:10012: checking how to hardcode library paths into programs
configure:10037: result: immediate
configure:10051: checking whether stripping libraries is possible
configure:10056: result: yes
configure:10857: checking if libtool supports shared libraries
configure:10859: result: no
configure:10862: checking whether to build shared libraries
configure:10883: result: no
configure:10886: checking whether to build static libraries
configure:10890: result: yes
configure:10982: creating libtool
configure:11570: checking for ld used by ucfront-g++ arm-linux-elf-g++ 
configure:11637: result: arm-linux-elf-ld
configure:11646: checking if the linker (arm-linux-elf-ld) is GNU ld
configure:11661: result: yes
configure:11712: checking whether the ucfront-g++ arm-linux-elf-g++  linker (arm-linux-elf-ld) supports shared libraries
configure:12646: result: no
configure:12664: ucfront-g++ arm-linux-elf-g++  -c -O2 -g -fomit-frame-pointer -fno-common -fno-builtin -Wall  -mswp-byte-writes -DCONFIG_NDS_ROM8BIT -mcpu=arm946e-s -mfpu=fpe3 -DEMBED -D__PIC__ -fpic -msingle-pic-base -Dlinux -D__linux__ -Dunix -D__uClinux__  -I /home/andrewec/dslinux/lib/uClibc++/include -fno-builtin -nostdinc++ -DGCC_HASCLASSVISIBILITY -Wno-deprecated  conftest.cpp >&5
configure:12667: $? = 0
configure:12786: checking for ucfront-g++ arm-linux-elf-g++  option to produce PIC
configure:13060: result: -fPIC
configure:13068: checking if ucfront-g++ arm-linux-elf-g++  PIC flag -fPIC works
configure:13086: ucfront-g++ arm-linux-elf-g++  -c -O2 -g -fomit-frame-pointer -fno-common -fno-builtin -Wall  -mswp-byte-writes -DCONFIG_NDS_ROM8BIT -mcpu=arm946e-s -mfpu=fpe3 -DEMBED -D__PIC__ -fpic -msingle-pic-base -Dlinux -D__linux__ -Dunix -D__uClinux__  -I /home/andrewec/dslinux/lib/uClibc++/include -fno-builtin -nostdinc++ -DGCC_HASCLASSVISIBILITY -Wno-deprecated  -fPIC -DPIC conftest.cpp >&5
configure:13090: $? = 0
configure:13103: result: yes
configure:13131: checking if ucfront-g++ arm-linux-elf-g++  static flag -static works
No relocations in code!
configure:13159: result: yes
configure:13169: checking if ucfront-g++ arm-linux-elf-g++  supports -c -o file.o
configure:13190: ucfront-g++ arm-linux-elf-g++  -c -O2 -g -fomit-frame-pointer -fno-common -fno-builtin -Wall  -mswp-byte-writes -DCONFIG_NDS_ROM8BIT -mcpu=arm946e-s -mfpu=fpe3 -DEMBED -D__PIC__ -fpic -msingle-pic-base -Dlinux -D__linux__ -Dunix -D__uClinux__  -I /home/andrewec/dslinux/lib/uClibc++/include -fno-builtin -nostdinc++ -DGCC_HASCLASSVISIBILITY -Wno-deprecated  -o out/conftest2.o conftest.cpp >&5
configure:13194: $? = 0
configure:13216: result: yes
configure:13242: checking whether the ucfront-g++ arm-linux-elf-g++  linker (arm-linux-elf-ld) supports shared libraries
configure:13270: result: no
configure:13337: checking dynamic linker characteristics
configure:13913: result: no
configure:13922: checking how to hardcode library paths into programs
configure:13947: result: immediate
configure:20068: checking for sed
configure:20086: found /bin/sed
configure:20098: result: /bin/sed
configure:20108: checking for perl
configure:20126: found /usr/bin/perl
configure:20138: result: /usr/bin/perl
configure:20163: checking for string.h
configure:20169: result: yes
configure:20163: checking for stdlib.h
configure:20169: result: yes
configure:20163: checking for unistd.h
configure:20169: result: yes
configure:20173: checking dirent.h usability
configure:20190: ucfront-gcc arm-linux-elf-gcc  -c -I/home/andrewec/dslinux/include -O2 -g -fomit-frame-pointer -fno-common -fno-builtin -Wall  -mswp-byte-writes -DCONFIG_NDS_ROM8BIT -mcpu=arm946e-s -mfpu=fpe3 -DEMBED -D__PIC__ -fpic -msingle-pic-base -Dlinux -D__linux__ -Dunix -D__uClinux__  conftest.c >&5
configure:20196: $? = 0
configure:20210: result: yes
configure:20214: checking dirent.h presence
configure:20229: ucfront-gcc arm-linux-elf-gcc  -E  conftest.c
configure:20235: $? = 0
configure:20249: result: yes
configure:20277: checking for dirent.h
configure:20285: result: yes
configure:20173: checking sys/ioctl.h usability
configure:20190: ucfront-gcc arm-linux-elf-gcc  -c -I/home/andrewec/dslinux/include -O2 -g -fomit-frame-pointer -fno-common -fno-builtin -Wall  -mswp-byte-writes -DCONFIG_NDS_ROM8BIT -mcpu=arm946e-s -mfpu=fpe3 -DEMBED -D__PIC__ -fpic -msingle-pic-base -Dlinux -D__linux__ -Dunix -D__uClinux__  conftest.c >&5
configure:20196: $? = 0
configure:20210: result: yes
configure:20214: checking sys/ioctl.h presence
configure:20229: ucfront-gcc arm-linux-elf-gcc  -E  conftest.c
configure:20235: $? = 0
configure:20249: result: yes
configure:20277: checking for sys/ioctl.h
configure:20285: result: yes
configure:20173: checking sys/resource.h usability
configure:20190: ucfront-gcc arm-linux-elf-gcc  -c -I/home/andrewec/dslinux/include -O2 -g -fomit-frame-pointer -fno-common -fno-builtin -Wall  -mswp-byte-writes -DCONFIG_NDS_ROM8BIT -mcpu=arm946e-s -mfpu=fpe3 -DEMBED -D__PIC__ -fpic -msingle-pic-base -Dlinux -D__linux__ -Dunix -D__uClinux__  conftest.c >&5
configure:20196: $? = 0
configure:20210: result: yes
configure:20214: checking sys/resource.h presence
configure:20229: ucfront-gcc arm-linux-elf-gcc  -E  conftest.c
configure:20235: $? = 0
configure:20249: result: yes
configure:20277: checking for sys/resource.h
configure:20285: result: yes
configure:20317: checking sys/time.h usability
configure:20334: ucfront-gcc arm-linux-elf-gcc  -c -I/home/andrewec/dslinux/include -O2 -g -fomit-frame-pointer -fno-common -fno-builtin -Wall  -mswp-byte-writes -DCONFIG_NDS_ROM8BIT -mcpu=arm946e-s -mfpu=fpe3 -DEMBED -D__PIC__ -fpic -msingle-pic-base -Dlinux -D__linux__ -Dunix -D__uClinux__  conftest.c >&5
configure:20340: $? = 0
configure:20354: result: yes
configure:20358: checking sys/time.h presence
configure:20373: ucfront-gcc arm-linux-elf-gcc  -E  conftest.c
configure:20379: $? = 0
configure:20393: result: yes
configure:20421: checking for sys/time.h
configure:20429: result: yes
configure:20317: checking sys/utsname.h usability
configure:20334: ucfront-gcc arm-linux-elf-gcc  -c -I/home/andrewec/dslinux/include -O2 -g -fomit-frame-pointer -fno-common -fno-builtin -Wall  -mswp-byte-writes -DCONFIG_NDS_ROM8BIT -mcpu=arm946e-s -mfpu=fpe3 -DEMBED -D__PIC__ -fpic -msingle-pic-base -Dlinux -D__linux__ -Dunix -D__uClinux__  conftest.c >&5
configure:20340: $? = 0
configure:20354: result: yes
configure:20358: checking sys/utsname.h presence
configure:20373: ucfront-gcc arm-linux-elf-gcc  -E  conftest.c
configure:20379: $? = 0
configure:20393: result: yes
configure:20421: checking for sys/utsname.h
configure:20429: result: yes
configure:20317: checking regex.h usability
configure:20334: ucfront-gcc arm-linux-elf-gcc  -c -I/home/andrewec/dslinux/include -O2 -g -fomit-frame-pointer -fno-common -fno-builtin -Wall  -mswp-byte-writes -DCONFIG_NDS_ROM8BIT -mcpu=arm946e-s -mfpu=fpe3 -DEMBED -D__PIC__ -fpic -msingle-pic-base -Dlinux -D__linux__ -Dunix -D__uClinux__  conftest.c >&5
configure:20340: $? = 0
configure:20354: result: yes
configure:20358: checking regex.h presence
configure:20373: ucfront-gcc arm-linux-elf-gcc  -E  conftest.c
configure:20379: $? = 0
configure:20393: result: yes
configure:20421: checking for regex.h
configure:20429: result: yes
configure:20450: checking for special C compiler options needed for large files
configure:20543: result: no
configure:20549: checking for _FILE_OFFSET_BITS value needed for large files
configure:20584: ucfront-gcc arm-linux-elf-gcc  -c -I/home/andrewec/dslinux/include -O2 -g -fomit-frame-pointer -fno-common -fno-builtin -Wall  -mswp-byte-writes -DCONFIG_NDS_ROM8BIT -mcpu=arm946e-s -mfpu=fpe3 -DEMBED -D__PIC__ -fpic -msingle-pic-base -Dlinux -D__linux__ -Dunix -D__uClinux__  conftest.c >&5
conftest.c:34: warning: left shift count >= width of type
conftest.c:34: warning: left shift count >= width of type
conftest.c:36: error: size of array 'off_t_is_large' is negative
configure:20590: $? = 1
configure: failed program was:
| /* confdefs.h.  */
| #define PACKAGE_NAME "irssi"
| #define PACKAGE_TARNAME "irssi"
| #define PACKAGE_VERSION "0.8.12"
| #define PACKAGE_STRING "irssi 0.8.12"
| #define PACKAGE_BUGREPORT ""
| #define STDC_HEADERS 1
| #define HAVE_SYS_TYPES_H 1
| #define HAVE_SYS_STAT_H 1
| #define HAVE_STDLIB_H 1
| #define HAVE_STRING_H 1
| #define HAVE_MEMORY_H 1
| #define HAVE_STRINGS_H 1
| #define HAVE_INTTYPES_H 1
| #define HAVE_STDINT_H 1
| #define HAVE_UNISTD_H 1
| #define HAVE_DLFCN_H 1
| #define HAVE_STRING_H 1
| #define HAVE_STDLIB_H 1
| #define HAVE_UNISTD_H 1
| #define HAVE_DIRENT_H 1
| #define HAVE_SYS_IOCTL_H 1
| #define HAVE_SYS_RESOURCE_H 1
| #define HAVE_SYS_TIME_H 1
| #define HAVE_SYS_UTSNAME_H 1
| #define HAVE_REGEX_H 1
| /* end confdefs.h.  */
| #include <sys/types.h>
|  /* Check that off_t can represent 2**63 - 1 correctly.
|     We can't simply define LARGE_OFF_T to be 9223372036854775807,
|     since some C++ compilers masquerading as C compilers
|     incorrectly reject 9223372036854775807.  */
| #define LARGE_OFF_T (((off_t) 1 << 62) - 1 + ((off_t) 1 << 62))
|   int off_t_is_large[(LARGE_OFF_T % 2147483629 == 721
| 		       && LARGE_OFF_T % 2147483647 == 1)
| 		      ? 1 : -1];
| int
| main ()
| {
| 
|   ;
|   return 0;
| }
configure:20634: ucfront-gcc arm-linux-elf-gcc  -c -I/home/andrewec/dslinux/include -O2 -g -fomit-frame-pointer -fno-common -fno-builtin -Wall  -mswp-byte-writes -DCONFIG_NDS_ROM8BIT -mcpu=arm946e-s -mfpu=fpe3 -DEMBED -D__PIC__ -fpic -msingle-pic-base -Dlinux -D__linux__ -Dunix -D__uClinux__  conftest.c >&5
In file included from /home/andrewec/dslinux/uClibc/include/sys/types.h:26,
                 from conftest.c:29:
/home/andrewec/dslinux/uClibc/include/features.h:329:2: error: #error It appears you have defined _FILE_OFFSET_BITS=64. Unfortunately, uClibc was built without large file support enabled.
configure:20640: $? = 1
configure: failed program was:
| /* confdefs.h.  */
| #define PACKAGE_NAME "irssi"
| #define PACKAGE_TARNAME "irssi"
| #define PACKAGE_VERSION "0.8.12"
| #define PACKAGE_STRING "irssi 0.8.12"
| #define PACKAGE_BUGREPORT ""
| #define STDC_HEADERS 1
| #define HAVE_SYS_TYPES_H 1
| #define HAVE_SYS_STAT_H 1
| #define HAVE_STDLIB_H 1
| #define HAVE_STRING_H 1
| #define HAVE_MEMORY_H 1
| #define HAVE_STRINGS_H 1
| #define HAVE_INTTYPES_H 1
| #define HAVE_STDINT_H 1
| #define HAVE_UNISTD_H 1
| #define HAVE_DLFCN_H 1
| #define HAVE_STRING_H 1
| #define HAVE_STDLIB_H 1
| #define HAVE_UNISTD_H 1
| #define HAVE_DIRENT_H 1
| #define HAVE_SYS_IOCTL_H 1
| #define HAVE_SYS_RESOURCE_H 1
| #define HAVE_SYS_TIME_H 1
| #define HAVE_SYS_UTSNAME_H 1
| #define HAVE_REGEX_H 1
| /* end confdefs.h.  */
| #define _FILE_OFFSET_BITS 64
| #include <sys/types.h>
|  /* Check that off_t can represent 2**63 - 1 correctly.
|     We can't simply define LARGE_OFF_T to be 9223372036854775807,
|     since some C++ compilers masquerading as C compilers
|     incorrectly reject 9223372036854775807.  */
| #define LARGE_OFF_T (((off_t) 1 << 62) - 1 + ((off_t) 1 << 62))
|   int off_t_is_large[(LARGE_OFF_T % 2147483629 == 721
| 		       && LARGE_OFF_T % 2147483647 == 1)
| 		      ? 1 : -1];
| int
| main ()
| {
| 
|   ;
|   return 0;
| }
configure:20658: result: unknown
configure:20670: checking for _LARGE_FILES value needed for large files
configure:20705: ucfront-gcc arm-linux-elf-gcc  -c -I/home/andrewec/dslinux/include -O2 -g -fomit-frame-pointer -fno-common -fno-builtin -Wall  -mswp-byte-writes -DCONFIG_NDS_ROM8BIT -mcpu=arm946e-s -mfpu=fpe3 -DEMBED -D__PIC__ -fpic -msingle-pic-base -Dlinux -D__linux__ -Dunix -D__uClinux__  conftest.c >&5
conftest.c:34: warning: left shift count >= width of type
conftest.c:34: warning: left shift count >= width of type
conftest.c:36: error: size of array 'off_t_is_large' is negative
configure:20711: $? = 1
configure: failed program was:
| /* confdefs.h.  */
| #define PACKAGE_NAME "irssi"
| #define PACKAGE_TARNAME "irssi"
| #define PACKAGE_VERSION "0.8.12"
| #define PACKAGE_STRING "irssi 0.8.12"
| #define PACKAGE_BUGREPORT ""
| #define STDC_HEADERS 1
| #define HAVE_SYS_TYPES_H 1
| #define HAVE_SYS_STAT_H 1
| #define HAVE_STDLIB_H 1
| #define HAVE_STRING_H 1
| #define HAVE_MEMORY_H 1
| #define HAVE_STRINGS_H 1
| #define HAVE_INTTYPES_H 1
| #define HAVE_STDINT_H 1
| #define HAVE_UNISTD_H 1
| #define HAVE_DLFCN_H 1
| #define HAVE_STRING_H 1
| #define HAVE_STDLIB_H 1
| #define HAVE_UNISTD_H 1
| #define HAVE_DIRENT_H 1
| #define HAVE_SYS_IOCTL_H 1
| #define HAVE_SYS_RESOURCE_H 1
| #define HAVE_SYS_TIME_H 1
| #define HAVE_SYS_UTSNAME_H 1
| #define HAVE_REGEX_H 1
| /* end confdefs.h.  */
| #include <sys/types.h>
|  /* Check that off_t can represent 2**63 - 1 correctly.
|     We can't simply define LARGE_OFF_T to be 9223372036854775807,
|     since some C++ compilers masquerading as C compilers
|     incorrectly reject 9223372036854775807.  */
| #define LARGE_OFF_T (((off_t) 1 << 62) - 1 + ((off_t) 1 << 62))
|   int off_t_is_large[(LARGE_OFF_T % 2147483629 == 721
| 		       && LARGE_OFF_T % 2147483647 == 1)
| 		      ? 1 : -1];
| int
| main ()
| {
| 
|   ;
|   return 0;
| }
configure:20755: ucfront-gcc arm-linux-elf-gcc  -c -I/home/andrewec/dslinux/include -O2 -g -fomit-frame-pointer -fno-common -fno-builtin -Wall  -mswp-byte-writes -DCONFIG_NDS_ROM8BIT -mcpu=arm946e-s -mfpu=fpe3 -DEMBED -D__PIC__ -fpic -msingle-pic-base -Dlinux -D__linux__ -Dunix -D__uClinux__  conftest.c >&5
conftest.c:35: warning: left shift count >= width of type
conftest.c:35: warning: left shift count >= width of type
conftest.c:37: error: size of array 'off_t_is_large' is negative
configure:20761: $? = 1
configure: failed program was:
| /* confdefs.h.  */
| #define PACKAGE_NAME "irssi"
| #define PACKAGE_TARNAME "irssi"
| #define PACKAGE_VERSION "0.8.12"
| #define PACKAGE_STRING "irssi 0.8.12"
| #define PACKAGE_BUGREPORT ""
| #define STDC_HEADERS 1
| #define HAVE_SYS_TYPES_H 1
| #define HAVE_SYS_STAT_H 1
| #define HAVE_STDLIB_H 1
| #define HAVE_STRING_H 1
| #define HAVE_MEMORY_H 1
| #define HAVE_STRINGS_H 1
| #define HAVE_INTTYPES_H 1
| #define HAVE_STDINT_H 1
| #define HAVE_UNISTD_H 1
| #define HAVE_DLFCN_H 1
| #define HAVE_STRING_H 1
| #define HAVE_STDLIB_H 1
| #define HAVE_UNISTD_H 1
| #define HAVE_DIRENT_H 1
| #define HAVE_SYS_IOCTL_H 1
| #define HAVE_SYS_RESOURCE_H 1
| #define HAVE_SYS_TIME_H 1
| #define HAVE_SYS_UTSNAME_H 1
| #define HAVE_REGEX_H 1
| /* end confdefs.h.  */
| #define _LARGE_FILES 1
| #include <sys/types.h>
|  /* Check that off_t can represent 2**63 - 1 correctly.
|     We can't simply define LARGE_OFF_T to be 9223372036854775807,
|     since some C++ compilers masquerading as C compilers
|     incorrectly reject 9223372036854775807.  */
| #define LARGE_OFF_T (((off_t) 1 << 62) - 1 + ((off_t) 1 << 62))
|   int off_t_is_large[(LARGE_OFF_T % 2147483629 == 721
| 		       && LARGE_OFF_T % 2147483647 == 1)
| 		      ? 1 : -1];
| int
| main ()
| {
| 
|   ;
|   return 0;
| }
configure:20779: result: unknown
configure:21022: checking for mkfifo
configure:21078: ucfront-gcc arm-linux-elf-gcc  -o conftest -I/home/andrewec/dslinux/include -O2 -g -fomit-frame-pointer -fno-common -fno-builtin -Wall  -mswp-byte-writes -DCONFIG_NDS_ROM8BIT -mcpu=arm946e-s -mfpu=fpe3 -DEMBED -D__PIC__ -fpic -msingle-pic-base -Dlinux -D__linux__ -Dunix -D__uClinux__  -Wl,-elf2flt -D__PIC__ -fpic -msingle-pic-base -mswp-byte-writes -L/home/andrewec/dslinux/lib -lintl -liconv conftest.c  >&5
No relocations in code!
configure:21084: $? = 0
configure:21102: result: yes
configure:21022: checking for fcntl
configure:21078: ucfront-gcc arm-linux-elf-gcc  -o conftest -I/home/andrewec/dslinux/include -O2 -g -fomit-frame-pointer -fno-common -fno-builtin -Wall  -mswp-byte-writes -DCONFIG_NDS_ROM8BIT -mcpu=arm946e-s -mfpu=fpe3 -DEMBED -D__PIC__ -fpic -msingle-pic-base -Dlinux -D__linux__ -Dunix -D__uClinux__  -Wl,-elf2flt -D__PIC__ -fpic -msingle-pic-base -mswp-byte-writes -L/home/andrewec/dslinux/lib -lintl -liconv conftest.c  >&5
No relocations in code!
configure:21084: $? = 0
configure:21102: result: yes
configure:21022: checking for nl_langinfo
configure:21078: ucfront-gcc arm-linux-elf-gcc  -o conftest -I/home/andrewec/dslinux/include -O2 -g -fomit-frame-pointer -fno-common -fno-builtin -Wall  -mswp-byte-writes -DCONFIG_NDS_ROM8BIT -mcpu=arm946e-s -mfpu=fpe3 -DEMBED -D__PIC__ -fpic -msingle-pic-base -Dlinux -D__linux__ -Dunix -D__uClinux__  -Wl,-elf2flt -D__PIC__ -fpic -msingle-pic-base -mswp-byte-writes -L/home/andrewec/dslinux/lib -lintl -liconv conftest.c  >&5
No relocations in code!
configure:21084: $? = 0
configure:21102: result: yes
configure:21113: checking for socket
configure:21169: ucfront-gcc arm-linux-elf-gcc  -o conftest -I/home/andrewec/dslinux/include -O2 -g -fomit-frame-pointer -fno-common -fno-builtin -Wall  -mswp-byte-writes -DCONFIG_NDS_ROM8BIT -mcpu=arm946e-s -mfpu=fpe3 -DEMBED -D__PIC__ -fpic -msingle-pic-base -Dlinux -D__linux__ -Dunix -D__uClinux__  -Wl,-elf2flt -D__PIC__ -fpic -msingle-pic-base -mswp-byte-writes -L/home/andrewec/dslinux/lib -lintl -liconv conftest.c  >&5
No relocations in code!
configure:21175: $? = 0
configure:21192: result: yes
configure:21269: checking for inet_addr
configure:21325: ucfront-gcc arm-linux-elf-gcc  -o conftest -I/home/andrewec/dslinux/include -O2 -g -fomit-frame-pointer -fno-common -fno-builtin -Wall  -mswp-byte-writes -DCONFIG_NDS_ROM8BIT -mcpu=arm946e-s -mfpu=fpe3 -DEMBED -D__PIC__ -fpic -msingle-pic-base -Dlinux -D__linux__ -Dunix -D__uClinux__  -Wl,-elf2flt -D__PIC__ -fpic -msingle-pic-base -mswp-byte-writes -L/home/andrewec/dslinux/lib -lintl -liconv conftest.c  >&5
No relocations in code!
configure:21331: $? = 0
configure:21348: result: yes
configure:21429: checking for socklen_t
configure:21457: ucfront-gcc arm-linux-elf-gcc  -c -I/home/andrewec/dslinux/include -O2 -g -fomit-frame-pointer -fno-common -fno-builtin -Wall  -mswp-byte-writes -DCONFIG_NDS_ROM8BIT -mcpu=arm946e-s -mfpu=fpe3 -DEMBED -D__PIC__ -fpic -msingle-pic-base -Dlinux -D__linux__ -Dunix -D__uClinux__ -Wall  conftest.c >&5
conftest.c: In function 'main':
conftest.c:37: warning: unused variable 't'
configure:21463: $? = 0
configure:21486: result: yes
configure:21489: checking for int
configure:21519: ucfront-gcc arm-linux-elf-gcc  -c -I/home/andrewec/dslinux/include -O2 -g -fomit-frame-pointer -fno-common -fno-builtin -Wall  -mswp-byte-writes -DCONFIG_NDS_ROM8BIT -mcpu=arm946e-s -mfpu=fpe3 -DEMBED -D__PIC__ -fpic -msingle-pic-base -Dlinux -D__linux__ -Dunix -D__uClinux__ -Wall  conftest.c >&5
configure:21525: $? = 0
configure:21540: result: yes
configure:21547: checking size of int
configure:21578: ucfront-gcc arm-linux-elf-gcc  -c -I/home/andrewec/dslinux/include -O2 -g -fomit-frame-pointer -fno-common -fno-builtin -Wall  -mswp-byte-writes -DCONFIG_NDS_ROM8BIT -mcpu=arm946e-s -mfpu=fpe3 -DEMBED -D__PIC__ -fpic -msingle-pic-base -Dlinux -D__linux__ -Dunix -D__uClinux__ -Wall  conftest.c >&5
configure:21584: $? = 0
configure:21615: ucfront-gcc arm-linux-elf-gcc  -c -I/home/andrewec/dslinux/include -O2 -g -fomit-frame-pointer -fno-common -fno-builtin -Wall  -mswp-byte-writes -DCONFIG_NDS_ROM8BIT -mcpu=arm946e-s -mfpu=fpe3 -DEMBED -D__PIC__ -fpic -msingle-pic-base -Dlinux -D__linux__ -Dunix -D__uClinux__ -Wall  conftest.c >&5
conftest.c: In function 'main':
conftest.c:68: error: size of array 'test_array' is negative
configure:21621: $? = 1
configure: failed program was:
| /* confdefs.h.  */
| #define PACKAGE_NAME "irssi"
| #define PACKAGE_TARNAME "irssi"
| #define PACKAGE_VERSION "0.8.12"
| #define PACKAGE_STRING "irssi 0.8.12"
| #define PACKAGE_BUGREPORT ""
| #define STDC_HEADERS 1
| #define HAVE_SYS_TYPES_H 1
| #define HAVE_SYS_STAT_H 1
| #define HAVE_STDLIB_H 1
| #define HAVE_STRING_H 1
| #define HAVE_MEMORY_H 1
| #define HAVE_STRINGS_H 1
| #define HAVE_INTTYPES_H 1
| #define HAVE_STDINT_H 1
| #define HAVE_UNISTD_H 1
| #define HAVE_DLFCN_H 1
| #define HAVE_STRING_H 1
| #define HAVE_STDLIB_H 1
| #define HAVE_UNISTD_H 1
| #define HAVE_DIRENT_H 1
| #define HAVE_SYS_IOCTL_H 1
| #define HAVE_SYS_RESOURCE_H 1
| #define HAVE_SYS_TIME_H 1
| #define HAVE_SYS_UTSNAME_H 1
| #define HAVE_REGEX_H 1
| #define HAVE_MKFIFO 1
| #define HAVE_FCNTL 1
| #define HAVE_NL_LANGINFO 1
| /* end confdefs.h.  */
| #include <stdio.h>
| #ifdef HAVE_SYS_TYPES_H
| # include <sys/types.h>
| #endif
| #ifdef HAVE_SYS_STAT_H
| # include <sys/stat.h>
| #endif
| #ifdef STDC_HEADERS
| # include <stdlib.h>
| # include <stddef.h>
| #else
| # ifdef HAVE_STDLIB_H
| #  include <stdlib.h>
| # endif
| #endif
| #ifdef HAVE_STRING_H
| # if !defined STDC_HEADERS && defined HAVE_MEMORY_H
| #  include <memory.h>
| # endif
| # include <string.h>
| #endif
| #ifdef HAVE_STRINGS_H
| # include <strings.h>
| #endif
| #ifdef HAVE_INTTYPES_H
| # include <inttypes.h>
| #endif
| #ifdef HAVE_STDINT_H
| # include <stdint.h>
| #endif
| #ifdef HAVE_UNISTD_H
| # include <unistd.h>
| #endif
|    typedef int ac__type_sizeof_;
| int
| main ()
| {
| static int test_array [1 - 2 * !(((long int) (sizeof (ac__type_sizeof_))) <= 0)];
| test_array [0] = 0
| 
|   ;
|   return 0;
| }
configure:21615: ucfront-gcc arm-linux-elf-gcc  -c -I/home/andrewec/dslinux/include -O2 -g -fomit-frame-pointer -fno-common -fno-builtin -Wall  -mswp-byte-writes -DCONFIG_NDS_ROM8BIT -mcpu=arm946e-s -mfpu=fpe3 -DEMBED -D__PIC__ -fpic -msingle-pic-base -Dlinux -D__linux__ -Dunix -D__uClinux__ -Wall  conftest.c >&5
conftest.c: In function 'main':
conftest.c:68: error: size of array 'test_array' is negative
configure:21621: $? = 1
configure: failed program was:
| /* confdefs.h.  */
| #define PACKAGE_NAME "irssi"
| #define PACKAGE_TARNAME "irssi"
| #define PACKAGE_VERSION "0.8.12"
| #define PACKAGE_STRING "irssi 0.8.12"
| #define PACKAGE_BUGREPORT ""
| #define STDC_HEADERS 1
| #define HAVE_SYS_TYPES_H 1
| #define HAVE_SYS_STAT_H 1
| #define HAVE_STDLIB_H 1
| #define HAVE_STRING_H 1
| #define HAVE_MEMORY_H 1
| #define HAVE_STRINGS_H 1
| #define HAVE_INTTYPES_H 1
| #define HAVE_STDINT_H 1
| #define HAVE_UNISTD_H 1
| #define HAVE_DLFCN_H 1
| #define HAVE_STRING_H 1
| #define HAVE_STDLIB_H 1
| #define HAVE_UNISTD_H 1
| #define HAVE_DIRENT_H 1
| #define HAVE_SYS_IOCTL_H 1
| #define HAVE_SYS_RESOURCE_H 1
| #define HAVE_SYS_TIME_H 1
| #define HAVE_SYS_UTSNAME_H 1
| #define HAVE_REGEX_H 1
| #define HAVE_MKFIFO 1
| #define HAVE_FCNTL 1
| #define HAVE_NL_LANGINFO 1
| /* end confdefs.h.  */
| #include <stdio.h>
| #ifdef HAVE_SYS_TYPES_H
| # include <sys/types.h>
| #endif
| #ifdef HAVE_SYS_STAT_H
| # include <sys/stat.h>
| #endif
| #ifdef STDC_HEADERS
| # include <stdlib.h>
| # include <stddef.h>
| #else
| # ifdef HAVE_STDLIB_H
| #  include <stdlib.h>
| # endif
| #endif
| #ifdef HAVE_STRING_H
| # if !defined STDC_HEADERS && defined HAVE_MEMORY_H
| #  include <memory.h>
| # endif
| # include <string.h>
| #endif
| #ifdef HAVE_STRINGS_H
| # include <strings.h>
| #endif
| #ifdef HAVE_INTTYPES_H
| # include <inttypes.h>
| #endif
| #ifdef HAVE_STDINT_H
| # include <stdint.h>
| #endif
| #ifdef HAVE_UNISTD_H
| # include <unistd.h>
| #endif
|    typedef int ac__type_sizeof_;
| int
| main ()
| {
| static int test_array [1 - 2 * !(((long int) (sizeof (ac__type_sizeof_))) <= 1)];
| test_array [0] = 0
| 
|   ;
|   return 0;
| }
configure:21615: ucfront-gcc arm-linux-elf-gcc  -c -I/home/andrewec/dslinux/include -O2 -g -fomit-frame-pointer -fno-common -fno-builtin -Wall  -mswp-byte-writes -DCONFIG_NDS_ROM8BIT -mcpu=arm946e-s -mfpu=fpe3 -DEMBED -D__PIC__ -fpic -msingle-pic-base -Dlinux -D__linux__ -Dunix -D__uClinux__ -Wall  conftest.c >&5
conftest.c: In function 'main':
conftest.c:68: error: size of array 'test_array' is negative
configure:21621: $? = 1
configure: failed program was:
| /* confdefs.h.  */
| #define PACKAGE_NAME "irssi"
| #define PACKAGE_TARNAME "irssi"
| #define PACKAGE_VERSION "0.8.12"
| #define PACKAGE_STRING "irssi 0.8.12"
| #define PACKAGE_BUGREPORT ""
| #define STDC_HEADERS 1
| #define HAVE_SYS_TYPES_H 1
| #define HAVE_SYS_STAT_H 1
| #define HAVE_STDLIB_H 1
| #define HAVE_STRING_H 1
| #define HAVE_MEMORY_H 1
| #define HAVE_STRINGS_H 1
| #define HAVE_INTTYPES_H 1
| #define HAVE_STDINT_H 1
| #define HAVE_UNISTD_H 1
| #define HAVE_DLFCN_H 1
| #define HAVE_STRING_H 1
| #define HAVE_STDLIB_H 1
| #define HAVE_UNISTD_H 1
| #define HAVE_DIRENT_H 1
| #define HAVE_SYS_IOCTL_H 1
| #define HAVE_SYS_RESOURCE_H 1
| #define HAVE_SYS_TIME_H 1
| #define HAVE_SYS_UTSNAME_H 1
| #define HAVE_REGEX_H 1
| #define HAVE_MKFIFO 1
| #define HAVE_FCNTL 1
| #define HAVE_NL_LANGINFO 1
| /* end confdefs.h.  */
| #include <stdio.h>
| #ifdef HAVE_SYS_TYPES_H
| # include <sys/types.h>
| #endif
| #ifdef HAVE_SYS_STAT_H
| # include <sys/stat.h>
| #endif
| #ifdef STDC_HEADERS
| # include <stdlib.h>
| # include <stddef.h>
| #else
| # ifdef HAVE_STDLIB_H
| #  include <stdlib.h>
| # endif
| #endif
| #ifdef HAVE_STRING_H
| # if !defined STDC_HEADERS && defined HAVE_MEMORY_H
| #  include <memory.h>
| # endif
| # include <string.h>
| #endif
| #ifdef HAVE_STRINGS_H
| # include <strings.h>
| #endif
| #ifdef HAVE_INTTYPES_H
| # include <inttypes.h>
| #endif
| #ifdef HAVE_STDINT_H
| # include <stdint.h>
| #endif
| #ifdef HAVE_UNISTD_H
| # include <unistd.h>
| #endif
|    typedef int ac__type_sizeof_;
| int
| main ()
| {
| static int test_array [1 - 2 * !(((long int) (sizeof (ac__type_sizeof_))) <= 3)];
| test_array [0] = 0
| 
|   ;
|   return 0;
| }
configure:21615: ucfront-gcc arm-linux-elf-gcc  -c -I/home/andrewec/dslinux/include -O2 -g -fomit-frame-pointer -fno-common -fno-builtin -Wall  -mswp-byte-writes -DCONFIG_NDS_ROM8BIT -mcpu=arm946e-s -mfpu=fpe3 -DEMBED -D__PIC__ -fpic -msingle-pic-base -Dlinux -D__linux__ -Dunix -D__uClinux__ -Wall  conftest.c >&5
configure:21621: $? = 0
configure:21770: ucfront-gcc arm-linux-elf-gcc  -c -I/home/andrewec/dslinux/include -O2 -g -fomit-frame-pointer -fno-common -fno-builtin -Wall  -mswp-byte-writes -DCONFIG_NDS_ROM8BIT -mcpu=arm946e-s -mfpu=fpe3 -DEMBED -D__PIC__ -fpic -msingle-pic-base -Dlinux -D__linux__ -Dunix -D__uClinux__ -Wall  conftest.c >&5
configure:21776: $? = 0
configure:21770: ucfront-gcc arm-linux-elf-gcc  -c -I/home/andrewec/dslinux/include -O2 -g -fomit-frame-pointer -fno-common -fno-builtin -Wall  -mswp-byte-writes -DCONFIG_NDS_ROM8BIT -mcpu=arm946e-s -mfpu=fpe3 -DEMBED -D__PIC__ -fpic -msingle-pic-base -Dlinux -D__linux__ -Dunix -D__uClinux__ -Wall  conftest.c >&5
configure:21776: $? = 0
configure:21884: result: 4
configure:21894: checking for long
configure:21924: ucfront-gcc arm-linux-elf-gcc  -c -I/home/andrewec/dslinux/include -O2 -g -fomit-frame-pointer -fno-common -fno-builtin -Wall  -mswp-byte-writes -DCONFIG_NDS_ROM8BIT -mcpu=arm946e-s -mfpu=fpe3 -DEMBED -D__PIC__ -fpic -msingle-pic-base -Dlinux -D__linux__ -Dunix -D__uClinux__ -Wall  conftest.c >&5
configure:21930: $? = 0
configure:21945: result: yes
configure:21952: checking size of long
configure:21983: ucfront-gcc arm-linux-elf-gcc  -c -I/home/andrewec/dslinux/include -O2 -g -fomit-frame-pointer -fno-common -fno-builtin -Wall  -mswp-byte-writes -DCONFIG_NDS_ROM8BIT -mcpu=arm946e-s -mfpu=fpe3 -DEMBED -D__PIC__ -fpic -msingle-pic-base -Dlinux -D__linux__ -Dunix -D__uClinux__ -Wall  conftest.c >&5
configure:21989: $? = 0
configure:22020: ucfront-gcc arm-linux-elf-gcc  -c -I/home/andrewec/dslinux/include -O2 -g -fomit-frame-pointer -fno-common -fno-builtin -Wall  -mswp-byte-writes -DCONFIG_NDS_ROM8BIT -mcpu=arm946e-s -mfpu=fpe3 -DEMBED -D__PIC__ -fpic -msingle-pic-base -Dlinux -D__linux__ -Dunix -D__uClinux__ -Wall  conftest.c >&5
conftest.c: In function 'main':
conftest.c:69: error: size of array 'test_array' is negative
configure:22026: $? = 1
configure: failed program was:
| /* confdefs.h.  */
| #define PACKAGE_NAME "irssi"
| #define PACKAGE_TARNAME "irssi"
| #define PACKAGE_VERSION "0.8.12"
| #define PACKAGE_STRING "irssi 0.8.12"
| #define PACKAGE_BUGREPORT ""
| #define STDC_HEADERS 1
| #define HAVE_SYS_TYPES_H 1
| #define HAVE_SYS_STAT_H 1
| #define HAVE_STDLIB_H 1
| #define HAVE_STRING_H 1
| #define HAVE_MEMORY_H 1
| #define HAVE_STRINGS_H 1
| #define HAVE_INTTYPES_H 1
| #define HAVE_STDINT_H 1
| #define HAVE_UNISTD_H 1
| #define HAVE_DLFCN_H 1
| #define HAVE_STRING_H 1
| #define HAVE_STDLIB_H 1
| #define HAVE_UNISTD_H 1
| #define HAVE_DIRENT_H 1
| #define HAVE_SYS_IOCTL_H 1
| #define HAVE_SYS_RESOURCE_H 1
| #define HAVE_SYS_TIME_H 1
| #define HAVE_SYS_UTSNAME_H 1
| #define HAVE_REGEX_H 1
| #define HAVE_MKFIFO 1
| #define HAVE_FCNTL 1
| #define HAVE_NL_LANGINFO 1
| #define SIZEOF_INT 4
| /* end confdefs.h.  */
| #include <stdio.h>
| #ifdef HAVE_SYS_TYPES_H
| # include <sys/types.h>
| #endif
| #ifdef HAVE_SYS_STAT_H
| # include <sys/stat.h>
| #endif
| #ifdef STDC_HEADERS
| # include <stdlib.h>
| # include <stddef.h>
| #else
| # ifdef HAVE_STDLIB_H
| #  include <stdlib.h>
| # endif
| #endif
| #ifdef HAVE_STRING_H
| # if !defined STDC_HEADERS && defined HAVE_MEMORY_H
| #  include <memory.h>
| # endif
| # include <string.h>
| #endif
| #ifdef HAVE_STRINGS_H
| # include <strings.h>
| #endif
| #ifdef HAVE_INTTYPES_H
| # include <inttypes.h>
| #endif
| #ifdef HAVE_STDINT_H
| # include <stdint.h>
| #endif
| #ifdef HAVE_UNISTD_H
| # include <unistd.h>
| #endif
|    typedef long ac__type_sizeof_;
| int
| main ()
| {
| static int test_array [1 - 2 * !(((long int) (sizeof (ac__type_sizeof_))) <= 0)];
| test_array [0] = 0
| 
|   ;
|   return 0;
| }
configure:22020: ucfront-gcc arm-linux-elf-gcc  -c -I/home/andrewec/dslinux/include -O2 -g -fomit-frame-pointer -fno-common -fno-builtin -Wall  -mswp-byte-writes -DCONFIG_NDS_ROM8BIT -mcpu=arm946e-s -mfpu=fpe3 -DEMBED -D__PIC__ -fpic -msingle-pic-base -Dlinux -D__linux__ -Dunix -D__uClinux__ -Wall  conftest.c >&5
conftest.c: In function 'main':
conftest.c:69: error: size of array 'test_array' is negative
configure:22026: $? = 1
configure: failed program was:
| /* confdefs.h.  */
| #define PACKAGE_NAME "irssi"
| #define PACKAGE_TARNAME "irssi"
| #define PACKAGE_VERSION "0.8.12"
| #define PACKAGE_STRING "irssi 0.8.12"
| #define PACKAGE_BUGREPORT ""
| #define STDC_HEADERS 1
| #define HAVE_SYS_TYPES_H 1
| #define HAVE_SYS_STAT_H 1
| #define HAVE_STDLIB_H 1
| #define HAVE_STRING_H 1
| #define HAVE_MEMORY_H 1
| #define HAVE_STRINGS_H 1
| #define HAVE_INTTYPES_H 1
| #define HAVE_STDINT_H 1
| #define HAVE_UNISTD_H 1
| #define HAVE_DLFCN_H 1
| #define HAVE_STRING_H 1
| #define HAVE_STDLIB_H 1
| #define HAVE_UNISTD_H 1
| #define HAVE_DIRENT_H 1
| #define HAVE_SYS_IOCTL_H 1
| #define HAVE_SYS_RESOURCE_H 1
| #define HAVE_SYS_TIME_H 1
| #define HAVE_SYS_UTSNAME_H 1
| #define HAVE_REGEX_H 1
| #define HAVE_MKFIFO 1
| #define HAVE_FCNTL 1
| #define HAVE_NL_LANGINFO 1
| #define SIZEOF_INT 4
| /* end confdefs.h.  */
| #include <stdio.h>
| #ifdef HAVE_SYS_TYPES_H
| # include <sys/types.h>
| #endif
| #ifdef HAVE_SYS_STAT_H
| # include <sys/stat.h>
| #endif
| #ifdef STDC_HEADERS
| # include <stdlib.h>
| # include <stddef.h>
| #else
| # ifdef HAVE_STDLIB_H
| #  include <stdlib.h>
| # endif
| #endif
| #ifdef HAVE_STRING_H
| # if !defined STDC_HEADERS && defined HAVE_MEMORY_H
| #  include <memory.h>
| # endif
| # include <string.h>
| #endif
| #ifdef HAVE_STRINGS_H
| # include <strings.h>
| #endif
| #ifdef HAVE_INTTYPES_H
| # include <inttypes.h>
| #endif
| #ifdef HAVE_STDINT_H
| # include <stdint.h>
| #endif
| #ifdef HAVE_UNISTD_H
| # include <unistd.h>
| #endif
|    typedef long ac__type_sizeof_;
| int
| main ()
| {
| static int test_array [1 - 2 * !(((long int) (sizeof (ac__type_sizeof_))) <= 1)];
| test_array [0] = 0
| 
|   ;
|   return 0;
| }
configure:22020: ucfront-gcc arm-linux-elf-gcc  -c -I/home/andrewec/dslinux/include -O2 -g -fomit-frame-pointer -fno-common -fno-builtin -Wall  -mswp-byte-writes -DCONFIG_NDS_ROM8BIT -mcpu=arm946e-s -mfpu=fpe3 -DEMBED -D__PIC__ -fpic -msingle-pic-base -Dlinux -D__linux__ -Dunix -D__uClinux__ -Wall  conftest.c >&5
conftest.c: In function 'main':
conftest.c:69: error: size of array 'test_array' is negative
configure:22026: $? = 1
configure: failed program was:
| /* confdefs.h.  */
| #define PACKAGE_NAME "irssi"
| #define PACKAGE_TARNAME "irssi"
| #define PACKAGE_VERSION "0.8.12"
| #define PACKAGE_STRING "irssi 0.8.12"
| #define PACKAGE_BUGREPORT ""
| #define STDC_HEADERS 1
| #define HAVE_SYS_TYPES_H 1
| #define HAVE_SYS_STAT_H 1
| #define HAVE_STDLIB_H 1
| #define HAVE_STRING_H 1
| #define HAVE_MEMORY_H 1
| #define HAVE_STRINGS_H 1
| #define HAVE_INTTYPES_H 1
| #define HAVE_STDINT_H 1
| #define HAVE_UNISTD_H 1
| #define HAVE_DLFCN_H 1
| #define HAVE_STRING_H 1
| #define HAVE_STDLIB_H 1
| #define HAVE_UNISTD_H 1
| #define HAVE_DIRENT_H 1
| #define HAVE_SYS_IOCTL_H 1
| #define HAVE_SYS_RESOURCE_H 1
| #define HAVE_SYS_TIME_H 1
| #define HAVE_SYS_UTSNAME_H 1
| #define HAVE_REGEX_H 1
| #define HAVE_MKFIFO 1
| #define HAVE_FCNTL 1
| #define HAVE_NL_LANGINFO 1
| #define SIZEOF_INT 4
| /* end confdefs.h.  */
| #include <stdio.h>
| #ifdef HAVE_SYS_TYPES_H
| # include <sys/types.h>
| #endif
| #ifdef HAVE_SYS_STAT_H
| # include <sys/stat.h>
| #endif
| #ifdef STDC_HEADERS
| # include <stdlib.h>
| # include <stddef.h>
| #else
| # ifdef HAVE_STDLIB_H
| #  include <stdlib.h>
| # endif
| #endif
| #ifdef HAVE_STRING_H
| # if !defined STDC_HEADERS && defined HAVE_MEMORY_H
| #  include <memory.h>
| # endif
| # include <string.h>
| #endif
| #ifdef HAVE_STRINGS_H
| # include <strings.h>
| #endif
| #ifdef HAVE_INTTYPES_H
| # include <inttypes.h>
| #endif
| #ifdef HAVE_STDINT_H
| # include <stdint.h>
| #endif
| #ifdef HAVE_UNISTD_H
| # include <unistd.h>
| #endif
|    typedef long ac__type_sizeof_;
| int
| main ()
| {
| static int test_array [1 - 2 * !(((long int) (sizeof (ac__type_sizeof_))) <= 3)];
| test_array [0] = 0
| 
|   ;
|   return 0;
| }
configure:22020: ucfront-gcc arm-linux-elf-gcc  -c -I/home/andrewec/dslinux/include -O2 -g -fomit-frame-pointer -fno-common -fno-builtin -Wall  -mswp-byte-writes -DCONFIG_NDS_ROM8BIT -mcpu=arm946e-s -mfpu=fpe3 -DEMBED -D__PIC__ -fpic -msingle-pic-base -Dlinux -D__linux__ -Dunix -D__uClinux__ -Wall  conftest.c >&5
configure:22026: $? = 0
configure:22175: ucfront-gcc arm-linux-elf-gcc  -c -I/home/andrewec/dslinux/include -O2 -g -fomit-frame-pointer -fno-common -fno-builtin -Wall  -mswp-byte-writes -DCONFIG_NDS_ROM8BIT -mcpu=arm946e-s -mfpu=fpe3 -DEMBED -D__PIC__ -fpic -msingle-pic-base -Dlinux -D__linux__ -Dunix -D__uClinux__ -Wall  conftest.c >&5
configure:22181: $? = 0
configure:22175: ucfront-gcc arm-linux-elf-gcc  -c -I/home/andrewec/dslinux/include -O2 -g -fomit-frame-pointer -fno-common -fno-builtin -Wall  -mswp-byte-writes -DCONFIG_NDS_ROM8BIT -mcpu=arm946e-s -mfpu=fpe3 -DEMBED -D__PIC__ -fpic -msingle-pic-base -Dlinux -D__linux__ -Dunix -D__uClinux__ -Wall  conftest.c >&5
configure:22181: $? = 0
configure:22289: result: 4
configure:22299: checking for long long
configure:22329: ucfront-gcc arm-linux-elf-gcc  -c -I/home/andrewec/dslinux/include -O2 -g -fomit-frame-pointer -fno-common -fno-builtin -Wall  -mswp-byte-writes -DCONFIG_NDS_ROM8BIT -mcpu=arm946e-s -mfpu=fpe3 -DEMBED -D__PIC__ -fpic -msingle-pic-base -Dlinux -D__linux__ -Dunix -D__uClinux__ -Wall  conftest.c >&5
configure:22335: $? = 0
configure:22350: result: yes
configure:22357: checking size of long long
configure:22388: ucfront-gcc arm-linux-elf-gcc  -c -I/home/andrewec/dslinux/include -O2 -g -fomit-frame-pointer -fno-common -fno-builtin -Wall  -mswp-byte-writes -DCONFIG_NDS_ROM8BIT -mcpu=arm946e-s -mfpu=fpe3 -DEMBED -D__PIC__ -fpic -msingle-pic-base -Dlinux -D__linux__ -Dunix -D__uClinux__ -Wall  conftest.c >&5
configure:22394: $? = 0
configure:22425: ucfront-gcc arm-linux-elf-gcc  -c -I/home/andrewec/dslinux/include -O2 -g -fomit-frame-pointer -fno-common -fno-builtin -Wall  -mswp-byte-writes -DCONFIG_NDS_ROM8BIT -mcpu=arm946e-s -mfpu=fpe3 -DEMBED -D__PIC__ -fpic -msingle-pic-base -Dlinux -D__linux__ -Dunix -D__uClinux__ -Wall  conftest.c >&5
conftest.c: In function 'main':
conftest.c:70: error: size of array 'test_array' is negative
configure:22431: $? = 1
configure: failed program was:
| /* confdefs.h.  */
| #define PACKAGE_NAME "irssi"
| #define PACKAGE_TARNAME "irssi"
| #define PACKAGE_VERSION "0.8.12"
| #define PACKAGE_STRING "irssi 0.8.12"
| #define PACKAGE_BUGREPORT ""
| #define STDC_HEADERS 1
| #define HAVE_SYS_TYPES_H 1
| #define HAVE_SYS_STAT_H 1
| #define HAVE_STDLIB_H 1
| #define HAVE_STRING_H 1
| #define HAVE_MEMORY_H 1
| #define HAVE_STRINGS_H 1
| #define HAVE_INTTYPES_H 1
| #define HAVE_STDINT_H 1
| #define HAVE_UNISTD_H 1
| #define HAVE_DLFCN_H 1
| #define HAVE_STRING_H 1
| #define HAVE_STDLIB_H 1
| #define HAVE_UNISTD_H 1
| #define HAVE_DIRENT_H 1
| #define HAVE_SYS_IOCTL_H 1
| #define HAVE_SYS_RESOURCE_H 1
| #define HAVE_SYS_TIME_H 1
| #define HAVE_SYS_UTSNAME_H 1
| #define HAVE_REGEX_H 1
| #define HAVE_MKFIFO 1
| #define HAVE_FCNTL 1
| #define HAVE_NL_LANGINFO 1
| #define SIZEOF_INT 4
| #define SIZEOF_LONG 4
| /* end confdefs.h.  */
| #include <stdio.h>
| #ifdef HAVE_SYS_TYPES_H
| # include <sys/types.h>
| #endif
| #ifdef HAVE_SYS_STAT_H
| # include <sys/stat.h>
| #endif
| #ifdef STDC_HEADERS
| # include <stdlib.h>
| # include <stddef.h>
| #else
| # ifdef HAVE_STDLIB_H
| #  include <stdlib.h>
| # endif
| #endif
| #ifdef HAVE_STRING_H
| # if !defined STDC_HEADERS && defined HAVE_MEMORY_H
| #  include <memory.h>
| # endif
| # include <string.h>
| #endif
| #ifdef HAVE_STRINGS_H
| # include <strings.h>
| #endif
| #ifdef HAVE_INTTYPES_H
| # include <inttypes.h>
| #endif
| #ifdef HAVE_STDINT_H
| # include <stdint.h>
| #endif
| #ifdef HAVE_UNISTD_H
| # include <unistd.h>
| #endif
|    typedef long long ac__type_sizeof_;
| int
| main ()
| {
| static int test_array [1 - 2 * !(((long int) (sizeof (ac__type_sizeof_))) <= 0)];
| test_array [0] = 0
| 
|   ;
|   return 0;
| }
configure:22425: ucfront-gcc arm-linux-elf-gcc  -c -I/home/andrewec/dslinux/include -O2 -g -fomit-frame-pointer -fno-common -fno-builtin -Wall  -mswp-byte-writes -DCONFIG_NDS_ROM8BIT -mcpu=arm946e-s -mfpu=fpe3 -DEMBED -D__PIC__ -fpic -msingle-pic-base -Dlinux -D__linux__ -Dunix -D__uClinux__ -Wall  conftest.c >&5
conftest.c: In function 'main':
conftest.c:70: error: size of array 'test_array' is negative
configure:22431: $? = 1
configure: failed program was:
| /* confdefs.h.  */
| #define PACKAGE_NAME "irssi"
| #define PACKAGE_TARNAME "irssi"
| #define PACKAGE_VERSION "0.8.12"
| #define PACKAGE_STRING "irssi 0.8.12"
| #define PACKAGE_BUGREPORT ""
| #define STDC_HEADERS 1
| #define HAVE_SYS_TYPES_H 1
| #define HAVE_SYS_STAT_H 1
| #define HAVE_STDLIB_H 1
| #define HAVE_STRING_H 1
| #define HAVE_MEMORY_H 1
| #define HAVE_STRINGS_H 1
| #define HAVE_INTTYPES_H 1
| #define HAVE_STDINT_H 1
| #define HAVE_UNISTD_H 1
| #define HAVE_DLFCN_H 1
| #define HAVE_STRING_H 1
| #define HAVE_STDLIB_H 1
| #define HAVE_UNISTD_H 1
| #define HAVE_DIRENT_H 1
| #define HAVE_SYS_IOCTL_H 1
| #define HAVE_SYS_RESOURCE_H 1
| #define HAVE_SYS_TIME_H 1
| #define HAVE_SYS_UTSNAME_H 1
| #define HAVE_REGEX_H 1
| #define HAVE_MKFIFO 1
| #define HAVE_FCNTL 1
| #define HAVE_NL_LANGINFO 1
| #define SIZEOF_INT 4
| #define SIZEOF_LONG 4
| /* end confdefs.h.  */
| #include <stdio.h>
| #ifdef HAVE_SYS_TYPES_H
| # include <sys/types.h>
| #endif
| #ifdef HAVE_SYS_STAT_H
| # include <sys/stat.h>
| #endif
| #ifdef STDC_HEADERS
| # include <stdlib.h>
| # include <stddef.h>
| #else
| # ifdef HAVE_STDLIB_H
| #  include <stdlib.h>
| # endif
| #endif
| #ifdef HAVE_STRING_H
| # if !defined STDC_HEADERS && defined HAVE_MEMORY_H
| #  include <memory.h>
| # endif
| # include <string.h>
| #endif
| #ifdef HAVE_STRINGS_H
| # include <strings.h>
| #endif
| #ifdef HAVE_INTTYPES_H
| # include <inttypes.h>
| #endif
| #ifdef HAVE_STDINT_H
| # include <stdint.h>
| #endif
| #ifdef HAVE_UNISTD_H
| # include <unistd.h>
| #endif
|    typedef long long ac__type_sizeof_;
| int
| main ()
| {
| static int test_array [1 - 2 * !(((long int) (sizeof (ac__type_sizeof_))) <= 1)];
| test_array [0] = 0
| 
|   ;
|   return 0;
| }
configure:22425: ucfront-gcc arm-linux-elf-gcc  -c -I/home/andrewec/dslinux/include -O2 -g -fomit-frame-pointer -fno-common -fno-builtin -Wall  -mswp-byte-writes -DCONFIG_NDS_ROM8BIT -mcpu=arm946e-s -mfpu=fpe3 -DEMBED -D__PIC__ -fpic -msingle-pic-base -Dlinux -D__linux__ -Dunix -D__uClinux__ -Wall  conftest.c >&5
conftest.c: In function 'main':
conftest.c:70: error: size of array 'test_array' is negative
configure:22431: $? = 1
configure: failed program was:
| /* confdefs.h.  */
| #define PACKAGE_NAME "irssi"
| #define PACKAGE_TARNAME "irssi"
| #define PACKAGE_VERSION "0.8.12"
| #define PACKAGE_STRING "irssi 0.8.12"
| #define PACKAGE_BUGREPORT ""
| #define STDC_HEADERS 1
| #define HAVE_SYS_TYPES_H 1
| #define HAVE_SYS_STAT_H 1
| #define HAVE_STDLIB_H 1
| #define HAVE_STRING_H 1
| #define HAVE_MEMORY_H 1
| #define HAVE_STRINGS_H 1
| #define HAVE_INTTYPES_H 1
| #define HAVE_STDINT_H 1
| #define HAVE_UNISTD_H 1
| #define HAVE_DLFCN_H 1
| #define HAVE_STRING_H 1
| #define HAVE_STDLIB_H 1
| #define HAVE_UNISTD_H 1
| #define HAVE_DIRENT_H 1
| #define HAVE_SYS_IOCTL_H 1
| #define HAVE_SYS_RESOURCE_H 1
| #define HAVE_SYS_TIME_H 1
| #define HAVE_SYS_UTSNAME_H 1
| #define HAVE_REGEX_H 1
| #define HAVE_MKFIFO 1
| #define HAVE_FCNTL 1
| #define HAVE_NL_LANGINFO 1
| #define SIZEOF_INT 4
| #define SIZEOF_LONG 4
| /* end confdefs.h.  */
| #include <stdio.h>
| #ifdef HAVE_SYS_TYPES_H
| # include <sys/types.h>
| #endif
| #ifdef HAVE_SYS_STAT_H
| # include <sys/stat.h>
| #endif
| #ifdef STDC_HEADERS
| # include <stdlib.h>
| # include <stddef.h>
| #else
| # ifdef HAVE_STDLIB_H
| #  include <stdlib.h>
| # endif
| #endif
| #ifdef HAVE_STRING_H
| # if !defined STDC_HEADERS && defined HAVE_MEMORY_H
| #  include <memory.h>
| # endif
| # include <string.h>
| #endif
| #ifdef HAVE_STRINGS_H
| # include <strings.h>
| #endif
| #ifdef HAVE_INTTYPES_H
| # include <inttypes.h>
| #endif
| #ifdef HAVE_STDINT_H
| # include <stdint.h>
| #endif
| #ifdef HAVE_UNISTD_H
| # include <unistd.h>
| #endif
|    typedef long long ac__type_sizeof_;
| int
| main ()
| {
| static int test_array [1 - 2 * !(((long int) (sizeof (ac__type_sizeof_))) <= 3)];
| test_array [0] = 0
| 
|   ;
|   return 0;
| }
configure:22425: ucfront-gcc arm-linux-elf-gcc  -c -I/home/andrewec/dslinux/include -O2 -g -fomit-frame-pointer -fno-common -fno-builtin -Wall  -mswp-byte-writes -DCONFIG_NDS_ROM8BIT -mcpu=arm946e-s -mfpu=fpe3 -DEMBED -D__PIC__ -fpic -msingle-pic-base -Dlinux -D__linux__ -Dunix -D__uClinux__ -Wall  conftest.c >&5
conftest.c: In function 'main':
conftest.c:70: error: size of array 'test_array' is negative
configure:22431: $? = 1
configure: failed program was:
| /* confdefs.h.  */
| #define PACKAGE_NAME "irssi"
| #define PACKAGE_TARNAME "irssi"
| #define PACKAGE_VERSION "0.8.12"
| #define PACKAGE_STRING "irssi 0.8.12"
| #define PACKAGE_BUGREPORT ""
| #define STDC_HEADERS 1
| #define HAVE_SYS_TYPES_H 1
| #define HAVE_SYS_STAT_H 1
| #define HAVE_STDLIB_H 1
| #define HAVE_STRING_H 1
| #define HAVE_MEMORY_H 1
| #define HAVE_STRINGS_H 1
| #define HAVE_INTTYPES_H 1
| #define HAVE_STDINT_H 1
| #define HAVE_UNISTD_H 1
| #define HAVE_DLFCN_H 1
| #define HAVE_STRING_H 1
| #define HAVE_STDLIB_H 1
| #define HAVE_UNISTD_H 1
| #define HAVE_DIRENT_H 1
| #define HAVE_SYS_IOCTL_H 1
| #define HAVE_SYS_RESOURCE_H 1
| #define HAVE_SYS_TIME_H 1
| #define HAVE_SYS_UTSNAME_H 1
| #define HAVE_REGEX_H 1
| #define HAVE_MKFIFO 1
| #define HAVE_FCNTL 1
| #define HAVE_NL_LANGINFO 1
| #define SIZEOF_INT 4
| #define SIZEOF_LONG 4
| /* end confdefs.h.  */
| #include <stdio.h>
| #ifdef HAVE_SYS_TYPES_H
| # include <sys/types.h>
| #endif
| #ifdef HAVE_SYS_STAT_H
| # include <sys/stat.h>
| #endif
| #ifdef STDC_HEADERS
| # include <stdlib.h>
| # include <stddef.h>
| #else
| # ifdef HAVE_STDLIB_H
| #  include <stdlib.h>
| # endif
| #endif
| #ifdef HAVE_STRING_H
| # if !defined STDC_HEADERS && defined HAVE_MEMORY_H
| #  include <memory.h>
| # endif
| # include <string.h>
| #endif
| #ifdef HAVE_STRINGS_H
| # include <strings.h>
| #endif
| #ifdef HAVE_INTTYPES_H
| # include <inttypes.h>
| #endif
| #ifdef HAVE_STDINT_H
| # include <stdint.h>
| #endif
| #ifdef HAVE_UNISTD_H
| # include <unistd.h>
| #endif
|    typedef long long ac__type_sizeof_;
| int
| main ()
| {
| static int test_array [1 - 2 * !(((long int) (sizeof (ac__type_sizeof_))) <= 7)];
| test_array [0] = 0
| 
|   ;
|   return 0;
| }
configure:22425: ucfront-gcc arm-linux-elf-gcc  -c -I/home/andrewec/dslinux/include -O2 -g -fomit-frame-pointer -fno-common -fno-builtin -Wall  -mswp-byte-writes -DCONFIG_NDS_ROM8BIT -mcpu=arm946e-s -mfpu=fpe3 -DEMBED -D__PIC__ -fpic -msingle-pic-base -Dlinux -D__linux__ -Dunix -D__uClinux__ -Wall  conftest.c >&5
configure:22431: $? = 0
configure:22580: ucfront-gcc arm-linux-elf-gcc  -c -I/home/andrewec/dslinux/include -O2 -g -fomit-frame-pointer -fno-common -fno-builtin -Wall  -mswp-byte-writes -DCONFIG_NDS_ROM8BIT -mcpu=arm946e-s -mfpu=fpe3 -DEMBED -D__PIC__ -fpic -msingle-pic-base -Dlinux -D__linux__ -Dunix -D__uClinux__ -Wall  conftest.c >&5
configure:22586: $? = 0
configure:22580: ucfront-gcc arm-linux-elf-gcc  -c -I/home/andrewec/dslinux/include -O2 -g -fomit-frame-pointer -fno-common -fno-builtin -Wall  -mswp-byte-writes -DCONFIG_NDS_ROM8BIT -mcpu=arm946e-s -mfpu=fpe3 -DEMBED -D__PIC__ -fpic -msingle-pic-base -Dlinux -D__linux__ -Dunix -D__uClinux__ -Wall  conftest.c >&5
configure:22586: $? = 0
configure:22580: ucfront-gcc arm-linux-elf-gcc  -c -I/home/andrewec/dslinux/include -O2 -g -fomit-frame-pointer -fno-common -fno-builtin -Wall  -mswp-byte-writes -DCONFIG_NDS_ROM8BIT -mcpu=arm946e-s -mfpu=fpe3 -DEMBED -D__PIC__ -fpic -msingle-pic-base -Dlinux -D__linux__ -Dunix -D__uClinux__ -Wall  conftest.c >&5
configure:22586: $? = 0
configure:22694: result: 8
configure:22704: checking for off_t
configure:22734: ucfront-gcc arm-linux-elf-gcc  -c -I/home/andrewec/dslinux/include -O2 -g -fomit-frame-pointer -fno-common -fno-builtin -Wall  -mswp-byte-writes -DCONFIG_NDS_ROM8BIT -mcpu=arm946e-s -mfpu=fpe3 -DEMBED -D__PIC__ -fpic -msingle-pic-base -Dlinux -D__linux__ -Dunix -D__uClinux__ -Wall  conftest.c >&5
configure:22740: $? = 0
configure:22755: result: yes
configure:22762: checking size of off_t
configure:22793: ucfront-gcc arm-linux-elf-gcc  -c -I/home/andrewec/dslinux/include -O2 -g -fomit-frame-pointer -fno-common -fno-builtin -Wall  -mswp-byte-writes -DCONFIG_NDS_ROM8BIT -mcpu=arm946e-s -mfpu=fpe3 -DEMBED -D__PIC__ -fpic -msingle-pic-base -Dlinux -D__linux__ -Dunix -D__uClinux__ -Wall  conftest.c >&5
configure:22799: $? = 0
configure:22830: ucfront-gcc arm-linux-elf-gcc  -c -I/home/andrewec/dslinux/include -O2 -g -fomit-frame-pointer -fno-common -fno-builtin -Wall  -mswp-byte-writes -DCONFIG_NDS_ROM8BIT -mcpu=arm946e-s -mfpu=fpe3 -DEMBED -D__PIC__ -fpic -msingle-pic-base -Dlinux -D__linux__ -Dunix -D__uClinux__ -Wall  conftest.c >&5
conftest.c: In function 'main':
conftest.c:71: error: size of array 'test_array' is negative
configure:22836: $? = 1
configure: failed program was:
| /* confdefs.h.  */
| #define PACKAGE_NAME "irssi"
| #define PACKAGE_TARNAME "irssi"
| #define PACKAGE_VERSION "0.8.12"
| #define PACKAGE_STRING "irssi 0.8.12"
| #define PACKAGE_BUGREPORT ""
| #define STDC_HEADERS 1
| #define HAVE_SYS_TYPES_H 1
| #define HAVE_SYS_STAT_H 1
| #define HAVE_STDLIB_H 1
| #define HAVE_STRING_H 1
| #define HAVE_MEMORY_H 1
| #define HAVE_STRINGS_H 1
| #define HAVE_INTTYPES_H 1
| #define HAVE_STDINT_H 1
| #define HAVE_UNISTD_H 1
| #define HAVE_DLFCN_H 1
| #define HAVE_STRING_H 1
| #define HAVE_STDLIB_H 1
| #define HAVE_UNISTD_H 1
| #define HAVE_DIRENT_H 1
| #define HAVE_SYS_IOCTL_H 1
| #define HAVE_SYS_RESOURCE_H 1
| #define HAVE_SYS_TIME_H 1
| #define HAVE_SYS_UTSNAME_H 1
| #define HAVE_REGEX_H 1
| #define HAVE_MKFIFO 1
| #define HAVE_FCNTL 1
| #define HAVE_NL_LANGINFO 1
| #define SIZEOF_INT 4
| #define SIZEOF_LONG 4
| #define SIZEOF_LONG_LONG 8
| /* end confdefs.h.  */
| #include <stdio.h>
| #ifdef HAVE_SYS_TYPES_H
| # include <sys/types.h>
| #endif
| #ifdef HAVE_SYS_STAT_H
| # include <sys/stat.h>
| #endif
| #ifdef STDC_HEADERS
| # include <stdlib.h>
| # include <stddef.h>
| #else
| # ifdef HAVE_STDLIB_H
| #  include <stdlib.h>
| # endif
| #endif
| #ifdef HAVE_STRING_H
| # if !defined STDC_HEADERS && defined HAVE_MEMORY_H
| #  include <memory.h>
| # endif
| # include <string.h>
| #endif
| #ifdef HAVE_STRINGS_H
| # include <strings.h>
| #endif
| #ifdef HAVE_INTTYPES_H
| # include <inttypes.h>
| #endif
| #ifdef HAVE_STDINT_H
| # include <stdint.h>
| #endif
| #ifdef HAVE_UNISTD_H
| # include <unistd.h>
| #endif
|    typedef off_t ac__type_sizeof_;
| int
| main ()
| {
| static int test_array [1 - 2 * !(((long int) (sizeof (ac__type_sizeof_))) <= 0)];
| test_array [0] = 0
| 
|   ;
|   return 0;
| }
configure:22830: ucfront-gcc arm-linux-elf-gcc  -c -I/home/andrewec/dslinux/include -O2 -g -fomit-frame-pointer -fno-common -fno-builtin -Wall  -mswp-byte-writes -DCONFIG_NDS_ROM8BIT -mcpu=arm946e-s -mfpu=fpe3 -DEMBED -D__PIC__ -fpic -msingle-pic-base -Dlinux -D__linux__ -Dunix -D__uClinux__ -Wall  conftest.c >&5
conftest.c: In function 'main':
conftest.c:71: error: size of array 'test_array' is negative
configure:22836: $? = 1
configure: failed program was:
| /* confdefs.h.  */
| #define PACKAGE_NAME "irssi"
| #define PACKAGE_TARNAME "irssi"
| #define PACKAGE_VERSION "0.8.12"
| #define PACKAGE_STRING "irssi 0.8.12"
| #define PACKAGE_BUGREPORT ""
| #define STDC_HEADERS 1
| #define HAVE_SYS_TYPES_H 1
| #define HAVE_SYS_STAT_H 1
| #define HAVE_STDLIB_H 1
| #define HAVE_STRING_H 1
| #define HAVE_MEMORY_H 1
| #define HAVE_STRINGS_H 1
| #define HAVE_INTTYPES_H 1
| #define HAVE_STDINT_H 1
| #define HAVE_UNISTD_H 1
| #define HAVE_DLFCN_H 1
| #define HAVE_STRING_H 1
| #define HAVE_STDLIB_H 1
| #define HAVE_UNISTD_H 1
| #define HAVE_DIRENT_H 1
| #define HAVE_SYS_IOCTL_H 1
| #define HAVE_SYS_RESOURCE_H 1
| #define HAVE_SYS_TIME_H 1
| #define HAVE_SYS_UTSNAME_H 1
| #define HAVE_REGEX_H 1
| #define HAVE_MKFIFO 1
| #define HAVE_FCNTL 1
| #define HAVE_NL_LANGINFO 1
| #define SIZEOF_INT 4
| #define SIZEOF_LONG 4
| #define SIZEOF_LONG_LONG 8
| /* end confdefs.h.  */
| #include <stdio.h>
| #ifdef HAVE_SYS_TYPES_H
| # include <sys/types.h>
| #endif
| #ifdef HAVE_SYS_STAT_H
| # include <sys/stat.h>
| #endif
| #ifdef STDC_HEADERS
| # include <stdlib.h>
| # include <stddef.h>
| #else
| # ifdef HAVE_STDLIB_H
| #  include <stdlib.h>
| # endif
| #endif
| #ifdef HAVE_STRING_H
| # if !defined STDC_HEADERS && defined HAVE_MEMORY_H
| #  include <memory.h>
| # endif
| # include <string.h>
| #endif
| #ifdef HAVE_STRINGS_H
| # include <strings.h>
| #endif
| #ifdef HAVE_INTTYPES_H
| # include <inttypes.h>
| #endif
| #ifdef HAVE_STDINT_H
| # include <stdint.h>
| #endif
| #ifdef HAVE_UNISTD_H
| # include <unistd.h>
| #endif
|    typedef off_t ac__type_sizeof_;
| int
| main ()
| {
| static int test_array [1 - 2 * !(((long int) (sizeof (ac__type_sizeof_))) <= 1)];
| test_array [0] = 0
| 
|   ;
|   return 0;
| }
configure:22830: ucfront-gcc arm-linux-elf-gcc  -c -I/home/andrewec/dslinux/include -O2 -g -fomit-frame-pointer -fno-common -fno-builtin -Wall  -mswp-byte-writes -DCONFIG_NDS_ROM8BIT -mcpu=arm946e-s -mfpu=fpe3 -DEMBED -D__PIC__ -fpic -msingle-pic-base -Dlinux -D__linux__ -Dunix -D__uClinux__ -Wall  conftest.c >&5
conftest.c: In function 'main':
conftest.c:71: error: size of array 'test_array' is negative
configure:22836: $? = 1
configure: failed program was:
| /* confdefs.h.  */
| #define PACKAGE_NAME "irssi"
| #define PACKAGE_TARNAME "irssi"
| #define PACKAGE_VERSION "0.8.12"
| #define PACKAGE_STRING "irssi 0.8.12"
| #define PACKAGE_BUGREPORT ""
| #define STDC_HEADERS 1
| #define HAVE_SYS_TYPES_H 1
| #define HAVE_SYS_STAT_H 1
| #define HAVE_STDLIB_H 1
| #define HAVE_STRING_H 1
| #define HAVE_MEMORY_H 1
| #define HAVE_STRINGS_H 1
| #define HAVE_INTTYPES_H 1
| #define HAVE_STDINT_H 1
| #define HAVE_UNISTD_H 1
| #define HAVE_DLFCN_H 1
| #define HAVE_STRING_H 1
| #define HAVE_STDLIB_H 1
| #define HAVE_UNISTD_H 1
| #define HAVE_DIRENT_H 1
| #define HAVE_SYS_IOCTL_H 1
| #define HAVE_SYS_RESOURCE_H 1
| #define HAVE_SYS_TIME_H 1
| #define HAVE_SYS_UTSNAME_H 1
| #define HAVE_REGEX_H 1
| #define HAVE_MKFIFO 1
| #define HAVE_FCNTL 1
| #define HAVE_NL_LANGINFO 1
| #define SIZEOF_INT 4
| #define SIZEOF_LONG 4
| #define SIZEOF_LONG_LONG 8
| /* end confdefs.h.  */
| #include <stdio.h>
| #ifdef HAVE_SYS_TYPES_H
| # include <sys/types.h>
| #endif
| #ifdef HAVE_SYS_STAT_H
| # include <sys/stat.h>
| #endif
| #ifdef STDC_HEADERS
| # include <stdlib.h>
| # include <stddef.h>
| #else
| # ifdef HAVE_STDLIB_H
| #  include <stdlib.h>
| # endif
| #endif
| #ifdef HAVE_STRING_H
| # if !defined STDC_HEADERS && defined HAVE_MEMORY_H
| #  include <memory.h>
| # endif
| # include <string.h>
| #endif
| #ifdef HAVE_STRINGS_H
| # include <strings.h>
| #endif
| #ifdef HAVE_INTTYPES_H
| # include <inttypes.h>
| #endif
| #ifdef HAVE_STDINT_H
| # include <stdint.h>
| #endif
| #ifdef HAVE_UNISTD_H
| # include <unistd.h>
| #endif
|    typedef off_t ac__type_sizeof_;
| int
| main ()
| {
| static int test_array [1 - 2 * !(((long int) (sizeof (ac__type_sizeof_))) <= 3)];
| test_array [0] = 0
| 
|   ;
|   return 0;
| }
configure:22830: ucfront-gcc arm-linux-elf-gcc  -c -I/home/andrewec/dslinux/include -O2 -g -fomit-frame-pointer -fno-common -fno-builtin -Wall  -mswp-byte-writes -DCONFIG_NDS_ROM8BIT -mcpu=arm946e-s -mfpu=fpe3 -DEMBED -D__PIC__ -fpic -msingle-pic-base -Dlinux -D__linux__ -Dunix -D__uClinux__ -Wall  conftest.c >&5
configure:22836: $? = 0
configure:22985: ucfront-gcc arm-linux-elf-gcc  -c -I/home/andrewec/dslinux/include -O2 -g -fomit-frame-pointer -fno-common -fno-builtin -Wall  -mswp-byte-writes -DCONFIG_NDS_ROM8BIT -mcpu=arm946e-s -mfpu=fpe3 -DEMBED -D__PIC__ -fpic -msingle-pic-base -Dlinux -D__linux__ -Dunix -D__uClinux__ -Wall  conftest.c >&5
configure:22991: $? = 0
configure:22985: ucfront-gcc arm-linux-elf-gcc  -c -I/home/andrewec/dslinux/include -O2 -g -fomit-frame-pointer -fno-common -fno-builtin -Wall  -mswp-byte-writes -DCONFIG_NDS_ROM8BIT -mcpu=arm946e-s -mfpu=fpe3 -DEMBED -D__PIC__ -fpic -msingle-pic-base -Dlinux -D__linux__ -Dunix -D__uClinux__ -Wall  conftest.c >&5
configure:22991: $? = 0
configure:23099: result: 4
configure:23515: checking pkg-config is at least version 0.7
configure:23521: result: no
configure:23536: checking for GLIB - version >= 2.0.0
configure:23696: result: no
configure:23515: checking pkg-config is at least version 0.7
configure:23521: result: no
configure:23536: checking for GLIB - version >= 2.0.0
configure:23696: result: no
configure:23803: error: GLIB is required to build irssi.
configure:23814: checking for SSL
configure:23822: $PKG_CONFIG --exists --print-errors "openssl"
./configure: line 23823: no: command not found
configure:23825: $? = 127
configure:23840: $PKG_CONFIG --exists --print-errors "openssl"
./configure: line 23841: no: command not found
configure:23843: $? = 127

configure:23871: result: no
configure:23887: checking for SSL_read in -lssl
configure:23922: ucfront-gcc arm-linux-elf-gcc  -o conftest -I/home/andrewec/dslinux/include -O2 -g -fomit-frame-pointer -fno-common -fno-builtin -Wall  -mswp-byte-writes -DCONFIG_NDS_ROM8BIT -mcpu=arm946e-s -mfpu=fpe3 -DEMBED -D__PIC__ -fpic -msingle-pic-base -Dlinux -D__linux__ -Dunix -D__uClinux__ -Wall  -Wl,-elf2flt -D__PIC__ -fpic -msingle-pic-base -mswp-byte-writes -L/home/andrewec/dslinux/lib -lintl -liconv conftest.c -lssl -lcrypto  -lgmodule-2.0 -lglib-2.0 -lintl -liconv  >&5
configure:23928: $? = 0
configure:23946: result: yes
configure:23966: checking openssl/ssl.h usability
configure:23983: ucfront-gcc arm-linux-elf-gcc  -c -I/home/andrewec/dslinux/include -O2 -g -fomit-frame-pointer -fno-common -fno-builtin -Wall  -mswp-byte-writes -DCONFIG_NDS_ROM8BIT -mcpu=arm946e-s -mfpu=fpe3 -DEMBED -D__PIC__ -fpic -msingle-pic-base -Dlinux -D__linux__ -Dunix -D__uClinux__ -Wall  conftest.c >&5
configure:23989: $? = 0
configure:24003: result: yes
configure:24007: checking openssl/ssl.h presence
configure:24022: ucfront-gcc arm-linux-elf-gcc  -E  conftest.c
configure:24028: $? = 0
configure:24042: result: yes
configure:24070: checking for openssl/ssl.h
configure:24078: result: yes
configure:23966: checking openssl/err.h usability
configure:23983: ucfront-gcc arm-linux-elf-gcc  -c -I/home/andrewec/dslinux/include -O2 -g -fomit-frame-pointer -fno-common -fno-builtin -Wall  -mswp-byte-writes -DCONFIG_NDS_ROM8BIT -mcpu=arm946e-s -mfpu=fpe3 -DEMBED -D__PIC__ -fpic -msingle-pic-base -Dlinux -D__linux__ -Dunix -D__uClinux__ -Wall  conftest.c >&5
configure:23989: $? = 0
configure:24003: result: yes
configure:24007: checking openssl/err.h presence
configure:24022: ucfront-gcc arm-linux-elf-gcc  -E  conftest.c
configure:24028: $? = 0
configure:24042: result: yes
configure:24070: checking for openssl/err.h
configure:24078: result: yes
configure:24465: checking if we can link dynamic libraries with modules
configure:24506: result: no, error compiling test program
configure:24819: checking "location of ncurses.h file"...
configure:24827: result: Found ncurses on /usr/include/ncurses.h
configure:24831: checking for initscr in -lncurses
configure:24866: ucfront-gcc arm-linux-elf-gcc  -o conftest -I/home/andrewec/dslinux/include -O2 -g -fomit-frame-pointer -fno-common -fno-builtin -Wall  -mswp-byte-writes -DCONFIG_NDS_ROM8BIT -mcpu=arm946e-s -mfpu=fpe3 -DEMBED -D__PIC__ -fpic -msingle-pic-base -Dlinux -D__linux__ -Dunix -D__uClinux__ -Wall  -Wl,-elf2flt -D__PIC__ -fpic -msingle-pic-base -mswp-byte-writes -L/home/andrewec/dslinux/lib -lintl -liconv conftest.c -lncurses -lncurses  -lgmodule-2.0 -lglib-2.0 -lintl -liconv  -lssl -lcrypto >&5
configure:24872: $? = 0
configure:24890: result: yes
configure:26279: checking for setupterm
configure:26335: ucfront-gcc arm-linux-elf-gcc  -o conftest -I/home/andrewec/dslinux/include -O2 -g -fomit-frame-pointer -fno-common -fno-builtin -Wall  -mswp-byte-writes -DCONFIG_NDS_ROM8BIT -mcpu=arm946e-s -mfpu=fpe3 -DEMBED -D__PIC__ -fpic -msingle-pic-base -Dlinux -D__linux__ -Dunix -D__uClinux__ -Wall  -Wl,-elf2flt -D__PIC__ -fpic -msingle-pic-base -mswp-byte-writes -L/home/andrewec/dslinux/lib -lintl -liconv conftest.c  -lgmodule-2.0 -lglib-2.0 -lintl -liconv  -lssl -lcrypto -lncurses >&5
configure:26341: $? = 0
configure:26358: result: yes
configure:26684: checking for working Perl support
configure:26759: result: error linking with perl libraries, building without Perl
configure:27245: creating ./config.status

## ---------------------- ##
## Running config.status. ##
## ---------------------- ##

This file was extended by irssi config.status 0.8.12, which was
generated by GNU Autoconf 2.61.  Invocation command line was

  CONFIG_FILES    = 
  CONFIG_HEADERS  = 
  CONFIG_LINKS    = 
  CONFIG_COMMANDS = 
  $ ./config.status 

on jenkins

config.status:741: creating Makefile
config.status:741: creating src/Makefile
config.status:741: creating src/core/Makefile
config.status:741: creating src/irc/Makefile
config.status:741: creating src/irc/core/Makefile
config.status:741: creating src/irc/dcc/Makefile
config.status:741: creating src/irc/notifylist/Makefile
config.status:741: creating src/irc/proxy/Makefile
config.status:741: creating src/irc/flood/Makefile
config.status:741: creating src/fe-common/Makefile
config.status:741: creating src/fe-common/core/Makefile
config.status:741: creating src/fe-common/irc/Makefile
config.status:741: creating src/fe-common/irc/dcc/Makefile
config.status:741: creating src/fe-common/irc/notifylist/Makefile
config.status:741: creating src/fe-none/Makefile
config.status:741: creating src/fe-text/Makefile
config.status:741: creating src/lib-config/Makefile
config.status:741: creating src/lib-popt/Makefile
config.status:741: creating src/perl/Makefile
config.status:741: creating src/perl/common/Makefile.PL
config.status:741: creating src/perl/irc/Makefile.PL
config.status:741: creating src/perl/ui/Makefile.PL
config.status:741: creating src/perl/textui/Makefile.PL
config.status:741: creating scripts/Makefile
config.status:741: creating scripts/examples/Makefile
config.status:741: creating docs/Makefile
config.status:741: creating docs/help/Makefile
config.status:741: creating docs/help/in/Makefile
config.status:741: creating irssi-version.h
config.status:741: creating irssi.spec
config.status:741: creating config.h
config.status:1031: executing depfiles commands

## ---------------- ##
## Cache variables. ##
## ---------------- ##

ac_cv_build=i386-pc-none
ac_cv_c_compiler_gnu=yes
ac_cv_cxx_compiler_gnu=yes
ac_cv_env_CCC_set=
ac_cv_env_CCC_value=
ac_cv_env_CC_set=set
ac_cv_env_CC_value='ucfront-gcc arm-linux-elf-gcc '
ac_cv_env_CFLAGS_set=set
ac_cv_env_CFLAGS_value='-I/home/andrewec/dslinux/include -O2 -g -fomit-frame-pointer -fno-common -fno-builtin -Wall  -mswp-byte-writes -DCONFIG_NDS_ROM8BIT -mcpu=arm946e-s -mfpu=fpe3 -DEMBED -D__PIC__ -fpic -msingle-pic-base -Dlinux -D__linux__ -Dunix -D__uClinux__'
ac_cv_env_CPPFLAGS_set=
ac_cv_env_CPPFLAGS_value=
ac_cv_env_CPP_set=
ac_cv_env_CPP_value=
ac_cv_env_CXXCPP_set=
ac_cv_env_CXXCPP_value=
ac_cv_env_CXXFLAGS_set=set
ac_cv_env_CXXFLAGS_value='-O2 -g -fomit-frame-pointer -fno-common -fno-builtin -Wall  -mswp-byte-writes -DCONFIG_NDS_ROM8BIT -mcpu=arm946e-s -mfpu=fpe3 -DEMBED -D__PIC__ -fpic -msingle-pic-base -Dlinux -D__linux__ -Dunix -D__uClinux__  -I /home/andrewec/dslinux/lib/uClibc++/include -fno-builtin -nostdinc++ -DGCC_HASCLASSVISIBILITY -Wno-deprecated'
ac_cv_env_CXX_set=set
ac_cv_env_CXX_value='ucfront-g++ arm-linux-elf-g++ '
ac_cv_env_F77_set=
ac_cv_env_F77_value=
ac_cv_env_FFLAGS_set=
ac_cv_env_FFLAGS_value=
ac_cv_env_LDFLAGS_set=set
ac_cv_env_LDFLAGS_value='-Wl,-elf2flt -D__PIC__ -fpic -msingle-pic-base -mswp-byte-writes -L/home/andrewec/dslinux/lib -lintl -liconv'
ac_cv_env_LIBS_set=
ac_cv_env_LIBS_value=
ac_cv_env_PKG_CONFIG_set=set
ac_cv_env_PKG_CONFIG_value=no
ac_cv_env_SSL_CFLAGS_set=
ac_cv_env_SSL_CFLAGS_value=
ac_cv_env_SSL_LIBS_set=
ac_cv_env_SSL_LIBS_value=
ac_cv_env_build_alias_set=set
ac_cv_env_build_alias_value=i386
ac_cv_env_host_alias_set=set
ac_cv_env_host_alias_value=none-uclinux-uclibc
ac_cv_env_target_alias_set=
ac_cv_env_target_alias_value=
ac_cv_f77_compiler_gnu=no
ac_cv_func_fcntl=yes
ac_cv_func_inet_addr=yes
ac_cv_func_mkfifo=yes
ac_cv_func_nl_langinfo=yes
ac_cv_func_setupterm=yes
ac_cv_func_socket=yes
ac_cv_header_dirent_h=yes
ac_cv_header_dlfcn_h=yes
ac_cv_header_inttypes_h=yes
ac_cv_header_memory_h=yes
ac_cv_header_openssl_err_h=yes
ac_cv_header_openssl_ssl_h=yes
ac_cv_header_regex_h=yes
ac_cv_header_stdc=yes
ac_cv_header_stdint_h=yes
ac_cv_header_stdlib_h=yes
ac_cv_header_string_h=yes
ac_cv_header_strings_h=yes
ac_cv_header_sys_ioctl_h=yes
ac_cv_header_sys_resource_h=yes
ac_cv_header_sys_stat_h=yes
ac_cv_header_sys_time_h=yes
ac_cv_header_sys_types_h=yes
ac_cv_header_sys_utsname_h=yes
ac_cv_header_unistd_h=yes
ac_cv_host=none-none-none
ac_cv_lib_ncurses_initscr=yes
ac_cv_lib_ssl_SSL_read=yes
ac_cv_objext=o
ac_cv_path_EGREP='/bin/grep -E'
ac_cv_path_GREP=/bin/grep
ac_cv_path_install='/usr/bin/install -c'
ac_cv_path_perlpath=/usr/bin/perl
ac_cv_path_sedpath=/bin/sed
ac_cv_prog_AR=arm-linux-elf-ar
ac_cv_prog_AWK=gawk
ac_cv_prog_CC='ucfront-gcc arm-linux-elf-gcc '
ac_cv_prog_CPP='ucfront-gcc arm-linux-elf-gcc  -E'
ac_cv_prog_CXXCPP='ucfront-g++ arm-linux-elf-g++  -E'
ac_cv_prog_RANLIB=arm-linux-elf-ranlib
ac_cv_prog_STRIP=arm-linux-elf-strip
ac_cv_prog_cc_c89=
ac_cv_prog_cc_g=yes
ac_cv_prog_cxx_g=yes
ac_cv_prog_f77_g=no
ac_cv_prog_make_make_set=yes
ac_cv_search_strerror='none required'
ac_cv_sizeof_int=4
ac_cv_sizeof_long=4
ac_cv_sizeof_long_long=8
ac_cv_sizeof_off_t=4
ac_cv_sys_file_offset_bits=unknown
ac_cv_sys_large_files=unknown
ac_cv_sys_largefile_CC=no
ac_cv_type_int=yes
ac_cv_type_long=yes
ac_cv_type_long_long=yes
ac_cv_type_off_t=yes
am_cv_CC_dependencies_compiler_type=gcc3
am_cv_CXX_dependencies_compiler_type=gcc3
irssi_cv_type_socklen_t=yes
lt_cv_deplibs_check_method=unknown
lt_cv_file_magic_cmd='$MAGIC_CMD'
lt_cv_file_magic_test_file=
lt_cv_ld_reload_flag=-r
lt_cv_objdir=.libs
lt_cv_path_LD=arm-linux-elf-ld
lt_cv_path_LDCXX=arm-linux-elf-ld
lt_cv_path_NM=nm
lt_cv_path_SED=/bin/sed
lt_cv_prog_compiler_c_o=yes
lt_cv_prog_compiler_c_o_CXX=yes
lt_cv_prog_compiler_rtti_exceptions=no
lt_cv_prog_gnu_ld=yes
lt_cv_prog_gnu_ldcxx=yes
lt_cv_sys_global_symbol_pipe='sed -n -e '\''s/^.*[ 	]\([ABCDGIRSTW][ABCDGIRSTW]*\)[ 	][ 	]*\([_A-Za-z][_A-Za-z0-9]*\)$/\1 \2 \2/p'\'''
lt_cv_sys_global_symbol_to_c_name_address='sed -n -e '\''s/^: \([^ ]*\) $/  {\"\1\", (lt_ptr) 0},/p'\'' -e '\''s/^[BCDEGRST] \([^ ]*\) \([^ ]*\)$/  {"\2", (lt_ptr) \&\2},/p'\'''
lt_cv_sys_global_symbol_to_cdecl='sed -n -e '\''s/^. .* \(.*\)$/extern int \1;/p'\'''
lt_cv_sys_max_cmd_len=32768
lt_lt_cv_prog_compiler_c_o='"yes"'
lt_lt_cv_prog_compiler_c_o_CXX='"yes"'
lt_lt_cv_sys_global_symbol_pipe='"sed -n -e '\''s/^.*[ 	]\\([ABCDGIRSTW][ABCDGIRSTW]*\\)[ 	][ 	]*\\([_A-Za-z][_A-Za-z0-9]*\\)\$/\\1 \\2 \\2/p'\''"'
lt_lt_cv_sys_global_symbol_to_c_name_address='"sed -n -e '\''s/^: \\([^ ]*\\) \$/  {\\\"\\1\\\", (lt_ptr) 0},/p'\'' -e '\''s/^[BCDEGRST] \\([^ ]*\\) \\([^ ]*\\)\$/  {\"\\2\", (lt_ptr) \\&\\2},/p'\''"'
lt_lt_cv_sys_global_symbol_to_cdecl='"sed -n -e '\''s/^. .* \\(.*\\)\$/extern int \\1;/p'\''"'

## ----------------- ##
## Output variables. ##
## ----------------- ##

ACLOCAL='${SHELL} /home/andrewec/dslinux/user/irssi/src/missing --run aclocal-1.9'
AMDEPBACKSLASH='\'
AMDEP_FALSE='#'
AMDEP_TRUE=''
AMTAR='${SHELL} /home/andrewec/dslinux/user/irssi/src/missing --run tar'
AR='arm-linux-elf-ar'
AUTOCONF='${SHELL} /home/andrewec/dslinux/user/irssi/src/missing --run autoconf'
AUTOHEADER='${SHELL} /home/andrewec/dslinux/user/irssi/src/missing --run autoheader'
AUTOMAKE='${SHELL} /home/andrewec/dslinux/user/irssi/src/missing --run automake-1.9'
AWK='gawk'
BUILD_IRSSIBOT_FALSE=''
BUILD_IRSSIBOT_TRUE='#'
BUILD_IRSSIPROXY_FALSE=''
BUILD_IRSSIPROXY_TRUE='#'
BUILD_TEXTUI_FALSE='#'
BUILD_TEXTUI_TRUE=''
CC='ucfront-gcc arm-linux-elf-gcc '
CCDEPMODE='depmode=gcc3'
CFLAGS='-I/home/andrewec/dslinux/include -O2 -g -fomit-frame-pointer -fno-common -fno-builtin -Wall  -mswp-byte-writes -DCONFIG_NDS_ROM8BIT -mcpu=arm946e-s -mfpu=fpe3 -DEMBED -D__PIC__ -fpic -msingle-pic-base -Dlinux -D__linux__ -Dunix -D__uClinux__ -Wall'
CHAT_MODULES='irc'
COMMON_LIBS='../fe-common/irc/libfe_common_irc.a ../fe-common/irc/dcc/libfe_irc_dcc.a ../fe-common/irc/notifylist/libfe_irc_notifylist.a ../fe-common/core/libfe_common_core.a  ../irc/libirc.a ../irc/core/libirc_core.a ../irc/dcc/libirc_dcc.a ../irc/flood/libirc_flood.a ../irc/notifylist/libirc_notifylist.a ../core/libcore.a ../lib-config/libirssi_config.a ../lib-popt/libpopt.a'
COMMON_NOUI_LIBS=' ../irc/libirc.a ../irc/core/libirc_core.a ../irc/dcc/libirc_dcc.a ../irc/flood/libirc_flood.a ../irc/notifylist/libirc_notifylist.a ../core/libcore.a ../lib-config/libirssi_config.a ../lib-popt/libpopt.a'
CPP='ucfront-gcc arm-linux-elf-gcc  -E'
CPPFLAGS=''
CURSES_INCLUDEDIR=''
CURSES_LIBS='-lncurses'
CXX='ucfront-g++ arm-linux-elf-g++ '
CXXCPP='ucfront-g++ arm-linux-elf-g++  -E'
CXXDEPMODE='depmode=gcc3'
CXXFLAGS='-O2 -g -fomit-frame-pointer -fno-common -fno-builtin -Wall  -mswp-byte-writes -DCONFIG_NDS_ROM8BIT -mcpu=arm946e-s -mfpu=fpe3 -DEMBED -D__PIC__ -fpic -msingle-pic-base -Dlinux -D__linux__ -Dunix -D__uClinux__  -I /home/andrewec/dslinux/lib/uClibc++/include -fno-builtin -nostdinc++ -DGCC_HASCLASSVISIBILITY -Wno-deprecated'
CYGPATH_W='echo'
DEFS='-DHAVE_CONFIG_H'
DEPDIR='.deps'
DYNALOADER_A=''
ECHO='echo'
ECHO_C=''
ECHO_N='-n'
ECHO_T=''
EGREP='/bin/grep -E'
EXEEXT=''
F77=''
FFLAGS=''
GLIB_CFLAGS=''
GLIB_GENMARSHAL=''
GLIB_LIBS=''
GLIB_MKENUMS=''
GOBJECT_QUERY=''
GREP='/bin/grep'
HAVE_PERL_FALSE=''
HAVE_PERL_TRUE='#'
HAVE_STATIC_PERL_FALSE=''
HAVE_STATIC_PERL_TRUE='#'
INSTALL_DATA='${INSTALL} -m 644'
INSTALL_PROGRAM='${INSTALL}'
INSTALL_SCRIPT='${INSTALL}'
INSTALL_STRIP_PROGRAM='${SHELL} $(install_sh) -c -s'
LDFLAGS='-Wl,-elf2flt -D__PIC__ -fpic -msingle-pic-base -mswp-byte-writes -L/home/andrewec/dslinux/lib -lintl -liconv'
LIBOBJS=''
LIBPERL_A=''
LIBS=''
LIBTOOL='$(SHELL) $(top_builddir)/libtool'
LN_S='ln -s'
LTLIBOBJS=''
MAINT='#'
MAINTAINER_MODE_FALSE=''
MAINTAINER_MODE_TRUE='#'
MAKEINFO='${SHELL} /home/andrewec/dslinux/user/irssi/src/missing --run makeinfo'
NEED_TPARM_FALSE=''
NEED_TPARM_TRUE='#'
OBJEXT='o'
PACKAGE='irssi'
PACKAGE_BUGREPORT=''
PACKAGE_NAME='irssi'
PACKAGE_STRING='irssi 0.8.12'
PACKAGE_TARNAME='irssi'
PACKAGE_VERSION='0.8.12'
PATH_SEPARATOR=':'
PERL_CFLAGS='-D_REENTRANT -D_GNU_SOURCE -DDEBIAN -fstack-protector -fno-strict-aliasing -pipe -I/usr/local/include -D_LARGEFILE_SOURCE -D_FILE_OFFSET_BITS=64 -I/usr/lib/perl/5.14/CORE'
PERL_EXTRA_OPTS='CCCDLFLAGS="-fPIC"'
PERL_FE_LINK_LIBS=''
PERL_LDFLAGS='-Wl,-E -fstack-protector -L/usr/local/lib -L/usr/lib/perl/5.14/CORE -lperl -ldl -lm -lpthread -lcrypt'
PERL_LIBTOOL=''
PERL_LINK_FLAGS=''
PERL_LINK_LIBS=''
PERL_MM_PARAMS='INSTALLDIRS=perl PREFIX=/usr'
PERL_STATIC_LIBS=''
PERL_USE_LIB=''
PKG_CONFIG='no'
PROG_LIBS=' -lgmodule-2.0 -lglib-2.0 -lintl -liconv  -lssl -lcrypto'
RANLIB='arm-linux-elf-ranlib'
SET_MAKE=''
SHELL='/bin/bash'
SSL_CFLAGS=''
SSL_LIBS='-lssl -lcrypto'
STRIP='arm-linux-elf-strip'
TEXTUI_LIBS='-lncurses'
USE_CURSES_FALSE=''
USE_CURSES_TRUE='#'
VERSION='0.8.12'
VERSION_DATE='20071006'
VERSION_TIME='939'
ac_ct_CC=''
ac_ct_CXX=''
ac_ct_F77=''
am__fastdepCC_FALSE='#'
am__fastdepCC_TRUE=''
am__fastdepCXX_FALSE='#'
am__fastdepCXX_TRUE=''
am__include='include'
am__leading_dot='.'
am__quote=''
am__tar='${AMTAR} chof - "$$tardir"'
am__untar='${AMTAR} xf -'
bindir='${exec_prefix}/bin'
build='i386-pc-none'
build_alias='i386'
build_cpu='i386'
build_os='none'
build_vendor='pc'
datadir='${datarootdir}'
datarootdir='${prefix}/share'
docdir='${datarootdir}/doc/${PACKAGE_TARNAME}'
dvidir='${docdir}'
exec_prefix='${prefix}'
host='none-none-none'
host_alias='none-uclinux-uclibc'
host_cpu='none'
host_os='none'
host_vendor='none'
htmldir='${docdir}'
includedir='${prefix}/include'
infodir='${datarootdir}/info'
install_sh='/home/andrewec/dslinux/user/irssi/src/install-sh'
irc_MODULES='dcc flood notifylist'
libdir='${exec_prefix}/lib'
libexecdir='${exec_prefix}/libexec'
localedir='${datarootdir}/locale'
localstatedir='${prefix}/var'
mandir='${datarootdir}/man'
mkdir_p='mkdir -p --'
oldincludedir='/usr/include'
pdfdir='${docdir}'
perl_module_fe_lib=''
perl_module_lib=''
perl_static_fe_lib=''
perl_static_lib=''
perlpath='/usr/bin/perl'
prefix='/usr'
program_transform_name='s,x,x,'
psdir='${docdir}'
sbindir='${exec_prefix}/sbin'
sedpath='/bin/sed'
sharedstatedir='${prefix}/com'
sysconfdir='${prefix}/etc'
target_alias=''

## ----------- ##
## confdefs.h. ##
## ----------- ##

#define PACKAGE_NAME "irssi"
#define PACKAGE_TARNAME "irssi"
#define PACKAGE_VERSION "0.8.12"
#define PACKAGE_STRING "irssi 0.8.12"
#define PACKAGE_BUGREPORT ""
#define STDC_HEADERS 1
#define HAVE_SYS_TYPES_H 1
#define HAVE_SYS_STAT_H 1
#define HAVE_STDLIB_H 1
#define HAVE_STRING_H 1
#define HAVE_MEMORY_H 1
#define HAVE_STRINGS_H 1
#define HAVE_INTTYPES_H 1
#define HAVE_STDINT_H 1
#define HAVE_UNISTD_H 1
#define HAVE_DLFCN_H 1
#define HAVE_STRING_H 1
#define HAVE_STDLIB_H 1
#define HAVE_UNISTD_H 1
#define HAVE_DIRENT_H 1
#define HAVE_SYS_IOCTL_H 1
#define HAVE_SYS_RESOURCE_H 1
#define HAVE_SYS_TIME_H 1
#define HAVE_SYS_UTSNAME_H 1
#define HAVE_REGEX_H 1
#define HAVE_MKFIFO 1
#define HAVE_FCNTL 1
#define HAVE_NL_LANGINFO 1
#define SIZEOF_INT 4
#define SIZEOF_LONG 4
#define SIZEOF_LONG_LONG 8
#define SIZEOF_OFF_T 4
#define PRIuUOFF_T "lu"
#define UOFF_T_LONG 1
#define HAVE_OPENSSL_SSL_H 1
#define HAVE_OPENSSL_ERR_H 1
#define HAVE_OPENSSL
#define HAS_CURSES 1
#define USE_NCURSES 1
#define HAVE_TERMINFO 1
#define HAVE_PL_PERL 1

configure: exit 0
