This file contains any messages produced by compilers while
running configure, to aid debugging if configure makes a mistake.

It was created by configure, which was
generated by GNU Autoconf 2.59.  Invocation command line was

  $ ./configure --host=arm-linux-elf

## --------- ##
## Platform. ##
## --------- ##

hostname = jenkins
uname -m = i686
uname -r = 3.2.0-4-686-pae
uname -s = Linux
uname -v = #1 SMP Debian 3.2.78-1

/usr/bin/uname -p = unknown
/bin/uname -X     = unknown

/bin/arch              = unknown
/usr/bin/arch -k       = unknown
/usr/convex/getsysinfo = unknown
hostinfo               = unknown
/bin/machine           = unknown
/usr/bin/oslevel       = unknown
/bin/universe          = unknown

PATH: /usr/local/dslinux-toolchain-2008-01-24-i686/bin
PATH: /usr/local/bin
PATH: /usr/bin
PATH: /bin
PATH: /usr/local/games
PATH: /usr/games
PATH: /home/andrewec/dslinux/tools


## ----------- ##
## Core tests. ##
## ----------- ##

configure:1533: checking for arm-linux-elf-gcc
configure:1559: result: ucfront-gcc arm-linux-elf-gcc 
configure:1841: checking for C compiler version
configure:1844: ucfront-gcc arm-linux-elf-gcc  --version </dev/null >&5
arm-linux-elf-gcc (GCC) 4.0.4
Copyright (C) 2006 Free Software Foundation, Inc.
This is free software; see the source for copying conditions.  There is NO
warranty; not even for MERCHANTABILITY or FITNESS FOR A PARTICULAR PURPOSE.

configure:1847: $? = 0
configure:1849: ucfront-gcc arm-linux-elf-gcc  -v </dev/null >&5
Using built-in specs.
Target: arm-linux-elf
Configured with: /src/toolchain/src/gcc-4.0.4/configure --prefix=/src/toolchain/prefix --with-sysroot=/src/toolchain/prefix/arm-linux-elf --target=arm-linux-elf --enable-languages=c,c++ --enable-multilib --with-cpu=arm7tdmi --with-gcc --with-gnu-ld --with-gnu-as --disable-shared --disable-threads --disable-nls --disable-libssp
Thread model: single
gcc version 4.0.4
configure:1852: $? = 0
configure:1854: ucfront-gcc arm-linux-elf-gcc  -V </dev/null >&5
arm-linux-elf-gcc: '-V' option must have argument
configure:1857: $? = 1
configure:1880: checking for C compiler default output file name
configure:1883: ucfront-gcc arm-linux-elf-gcc  -O2 -g -fomit-frame-pointer -fno-common -fno-builtin -Wall  -mswp-byte-writes -DCONFIG_NDS_ROM8BIT -mcpu=arm946e-s -mfpu=fpe3 -DEMBED -D__PIC__ -fpic -msingle-pic-base -Dlinux -D__linux__ -Dunix -D__uClinux__  -Wl,-elf2flt -D__PIC__ -fpic -msingle-pic-base -mswp-byte-writes conftest.c  >&5
No relocations in code!
configure:1886: $? = 0
configure:1932: result: a.out
configure:1937: checking whether the C compiler works
configure:1943: ./a.out
./configure: line 1944: ./a.out: cannot execute binary file
configure:1946: $? = 126
configure:1963: result: yes
configure:1970: checking whether we are cross compiling
configure:1972: result: yes
configure:1975: checking for suffix of executables
configure:1977: ucfront-gcc arm-linux-elf-gcc  -o conftest -O2 -g -fomit-frame-pointer -fno-common -fno-builtin -Wall  -mswp-byte-writes -DCONFIG_NDS_ROM8BIT -mcpu=arm946e-s -mfpu=fpe3 -DEMBED -D__PIC__ -fpic -msingle-pic-base -Dlinux -D__linux__ -Dunix -D__uClinux__  -Wl,-elf2flt -D__PIC__ -fpic -msingle-pic-base -mswp-byte-writes conftest.c  >&5
No relocations in code!
configure:1980: $? = 0
configure:2005: result: 
configure:2011: checking for suffix of object files
configure:2032: ucfront-gcc arm-linux-elf-gcc  -c -O2 -g -fomit-frame-pointer -fno-common -fno-builtin -Wall  -mswp-byte-writes -DCONFIG_NDS_ROM8BIT -mcpu=arm946e-s -mfpu=fpe3 -DEMBED -D__PIC__ -fpic -msingle-pic-base -Dlinux -D__linux__ -Dunix -D__uClinux__  conftest.c >&5
configure:2035: $? = 0
configure:2057: result: o
configure:2061: checking whether we are using the GNU C compiler
configure:2085: ucfront-gcc arm-linux-elf-gcc  -c -O2 -g -fomit-frame-pointer -fno-common -fno-builtin -Wall  -mswp-byte-writes -DCONFIG_NDS_ROM8BIT -mcpu=arm946e-s -mfpu=fpe3 -DEMBED -D__PIC__ -fpic -msingle-pic-base -Dlinux -D__linux__ -Dunix -D__uClinux__  conftest.c >&5
configure:2091: $? = 0
configure:2095: test -z 
			 || test ! -s conftest.err
configure:2098: $? = 0
configure:2101: test -s conftest.o
configure:2104: $? = 0
configure:2117: result: yes
configure:2123: checking whether ucfront-gcc arm-linux-elf-gcc  accepts -g
configure:2144: ucfront-gcc arm-linux-elf-gcc  -c -g  conftest.c >&5
configure:2150: $? = 0
configure:2154: test -z 
			 || test ! -s conftest.err
configure:2157: $? = 0
configure:2160: test -s conftest.o
configure:2163: $? = 0
configure:2174: result: yes
configure:2191: checking for ucfront-gcc arm-linux-elf-gcc  option to accept ANSI C
configure:2261: ucfront-gcc arm-linux-elf-gcc   -c -O2 -g -fomit-frame-pointer -fno-common -fno-builtin -Wall  -mswp-byte-writes -DCONFIG_NDS_ROM8BIT -mcpu=arm946e-s -mfpu=fpe3 -DEMBED -D__PIC__ -fpic -msingle-pic-base -Dlinux -D__linux__ -Dunix -D__uClinux__  conftest.c >&5
configure:2267: $? = 0
configure:2271: test -z 
			 || test ! -s conftest.err
configure:2274: $? = 0
configure:2277: test -s conftest.o
configure:2280: $? = 0
configure:2298: result: none needed
configure:2316: ucfront-gcc arm-linux-elf-gcc  -c -O2 -g -fomit-frame-pointer -fno-common -fno-builtin -Wall  -mswp-byte-writes -DCONFIG_NDS_ROM8BIT -mcpu=arm946e-s -mfpu=fpe3 -DEMBED -D__PIC__ -fpic -msingle-pic-base -Dlinux -D__linux__ -Dunix -D__uClinux__  conftest.c >&5
conftest.c:2: error: syntax error before 'me'
configure:2322: $? = 1
configure: failed program was:
| #ifndef __cplusplus
|   choke me
| #endif
configure:2495: checking for a BSD-compatible install
configure:2550: result: /usr/bin/install -c
configure:2641: checking build system type
configure:2659: result: i686-pc-linux-gnu
configure:2667: checking host system type
configure:2681: result: arm-linux-elf
configure:2689: checking for a sed that does not truncate output
configure:2743: result: /bin/sed
configure:2746: checking for egrep
configure:2756: result: grep -E
configure:2772: checking for ld used by ucfront-gcc arm-linux-elf-gcc 
configure:2839: result: arm-linux-elf-ld
configure:2848: checking if the linker (arm-linux-elf-ld) is GNU ld
configure:2863: result: yes
configure:2868: checking for arm-linux-elf-ld option to reload object files
configure:2875: result: -r
configure:2893: checking for BSD-compatible nm
configure:2935: result: /usr/local/dslinux-toolchain-2008-01-24-i686/bin/arm-linux-elf-nm -B
configure:2939: checking whether ln -s works
configure:2943: result: yes
configure:2950: checking how to recognise dependent libraries
configure:3131: result: unknown
configure:3587: checking how to run the C preprocessor
configure:3622: ucfront-gcc arm-linux-elf-gcc  -E  conftest.c
configure:3628: $? = 0
configure:3660: ucfront-gcc arm-linux-elf-gcc  -E  conftest.c
conftest.c:9:28: error: ac_nonexistent.h: No such file or directory
configure:3666: $? = 1
configure: failed program was:
| /* confdefs.h.  */
| 
| #define PACKAGE_NAME ""
| #define PACKAGE_TARNAME ""
| #define PACKAGE_VERSION ""
| #define PACKAGE_STRING ""
| #define PACKAGE_BUGREPORT ""
| /* end confdefs.h.  */
| #include <ac_nonexistent.h>
configure:3705: result: ucfront-gcc arm-linux-elf-gcc  -E
configure:3729: ucfront-gcc arm-linux-elf-gcc  -E  conftest.c
configure:3735: $? = 0
configure:3767: ucfront-gcc arm-linux-elf-gcc  -E  conftest.c
conftest.c:9:28: error: ac_nonexistent.h: No such file or directory
configure:3773: $? = 1
configure: failed program was:
| /* confdefs.h.  */
| 
| #define PACKAGE_NAME ""
| #define PACKAGE_TARNAME ""
| #define PACKAGE_VERSION ""
| #define PACKAGE_STRING ""
| #define PACKAGE_BUGREPORT ""
| /* end confdefs.h.  */
| #include <ac_nonexistent.h>
configure:3817: checking for ANSI C header files
configure:3842: ucfront-gcc arm-linux-elf-gcc  -c -O2 -g -fomit-frame-pointer -fno-common -fno-builtin -Wall  -mswp-byte-writes -DCONFIG_NDS_ROM8BIT -mcpu=arm946e-s -mfpu=fpe3 -DEMBED -D__PIC__ -fpic -msingle-pic-base -Dlinux -D__linux__ -Dunix -D__uClinux__  conftest.c >&5
configure:3848: $? = 0
configure:3852: test -z 
			 || test ! -s conftest.err
configure:3855: $? = 0
configure:3858: test -s conftest.o
configure:3861: $? = 0
configure:3973: result: yes
configure:3997: checking for sys/types.h
configure:4013: ucfront-gcc arm-linux-elf-gcc  -c -O2 -g -fomit-frame-pointer -fno-common -fno-builtin -Wall  -mswp-byte-writes -DCONFIG_NDS_ROM8BIT -mcpu=arm946e-s -mfpu=fpe3 -DEMBED -D__PIC__ -fpic -msingle-pic-base -Dlinux -D__linux__ -Dunix -D__uClinux__  conftest.c >&5
configure:4019: $? = 0
configure:4023: test -z 
			 || test ! -s conftest.err
configure:4026: $? = 0
configure:4029: test -s conftest.o
configure:4032: $? = 0
configure:4043: result: yes
configure:3997: checking for sys/stat.h
configure:4013: ucfront-gcc arm-linux-elf-gcc  -c -O2 -g -fomit-frame-pointer -fno-common -fno-builtin -Wall  -mswp-byte-writes -DCONFIG_NDS_ROM8BIT -mcpu=arm946e-s -mfpu=fpe3 -DEMBED -D__PIC__ -fpic -msingle-pic-base -Dlinux -D__linux__ -Dunix -D__uClinux__  conftest.c >&5
configure:4019: $? = 0
configure:4023: test -z 
			 || test ! -s conftest.err
configure:4026: $? = 0
configure:4029: test -s conftest.o
configure:4032: $? = 0
configure:4043: result: yes
configure:3997: checking for stdlib.h
configure:4013: ucfront-gcc arm-linux-elf-gcc  -c -O2 -g -fomit-frame-pointer -fno-common -fno-builtin -Wall  -mswp-byte-writes -DCONFIG_NDS_ROM8BIT -mcpu=arm946e-s -mfpu=fpe3 -DEMBED -D__PIC__ -fpic -msingle-pic-base -Dlinux -D__linux__ -Dunix -D__uClinux__  conftest.c >&5
configure:4019: $? = 0
configure:4023: test -z 
			 || test ! -s conftest.err
configure:4026: $? = 0
configure:4029: test -s conftest.o
configure:4032: $? = 0
configure:4043: result: yes
configure:3997: checking for string.h
configure:4013: ucfront-gcc arm-linux-elf-gcc  -c -O2 -g -fomit-frame-pointer -fno-common -fno-builtin -Wall  -mswp-byte-writes -DCONFIG_NDS_ROM8BIT -mcpu=arm946e-s -mfpu=fpe3 -DEMBED -D__PIC__ -fpic -msingle-pic-base -Dlinux -D__linux__ -Dunix -D__uClinux__  conftest.c >&5
configure:4019: $? = 0
configure:4023: test -z 
			 || test ! -s conftest.err
configure:4026: $? = 0
configure:4029: test -s conftest.o
configure:4032: $? = 0
configure:4043: result: yes
configure:3997: checking for memory.h
configure:4013: ucfront-gcc arm-linux-elf-gcc  -c -O2 -g -fomit-frame-pointer -fno-common -fno-builtin -Wall  -mswp-byte-writes -DCONFIG_NDS_ROM8BIT -mcpu=arm946e-s -mfpu=fpe3 -DEMBED -D__PIC__ -fpic -msingle-pic-base -Dlinux -D__linux__ -Dunix -D__uClinux__  conftest.c >&5
configure:4019: $? = 0
configure:4023: test -z 
			 || test ! -s conftest.err
configure:4026: $? = 0
configure:4029: test -s conftest.o
configure:4032: $? = 0
configure:4043: result: yes
configure:3997: checking for strings.h
configure:4013: ucfront-gcc arm-linux-elf-gcc  -c -O2 -g -fomit-frame-pointer -fno-common -fno-builtin -Wall  -mswp-byte-writes -DCONFIG_NDS_ROM8BIT -mcpu=arm946e-s -mfpu=fpe3 -DEMBED -D__PIC__ -fpic -msingle-pic-base -Dlinux -D__linux__ -Dunix -D__uClinux__  conftest.c >&5
configure:4019: $? = 0
configure:4023: test -z 
			 || test ! -s conftest.err
configure:4026: $? = 0
configure:4029: test -s conftest.o
configure:4032: $? = 0
configure:4043: result: yes
configure:3997: checking for inttypes.h
configure:4013: ucfront-gcc arm-linux-elf-gcc  -c -O2 -g -fomit-frame-pointer -fno-common -fno-builtin -Wall  -mswp-byte-writes -DCONFIG_NDS_ROM8BIT -mcpu=arm946e-s -mfpu=fpe3 -DEMBED -D__PIC__ -fpic -msingle-pic-base -Dlinux -D__linux__ -Dunix -D__uClinux__  conftest.c >&5
configure:4019: $? = 0
configure:4023: test -z 
			 || test ! -s conftest.err
configure:4026: $? = 0
configure:4029: test -s conftest.o
configure:4032: $? = 0
configure:4043: result: yes
configure:3997: checking for stdint.h
configure:4013: ucfront-gcc arm-linux-elf-gcc  -c -O2 -g -fomit-frame-pointer -fno-common -fno-builtin -Wall  -mswp-byte-writes -DCONFIG_NDS_ROM8BIT -mcpu=arm946e-s -mfpu=fpe3 -DEMBED -D__PIC__ -fpic -msingle-pic-base -Dlinux -D__linux__ -Dunix -D__uClinux__  conftest.c >&5
configure:4019: $? = 0
configure:4023: test -z 
			 || test ! -s conftest.err
configure:4026: $? = 0
configure:4029: test -s conftest.o
configure:4032: $? = 0
configure:4043: result: yes
configure:3997: checking for unistd.h
configure:4013: ucfront-gcc arm-linux-elf-gcc  -c -O2 -g -fomit-frame-pointer -fno-common -fno-builtin -Wall  -mswp-byte-writes -DCONFIG_NDS_ROM8BIT -mcpu=arm946e-s -mfpu=fpe3 -DEMBED -D__PIC__ -fpic -msingle-pic-base -Dlinux -D__linux__ -Dunix -D__uClinux__  conftest.c >&5
configure:4019: $? = 0
configure:4023: test -z 
			 || test ! -s conftest.err
configure:4026: $? = 0
configure:4029: test -s conftest.o
configure:4032: $? = 0
configure:4043: result: yes
configure:4069: checking dlfcn.h usability
configure:4081: ucfront-gcc arm-linux-elf-gcc  -c -O2 -g -fomit-frame-pointer -fno-common -fno-builtin -Wall  -mswp-byte-writes -DCONFIG_NDS_ROM8BIT -mcpu=arm946e-s -mfpu=fpe3 -DEMBED -D__PIC__ -fpic -msingle-pic-base -Dlinux -D__linux__ -Dunix -D__uClinux__  conftest.c >&5
configure:4087: $? = 0
configure:4091: test -z 
			 || test ! -s conftest.err
configure:4094: $? = 0
configure:4097: test -s conftest.o
configure:4100: $? = 0
configure:4110: result: yes
configure:4114: checking dlfcn.h presence
configure:4124: ucfront-gcc arm-linux-elf-gcc  -E  conftest.c
configure:4130: $? = 0
configure:4150: result: yes
configure:4185: checking for dlfcn.h
configure:4192: result: yes
configure:4215: checking for arm-linux-elf-g++
configure:4241: result: ucfront-g++ arm-linux-elf-g++ 
configure:4299: checking for C++ compiler version
configure:4302: ucfront-g++ arm-linux-elf-g++  --version </dev/null >&5
arm-linux-elf-g++ (GCC) 4.0.4
Copyright (C) 2006 Free Software Foundation, Inc.
This is free software; see the source for copying conditions.  There is NO
warranty; not even for MERCHANTABILITY or FITNESS FOR A PARTICULAR PURPOSE.

configure:4305: $? = 0
configure:4307: ucfront-g++ arm-linux-elf-g++  -v </dev/null >&5
Using built-in specs.
Target: arm-linux-elf
Configured with: /src/toolchain/src/gcc-4.0.4/configure --prefix=/src/toolchain/prefix --with-sysroot=/src/toolchain/prefix/arm-linux-elf --target=arm-linux-elf --enable-languages=c,c++ --enable-multilib --with-cpu=arm7tdmi --with-gcc --with-gnu-ld --with-gnu-as --disable-shared --disable-threads --disable-nls --disable-libssp
Thread model: single
gcc version 4.0.4
configure:4310: $? = 0
configure:4312: ucfront-g++ arm-linux-elf-g++  -V </dev/null >&5
arm-linux-elf-g++: '-V' option must have argument
configure:4315: $? = 1
configure:4318: checking whether we are using the GNU C++ compiler
configure:4342: ucfront-g++ arm-linux-elf-g++  -c -O2 -g -fomit-frame-pointer -fno-common -fno-builtin -Wall  -mswp-byte-writes -DCONFIG_NDS_ROM8BIT -mcpu=arm946e-s -mfpu=fpe3 -DEMBED -D__PIC__ -fpic -msingle-pic-base -Dlinux -D__linux__ -Dunix -D__uClinux__  -I /home/andrewec/dslinux/lib/uClibc++/include -fno-builtin -nostdinc++ -DGCC_HASCLASSVISIBILITY -Wno-deprecated  conftest.cc >&5
configure:4348: $? = 0
configure:4352: test -z 
			 || test ! -s conftest.err
configure:4355: $? = 0
configure:4358: test -s conftest.o
configure:4361: $? = 0
configure:4374: result: yes
configure:4380: checking whether ucfront-g++ arm-linux-elf-g++  accepts -g
configure:4401: ucfront-g++ arm-linux-elf-g++  -c -g  conftest.cc >&5
configure:4407: $? = 0
configure:4411: test -z 
			 || test ! -s conftest.err
configure:4414: $? = 0
configure:4417: test -s conftest.o
configure:4420: $? = 0
configure:4431: result: yes
configure:4473: ucfront-g++ arm-linux-elf-g++  -c -O2 -g -fomit-frame-pointer -fno-common -fno-builtin -Wall  -mswp-byte-writes -DCONFIG_NDS_ROM8BIT -mcpu=arm946e-s -mfpu=fpe3 -DEMBED -D__PIC__ -fpic -msingle-pic-base -Dlinux -D__linux__ -Dunix -D__uClinux__  -I /home/andrewec/dslinux/lib/uClibc++/include -fno-builtin -nostdinc++ -DGCC_HASCLASSVISIBILITY -Wno-deprecated  conftest.cc >&5
configure:4479: $? = 0
configure:4483: test -z 
			 || test ! -s conftest.err
configure:4486: $? = 0
configure:4489: test -s conftest.o
configure:4492: $? = 0
configure:4518: ucfront-g++ arm-linux-elf-g++  -c -O2 -g -fomit-frame-pointer -fno-common -fno-builtin -Wall  -mswp-byte-writes -DCONFIG_NDS_ROM8BIT -mcpu=arm946e-s -mfpu=fpe3 -DEMBED -D__PIC__ -fpic -msingle-pic-base -Dlinux -D__linux__ -Dunix -D__uClinux__  -I /home/andrewec/dslinux/lib/uClibc++/include -fno-builtin -nostdinc++ -DGCC_HASCLASSVISIBILITY -Wno-deprecated  conftest.cc >&5
conftest.cc: In function 'int main()':
conftest.cc:24: error: 'exit' was not declared in this scope
configure:4524: $? = 1
configure: failed program was:
| /* confdefs.h.  */
| 
| #define PACKAGE_NAME ""
| #define PACKAGE_TARNAME ""
| #define PACKAGE_VERSION ""
| #define PACKAGE_STRING ""
| #define PACKAGE_BUGREPORT ""
| #define STDC_HEADERS 1
| #define HAVE_SYS_TYPES_H 1
| #define HAVE_SYS_STAT_H 1
| #define HAVE_STDLIB_H 1
| #define HAVE_STRING_H 1
| #define HAVE_MEMORY_H 1
| #define HAVE_STRINGS_H 1
| #define HAVE_INTTYPES_H 1
| #define HAVE_STDINT_H 1
| #define HAVE_UNISTD_H 1
| #define HAVE_DLFCN_H 1
| /* end confdefs.h.  */
| 
| int
| main ()
| {
| exit (42);
|   ;
|   return 0;
| }
configure:4473: ucfront-g++ arm-linux-elf-g++  -c -O2 -g -fomit-frame-pointer -fno-common -fno-builtin -Wall  -mswp-byte-writes -DCONFIG_NDS_ROM8BIT -mcpu=arm946e-s -mfpu=fpe3 -DEMBED -D__PIC__ -fpic -msingle-pic-base -Dlinux -D__linux__ -Dunix -D__uClinux__  -I /home/andrewec/dslinux/lib/uClibc++/include -fno-builtin -nostdinc++ -DGCC_HASCLASSVISIBILITY -Wno-deprecated  conftest.cc >&5
conftest.cc:20: error: 'void std::exit(int)' should have been declared inside 'std'
conftest.cc:20: error: 'std::exit' has not been declared
configure:4479: $? = 1
configure: failed program was:
| /* confdefs.h.  */
| 
| #define PACKAGE_NAME ""
| #define PACKAGE_TARNAME ""
| #define PACKAGE_VERSION ""
| #define PACKAGE_STRING ""
| #define PACKAGE_BUGREPORT ""
| #define STDC_HEADERS 1
| #define HAVE_SYS_TYPES_H 1
| #define HAVE_SYS_STAT_H 1
| #define HAVE_STDLIB_H 1
| #define HAVE_STRING_H 1
| #define HAVE_MEMORY_H 1
| #define HAVE_STRINGS_H 1
| #define HAVE_INTTYPES_H 1
| #define HAVE_STDINT_H 1
| #define HAVE_UNISTD_H 1
| #define HAVE_DLFCN_H 1
| /* end confdefs.h.  */
| extern "C" void std::exit (int) throw (); using std::exit;
| #include <stdlib.h>
| int
| main ()
| {
| exit (42);
|   ;
|   return 0;
| }
configure:4473: ucfront-g++ arm-linux-elf-g++  -c -O2 -g -fomit-frame-pointer -fno-common -fno-builtin -Wall  -mswp-byte-writes -DCONFIG_NDS_ROM8BIT -mcpu=arm946e-s -mfpu=fpe3 -DEMBED -D__PIC__ -fpic -msingle-pic-base -Dlinux -D__linux__ -Dunix -D__uClinux__  -I /home/andrewec/dslinux/lib/uClibc++/include -fno-builtin -nostdinc++ -DGCC_HASCLASSVISIBILITY -Wno-deprecated  conftest.cc >&5
conftest.cc:20: error: 'void std::exit(int)' should have been declared inside 'std'
conftest.cc:20: error: 'std::exit' has not been declared
/home/andrewec/dslinux/uClibc/include/stdlib.h:517: error: declaration of 'void std::exit(int) throw ()' throws different exceptions
conftest.cc:20: error: than previous declaration 'void std::exit(int)'
configure:4479: $? = 1
configure: failed program was:
| /* confdefs.h.  */
| 
| #define PACKAGE_NAME ""
| #define PACKAGE_TARNAME ""
| #define PACKAGE_VERSION ""
| #define PACKAGE_STRING ""
| #define PACKAGE_BUGREPORT ""
| #define STDC_HEADERS 1
| #define HAVE_SYS_TYPES_H 1
| #define HAVE_SYS_STAT_H 1
| #define HAVE_STDLIB_H 1
| #define HAVE_STRING_H 1
| #define HAVE_MEMORY_H 1
| #define HAVE_STRINGS_H 1
| #define HAVE_INTTYPES_H 1
| #define HAVE_STDINT_H 1
| #define HAVE_UNISTD_H 1
| #define HAVE_DLFCN_H 1
| /* end confdefs.h.  */
| extern "C" void std::exit (int); using std::exit;
| #include <stdlib.h>
| int
| main ()
| {
| exit (42);
|   ;
|   return 0;
| }
configure:4473: ucfront-g++ arm-linux-elf-g++  -c -O2 -g -fomit-frame-pointer -fno-common -fno-builtin -Wall  -mswp-byte-writes -DCONFIG_NDS_ROM8BIT -mcpu=arm946e-s -mfpu=fpe3 -DEMBED -D__PIC__ -fpic -msingle-pic-base -Dlinux -D__linux__ -Dunix -D__uClinux__  -I /home/andrewec/dslinux/lib/uClibc++/include -fno-builtin -nostdinc++ -DGCC_HASCLASSVISIBILITY -Wno-deprecated  conftest.cc >&5
configure:4479: $? = 0
configure:4483: test -z 
			 || test ! -s conftest.err
configure:4486: $? = 0
configure:4489: test -s conftest.o
configure:4492: $? = 0
configure:4518: ucfront-g++ arm-linux-elf-g++  -c -O2 -g -fomit-frame-pointer -fno-common -fno-builtin -Wall  -mswp-byte-writes -DCONFIG_NDS_ROM8BIT -mcpu=arm946e-s -mfpu=fpe3 -DEMBED -D__PIC__ -fpic -msingle-pic-base -Dlinux -D__linux__ -Dunix -D__uClinux__  -I /home/andrewec/dslinux/lib/uClibc++/include -fno-builtin -nostdinc++ -DGCC_HASCLASSVISIBILITY -Wno-deprecated  conftest.cc >&5
configure:4524: $? = 0
configure:4528: test -z 
			 || test ! -s conftest.err
configure:4531: $? = 0
configure:4534: test -s conftest.o
configure:4537: $? = 0
configure:4565: checking how to run the C++ preprocessor
configure:4596: ucfront-g++ arm-linux-elf-g++  -E  conftest.cc
configure:4602: $? = 0
configure:4634: ucfront-g++ arm-linux-elf-g++  -E  conftest.cc
conftest.cc:23:28: error: ac_nonexistent.h: No such file or directory
configure:4640: $? = 1
configure: failed program was:
| /* confdefs.h.  */
| 
| #define PACKAGE_NAME ""
| #define PACKAGE_TARNAME ""
| #define PACKAGE_VERSION ""
| #define PACKAGE_STRING ""
| #define PACKAGE_BUGREPORT ""
| #define STDC_HEADERS 1
| #define HAVE_SYS_TYPES_H 1
| #define HAVE_SYS_STAT_H 1
| #define HAVE_STDLIB_H 1
| #define HAVE_STRING_H 1
| #define HAVE_MEMORY_H 1
| #define HAVE_STRINGS_H 1
| #define HAVE_INTTYPES_H 1
| #define HAVE_STDINT_H 1
| #define HAVE_UNISTD_H 1
| #define HAVE_DLFCN_H 1
| #ifdef __cplusplus
| extern "C" void exit (int) throw ();
| #endif
| /* end confdefs.h.  */
| #include <ac_nonexistent.h>
configure:4679: result: ucfront-g++ arm-linux-elf-g++  -E
configure:4703: ucfront-g++ arm-linux-elf-g++  -E  conftest.cc
configure:4709: $? = 0
configure:4741: ucfront-g++ arm-linux-elf-g++  -E  conftest.cc
conftest.cc:23:28: error: ac_nonexistent.h: No such file or directory
configure:4747: $? = 1
configure: failed program was:
| /* confdefs.h.  */
| 
| #define PACKAGE_NAME ""
| #define PACKAGE_TARNAME ""
| #define PACKAGE_VERSION ""
| #define PACKAGE_STRING ""
| #define PACKAGE_BUGREPORT ""
| #define STDC_HEADERS 1
| #define HAVE_SYS_TYPES_H 1
| #define HAVE_SYS_STAT_H 1
| #define HAVE_STDLIB_H 1
| #define HAVE_STRING_H 1
| #define HAVE_MEMORY_H 1
| #define HAVE_STRINGS_H 1
| #define HAVE_INTTYPES_H 1
| #define HAVE_STDINT_H 1
| #define HAVE_UNISTD_H 1
| #define HAVE_DLFCN_H 1
| #ifdef __cplusplus
| extern "C" void exit (int) throw ();
| #endif
| /* end confdefs.h.  */
| #include <ac_nonexistent.h>
configure:4800: checking for arm-linux-elf-g77
configure:4829: result: no
configure:4800: checking for arm-linux-elf-f77
configure:4829: result: no
configure:4800: checking for arm-linux-elf-xlf
configure:4829: result: no
configure:4800: checking for arm-linux-elf-frt
configure:4829: result: no
configure:4800: checking for arm-linux-elf-pgf77
configure:4829: result: no
configure:4800: checking for arm-linux-elf-fort77
configure:4829: result: no
configure:4800: checking for arm-linux-elf-fl32
configure:4829: result: no
configure:4800: checking for arm-linux-elf-af77
configure:4829: result: no
configure:4800: checking for arm-linux-elf-f90
configure:4829: result: no
configure:4800: checking for arm-linux-elf-xlf90
configure:4829: result: no
configure:4800: checking for arm-linux-elf-pgf90
configure:4829: result: no
configure:4800: checking for arm-linux-elf-epcf90
configure:4829: result: no
configure:4800: checking for arm-linux-elf-f95
configure:4829: result: no
configure:4800: checking for arm-linux-elf-fort
configure:4829: result: no
configure:4800: checking for arm-linux-elf-xlf95
configure:4829: result: no
configure:4800: checking for arm-linux-elf-ifc
configure:4829: result: no
configure:4800: checking for arm-linux-elf-efc
configure:4829: result: no
configure:4800: checking for arm-linux-elf-pgf95
configure:4829: result: no
configure:4800: checking for arm-linux-elf-lf95
configure:4829: result: no
configure:4800: checking for arm-linux-elf-gfortran
configure:4829: result: no
configure:4842: checking for g77
configure:4871: result: no
configure:4842: checking for f77
configure:4871: result: no
configure:4842: checking for xlf
configure:4871: result: no
configure:4842: checking for frt
configure:4871: result: no
configure:4842: checking for pgf77
configure:4871: result: no
configure:4842: checking for fort77
configure:4871: result: no
configure:4842: checking for fl32
configure:4871: result: no
configure:4842: checking for af77
configure:4871: result: no
configure:4842: checking for f90
configure:4871: result: no
configure:4842: checking for xlf90
configure:4871: result: no
configure:4842: checking for pgf90
configure:4871: result: no
configure:4842: checking for epcf90
configure:4871: result: no
configure:4842: checking for f95
configure:4871: result: no
configure:4842: checking for fort
configure:4871: result: no
configure:4842: checking for xlf95
configure:4871: result: no
configure:4842: checking for ifc
configure:4871: result: no
configure:4842: checking for efc
configure:4871: result: no
configure:4842: checking for pgf95
configure:4871: result: no
configure:4842: checking for lf95
configure:4871: result: no
configure:4842: checking for gfortran
configure:4871: result: no
configure:4878: checking for Fortran 77 compiler version
configure:4886:  --version </dev/null >&5
./configure: line 4887: --version: command not found
configure:4889: $? = 127
configure:4891:  -v </dev/null >&5
./configure: line 4892: -v: command not found
configure:4894: $? = 127
configure:4896:  -V </dev/null >&5
./configure: line 4897: -V: command not found
configure:4899: $? = 127
configure:4907: checking whether we are using the GNU Fortran 77 compiler
configure:4921:  -c  conftest.F >&5
./configure: line 4922: -c: command not found
configure:4927: $? = 127
configure: failed program was:
|       program main
| #ifndef __GNUC__
|        choke me
| #endif
| 
|       end
configure:4953: result: no
configure:4959: checking whether  accepts -g
configure:4971:  -c -g conftest.f >&5
./configure: line 4972: -c: command not found
configure:4977: $? = 127
configure: failed program was:
|       program main
| 
|       end
configure:5002: result: no
configure:5032: checking the maximum length of command line arguments
configure:5111: result: 32768
configure:5122: checking command to parse /usr/local/dslinux-toolchain-2008-01-24-i686/bin/arm-linux-elf-nm -B output from ucfront-gcc arm-linux-elf-gcc  object
configure:5211: ucfront-gcc arm-linux-elf-gcc  -c -O2 -g -fomit-frame-pointer -fno-common -fno-builtin -Wall  -mswp-byte-writes -DCONFIG_NDS_ROM8BIT -mcpu=arm946e-s -mfpu=fpe3 -DEMBED -D__PIC__ -fpic -msingle-pic-base -Dlinux -D__linux__ -Dunix -D__uClinux__  conftest.c >&5
configure:5214: $? = 0
configure:5218: /usr/local/dslinux-toolchain-2008-01-24-i686/bin/arm-linux-elf-nm -B conftest.o \| sed -n -e 's/^.*[ 	]\([ABCDGIRSTW][ABCDGIRSTW]*\)[ 	][ 	]*\(\)\([_A-Za-z][_A-Za-z0-9]*\)$/\1 \2\3 \3/p' \> conftest.nm
configure:5221: $? = 0
configure:5273: ucfront-gcc arm-linux-elf-gcc  -o conftest -O2 -g -fomit-frame-pointer -fno-common -fno-builtin -Wall  -mswp-byte-writes -DCONFIG_NDS_ROM8BIT -mcpu=arm946e-s -mfpu=fpe3 -DEMBED -D__PIC__ -fpic -msingle-pic-base -Dlinux -D__linux__ -Dunix -D__uClinux__  -Wl,-elf2flt -D__PIC__ -fpic -msingle-pic-base -mswp-byte-writes conftest.c conftstm.o >&5
configure:5276: $? = 0
configure:5314: result: ok
configure:5318: checking for objdir
configure:5333: result: .libs
configure:5385: checking for arm-linux-elf-ar
configure:5411: result: arm-linux-elf-ar
configure:5465: checking for arm-linux-elf-ranlib
configure:5491: result: arm-linux-elf-ranlib
configure:5545: checking for arm-linux-elf-strip
configure:5571: result: arm-linux-elf-strip
configure:5874: checking if ucfront-gcc arm-linux-elf-gcc  static flag  works
No relocations in code!
configure:5897: result: no
configure:5919: checking if ucfront-gcc arm-linux-elf-gcc  supports -fno-rtti -fno-exceptions
configure:5932: ucfront-gcc arm-linux-elf-gcc  -c -O2 -g -fomit-frame-pointer -fno-common -fno-builtin -Wall  -mswp-byte-writes -DCONFIG_NDS_ROM8BIT -mcpu=arm946e-s -mfpu=fpe3 -DEMBED -D__PIC__ -fpic -msingle-pic-base -Dlinux -D__linux__ -Dunix -D__uClinux__  -fno-rtti -fno-exceptions conftest.c >&5
cc1: warning: command line option "-fno-rtti" is valid for C++/ObjC++ but not for C
configure:5936: $? = 0
configure:5952: result: no
configure:5967: checking for ucfront-gcc arm-linux-elf-gcc  option to produce PIC
configure:6154: result: -fPIC
configure:6162: checking if ucfront-gcc arm-linux-elf-gcc  PIC flag -fPIC works
configure:6175: ucfront-gcc arm-linux-elf-gcc  -c -O2 -g -fomit-frame-pointer -fno-common -fno-builtin -Wall  -mswp-byte-writes -DCONFIG_NDS_ROM8BIT -mcpu=arm946e-s -mfpu=fpe3 -DEMBED -D__PIC__ -fpic -msingle-pic-base -Dlinux -D__linux__ -Dunix -D__uClinux__  -fPIC -DPIC conftest.c >&5
configure:6179: $? = 0
configure:6195: result: yes
configure:6219: checking if ucfront-gcc arm-linux-elf-gcc  supports -c -o file.o
configure:6235: ucfront-gcc arm-linux-elf-gcc  -c -O2 -g -fomit-frame-pointer -fno-common -fno-builtin -Wall  -mswp-byte-writes -DCONFIG_NDS_ROM8BIT -mcpu=arm946e-s -mfpu=fpe3 -DEMBED -D__PIC__ -fpic -msingle-pic-base -Dlinux -D__linux__ -Dunix -D__uClinux__  -o out/conftest2.o conftest.c >&5
configure:6239: $? = 0
configure:6264: result: yes
configure:6290: checking whether the ucfront-gcc arm-linux-elf-gcc  linker (arm-linux-elf-ld) supports shared libraries
configure:7139: result: yes
configure:7165: checking whether -lc should be explicitly linked in
configure:7170: ucfront-gcc arm-linux-elf-gcc  -c -O2 -g -fomit-frame-pointer -fno-common -fno-builtin -Wall  -mswp-byte-writes -DCONFIG_NDS_ROM8BIT -mcpu=arm946e-s -mfpu=fpe3 -DEMBED -D__PIC__ -fpic -msingle-pic-base -Dlinux -D__linux__ -Dunix -D__uClinux__  conftest.c >&5
configure:7173: $? = 0
configure:7187: ucfront-gcc arm-linux-elf-gcc  -shared conftest.o  -v -Wl,-soname -Wl,conftest -o conftest 2\>\&1 \| grep  -lc  \>/dev/null 2\>\&1
configure:7190: $? = 0
configure:7202: result: no
configure:7210: checking dynamic linker characteristics
configure:7750: result: no
configure:7754: checking how to hardcode library paths into programs
configure:7779: result: immediate
configure:7793: checking whether stripping libraries is possible
configure:7798: result: yes
configure:8628: checking if libtool supports shared libraries
configure:8630: result: no
configure:8633: checking whether to build shared libraries
configure:8654: result: no
configure:8657: checking whether to build static libraries
configure:8661: result: yes
configure:8753: creating libtool
configure:9300: checking for ld used by ucfront-g++ arm-linux-elf-g++ 
configure:9367: result: arm-linux-elf-ld
configure:9376: checking if the linker (arm-linux-elf-ld) is GNU ld
configure:9391: result: yes
configure:9442: checking whether the ucfront-g++ arm-linux-elf-g++  linker (arm-linux-elf-ld) supports shared libraries
configure:10307: result: no
configure:10329: ucfront-g++ arm-linux-elf-g++  -c -O2 -g -fomit-frame-pointer -fno-common -fno-builtin -Wall  -mswp-byte-writes -DCONFIG_NDS_ROM8BIT -mcpu=arm946e-s -mfpu=fpe3 -DEMBED -D__PIC__ -fpic -msingle-pic-base -Dlinux -D__linux__ -Dunix -D__uClinux__  -I /home/andrewec/dslinux/lib/uClibc++/include -fno-builtin -nostdinc++ -DGCC_HASCLASSVISIBILITY -Wno-deprecated  conftest.cc >&5
configure:10332: $? = 0
configure:10428: checking for ucfront-g++ arm-linux-elf-g++  option to produce PIC
configure:10690: result: -fPIC
configure:10698: checking if ucfront-g++ arm-linux-elf-g++  PIC flag -fPIC works
configure:10711: ucfront-g++ arm-linux-elf-g++  -c -O2 -g -fomit-frame-pointer -fno-common -fno-builtin -Wall  -mswp-byte-writes -DCONFIG_NDS_ROM8BIT -mcpu=arm946e-s -mfpu=fpe3 -DEMBED -D__PIC__ -fpic -msingle-pic-base -Dlinux -D__linux__ -Dunix -D__uClinux__  -I /home/andrewec/dslinux/lib/uClibc++/include -fno-builtin -nostdinc++ -DGCC_HASCLASSVISIBILITY -Wno-deprecated  -fPIC -DPIC conftest.cc >&5
configure:10715: $? = 0
configure:10731: result: yes
configure:10755: checking if ucfront-g++ arm-linux-elf-g++  supports -c -o file.o
configure:10771: ucfront-g++ arm-linux-elf-g++  -c -O2 -g -fomit-frame-pointer -fno-common -fno-builtin -Wall  -mswp-byte-writes -DCONFIG_NDS_ROM8BIT -mcpu=arm946e-s -mfpu=fpe3 -DEMBED -D__PIC__ -fpic -msingle-pic-base -Dlinux -D__linux__ -Dunix -D__uClinux__  -I /home/andrewec/dslinux/lib/uClibc++/include -fno-builtin -nostdinc++ -DGCC_HASCLASSVISIBILITY -Wno-deprecated  -o out/conftest2.o conftest.cc >&5
configure:10775: $? = 0
configure:10800: result: yes
configure:10826: checking whether the ucfront-g++ arm-linux-elf-g++  linker (arm-linux-elf-ld) supports shared libraries
configure:10851: result: no
configure:10922: checking dynamic linker characteristics
configure:11462: result: no
configure:11466: checking how to hardcode library paths into programs
configure:11491: result: immediate
configure:11505: checking whether stripping libraries is possible
configure:11510: result: yes
configure:18779: checking for ANSI C header files
configure:18935: result: yes
configure:18959: checking limits.h usability
configure:18971: ucfront-gcc arm-linux-elf-gcc  -c -O2 -g -fomit-frame-pointer -fno-common -fno-builtin -Wall  -mswp-byte-writes -DCONFIG_NDS_ROM8BIT -mcpu=arm946e-s -mfpu=fpe3 -DEMBED -D__PIC__ -fpic -msingle-pic-base -Dlinux -D__linux__ -Dunix -D__uClinux__  conftest.c >&5
configure:18977: $? = 0
configure:18981: test -z 
			 || test ! -s conftest.err
configure:18984: $? = 0
configure:18987: test -s conftest.o
configure:18990: $? = 0
configure:19000: result: yes
configure:19004: checking limits.h presence
configure:19014: ucfront-gcc arm-linux-elf-gcc  -E  conftest.c
configure:19020: $? = 0
configure:19040: result: yes
configure:19075: checking for limits.h
configure:19082: result: yes
configure:19097: checking for an ANSI C-conforming const
configure:19164: ucfront-gcc arm-linux-elf-gcc  -c -O2 -g -fomit-frame-pointer -fno-common -fno-builtin -Wall  -mswp-byte-writes -DCONFIG_NDS_ROM8BIT -mcpu=arm946e-s -mfpu=fpe3 -DEMBED -D__PIC__ -fpic -msingle-pic-base -Dlinux -D__linux__ -Dunix -D__uClinux__  conftest.c >&5
conftest.c: In function 'main':
conftest.c:52: warning: unused variable 's'
conftest.c:72: warning: unused variable 'foo'
conftest.c:39: warning: unused variable 'zero'
conftest.c:33: warning: unused variable 'x'
conftest.c:54: warning: 't' is used uninitialized in this function
conftest.c:69: warning: 'b' is used uninitialized in this function
configure:19170: $? = 0
configure:19174: test -z 
			 || test ! -s conftest.err
configure:19177: $? = 0
configure:19180: test -s conftest.o
configure:19183: $? = 0
configure:19194: result: yes
configure:19204: checking for size_t
configure:19228: ucfront-gcc arm-linux-elf-gcc  -c -O2 -g -fomit-frame-pointer -fno-common -fno-builtin -Wall  -mswp-byte-writes -DCONFIG_NDS_ROM8BIT -mcpu=arm946e-s -mfpu=fpe3 -DEMBED -D__PIC__ -fpic -msingle-pic-base -Dlinux -D__linux__ -Dunix -D__uClinux__  conftest.c >&5
configure:19234: $? = 0
configure:19238: test -z 
			 || test ! -s conftest.err
configure:19241: $? = 0
configure:19244: test -s conftest.o
configure:19247: $? = 0
configure:19258: result: yes
configure:19278: checking for bcopy
configure:19335: ucfront-gcc arm-linux-elf-gcc  -o conftest -O2 -g -fomit-frame-pointer -fno-common -fno-builtin -Wall  -mswp-byte-writes -DCONFIG_NDS_ROM8BIT -mcpu=arm946e-s -mfpu=fpe3 -DEMBED -D__PIC__ -fpic -msingle-pic-base -Dlinux -D__linux__ -Dunix -D__uClinux__  -Wl,-elf2flt -D__PIC__ -fpic -msingle-pic-base -mswp-byte-writes conftest.c  >&5
configure:19341: $? = 0
configure:19345: test -z 
			 || test ! -s conftest.err
configure:19348: $? = 0
configure:19351: test -s conftest
configure:19354: $? = 0
configure:19366: result: yes
configure:19278: checking for memmove
configure:19335: ucfront-gcc arm-linux-elf-gcc  -o conftest -O2 -g -fomit-frame-pointer -fno-common -fno-builtin -Wall  -mswp-byte-writes -DCONFIG_NDS_ROM8BIT -mcpu=arm946e-s -mfpu=fpe3 -DEMBED -D__PIC__ -fpic -msingle-pic-base -Dlinux -D__linux__ -Dunix -D__uClinux__  -Wl,-elf2flt -D__PIC__ -fpic -msingle-pic-base -mswp-byte-writes conftest.c  >&5
configure:19341: $? = 0
configure:19345: test -z 
			 || test ! -s conftest.err
configure:19348: $? = 0
configure:19351: test -s conftest
configure:19354: $? = 0
configure:19366: result: yes
configure:19278: checking for strerror
configure:19335: ucfront-gcc arm-linux-elf-gcc  -o conftest -O2 -g -fomit-frame-pointer -fno-common -fno-builtin -Wall  -mswp-byte-writes -DCONFIG_NDS_ROM8BIT -mcpu=arm946e-s -mfpu=fpe3 -DEMBED -D__PIC__ -fpic -msingle-pic-base -Dlinux -D__linux__ -Dunix -D__uClinux__  -Wl,-elf2flt -D__PIC__ -fpic -msingle-pic-base -mswp-byte-writes conftest.c  >&5
configure:19341: $? = 0
configure:19345: test -z 
			 || test ! -s conftest.err
configure:19348: $? = 0
configure:19351: test -s conftest
configure:19354: $? = 0
configure:19366: result: yes
configure:19626: creating ./config.status

## ---------------------- ##
## Running config.status. ##
## ---------------------- ##

This file was extended by config.status, which was
generated by GNU Autoconf 2.59.  Invocation command line was

  CONFIG_FILES    = 
  CONFIG_HEADERS  = 
  CONFIG_LINKS    = 
  CONFIG_COMMANDS = 
  $ ./config.status 

on jenkins

config.status:715: creating Makefile
config.status:715: creating pcre.h
config.status:715: creating pcre-config
config.status:715: creating libpcre.pc
config.status:715: creating RunTest
config.status:819: creating config.h
config.status:1093: executing default commands

## ---------------- ##
## Cache variables. ##
## ---------------- ##

ac_cv_build=i686-pc-linux-gnu
ac_cv_build_alias=i686-pc-linux-gnu
ac_cv_c_compiler_gnu=yes
ac_cv_c_const=yes
ac_cv_cxx_compiler_gnu=yes
ac_cv_env_CC_set=set
ac_cv_env_CC_value='ucfront-gcc arm-linux-elf-gcc '
ac_cv_env_CFLAGS_set=set
ac_cv_env_CFLAGS_value='-O2 -g -fomit-frame-pointer -fno-common -fno-builtin -Wall  -mswp-byte-writes -DCONFIG_NDS_ROM8BIT -mcpu=arm946e-s -mfpu=fpe3 -DEMBED -D__PIC__ -fpic -msingle-pic-base -Dlinux -D__linux__ -Dunix -D__uClinux__'
ac_cv_env_CPPFLAGS_set=
ac_cv_env_CPPFLAGS_value=
ac_cv_env_CPP_set=
ac_cv_env_CPP_value=
ac_cv_env_CXXCPP_set=
ac_cv_env_CXXCPP_value=
ac_cv_env_CXXFLAGS_set=set
ac_cv_env_CXXFLAGS_value='-O2 -g -fomit-frame-pointer -fno-common -fno-builtin -Wall  -mswp-byte-writes -DCONFIG_NDS_ROM8BIT -mcpu=arm946e-s -mfpu=fpe3 -DEMBED -D__PIC__ -fpic -msingle-pic-base -Dlinux -D__linux__ -Dunix -D__uClinux__  -I /home/andrewec/dslinux/lib/uClibc++/include -fno-builtin -nostdinc++ -DGCC_HASCLASSVISIBILITY -Wno-deprecated'
ac_cv_env_CXX_set=set
ac_cv_env_CXX_value='ucfront-g++ arm-linux-elf-g++ '
ac_cv_env_F77_set=
ac_cv_env_F77_value=
ac_cv_env_FFLAGS_set=
ac_cv_env_FFLAGS_value=
ac_cv_env_LDFLAGS_set=set
ac_cv_env_LDFLAGS_value='-Wl,-elf2flt -D__PIC__ -fpic -msingle-pic-base -mswp-byte-writes'
ac_cv_env_build_alias_set=
ac_cv_env_build_alias_value=
ac_cv_env_host_alias_set=set
ac_cv_env_host_alias_value=arm-linux-elf
ac_cv_env_target_alias_set=
ac_cv_env_target_alias_value=
ac_cv_exeext=
ac_cv_f77_compiler_gnu=no
ac_cv_func_bcopy=yes
ac_cv_func_memmove=yes
ac_cv_func_strerror=yes
ac_cv_header_dlfcn_h=yes
ac_cv_header_inttypes_h=yes
ac_cv_header_limits_h=yes
ac_cv_header_memory_h=yes
ac_cv_header_stdc=yes
ac_cv_header_stdint_h=yes
ac_cv_header_stdlib_h=yes
ac_cv_header_string_h=yes
ac_cv_header_strings_h=yes
ac_cv_header_sys_stat_h=yes
ac_cv_header_sys_types_h=yes
ac_cv_header_unistd_h=yes
ac_cv_host=arm-linux-elf
ac_cv_host_alias=arm-linux-elf
ac_cv_objext=o
ac_cv_path_install='/usr/bin/install -c'
ac_cv_prog_AR=arm-linux-elf-ar
ac_cv_prog_CC='ucfront-gcc arm-linux-elf-gcc '
ac_cv_prog_CPP='ucfront-gcc arm-linux-elf-gcc  -E'
ac_cv_prog_CXX='ucfront-g++ arm-linux-elf-g++ '
ac_cv_prog_CXXCPP='ucfront-g++ arm-linux-elf-g++  -E'
ac_cv_prog_RANLIB=arm-linux-elf-ranlib
ac_cv_prog_STRIP=arm-linux-elf-strip
ac_cv_prog_cc_g=yes
ac_cv_prog_cc_stdc=
ac_cv_prog_cxx_g=yes
ac_cv_prog_egrep='grep -E'
ac_cv_prog_f77_g=no
ac_cv_type_size_t=yes
lt_cv_deplibs_check_method=unknown
lt_cv_file_magic_cmd='$MAGIC_CMD'
lt_cv_file_magic_test_file=
lt_cv_ld_reload_flag=-r
lt_cv_objdir=.libs
lt_cv_path_LD=arm-linux-elf-ld
lt_cv_path_LDCXX=arm-linux-elf-ld
lt_cv_path_NM='/usr/local/dslinux-toolchain-2008-01-24-i686/bin/arm-linux-elf-nm -B'
lt_cv_path_SED=/bin/sed
lt_cv_prog_compiler_c_o=yes
lt_cv_prog_compiler_c_o_CXX=yes
lt_cv_prog_compiler_rtti_exceptions=no
lt_cv_prog_gnu_ld=yes
lt_cv_prog_gnu_ldcxx=yes
lt_cv_sys_global_symbol_pipe='sed -n -e '\''s/^.*[ 	]\([ABCDGIRSTW][ABCDGIRSTW]*\)[ 	][ 	]*\(\)\([_A-Za-z][_A-Za-z0-9]*\)$/\1 \2\3 \3/p'\'''
lt_cv_sys_global_symbol_to_c_name_address='sed -n -e '\''s/^: \([^ ]*\) $/  {\"\1\", (lt_ptr) 0},/p'\'' -e '\''s/^[BCDEGRST] \([^ ]*\) \([^ ]*\)$/  {"\2", (lt_ptr) \&\2},/p'\'''
lt_cv_sys_global_symbol_to_cdecl='sed -n -e '\''s/^. .* \(.*\)$/extern int \1;/p'\'''
lt_cv_sys_max_cmd_len=32768
lt_lt_cv_prog_compiler_c_o='"yes"'
lt_lt_cv_prog_compiler_c_o_CXX='"yes"'
lt_lt_cv_sys_global_symbol_pipe='"sed -n -e '\''s/^.*[ 	]\\([ABCDGIRSTW][ABCDGIRSTW]*\\)[ 	][ 	]*\\(\\)\\([_A-Za-z][_A-Za-z0-9]*\\)\$/\\1 \\2\\3 \\3/p'\''"'
lt_lt_cv_sys_global_symbol_to_c_name_address='"sed -n -e '\''s/^: \\([^ ]*\\) \$/  {\\\"\\1\\\", (lt_ptr) 0},/p'\'' -e '\''s/^[BCDEGRST] \\([^ ]*\\) \\([^ ]*\\)\$/  {\"\\2\", (lt_ptr) \\&\\2},/p'\''"'
lt_lt_cv_sys_global_symbol_to_cdecl='"sed -n -e '\''s/^. .* \\(.*\\)\$/extern int \\1;/p'\''"'

## ----------------- ##
## Output variables. ##
## ----------------- ##

AR='arm-linux-elf-ar'
AS='arm-linux-elf-as '
BUILD_EXEEXT='$(EXEEXT)'
BUILD_OBJEXT='$(OBJEXT)'
CC='ucfront-gcc arm-linux-elf-gcc '
CC_FOR_BUILD='gcc'
CFLAGS='-O2 -g -fomit-frame-pointer -fno-common -fno-builtin -Wall  -mswp-byte-writes -DCONFIG_NDS_ROM8BIT -mcpu=arm946e-s -mfpu=fpe3 -DEMBED -D__PIC__ -fpic -msingle-pic-base -Dlinux -D__linux__ -Dunix -D__uClinux__'
CFLAGS_FOR_BUILD='$(CFLAGS)'
CPP='ucfront-gcc arm-linux-elf-gcc  -E'
CPPFLAGS=''
CXX='ucfront-g++ arm-linux-elf-g++ '
CXXCPP='ucfront-g++ arm-linux-elf-g++  -E'
CXXFLAGS='-O2 -g -fomit-frame-pointer -fno-common -fno-builtin -Wall  -mswp-byte-writes -DCONFIG_NDS_ROM8BIT -mcpu=arm946e-s -mfpu=fpe3 -DEMBED -D__PIC__ -fpic -msingle-pic-base -Dlinux -D__linux__ -Dunix -D__uClinux__  -I /home/andrewec/dslinux/lib/uClibc++/include -fno-builtin -nostdinc++ -DGCC_HASCLASSVISIBILITY -Wno-deprecated'
DEFS='-DHAVE_CONFIG_H'
DLLTOOL='dlltool'
EBCDIC=''
ECHO='echo'
ECHO_C=''
ECHO_N='-n'
ECHO_T=''
EGREP='grep -E'
EXEEXT=''
F77=''
FFLAGS=''
HAVE_MEMMOVE=''
HAVE_STRERROR=''
INSTALL_DATA='${INSTALL} -m 644'
INSTALL_PROGRAM='${INSTALL}'
INSTALL_SCRIPT='${INSTALL}'
LDFLAGS='-Wl,-elf2flt -D__PIC__ -fpic -msingle-pic-base -mswp-byte-writes'
LIBOBJS=''
LIBS=''
LIBTOOL='$(SHELL) $(top_builddir)/libtool'
LINK_SIZE=''
LN_S='ln -s'
LTLIBOBJS=''
MATCH_LIMIT=''
NEWLINE=''
NOT_ON_WINDOWS=''
NO_RECURSE=''
OBJDUMP='objdump'
OBJEXT='o'
ON_WINDOWS='#'
PACKAGE_BUGREPORT=''
PACKAGE_NAME=''
PACKAGE_STRING=''
PACKAGE_TARNAME=''
PACKAGE_VERSION=''
PATH_SEPARATOR=':'
PCRE_DATE='13-Sep-2004'
PCRE_LIB_VERSION='0:1:0'
PCRE_MAJOR='5'
PCRE_MINOR='0'
PCRE_POSIXLIB_VERSION='0:0:0'
PCRE_VERSION='5.0'
POSIX_LIB='libpcreposix.la'
POSIX_LOBJ=''
POSIX_MALLOC_THRESHOLD='-DPOSIX_MALLOC_THRESHOLD=10'
POSIX_OBJ=''
RANLIB='arm-linux-elf-ranlib'
SHELL='/bin/bash'
STRIP='arm-linux-elf-strip'
UCP=''
UTF8=''
WIN_PREFIX=''
ac_ct_AR=''
ac_ct_AS=''
ac_ct_CC=''
ac_ct_CXX=''
ac_ct_DLLTOOL=''
ac_ct_F77=''
ac_ct_OBJDUMP=''
ac_ct_RANLIB=''
ac_ct_STRIP=''
bindir='${exec_prefix}/bin'
build='i686-pc-linux-gnu'
build_alias=''
build_cpu='i686'
build_os='linux-gnu'
build_vendor='pc'
datadir='${prefix}/share'
exec_prefix='${prefix}'
host='arm-linux-elf'
host_alias='arm-linux-elf'
host_cpu='arm'
host_os='elf'
host_vendor='linux'
includedir='${prefix}/include'
infodir='${prefix}/info'
libdir='${exec_prefix}/lib'
libexecdir='${exec_prefix}/libexec'
localstatedir='${prefix}/var'
mandir='${prefix}/man'
oldincludedir='/usr/include'
prefix='/usr/local'
program_transform_name='s,x,x,'
sbindir='${exec_prefix}/sbin'
sharedstatedir='${prefix}/com'
sysconfdir='${prefix}/etc'
target_alias=''

## ----------- ##
## confdefs.h. ##
## ----------- ##

#define HAVE_BCOPY 1
#define HAVE_DLFCN_H 1
#define HAVE_INTTYPES_H 1
#define HAVE_LIMITS_H 1
#define HAVE_MEMMOVE 1
#define HAVE_MEMORY_H 1
#define HAVE_STDINT_H 1
#define HAVE_STDLIB_H 1
#define HAVE_STRERROR 1
#define HAVE_STRINGS_H 1
#define HAVE_STRING_H 1
#define HAVE_SYS_STAT_H 1
#define HAVE_SYS_TYPES_H 1
#define HAVE_UNISTD_H 1
#define PACKAGE_BUGREPORT ""
#define PACKAGE_NAME ""
#define PACKAGE_STRING ""
#define PACKAGE_TARNAME ""
#define PACKAGE_VERSION ""
#define PCRE_STATIC 1
#define STDC_HEADERS 1
#define STDC_HEADERS 1
#endif
#ifdef __cplusplus
extern "C" void exit (int) throw ();

configure: exit 0
