This file contains any messages produced by compilers while
running configure, to aid debugging if configure makes a mistake.

configure:614: checking if you set and exported the environment variable CC
configure:621: checking for environment variable CFLAGS
configure:628: checking for environment variable CPPFLAGS
configure:631: checking for environment variable LDFLAGS
configure:634: checking for environment variable LIBS
configure:: checking version of C library
configure:1087: checking platform
configure:1120: checking for gcc
configure:1233: checking whether the C compiler (ucfront-gcc arm-linux-elf-gcc  -O2 -g -fomit-frame-pointer -fno-common -fno-builtin -Wall  -mswp-byte-writes -DCONFIG_NDS_ROM8BIT -mcpu=arm946e-s -mfpu=fpe3 -DEMBED -D__PIC__ -fpic -msingle-pic-base -Dlinux -D__linux__ -Dunix -D__uClinux__ -Wl,-elf2flt -D__PIC__ -fpic -msingle-pic-base -mswp-byte-writes) works
configure:1249: ucfront-gcc arm-linux-elf-gcc  -o conftest -O2 -g -fomit-frame-pointer -fno-common -fno-builtin -Wall  -mswp-byte-writes -DCONFIG_NDS_ROM8BIT -mcpu=arm946e-s -mfpu=fpe3 -DEMBED -D__PIC__ -fpic -msingle-pic-base -Dlinux -D__linux__ -Dunix -D__uClinux__  -Wl,-elf2flt -D__PIC__ -fpic -msingle-pic-base -mswp-byte-writes conftest.c  1>&5
configure:1246: warning: return type defaults to 'int'
No relocations in code!
configure:1275: checking whether the C compiler (ucfront-gcc arm-linux-elf-gcc  -O2 -g -fomit-frame-pointer -fno-common -fno-builtin -Wall  -mswp-byte-writes -DCONFIG_NDS_ROM8BIT -mcpu=arm946e-s -mfpu=fpe3 -DEMBED -D__PIC__ -fpic -msingle-pic-base -Dlinux -D__linux__ -Dunix -D__uClinux__ -Wl,-elf2flt -D__PIC__ -fpic -msingle-pic-base -mswp-byte-writes) is a cross-compiler
configure:1280: checking whether we are using GNU C
configure:1289: ucfront-gcc arm-linux-elf-gcc  -E conftest.c
configure:1308: checking whether ucfront-gcc arm-linux-elf-gcc  accepts -g
configure:1341: checking if the C compiler can use precompiled headers
ucfront-gcc arm-linux-elf-gcc pchtest.h -c
Successfully compiled pchtest.h into the precompiled header file pchtest.h.gch.
configure:1388: ucfront-gcc arm-linux-elf-gcc  -c -O2 -g -fomit-frame-pointer -fno-common -fno-builtin -Wall  -mswp-byte-writes -DCONFIG_NDS_ROM8BIT -mcpu=arm946e-s -mfpu=fpe3 -DEMBED -D__PIC__ -fpic -msingle-pic-base -Dlinux -D__linux__ -Dunix -D__uClinux__  conftest.c 1>&5
configure:1492: checking how to run the C preprocessor
configure:1513: ucfront-gcc arm-linux-elf-gcc  -E  conftest.c >/dev/null 2>conftest.out
configure:1578: checking the version of GCC
configure:1642: checking if we should customize your CFLAGS environment variable
configure:1855: ucfront-gcc arm-linux-elf-gcc  -c -O2 -g -fomit-frame-pointer -fno-common -fno-builtin -Wall  -mswp-byte-writes -DCONFIG_NDS_ROM8BIT -mcpu=arm946e-s -mfpu=fpe3 -DEMBED -D__PIC__ -fpic -msingle-pic-base -Dlinux -D__linux__ -Dunix -D__uClinux__ -Wno-format-y2k  conftest.c 1>&5
configure: In function 'main':
configure:1851: warning: unused variable 'junk'
configure:1873: checking for ldd
configure:1898: checking if compiled programs use a shared library version of libgcc
configure:1944: ucfront-gcc arm-linux-elf-gcc  -c -O2 -g -fomit-frame-pointer -fno-common -fno-builtin -Wall  -mswp-byte-writes -DCONFIG_NDS_ROM8BIT -mcpu=arm946e-s -mfpu=fpe3 -DEMBED -D__PIC__ -fpic -msingle-pic-base -Dlinux -D__linux__ -Dunix -D__uClinux__ -Wno-format-y2k -static-libgcc  conftest.c 1>&5
configure: In function 'main':
configure:1940: warning: unused variable 'junk'
configure:2022: checking if this is a debug build
configure:2030: checking NOOPTCFLAGS
configure:2033: checking DEBUGCFLAGS
configure:2036: checking CFLAGS
configure:2107: checking if we should add to CFLAGS for LFS64 support
configure:2119: checking if we should add -D_REENTRANT to CFLAGS
configure:2124: checking for strip
configure:2178: checking for object suffix
configure:2184: ucfront-gcc arm-linux-elf-gcc  -c -D_REENTRANT -D_LARGEFILE64_SOURCE -O2 -g -fomit-frame-pointer -fno-common -fno-builtin -Wall  -mswp-byte-writes -DCONFIG_NDS_ROM8BIT -mcpu=arm946e-s -mfpu=fpe3 -DEMBED -D__PIC__ -fpic -msingle-pic-base -Dlinux -D__linux__ -Dunix -D__uClinux__ -Wno-format-y2k -static-libgcc  conftest.c 1>&5
configure:2202: checking for Cygwin environment
configure:2218: ucfront-gcc arm-linux-elf-gcc  -c -D_REENTRANT -D_LARGEFILE64_SOURCE -O2 -g -fomit-frame-pointer -fno-common -fno-builtin -Wall  -mswp-byte-writes -DCONFIG_NDS_ROM8BIT -mcpu=arm946e-s -mfpu=fpe3 -DEMBED -D__PIC__ -fpic -msingle-pic-base -Dlinux -D__linux__ -Dunix -D__uClinux__ -Wno-format-y2k -static-libgcc  conftest.c 1>&5
configure: In function 'main':
configure:2214: error: '__CYGWIN32__' undeclared (first use in this function)
configure:2214: error: (Each undeclared identifier is reported only once
configure:2214: error: for each function it appears in.)
configure: failed program was:
#line 2207 "configure"
#include "confdefs.h"

int main() {

#ifndef __CYGWIN__
#define __CYGWIN__ __CYGWIN32__
#endif
return __CYGWIN__;
; return 0; }
configure:2235: checking for mingw32 environment
configure:2247: ucfront-gcc arm-linux-elf-gcc  -c -D_REENTRANT -D_LARGEFILE64_SOURCE -O2 -g -fomit-frame-pointer -fno-common -fno-builtin -Wall  -mswp-byte-writes -DCONFIG_NDS_ROM8BIT -mcpu=arm946e-s -mfpu=fpe3 -DEMBED -D__PIC__ -fpic -msingle-pic-base -Dlinux -D__linux__ -Dunix -D__uClinux__ -Wno-format-y2k -static-libgcc  conftest.c 1>&5
configure: In function 'main':
configure:2243: error: '__MINGW32__' undeclared (first use in this function)
configure:2243: error: (Each undeclared identifier is reported only once
configure:2243: error: for each function it appears in.)
configure: failed program was:
#line 2240 "configure"
#include "confdefs.h"

int main() {
return __MINGW32__;
; return 0; }
configure:2266: checking for executable suffix
configure:2276: ucfront-gcc arm-linux-elf-gcc  -o conftest -D_REENTRANT -D_LARGEFILE64_SOURCE -O2 -g -fomit-frame-pointer -fno-common -fno-builtin -Wall  -mswp-byte-writes -DCONFIG_NDS_ROM8BIT -mcpu=arm946e-s -mfpu=fpe3 -DEMBED -D__PIC__ -fpic -msingle-pic-base -Dlinux -D__linux__ -Dunix -D__uClinux__ -Wno-format-y2k -static-libgcc  -Wl,-elf2flt -D__PIC__ -fpic -msingle-pic-base -mswp-byte-writes conftest.c  1>&5
No relocations in code!
configure:2353: checking for ANSI C header files
configure:2366: ucfront-gcc arm-linux-elf-gcc  -E  conftest.c >/dev/null 2>conftest.out
configure:2460: checking for arpa/nameser.h
configure:2470: ucfront-gcc arm-linux-elf-gcc  -E  conftest.c >/dev/null 2>conftest.out
configure:2460: checking for gnu/libc-version.h
configure:2470: ucfront-gcc arm-linux-elf-gcc  -E  conftest.c >/dev/null 2>conftest.out
configure:2466:30: error: gnu/libc-version.h: No such file or directory
configure: failed program was:
#line 2465 "configure"
#include "confdefs.h"
#include <gnu/libc-version.h>
configure:2460: checking for locale.h
configure:2470: ucfront-gcc arm-linux-elf-gcc  -E  conftest.c >/dev/null 2>conftest.out
configure:2460: checking for net/errno.h
configure:2470: ucfront-gcc arm-linux-elf-gcc  -E  conftest.c >/dev/null 2>conftest.out
configure:2466:23: error: net/errno.h: No such file or directory
configure: failed program was:
#line 2465 "configure"
#include "confdefs.h"
#include <net/errno.h>
configure:2460: checking for nserve.h
configure:2470: ucfront-gcc arm-linux-elf-gcc  -E  conftest.c >/dev/null 2>conftest.out
configure:2466:20: error: nserve.h: No such file or directory
configure: failed program was:
#line 2465 "configure"
#include "confdefs.h"
#include <nserve.h>
configure:2460: checking for resolv.h
configure:2470: ucfront-gcc arm-linux-elf-gcc  -E  conftest.c >/dev/null 2>conftest.out
configure:2460: checking for sgtty.h
configure:2470: ucfront-gcc arm-linux-elf-gcc  -E  conftest.c >/dev/null 2>conftest.out
configure:2460: checking for string.h
configure:2470: ucfront-gcc arm-linux-elf-gcc  -E  conftest.c >/dev/null 2>conftest.out
configure:2460: checking for strings.h
configure:2470: ucfront-gcc arm-linux-elf-gcc  -E  conftest.c >/dev/null 2>conftest.out
configure:2460: checking for sys/ioctl.h
configure:2470: ucfront-gcc arm-linux-elf-gcc  -E  conftest.c >/dev/null 2>conftest.out
configure:2460: checking for syslog.h
configure:2470: ucfront-gcc arm-linux-elf-gcc  -E  conftest.c >/dev/null 2>conftest.out
configure:2460: checking for sys/socket.h
configure:2470: ucfront-gcc arm-linux-elf-gcc  -E  conftest.c >/dev/null 2>conftest.out
configure:2460: checking for sys/time.h
configure:2470: ucfront-gcc arm-linux-elf-gcc  -E  conftest.c >/dev/null 2>conftest.out
configure:2460: checking for sys/types.h
configure:2470: ucfront-gcc arm-linux-elf-gcc  -E  conftest.c >/dev/null 2>conftest.out
configure:2460: checking for sys/utsname.h
configure:2470: ucfront-gcc arm-linux-elf-gcc  -E  conftest.c >/dev/null 2>conftest.out
configure:2460: checking for sys/systeminfo.h
configure:2470: ucfront-gcc arm-linux-elf-gcc  -E  conftest.c >/dev/null 2>conftest.out
configure:2466:28: error: sys/systeminfo.h: No such file or directory
configure: failed program was:
#line 2465 "configure"
#include "confdefs.h"
#include <sys/systeminfo.h>
configure:2460: checking for termio.h
configure:2470: ucfront-gcc arm-linux-elf-gcc  -E  conftest.c >/dev/null 2>conftest.out
configure:2460: checking for termios.h
configure:2470: ucfront-gcc arm-linux-elf-gcc  -E  conftest.c >/dev/null 2>conftest.out
configure:2460: checking for time.h
configure:2470: ucfront-gcc arm-linux-elf-gcc  -E  conftest.c >/dev/null 2>conftest.out
configure:2460: checking for utime.h
configure:2470: ucfront-gcc arm-linux-elf-gcc  -E  conftest.c >/dev/null 2>conftest.out
configure:2460: checking for unistd.h
configure:2470: ucfront-gcc arm-linux-elf-gcc  -E  conftest.c >/dev/null 2>conftest.out
configure:2497: checking whether time.h and sys/time.h may both be included
configure:2511: ucfront-gcc arm-linux-elf-gcc  -c -D_REENTRANT -D_LARGEFILE64_SOURCE -O2 -g -fomit-frame-pointer -fno-common -fno-builtin -Wall  -mswp-byte-writes -DCONFIG_NDS_ROM8BIT -mcpu=arm946e-s -mfpu=fpe3 -DEMBED -D__PIC__ -fpic -msingle-pic-base -Dlinux -D__linux__ -Dunix -D__uClinux__ -Wno-format-y2k -static-libgcc  conftest.c 1>&5
configure: In function 'main':
configure:2507: warning: unused variable 'tp'
configure:2543: checking for sys/un.h
configure:2553: ucfront-gcc arm-linux-elf-gcc  -E  conftest.c >/dev/null 2>conftest.out
configure:2580: checking for UNIX domain sockets
configure:2653: checking for sun_len field in struct sockaddr_un
configure:2678: ucfront-gcc arm-linux-elf-gcc  -o conftest.gdb -D_REENTRANT -D_LARGEFILE64_SOURCE -O2 -g -fomit-frame-pointer -fno-common -fno-builtin -Wall  -mswp-byte-writes -DCONFIG_NDS_ROM8BIT -mcpu=arm946e-s -mfpu=fpe3 -DEMBED -D__PIC__ -fpic -msingle-pic-base -Dlinux -D__linux__ -Dunix -D__uClinux__ -Wno-format-y2k -static-libgcc  -Wl,-elf2flt -D__PIC__ -fpic -msingle-pic-base -mswp-byte-writes conftest.c  1>&5
configure: In function 'main':
configure:2672: error: 'struct sockaddr_un' has no member named 'sun_len'
configure:2673: warning: implicit declaration of function 'exit'
configure:2673: error: 'struct sockaddr_un' has no member named 'sun_len'
configure:2673: error: syntax error before ';' token
configure: failed program was:
#line 2659 "configure"
#include "confdefs.h"

	/* includes */
#include <unistd.h>
#include <sys/types.h>
#include <sys/uio.h>
#include <sys/socket.h>
#include <sys/un.h>

int main() {

struct sockaddr_un uaddr;

uaddr.sun_len = strlen("/tmp/test.sock");
exit(((int) uaddr.sun_len);	/* bogus code, of course. */

; return 0; }
configure:2720: checking for strerror
configure:2748: ucfront-gcc arm-linux-elf-gcc  -o conftest.gdb -D_REENTRANT -D_LARGEFILE64_SOURCE -O2 -g -fomit-frame-pointer -fno-common -fno-builtin -Wall  -mswp-byte-writes -DCONFIG_NDS_ROM8BIT -mcpu=arm946e-s -mfpu=fpe3 -DEMBED -D__PIC__ -fpic -msingle-pic-base -Dlinux -D__linux__ -Dunix -D__uClinux__ -Wno-format-y2k -static-libgcc  -Wl,-elf2flt -D__PIC__ -fpic -msingle-pic-base -mswp-byte-writes conftest.c  1>&5
No relocations in code!
configure:2822: checking for socket
configure:2850: ucfront-gcc arm-linux-elf-gcc  -o conftest.gdb -D_REENTRANT -D_LARGEFILE64_SOURCE -O2 -g -fomit-frame-pointer -fno-common -fno-builtin -Wall  -mswp-byte-writes -DCONFIG_NDS_ROM8BIT -mcpu=arm946e-s -mfpu=fpe3 -DEMBED -D__PIC__ -fpic -msingle-pic-base -Dlinux -D__linux__ -Dunix -D__uClinux__ -Wno-format-y2k -static-libgcc  -Wl,-elf2flt -D__PIC__ -fpic -msingle-pic-base -mswp-byte-writes conftest.c  1>&5
No relocations in code!
configure:3104: checking for gethostbyname
configure:3132: ucfront-gcc arm-linux-elf-gcc  -o conftest.gdb -D_REENTRANT -D_LARGEFILE64_SOURCE -O2 -g -fomit-frame-pointer -fno-common -fno-builtin -Wall  -mswp-byte-writes -DCONFIG_NDS_ROM8BIT -mcpu=arm946e-s -mfpu=fpe3 -DEMBED -D__PIC__ -fpic -msingle-pic-base -Dlinux -D__linux__ -Dunix -D__uClinux__ -Wno-format-y2k -static-libgcc  -Wl,-elf2flt -D__PIC__ -fpic -msingle-pic-base -mswp-byte-writes conftest.c  1>&5
configure:3210: checking if we need to look for a separate DNS resolver library
configure:3283: checking for main in -lresolv
configure:3298: ucfront-gcc arm-linux-elf-gcc  -o conftest.gdb -D_REENTRANT -D_LARGEFILE64_SOURCE -O2 -g -fomit-frame-pointer -fno-common -fno-builtin -Wall  -mswp-byte-writes -DCONFIG_NDS_ROM8BIT -mcpu=arm946e-s -mfpu=fpe3 -DEMBED -D__PIC__ -fpic -msingle-pic-base -Dlinux -D__linux__ -Dunix -D__uClinux__ -Wno-format-y2k -static-libgcc  -Wl,-elf2flt -D__PIC__ -fpic -msingle-pic-base -mswp-byte-writes conftest.c -lresolv   1>&5
No relocations in code!
configure:3669: checking if SOCKS5 will be used
configure:3678: checking for curses library headers
configure:3684: checking for ncurses.h
configure:3694: ucfront-gcc arm-linux-elf-gcc  -E  conftest.c >/dev/null 2>conftest.out
configure:3690:21: error: ncurses.h: No such file or directory
configure: failed program was:
#line 3689 "configure"
#include "confdefs.h"
#include <ncurses.h>
configure:3684: checking for curses.h
configure:3694: ucfront-gcc arm-linux-elf-gcc  -E  conftest.c >/dev/null 2>conftest.out
configure:3684: checking for termios.h
configure:3684: checking for termio.h
configure:3684: checking for sgtty.h
configure:3684: checking for sys/ioctl.h
configure:3773: checking for curses library
configure:3808: ucfront-gcc arm-linux-elf-gcc  -o conftest.gdb -D_REENTRANT -D_LARGEFILE64_SOURCE -O2 -g -fomit-frame-pointer -fno-common -fno-builtin -Wall  -mswp-byte-writes -DCONFIG_NDS_ROM8BIT -mcpu=arm946e-s -mfpu=fpe3 -DEMBED -D__PIC__ -fpic -msingle-pic-base -Dlinux -D__linux__ -Dunix -D__uClinux__ -Wno-format-y2k -static-libgcc  -Wl,-elf2flt -D__PIC__ -fpic -msingle-pic-base -mswp-byte-writes conftest.c -lresolv  -lncurses 1>&5
configure: In function 'main':
configure:3801: warning: implicit declaration of function 'strcmp'
configure:3924: checking for working const
configure:3978: ucfront-gcc arm-linux-elf-gcc  -c -D_REENTRANT -D_LARGEFILE64_SOURCE -O2 -g -fomit-frame-pointer -fno-common -fno-builtin -Wall  -mswp-byte-writes -DCONFIG_NDS_ROM8BIT -mcpu=arm946e-s -mfpu=fpe3 -DEMBED -D__PIC__ -fpic -msingle-pic-base -Dlinux -D__linux__ -Dunix -D__uClinux__ -Wno-format-y2k -static-libgcc  conftest.c 1>&5
configure: In function 'main':
configure:3952: warning: unused variable 's'
configure:3972: warning: unused variable 'foo'
configure:3940: warning: unused variable 'zero'
configure:3934: warning: unused variable 'x'
configure:3954: warning: 't' is used uninitialized in this function
configure:3969: warning: 'b' is used uninitialized in this function
configure:3999: checking for size_t
configure:4032: checking for off_t
configure:4065: checking for mode_t
configure:4098: checking for pid_t
configure:4131: checking for uid_t in sys/types.h
configure:4166: checking what type main() should return
configure:4193: checking for 64-bit integral type: long long
configure:4258: checking how to print a 64-bit integral type
configure:4387: checking how to scan a 64-bit integral type
configure:4523: checking if everything was available to use the 64-bit integral type
configure:4602: checking what type the tv_sec field of struct timeval is
configure:4737: checking what type the tv_usec field of struct timeval is
configure:4766: checking for perl
configure:4804: checking for mktemp
configure:4849: checking for return type from write
configure:5160: checking for size parameter to write
configure:5163: checking for return type from send
configure:5166: checking for size parameter to send
configure:5169: checking for size parameter to connect
configure:5172: checking for size parameter to setsockopt
configure:5175: checking for backlog parameter to listen
configure:5178: checking for seconds parameter to alarm
configure:5181: checking for address parameter to gethostbyaddr
configure:5184: checking for size parameter to gethostname
configure:5334: checking types of arguments for select()
configure:5367: ucfront-gcc arm-linux-elf-gcc  -c -D_REENTRANT -D_LARGEFILE64_SOURCE -O2 -g -fomit-frame-pointer -fno-common -fno-builtin -Wall  -mswp-byte-writes -DCONFIG_NDS_ROM8BIT -mcpu=arm946e-s -mfpu=fpe3 -DEMBED -D__PIC__ -fpic -msingle-pic-base -Dlinux -D__linux__ -Dunix -D__uClinux__ -Wno-format-y2k -static-libgcc  conftest.c 1>&5
configure:5361: warning: type defaults to 'int' in declaration of 'select'
configure:5407: checking for struct stat64
configure:5426: ucfront-gcc arm-linux-elf-gcc  -o conftest.gdb -D_REENTRANT -D_LARGEFILE64_SOURCE -O2 -g -fomit-frame-pointer -fno-common -fno-builtin -Wall  -mswp-byte-writes -DCONFIG_NDS_ROM8BIT -mcpu=arm946e-s -mfpu=fpe3 -DEMBED -D__PIC__ -fpic -msingle-pic-base -Dlinux -D__linux__ -Dunix -D__uClinux__ -Wno-format-y2k -static-libgcc  -Wl,-elf2flt -D__PIC__ -fpic -msingle-pic-base -mswp-byte-writes conftest.c -lresolv  1>&5
configure: In function 'main':
configure:5418: error: storage size of 'st' isn't known
configure:5421: warning: implicit declaration of function 'exit'
configure:5418: warning: unused variable 'st'
configure: failed program was:
#line 5409 "configure"
#include "confdefs.h"

	/* includes */
#include <unistd.h>
#include <sys/types.h>
#include <sys/stat.h>

int main() {

struct stat64 st;

st.st_size = 0;
exit(((int) &st.st_size) & 0xff);	/* bogus code, of course. */

; return 0; }
configure:5453: checking for sig_atomic_t
configure:5480: ucfront-gcc arm-linux-elf-gcc  -o conftest.gdb -D_REENTRANT -D_LARGEFILE64_SOURCE -O2 -g -fomit-frame-pointer -fno-common -fno-builtin -Wall  -mswp-byte-writes -DCONFIG_NDS_ROM8BIT -mcpu=arm946e-s -mfpu=fpe3 -DEMBED -D__PIC__ -fpic -msingle-pic-base -Dlinux -D__linux__ -Dunix -D__uClinux__ -Wno-format-y2k -static-libgcc  -Wl,-elf2flt -D__PIC__ -fpic -msingle-pic-base -mswp-byte-writes conftest.c -lresolv  1>&5
No relocations in code!
configure:5504: checking how to access getopt() global variables
configure:5534: ucfront-gcc arm-linux-elf-gcc  -c -D_REENTRANT -D_LARGEFILE64_SOURCE -O2 -g -fomit-frame-pointer -fno-common -fno-builtin -Wall  -mswp-byte-writes -DCONFIG_NDS_ROM8BIT -mcpu=arm946e-s -mfpu=fpe3 -DEMBED -D__PIC__ -fpic -msingle-pic-base -Dlinux -D__linux__ -Dunix -D__uClinux__ -Wno-format-y2k -static-libgcc  conftest.c 1>&5
configure:5607: checking for useable _res global variable
configure:5636: ucfront-gcc arm-linux-elf-gcc  -o conftest.gdb -D_REENTRANT -D_LARGEFILE64_SOURCE -O2 -g -fomit-frame-pointer -fno-common -fno-builtin -Wall  -mswp-byte-writes -DCONFIG_NDS_ROM8BIT -mcpu=arm946e-s -mfpu=fpe3 -DEMBED -D__PIC__ -fpic -msingle-pic-base -Dlinux -D__linux__ -Dunix -D__uClinux__ -Wno-format-y2k -static-libgcc  -Wl,-elf2flt -D__PIC__ -fpic -msingle-pic-base -mswp-byte-writes conftest.c -lresolv  1>&5
configure: In function 'main':
configure:5631: warning: implicit declaration of function 'strlen'
configure:5657: checking for struct cmsghdr
configure:5684: ucfront-gcc arm-linux-elf-gcc  -o conftest.gdb -D_REENTRANT -D_LARGEFILE64_SOURCE -O2 -g -fomit-frame-pointer -fno-common -fno-builtin -Wall  -mswp-byte-writes -DCONFIG_NDS_ROM8BIT -mcpu=arm946e-s -mfpu=fpe3 -DEMBED -D__PIC__ -fpic -msingle-pic-base -Dlinux -D__linux__ -Dunix -D__uClinux__ -Wno-format-y2k -static-libgcc  -Wl,-elf2flt -D__PIC__ -fpic -msingle-pic-base -mswp-byte-writes conftest.c -lresolv  1>&5
configure: In function 'main':
configure:5679: warning: implicit declaration of function 'exit'
No relocations in code!
configure:5710: checking for msg_control field in struct msghdr
configure:5736: ucfront-gcc arm-linux-elf-gcc  -o conftest.gdb -D_REENTRANT -D_LARGEFILE64_SOURCE -O2 -g -fomit-frame-pointer -fno-common -fno-builtin -Wall  -mswp-byte-writes -DCONFIG_NDS_ROM8BIT -mcpu=arm946e-s -mfpu=fpe3 -DEMBED -D__PIC__ -fpic -msingle-pic-base -Dlinux -D__linux__ -Dunix -D__uClinux__ -Wno-format-y2k -static-libgcc  -Wl,-elf2flt -D__PIC__ -fpic -msingle-pic-base -mswp-byte-writes conftest.c -lresolv  1>&5
configure: In function 'main':
configure:5731: warning: implicit declaration of function 'exit'
No relocations in code!
configure:5762: checking for msg_accrights field in struct msghdr
configure:5788: ucfront-gcc arm-linux-elf-gcc  -o conftest.gdb -D_REENTRANT -D_LARGEFILE64_SOURCE -O2 -g -fomit-frame-pointer -fno-common -fno-builtin -Wall  -mswp-byte-writes -DCONFIG_NDS_ROM8BIT -mcpu=arm946e-s -mfpu=fpe3 -DEMBED -D__PIC__ -fpic -msingle-pic-base -Dlinux -D__linux__ -Dunix -D__uClinux__ -Wno-format-y2k -static-libgcc  -Wl,-elf2flt -D__PIC__ -fpic -msingle-pic-base -mswp-byte-writes conftest.c -lresolv  1>&5
configure: In function 'main':
configure:5781: error: 'struct msghdr' has no member named 'msg_accrights'
configure:5782: error: 'struct msghdr' has no member named 'msg_accrightslen'
configure:5783: warning: implicit declaration of function 'exit'
configure:5783: error: 'struct msghdr' has no member named 'msg_accrights'
configure: failed program was:
#line 5768 "configure"
#include "confdefs.h"

	/* includes */
#include <unistd.h>
#include <sys/types.h>
#include <sys/uio.h>
#include <sys/socket.h>
#include <sys/un.h>

int main() {

struct msghdr m;

m.msg_accrights = &m;
m.msg_accrightslen = sizeof(m);
exit(((int) &m.msg_accrights) & 0xff);	/* bogus code, of course. */

; return 0; }
configure:5828: checking for sys/time.h
configure:5975: checking for getcwd
configure:6003: ucfront-gcc arm-linux-elf-gcc  -o conftest.gdb -D_REENTRANT -D_LARGEFILE64_SOURCE -O2 -g -fomit-frame-pointer -fno-common -fno-builtin -Wall  -mswp-byte-writes -DCONFIG_NDS_ROM8BIT -mcpu=arm946e-s -mfpu=fpe3 -DEMBED -D__PIC__ -fpic -msingle-pic-base -Dlinux -D__linux__ -Dunix -D__uClinux__ -Wno-format-y2k -static-libgcc  -Wl,-elf2flt -D__PIC__ -fpic -msingle-pic-base -mswp-byte-writes conftest.c -lresolv  1>&5
configure:5975: checking for getwd
configure:6003: ucfront-gcc arm-linux-elf-gcc  -o conftest.gdb -D_REENTRANT -D_LARGEFILE64_SOURCE -O2 -g -fomit-frame-pointer -fno-common -fno-builtin -Wall  -mswp-byte-writes -DCONFIG_NDS_ROM8BIT -mcpu=arm946e-s -mfpu=fpe3 -DEMBED -D__PIC__ -fpic -msingle-pic-base -Dlinux -D__linux__ -Dunix -D__uClinux__ -Wno-format-y2k -static-libgcc  -Wl,-elf2flt -D__PIC__ -fpic -msingle-pic-base -mswp-byte-writes conftest.c -lresolv  1>&5
conftest.gdb.elf2flt: In function `main':
/home/andrewec/dslinux/user/ncftp/src/configure:5997: undefined reference to `getwd'
collect2: ld returned 1 exit status
configure: failed program was:
#line 5980 "configure"
#include "confdefs.h"
/* System header to define __stub macros and hopefully few prototypes,
    which can conflict with char getwd(); below.  */
#include <assert.h>
/* Override any gcc2 internal prototype to avoid an error.  */
/* We use char because int might match the return type of a gcc2
    builtin and then its argument prototype would still apply.  */
char getwd();

int main() {

/* The GNU C library defines this for functions which it implements
    to always fail with ENOSYS.  Some functions are actually named
    something starting with __ and the normal name is an alias.  */
#if defined (__stub_getwd) || defined (__stub___getwd)
choke me
#else
getwd();
#endif

; return 0; }
configure:6041: checking for fstat64
configure:6069: ucfront-gcc arm-linux-elf-gcc  -o conftest.gdb -D_REENTRANT -D_LARGEFILE64_SOURCE -O2 -g -fomit-frame-pointer -fno-common -fno-builtin -Wall  -mswp-byte-writes -DCONFIG_NDS_ROM8BIT -mcpu=arm946e-s -mfpu=fpe3 -DEMBED -D__PIC__ -fpic -msingle-pic-base -Dlinux -D__linux__ -Dunix -D__uClinux__ -Wno-format-y2k -static-libgcc  -Wl,-elf2flt -D__PIC__ -fpic -msingle-pic-base -mswp-byte-writes conftest.c -lresolv  1>&5
conftest.gdb.elf2flt: In function `main':
/home/andrewec/dslinux/user/ncftp/src/configure:6063: undefined reference to `fstat64'
collect2: ld returned 1 exit status
configure: failed program was:
#line 6046 "configure"
#include "confdefs.h"
/* System header to define __stub macros and hopefully few prototypes,
    which can conflict with char fstat64(); below.  */
#include <assert.h>
/* Override any gcc2 internal prototype to avoid an error.  */
/* We use char because int might match the return type of a gcc2
    builtin and then its argument prototype would still apply.  */
char fstat64();

int main() {

/* The GNU C library defines this for functions which it implements
    to always fail with ENOSYS.  Some functions are actually named
    something starting with __ and the normal name is an alias.  */
#if defined (__stub_fstat64) || defined (__stub___fstat64)
choke me
#else
fstat64();
#endif

; return 0; }
configure:6041: checking for getdomainname
configure:6069: ucfront-gcc arm-linux-elf-gcc  -o conftest.gdb -D_REENTRANT -D_LARGEFILE64_SOURCE -O2 -g -fomit-frame-pointer -fno-common -fno-builtin -Wall  -mswp-byte-writes -DCONFIG_NDS_ROM8BIT -mcpu=arm946e-s -mfpu=fpe3 -DEMBED -D__PIC__ -fpic -msingle-pic-base -Dlinux -D__linux__ -Dunix -D__uClinux__ -Wno-format-y2k -static-libgcc  -Wl,-elf2flt -D__PIC__ -fpic -msingle-pic-base -mswp-byte-writes conftest.c -lresolv  1>&5
No relocations in code!
configure:6041: checking for gethostname
configure:6069: ucfront-gcc arm-linux-elf-gcc  -o conftest.gdb -D_REENTRANT -D_LARGEFILE64_SOURCE -O2 -g -fomit-frame-pointer -fno-common -fno-builtin -Wall  -mswp-byte-writes -DCONFIG_NDS_ROM8BIT -mcpu=arm946e-s -mfpu=fpe3 -DEMBED -D__PIC__ -fpic -msingle-pic-base -Dlinux -D__linux__ -Dunix -D__uClinux__ -Wno-format-y2k -static-libgcc  -Wl,-elf2flt -D__PIC__ -fpic -msingle-pic-base -mswp-byte-writes conftest.c -lresolv  1>&5
No relocations in code!
configure:6041: checking for getpass
configure:6069: ucfront-gcc arm-linux-elf-gcc  -o conftest.gdb -D_REENTRANT -D_LARGEFILE64_SOURCE -O2 -g -fomit-frame-pointer -fno-common -fno-builtin -Wall  -mswp-byte-writes -DCONFIG_NDS_ROM8BIT -mcpu=arm946e-s -mfpu=fpe3 -DEMBED -D__PIC__ -fpic -msingle-pic-base -Dlinux -D__linux__ -Dunix -D__uClinux__ -Wno-format-y2k -static-libgcc  -Wl,-elf2flt -D__PIC__ -fpic -msingle-pic-base -mswp-byte-writes conftest.c -lresolv  1>&5
configure:6041: checking for getpassphrase
configure:6069: ucfront-gcc arm-linux-elf-gcc  -o conftest.gdb -D_REENTRANT -D_LARGEFILE64_SOURCE -O2 -g -fomit-frame-pointer -fno-common -fno-builtin -Wall  -mswp-byte-writes -DCONFIG_NDS_ROM8BIT -mcpu=arm946e-s -mfpu=fpe3 -DEMBED -D__PIC__ -fpic -msingle-pic-base -Dlinux -D__linux__ -Dunix -D__uClinux__ -Wno-format-y2k -static-libgcc  -Wl,-elf2flt -D__PIC__ -fpic -msingle-pic-base -mswp-byte-writes conftest.c -lresolv  1>&5
conftest.gdb.elf2flt: In function `main':
/home/andrewec/dslinux/user/ncftp/src/configure:6063: undefined reference to `getpassphrase'
collect2: ld returned 1 exit status
configure: failed program was:
#line 6046 "configure"
#include "confdefs.h"
/* System header to define __stub macros and hopefully few prototypes,
    which can conflict with char getpassphrase(); below.  */
#include <assert.h>
/* Override any gcc2 internal prototype to avoid an error.  */
/* We use char because int might match the return type of a gcc2
    builtin and then its argument prototype would still apply.  */
char getpassphrase();

int main() {

/* The GNU C library defines this for functions which it implements
    to always fail with ENOSYS.  Some functions are actually named
    something starting with __ and the normal name is an alias.  */
#if defined (__stub_getpassphrase) || defined (__stub___getpassphrase)
choke me
#else
getpassphrase();
#endif

; return 0; }
configure:6041: checking for gnu_get_libc_release
configure:6069: ucfront-gcc arm-linux-elf-gcc  -o conftest.gdb -D_REENTRANT -D_LARGEFILE64_SOURCE -O2 -g -fomit-frame-pointer -fno-common -fno-builtin -Wall  -mswp-byte-writes -DCONFIG_NDS_ROM8BIT -mcpu=arm946e-s -mfpu=fpe3 -DEMBED -D__PIC__ -fpic -msingle-pic-base -Dlinux -D__linux__ -Dunix -D__uClinux__ -Wno-format-y2k -static-libgcc  -Wl,-elf2flt -D__PIC__ -fpic -msingle-pic-base -mswp-byte-writes conftest.c -lresolv  1>&5
conftest.gdb.elf2flt: In function `main':
/home/andrewec/dslinux/user/ncftp/src/configure:6063: undefined reference to `gnu_get_libc_release'
collect2: ld returned 1 exit status
configure: failed program was:
#line 6046 "configure"
#include "confdefs.h"
/* System header to define __stub macros and hopefully few prototypes,
    which can conflict with char gnu_get_libc_release(); below.  */
#include <assert.h>
/* Override any gcc2 internal prototype to avoid an error.  */
/* We use char because int might match the return type of a gcc2
    builtin and then its argument prototype would still apply.  */
char gnu_get_libc_release();

int main() {

/* The GNU C library defines this for functions which it implements
    to always fail with ENOSYS.  Some functions are actually named
    something starting with __ and the normal name is an alias.  */
#if defined (__stub_gnu_get_libc_release) || defined (__stub___gnu_get_libc_release)
choke me
#else
gnu_get_libc_release();
#endif

; return 0; }
configure:6041: checking for gnu_get_libc_version
configure:6069: ucfront-gcc arm-linux-elf-gcc  -o conftest.gdb -D_REENTRANT -D_LARGEFILE64_SOURCE -O2 -g -fomit-frame-pointer -fno-common -fno-builtin -Wall  -mswp-byte-writes -DCONFIG_NDS_ROM8BIT -mcpu=arm946e-s -mfpu=fpe3 -DEMBED -D__PIC__ -fpic -msingle-pic-base -Dlinux -D__linux__ -Dunix -D__uClinux__ -Wno-format-y2k -static-libgcc  -Wl,-elf2flt -D__PIC__ -fpic -msingle-pic-base -mswp-byte-writes conftest.c -lresolv  1>&5
conftest.gdb.elf2flt: In function `main':
/home/andrewec/dslinux/user/ncftp/src/configure:6063: undefined reference to `gnu_get_libc_version'
collect2: ld returned 1 exit status
configure: failed program was:
#line 6046 "configure"
#include "confdefs.h"
/* System header to define __stub macros and hopefully few prototypes,
    which can conflict with char gnu_get_libc_version(); below.  */
#include <assert.h>
/* Override any gcc2 internal prototype to avoid an error.  */
/* We use char because int might match the return type of a gcc2
    builtin and then its argument prototype would still apply.  */
char gnu_get_libc_version();

int main() {

/* The GNU C library defines this for functions which it implements
    to always fail with ENOSYS.  Some functions are actually named
    something starting with __ and the normal name is an alias.  */
#if defined (__stub_gnu_get_libc_version) || defined (__stub___gnu_get_libc_version)
choke me
#else
gnu_get_libc_version();
#endif

; return 0; }
configure:6041: checking for inet_aton
configure:6069: ucfront-gcc arm-linux-elf-gcc  -o conftest.gdb -D_REENTRANT -D_LARGEFILE64_SOURCE -O2 -g -fomit-frame-pointer -fno-common -fno-builtin -Wall  -mswp-byte-writes -DCONFIG_NDS_ROM8BIT -mcpu=arm946e-s -mfpu=fpe3 -DEMBED -D__PIC__ -fpic -msingle-pic-base -Dlinux -D__linux__ -Dunix -D__uClinux__ -Wno-format-y2k -static-libgcc  -Wl,-elf2flt -D__PIC__ -fpic -msingle-pic-base -mswp-byte-writes conftest.c -lresolv  1>&5
No relocations in code!
configure:6041: checking for inet_ntop
configure:6069: ucfront-gcc arm-linux-elf-gcc  -o conftest.gdb -D_REENTRANT -D_LARGEFILE64_SOURCE -O2 -g -fomit-frame-pointer -fno-common -fno-builtin -Wall  -mswp-byte-writes -DCONFIG_NDS_ROM8BIT -mcpu=arm946e-s -mfpu=fpe3 -DEMBED -D__PIC__ -fpic -msingle-pic-base -Dlinux -D__linux__ -Dunix -D__uClinux__ -Wno-format-y2k -static-libgcc  -Wl,-elf2flt -D__PIC__ -fpic -msingle-pic-base -mswp-byte-writes conftest.c -lresolv  1>&5
No relocations in code!
configure:6041: checking for llseek
configure:6069: ucfront-gcc arm-linux-elf-gcc  -o conftest.gdb -D_REENTRANT -D_LARGEFILE64_SOURCE -O2 -g -fomit-frame-pointer -fno-common -fno-builtin -Wall  -mswp-byte-writes -DCONFIG_NDS_ROM8BIT -mcpu=arm946e-s -mfpu=fpe3 -DEMBED -D__PIC__ -fpic -msingle-pic-base -Dlinux -D__linux__ -Dunix -D__uClinux__ -Wno-format-y2k -static-libgcc  -Wl,-elf2flt -D__PIC__ -fpic -msingle-pic-base -mswp-byte-writes conftest.c -lresolv  1>&5
No relocations in code!
configure:6041: checking for lseek64
configure:6069: ucfront-gcc arm-linux-elf-gcc  -o conftest.gdb -D_REENTRANT -D_LARGEFILE64_SOURCE -O2 -g -fomit-frame-pointer -fno-common -fno-builtin -Wall  -mswp-byte-writes -DCONFIG_NDS_ROM8BIT -mcpu=arm946e-s -mfpu=fpe3 -DEMBED -D__PIC__ -fpic -msingle-pic-base -Dlinux -D__linux__ -Dunix -D__uClinux__ -Wno-format-y2k -static-libgcc  -Wl,-elf2flt -D__PIC__ -fpic -msingle-pic-base -mswp-byte-writes conftest.c -lresolv  1>&5
No relocations in code!
configure:6041: checking for lstat64
configure:6069: ucfront-gcc arm-linux-elf-gcc  -o conftest.gdb -D_REENTRANT -D_LARGEFILE64_SOURCE -O2 -g -fomit-frame-pointer -fno-common -fno-builtin -Wall  -mswp-byte-writes -DCONFIG_NDS_ROM8BIT -mcpu=arm946e-s -mfpu=fpe3 -DEMBED -D__PIC__ -fpic -msingle-pic-base -Dlinux -D__linux__ -Dunix -D__uClinux__ -Wno-format-y2k -static-libgcc  -Wl,-elf2flt -D__PIC__ -fpic -msingle-pic-base -mswp-byte-writes conftest.c -lresolv  1>&5
conftest.gdb.elf2flt: In function `main':
/home/andrewec/dslinux/user/ncftp/src/configure:6063: undefined reference to `lstat64'
collect2: ld returned 1 exit status
configure: failed program was:
#line 6046 "configure"
#include "confdefs.h"
/* System header to define __stub macros and hopefully few prototypes,
    which can conflict with char lstat64(); below.  */
#include <assert.h>
/* Override any gcc2 internal prototype to avoid an error.  */
/* We use char because int might match the return type of a gcc2
    builtin and then its argument prototype would still apply.  */
char lstat64();

int main() {

/* The GNU C library defines this for functions which it implements
    to always fail with ENOSYS.  Some functions are actually named
    something starting with __ and the normal name is an alias.  */
#if defined (__stub_lstat64) || defined (__stub___lstat64)
choke me
#else
lstat64();
#endif

; return 0; }
configure:6041: checking for memmove
configure:6069: ucfront-gcc arm-linux-elf-gcc  -o conftest.gdb -D_REENTRANT -D_LARGEFILE64_SOURCE -O2 -g -fomit-frame-pointer -fno-common -fno-builtin -Wall  -mswp-byte-writes -DCONFIG_NDS_ROM8BIT -mcpu=arm946e-s -mfpu=fpe3 -DEMBED -D__PIC__ -fpic -msingle-pic-base -Dlinux -D__linux__ -Dunix -D__uClinux__ -Wno-format-y2k -static-libgcc  -Wl,-elf2flt -D__PIC__ -fpic -msingle-pic-base -mswp-byte-writes conftest.c -lresolv  1>&5
No relocations in code!
configure:6041: checking for mktime
configure:6069: ucfront-gcc arm-linux-elf-gcc  -o conftest.gdb -D_REENTRANT -D_LARGEFILE64_SOURCE -O2 -g -fomit-frame-pointer -fno-common -fno-builtin -Wall  -mswp-byte-writes -DCONFIG_NDS_ROM8BIT -mcpu=arm946e-s -mfpu=fpe3 -DEMBED -D__PIC__ -fpic -msingle-pic-base -Dlinux -D__linux__ -Dunix -D__uClinux__ -Wno-format-y2k -static-libgcc  -Wl,-elf2flt -D__PIC__ -fpic -msingle-pic-base -mswp-byte-writes conftest.c -lresolv  1>&5
configure:6041: checking for open64
configure:6069: ucfront-gcc arm-linux-elf-gcc  -o conftest.gdb -D_REENTRANT -D_LARGEFILE64_SOURCE -O2 -g -fomit-frame-pointer -fno-common -fno-builtin -Wall  -mswp-byte-writes -DCONFIG_NDS_ROM8BIT -mcpu=arm946e-s -mfpu=fpe3 -DEMBED -D__PIC__ -fpic -msingle-pic-base -Dlinux -D__linux__ -Dunix -D__uClinux__ -Wno-format-y2k -static-libgcc  -Wl,-elf2flt -D__PIC__ -fpic -msingle-pic-base -mswp-byte-writes conftest.c -lresolv  1>&5
conftest.gdb.elf2flt: In function `main':
/home/andrewec/dslinux/user/ncftp/src/configure:6063: undefined reference to `open64'
collect2: ld returned 1 exit status
configure: failed program was:
#line 6046 "configure"
#include "confdefs.h"
/* System header to define __stub macros and hopefully few prototypes,
    which can conflict with char open64(); below.  */
#include <assert.h>
/* Override any gcc2 internal prototype to avoid an error.  */
/* We use char because int might match the return type of a gcc2
    builtin and then its argument prototype would still apply.  */
char open64();

int main() {

/* The GNU C library defines this for functions which it implements
    to always fail with ENOSYS.  Some functions are actually named
    something starting with __ and the normal name is an alias.  */
#if defined (__stub_open64) || defined (__stub___open64)
choke me
#else
open64();
#endif

; return 0; }
configure:6041: checking for pathconf
configure:6069: ucfront-gcc arm-linux-elf-gcc  -o conftest.gdb -D_REENTRANT -D_LARGEFILE64_SOURCE -O2 -g -fomit-frame-pointer -fno-common -fno-builtin -Wall  -mswp-byte-writes -DCONFIG_NDS_ROM8BIT -mcpu=arm946e-s -mfpu=fpe3 -DEMBED -D__PIC__ -fpic -msingle-pic-base -Dlinux -D__linux__ -Dunix -D__uClinux__ -Wno-format-y2k -static-libgcc  -Wl,-elf2flt -D__PIC__ -fpic -msingle-pic-base -mswp-byte-writes conftest.c -lresolv  1>&5
No relocations in code!
configure:6041: checking for readlink
configure:6069: ucfront-gcc arm-linux-elf-gcc  -o conftest.gdb -D_REENTRANT -D_LARGEFILE64_SOURCE -O2 -g -fomit-frame-pointer -fno-common -fno-builtin -Wall  -mswp-byte-writes -DCONFIG_NDS_ROM8BIT -mcpu=arm946e-s -mfpu=fpe3 -DEMBED -D__PIC__ -fpic -msingle-pic-base -Dlinux -D__linux__ -Dunix -D__uClinux__ -Wno-format-y2k -static-libgcc  -Wl,-elf2flt -D__PIC__ -fpic -msingle-pic-base -mswp-byte-writes conftest.c -lresolv  1>&5
No relocations in code!
configure:6041: checking for res_init
configure:6069: ucfront-gcc arm-linux-elf-gcc  -o conftest.gdb -D_REENTRANT -D_LARGEFILE64_SOURCE -O2 -g -fomit-frame-pointer -fno-common -fno-builtin -Wall  -mswp-byte-writes -DCONFIG_NDS_ROM8BIT -mcpu=arm946e-s -mfpu=fpe3 -DEMBED -D__PIC__ -fpic -msingle-pic-base -Dlinux -D__linux__ -Dunix -D__uClinux__ -Wno-format-y2k -static-libgcc  -Wl,-elf2flt -D__PIC__ -fpic -msingle-pic-base -mswp-byte-writes conftest.c -lresolv  1>&5
conftest.gdb.elf2flt: In function `main':
/home/andrewec/dslinux/user/ncftp/src/configure:6063: undefined reference to `res_init'
collect2: ld returned 1 exit status
configure: failed program was:
#line 6046 "configure"
#include "confdefs.h"
/* System header to define __stub macros and hopefully few prototypes,
    which can conflict with char res_init(); below.  */
#include <assert.h>
/* Override any gcc2 internal prototype to avoid an error.  */
/* We use char because int might match the return type of a gcc2
    builtin and then its argument prototype would still apply.  */
char res_init();

int main() {

/* The GNU C library defines this for functions which it implements
    to always fail with ENOSYS.  Some functions are actually named
    something starting with __ and the normal name is an alias.  */
#if defined (__stub_res_init) || defined (__stub___res_init)
choke me
#else
res_init();
#endif

; return 0; }
configure:6041: checking for setlocale
configure:6069: ucfront-gcc arm-linux-elf-gcc  -o conftest.gdb -D_REENTRANT -D_LARGEFILE64_SOURCE -O2 -g -fomit-frame-pointer -fno-common -fno-builtin -Wall  -mswp-byte-writes -DCONFIG_NDS_ROM8BIT -mcpu=arm946e-s -mfpu=fpe3 -DEMBED -D__PIC__ -fpic -msingle-pic-base -Dlinux -D__linux__ -Dunix -D__uClinux__ -Wno-format-y2k -static-libgcc  -Wl,-elf2flt -D__PIC__ -fpic -msingle-pic-base -mswp-byte-writes conftest.c -lresolv  1>&5
No relocations in code!
configure:6041: checking for setpgid
configure:6069: ucfront-gcc arm-linux-elf-gcc  -o conftest.gdb -D_REENTRANT -D_LARGEFILE64_SOURCE -O2 -g -fomit-frame-pointer -fno-common -fno-builtin -Wall  -mswp-byte-writes -DCONFIG_NDS_ROM8BIT -mcpu=arm946e-s -mfpu=fpe3 -DEMBED -D__PIC__ -fpic -msingle-pic-base -Dlinux -D__linux__ -Dunix -D__uClinux__ -Wno-format-y2k -static-libgcc  -Wl,-elf2flt -D__PIC__ -fpic -msingle-pic-base -mswp-byte-writes conftest.c -lresolv  1>&5
No relocations in code!
configure:6041: checking for setpgrp
configure:6069: ucfront-gcc arm-linux-elf-gcc  -o conftest.gdb -D_REENTRANT -D_LARGEFILE64_SOURCE -O2 -g -fomit-frame-pointer -fno-common -fno-builtin -Wall  -mswp-byte-writes -DCONFIG_NDS_ROM8BIT -mcpu=arm946e-s -mfpu=fpe3 -DEMBED -D__PIC__ -fpic -msingle-pic-base -Dlinux -D__linux__ -Dunix -D__uClinux__ -Wno-format-y2k -static-libgcc  -Wl,-elf2flt -D__PIC__ -fpic -msingle-pic-base -mswp-byte-writes conftest.c -lresolv  1>&5
No relocations in code!
configure:6041: checking for setsid
configure:6069: ucfront-gcc arm-linux-elf-gcc  -o conftest.gdb -D_REENTRANT -D_LARGEFILE64_SOURCE -O2 -g -fomit-frame-pointer -fno-common -fno-builtin -Wall  -mswp-byte-writes -DCONFIG_NDS_ROM8BIT -mcpu=arm946e-s -mfpu=fpe3 -DEMBED -D__PIC__ -fpic -msingle-pic-base -Dlinux -D__linux__ -Dunix -D__uClinux__ -Wno-format-y2k -static-libgcc  -Wl,-elf2flt -D__PIC__ -fpic -msingle-pic-base -mswp-byte-writes conftest.c -lresolv  1>&5
No relocations in code!
configure:6041: checking for setvbuf
configure:6069: ucfront-gcc arm-linux-elf-gcc  -o conftest.gdb -D_REENTRANT -D_LARGEFILE64_SOURCE -O2 -g -fomit-frame-pointer -fno-common -fno-builtin -Wall  -mswp-byte-writes -DCONFIG_NDS_ROM8BIT -mcpu=arm946e-s -mfpu=fpe3 -DEMBED -D__PIC__ -fpic -msingle-pic-base -Dlinux -D__linux__ -Dunix -D__uClinux__ -Wno-format-y2k -static-libgcc  -Wl,-elf2flt -D__PIC__ -fpic -msingle-pic-base -mswp-byte-writes conftest.c -lresolv  1>&5
configure:6041: checking for sigaction
configure:6069: ucfront-gcc arm-linux-elf-gcc  -o conftest.gdb -D_REENTRANT -D_LARGEFILE64_SOURCE -O2 -g -fomit-frame-pointer -fno-common -fno-builtin -Wall  -mswp-byte-writes -DCONFIG_NDS_ROM8BIT -mcpu=arm946e-s -mfpu=fpe3 -DEMBED -D__PIC__ -fpic -msingle-pic-base -Dlinux -D__linux__ -Dunix -D__uClinux__ -Wno-format-y2k -static-libgcc  -Wl,-elf2flt -D__PIC__ -fpic -msingle-pic-base -mswp-byte-writes conftest.c -lresolv  1>&5
No relocations in code!
configure:6041: checking for sigsetjmp
configure:6069: ucfront-gcc arm-linux-elf-gcc  -o conftest.gdb -D_REENTRANT -D_LARGEFILE64_SOURCE -O2 -g -fomit-frame-pointer -fno-common -fno-builtin -Wall  -mswp-byte-writes -DCONFIG_NDS_ROM8BIT -mcpu=arm946e-s -mfpu=fpe3 -DEMBED -D__PIC__ -fpic -msingle-pic-base -Dlinux -D__linux__ -Dunix -D__uClinux__ -Wno-format-y2k -static-libgcc  -Wl,-elf2flt -D__PIC__ -fpic -msingle-pic-base -mswp-byte-writes conftest.c -lresolv  1>&5
conftest.gdb.elf2flt: In function `main':
/home/andrewec/dslinux/user/ncftp/src/configure:6063: undefined reference to `sigsetjmp'
collect2: ld returned 1 exit status
configure: failed program was:
#line 6046 "configure"
#include "confdefs.h"
/* System header to define __stub macros and hopefully few prototypes,
    which can conflict with char sigsetjmp(); below.  */
#include <assert.h>
/* Override any gcc2 internal prototype to avoid an error.  */
/* We use char because int might match the return type of a gcc2
    builtin and then its argument prototype would still apply.  */
char sigsetjmp();

int main() {

/* The GNU C library defines this for functions which it implements
    to always fail with ENOSYS.  Some functions are actually named
    something starting with __ and the normal name is an alias.  */
#if defined (__stub_sigsetjmp) || defined (__stub___sigsetjmp)
choke me
#else
sigsetjmp();
#endif

; return 0; }
configure:6041: checking for stat64
configure:6069: ucfront-gcc arm-linux-elf-gcc  -o conftest.gdb -D_REENTRANT -D_LARGEFILE64_SOURCE -O2 -g -fomit-frame-pointer -fno-common -fno-builtin -Wall  -mswp-byte-writes -DCONFIG_NDS_ROM8BIT -mcpu=arm946e-s -mfpu=fpe3 -DEMBED -D__PIC__ -fpic -msingle-pic-base -Dlinux -D__linux__ -Dunix -D__uClinux__ -Wno-format-y2k -static-libgcc  -Wl,-elf2flt -D__PIC__ -fpic -msingle-pic-base -mswp-byte-writes conftest.c -lresolv  1>&5
conftest.gdb.elf2flt: In function `main':
/home/andrewec/dslinux/user/ncftp/src/configure:6063: undefined reference to `stat64'
collect2: ld returned 1 exit status
configure: failed program was:
#line 6046 "configure"
#include "confdefs.h"
/* System header to define __stub macros and hopefully few prototypes,
    which can conflict with char stat64(); below.  */
#include <assert.h>
/* Override any gcc2 internal prototype to avoid an error.  */
/* We use char because int might match the return type of a gcc2
    builtin and then its argument prototype would still apply.  */
char stat64();

int main() {

/* The GNU C library defines this for functions which it implements
    to always fail with ENOSYS.  Some functions are actually named
    something starting with __ and the normal name is an alias.  */
#if defined (__stub_stat64) || defined (__stub___stat64)
choke me
#else
stat64();
#endif

; return 0; }
configure:6041: checking for strcasecmp
configure:6069: ucfront-gcc arm-linux-elf-gcc  -o conftest.gdb -D_REENTRANT -D_LARGEFILE64_SOURCE -O2 -g -fomit-frame-pointer -fno-common -fno-builtin -Wall  -mswp-byte-writes -DCONFIG_NDS_ROM8BIT -mcpu=arm946e-s -mfpu=fpe3 -DEMBED -D__PIC__ -fpic -msingle-pic-base -Dlinux -D__linux__ -Dunix -D__uClinux__ -Wno-format-y2k -static-libgcc  -Wl,-elf2flt -D__PIC__ -fpic -msingle-pic-base -mswp-byte-writes conftest.c -lresolv  1>&5
No relocations in code!
configure:6041: checking for strcoll
configure:6069: ucfront-gcc arm-linux-elf-gcc  -o conftest.gdb -D_REENTRANT -D_LARGEFILE64_SOURCE -O2 -g -fomit-frame-pointer -fno-common -fno-builtin -Wall  -mswp-byte-writes -DCONFIG_NDS_ROM8BIT -mcpu=arm946e-s -mfpu=fpe3 -DEMBED -D__PIC__ -fpic -msingle-pic-base -Dlinux -D__linux__ -Dunix -D__uClinux__ -Wno-format-y2k -static-libgcc  -Wl,-elf2flt -D__PIC__ -fpic -msingle-pic-base -mswp-byte-writes conftest.c -lresolv  1>&5
No relocations in code!
configure:6041: checking for strdup
configure:6069: ucfront-gcc arm-linux-elf-gcc  -o conftest.gdb -D_REENTRANT -D_LARGEFILE64_SOURCE -O2 -g -fomit-frame-pointer -fno-common -fno-builtin -Wall  -mswp-byte-writes -DCONFIG_NDS_ROM8BIT -mcpu=arm946e-s -mfpu=fpe3 -DEMBED -D__PIC__ -fpic -msingle-pic-base -Dlinux -D__linux__ -Dunix -D__uClinux__ -Wno-format-y2k -static-libgcc  -Wl,-elf2flt -D__PIC__ -fpic -msingle-pic-base -mswp-byte-writes conftest.c -lresolv  1>&5
configure:6041: checking for strerror
configure:6041: checking for strncoll
configure:6069: ucfront-gcc arm-linux-elf-gcc  -o conftest.gdb -D_REENTRANT -D_LARGEFILE64_SOURCE -O2 -g -fomit-frame-pointer -fno-common -fno-builtin -Wall  -mswp-byte-writes -DCONFIG_NDS_ROM8BIT -mcpu=arm946e-s -mfpu=fpe3 -DEMBED -D__PIC__ -fpic -msingle-pic-base -Dlinux -D__linux__ -Dunix -D__uClinux__ -Wno-format-y2k -static-libgcc  -Wl,-elf2flt -D__PIC__ -fpic -msingle-pic-base -mswp-byte-writes conftest.c -lresolv  1>&5
conftest.gdb.elf2flt: In function `main':
/home/andrewec/dslinux/user/ncftp/src/configure:6063: undefined reference to `strncoll'
collect2: ld returned 1 exit status
configure: failed program was:
#line 6046 "configure"
#include "confdefs.h"
/* System header to define __stub macros and hopefully few prototypes,
    which can conflict with char strncoll(); below.  */
#include <assert.h>
/* Override any gcc2 internal prototype to avoid an error.  */
/* We use char because int might match the return type of a gcc2
    builtin and then its argument prototype would still apply.  */
char strncoll();

int main() {

/* The GNU C library defines this for functions which it implements
    to always fail with ENOSYS.  Some functions are actually named
    something starting with __ and the normal name is an alias.  */
#if defined (__stub_strncoll) || defined (__stub___strncoll)
choke me
#else
strncoll();
#endif

; return 0; }
configure:6041: checking for strstr
configure:6069: ucfront-gcc arm-linux-elf-gcc  -o conftest.gdb -D_REENTRANT -D_LARGEFILE64_SOURCE -O2 -g -fomit-frame-pointer -fno-common -fno-builtin -Wall  -mswp-byte-writes -DCONFIG_NDS_ROM8BIT -mcpu=arm946e-s -mfpu=fpe3 -DEMBED -D__PIC__ -fpic -msingle-pic-base -Dlinux -D__linux__ -Dunix -D__uClinux__ -Wno-format-y2k -static-libgcc  -Wl,-elf2flt -D__PIC__ -fpic -msingle-pic-base -mswp-byte-writes conftest.c -lresolv  1>&5
No relocations in code!
configure:6041: checking for strtoq
configure:6069: ucfront-gcc arm-linux-elf-gcc  -o conftest.gdb -D_REENTRANT -D_LARGEFILE64_SOURCE -O2 -g -fomit-frame-pointer -fno-common -fno-builtin -Wall  -mswp-byte-writes -DCONFIG_NDS_ROM8BIT -mcpu=arm946e-s -mfpu=fpe3 -DEMBED -D__PIC__ -fpic -msingle-pic-base -Dlinux -D__linux__ -Dunix -D__uClinux__ -Wno-format-y2k -static-libgcc  -Wl,-elf2flt -D__PIC__ -fpic -msingle-pic-base -mswp-byte-writes conftest.c -lresolv  1>&5
No relocations in code!
configure:6041: checking for symlink
configure:6069: ucfront-gcc arm-linux-elf-gcc  -o conftest.gdb -D_REENTRANT -D_LARGEFILE64_SOURCE -O2 -g -fomit-frame-pointer -fno-common -fno-builtin -Wall  -mswp-byte-writes -DCONFIG_NDS_ROM8BIT -mcpu=arm946e-s -mfpu=fpe3 -DEMBED -D__PIC__ -fpic -msingle-pic-base -Dlinux -D__linux__ -Dunix -D__uClinux__ -Wno-format-y2k -static-libgcc  -Wl,-elf2flt -D__PIC__ -fpic -msingle-pic-base -mswp-byte-writes conftest.c -lresolv  1>&5
No relocations in code!
configure:6041: checking for sysconf
configure:6069: ucfront-gcc arm-linux-elf-gcc  -o conftest.gdb -D_REENTRANT -D_LARGEFILE64_SOURCE -O2 -g -fomit-frame-pointer -fno-common -fno-builtin -Wall  -mswp-byte-writes -DCONFIG_NDS_ROM8BIT -mcpu=arm946e-s -mfpu=fpe3 -DEMBED -D__PIC__ -fpic -msingle-pic-base -Dlinux -D__linux__ -Dunix -D__uClinux__ -Wno-format-y2k -static-libgcc  -Wl,-elf2flt -D__PIC__ -fpic -msingle-pic-base -mswp-byte-writes conftest.c -lresolv  1>&5
No relocations in code!
configure:6041: checking for sysctl
configure:6069: ucfront-gcc arm-linux-elf-gcc  -o conftest.gdb -D_REENTRANT -D_LARGEFILE64_SOURCE -O2 -g -fomit-frame-pointer -fno-common -fno-builtin -Wall  -mswp-byte-writes -DCONFIG_NDS_ROM8BIT -mcpu=arm946e-s -mfpu=fpe3 -DEMBED -D__PIC__ -fpic -msingle-pic-base -Dlinux -D__linux__ -Dunix -D__uClinux__ -Wno-format-y2k -static-libgcc  -Wl,-elf2flt -D__PIC__ -fpic -msingle-pic-base -mswp-byte-writes conftest.c -lresolv  1>&5
No relocations in code!
configure:6041: checking for sysinfo
configure:6069: ucfront-gcc arm-linux-elf-gcc  -o conftest.gdb -D_REENTRANT -D_LARGEFILE64_SOURCE -O2 -g -fomit-frame-pointer -fno-common -fno-builtin -Wall  -mswp-byte-writes -DCONFIG_NDS_ROM8BIT -mcpu=arm946e-s -mfpu=fpe3 -DEMBED -D__PIC__ -fpic -msingle-pic-base -Dlinux -D__linux__ -Dunix -D__uClinux__ -Wno-format-y2k -static-libgcc  -Wl,-elf2flt -D__PIC__ -fpic -msingle-pic-base -mswp-byte-writes conftest.c -lresolv  1>&5
No relocations in code!
configure:6041: checking for syslog
configure:6069: ucfront-gcc arm-linux-elf-gcc  -o conftest.gdb -D_REENTRANT -D_LARGEFILE64_SOURCE -O2 -g -fomit-frame-pointer -fno-common -fno-builtin -Wall  -mswp-byte-writes -DCONFIG_NDS_ROM8BIT -mcpu=arm946e-s -mfpu=fpe3 -DEMBED -D__PIC__ -fpic -msingle-pic-base -Dlinux -D__linux__ -Dunix -D__uClinux__ -Wno-format-y2k -static-libgcc  -Wl,-elf2flt -D__PIC__ -fpic -msingle-pic-base -mswp-byte-writes conftest.c -lresolv  1>&5
configure:6041: checking for tcgetattr
configure:6069: ucfront-gcc arm-linux-elf-gcc  -o conftest.gdb -D_REENTRANT -D_LARGEFILE64_SOURCE -O2 -g -fomit-frame-pointer -fno-common -fno-builtin -Wall  -mswp-byte-writes -DCONFIG_NDS_ROM8BIT -mcpu=arm946e-s -mfpu=fpe3 -DEMBED -D__PIC__ -fpic -msingle-pic-base -Dlinux -D__linux__ -Dunix -D__uClinux__ -Wno-format-y2k -static-libgcc  -Wl,-elf2flt -D__PIC__ -fpic -msingle-pic-base -mswp-byte-writes conftest.c -lresolv  1>&5
No relocations in code!
configure:6041: checking for uname
configure:6069: ucfront-gcc arm-linux-elf-gcc  -o conftest.gdb -D_REENTRANT -D_LARGEFILE64_SOURCE -O2 -g -fomit-frame-pointer -fno-common -fno-builtin -Wall  -mswp-byte-writes -DCONFIG_NDS_ROM8BIT -mcpu=arm946e-s -mfpu=fpe3 -DEMBED -D__PIC__ -fpic -msingle-pic-base -Dlinux -D__linux__ -Dunix -D__uClinux__ -Wno-format-y2k -static-libgcc  -Wl,-elf2flt -D__PIC__ -fpic -msingle-pic-base -mswp-byte-writes conftest.c -lresolv  1>&5
No relocations in code!
configure:6041: checking for waitpid
configure:6069: ucfront-gcc arm-linux-elf-gcc  -o conftest.gdb -D_REENTRANT -D_LARGEFILE64_SOURCE -O2 -g -fomit-frame-pointer -fno-common -fno-builtin -Wall  -mswp-byte-writes -DCONFIG_NDS_ROM8BIT -mcpu=arm946e-s -mfpu=fpe3 -DEMBED -D__PIC__ -fpic -msingle-pic-base -Dlinux -D__linux__ -Dunix -D__uClinux__ -Wno-format-y2k -static-libgcc  -Wl,-elf2flt -D__PIC__ -fpic -msingle-pic-base -mswp-byte-writes conftest.c -lresolv  1>&5
No relocations in code!
configure:6096: checking for gethostbyaddr_r
configure:6124: ucfront-gcc arm-linux-elf-gcc  -o conftest.gdb -D_REENTRANT -D_LARGEFILE64_SOURCE -O2 -g -fomit-frame-pointer -fno-common -fno-builtin -Wall  -mswp-byte-writes -DCONFIG_NDS_ROM8BIT -mcpu=arm946e-s -mfpu=fpe3 -DEMBED -D__PIC__ -fpic -msingle-pic-base -Dlinux -D__linux__ -Dunix -D__uClinux__ -Wno-format-y2k -static-libgcc  -Wl,-elf2flt -D__PIC__ -fpic -msingle-pic-base -mswp-byte-writes conftest.c -lresolv  1>&5
configure:6096: checking for gethostbyname_r
configure:6124: ucfront-gcc arm-linux-elf-gcc  -o conftest.gdb -D_REENTRANT -D_LARGEFILE64_SOURCE -O2 -g -fomit-frame-pointer -fno-common -fno-builtin -Wall  -mswp-byte-writes -DCONFIG_NDS_ROM8BIT -mcpu=arm946e-s -mfpu=fpe3 -DEMBED -D__PIC__ -fpic -msingle-pic-base -Dlinux -D__linux__ -Dunix -D__uClinux__ -Wno-format-y2k -static-libgcc  -Wl,-elf2flt -D__PIC__ -fpic -msingle-pic-base -mswp-byte-writes conftest.c -lresolv  1>&5
configure:6096: checking for gethostbyname2_r
configure:6124: ucfront-gcc arm-linux-elf-gcc  -o conftest.gdb -D_REENTRANT -D_LARGEFILE64_SOURCE -O2 -g -fomit-frame-pointer -fno-common -fno-builtin -Wall  -mswp-byte-writes -DCONFIG_NDS_ROM8BIT -mcpu=arm946e-s -mfpu=fpe3 -DEMBED -D__PIC__ -fpic -msingle-pic-base -Dlinux -D__linux__ -Dunix -D__uClinux__ -Wno-format-y2k -static-libgcc  -Wl,-elf2flt -D__PIC__ -fpic -msingle-pic-base -mswp-byte-writes conftest.c -lresolv  1>&5
configure:6096: checking for getlogin_r
configure:6124: ucfront-gcc arm-linux-elf-gcc  -o conftest.gdb -D_REENTRANT -D_LARGEFILE64_SOURCE -O2 -g -fomit-frame-pointer -fno-common -fno-builtin -Wall  -mswp-byte-writes -DCONFIG_NDS_ROM8BIT -mcpu=arm946e-s -mfpu=fpe3 -DEMBED -D__PIC__ -fpic -msingle-pic-base -Dlinux -D__linux__ -Dunix -D__uClinux__ -Wno-format-y2k -static-libgcc  -Wl,-elf2flt -D__PIC__ -fpic -msingle-pic-base -mswp-byte-writes conftest.c -lresolv  1>&5
No relocations in code!
configure:6096: checking for getpwnam_r
configure:6124: ucfront-gcc arm-linux-elf-gcc  -o conftest.gdb -D_REENTRANT -D_LARGEFILE64_SOURCE -O2 -g -fomit-frame-pointer -fno-common -fno-builtin -Wall  -mswp-byte-writes -DCONFIG_NDS_ROM8BIT -mcpu=arm946e-s -mfpu=fpe3 -DEMBED -D__PIC__ -fpic -msingle-pic-base -Dlinux -D__linux__ -Dunix -D__uClinux__ -Wno-format-y2k -static-libgcc  -Wl,-elf2flt -D__PIC__ -fpic -msingle-pic-base -mswp-byte-writes conftest.c -lresolv  1>&5
configure:6096: checking for _posix_getpwnam_r
configure:6124: ucfront-gcc arm-linux-elf-gcc  -o conftest.gdb -D_REENTRANT -D_LARGEFILE64_SOURCE -O2 -g -fomit-frame-pointer -fno-common -fno-builtin -Wall  -mswp-byte-writes -DCONFIG_NDS_ROM8BIT -mcpu=arm946e-s -mfpu=fpe3 -DEMBED -D__PIC__ -fpic -msingle-pic-base -Dlinux -D__linux__ -Dunix -D__uClinux__ -Wno-format-y2k -static-libgcc  -Wl,-elf2flt -D__PIC__ -fpic -msingle-pic-base -mswp-byte-writes conftest.c -lresolv  1>&5
conftest.gdb.elf2flt: In function `main':
/home/andrewec/dslinux/user/ncftp/src/configure:6118: undefined reference to `_posix_getpwnam_r'
collect2: ld returned 1 exit status
configure: failed program was:
#line 6101 "configure"
#include "confdefs.h"
/* System header to define __stub macros and hopefully few prototypes,
    which can conflict with char _posix_getpwnam_r(); below.  */
#include <assert.h>
/* Override any gcc2 internal prototype to avoid an error.  */
/* We use char because int might match the return type of a gcc2
    builtin and then its argument prototype would still apply.  */
char _posix_getpwnam_r();

int main() {

/* The GNU C library defines this for functions which it implements
    to always fail with ENOSYS.  Some functions are actually named
    something starting with __ and the normal name is an alias.  */
#if defined (__stub__posix_getpwnam_r) || defined (__stub____posix_getpwnam_r)
choke me
#else
_posix_getpwnam_r();
#endif

; return 0; }
configure:6096: checking for getpwuid_r
configure:6124: ucfront-gcc arm-linux-elf-gcc  -o conftest.gdb -D_REENTRANT -D_LARGEFILE64_SOURCE -O2 -g -fomit-frame-pointer -fno-common -fno-builtin -Wall  -mswp-byte-writes -DCONFIG_NDS_ROM8BIT -mcpu=arm946e-s -mfpu=fpe3 -DEMBED -D__PIC__ -fpic -msingle-pic-base -Dlinux -D__linux__ -Dunix -D__uClinux__ -Wno-format-y2k -static-libgcc  -Wl,-elf2flt -D__PIC__ -fpic -msingle-pic-base -mswp-byte-writes conftest.c -lresolv  1>&5
configure:6096: checking for _posix_getpwuid_r
configure:6124: ucfront-gcc arm-linux-elf-gcc  -o conftest.gdb -D_REENTRANT -D_LARGEFILE64_SOURCE -O2 -g -fomit-frame-pointer -fno-common -fno-builtin -Wall  -mswp-byte-writes -DCONFIG_NDS_ROM8BIT -mcpu=arm946e-s -mfpu=fpe3 -DEMBED -D__PIC__ -fpic -msingle-pic-base -Dlinux -D__linux__ -Dunix -D__uClinux__ -Wno-format-y2k -static-libgcc  -Wl,-elf2flt -D__PIC__ -fpic -msingle-pic-base -mswp-byte-writes conftest.c -lresolv  1>&5
conftest.gdb.elf2flt: In function `main':
/home/andrewec/dslinux/user/ncftp/src/configure:6118: undefined reference to `_posix_getpwuid_r'
collect2: ld returned 1 exit status
configure: failed program was:
#line 6101 "configure"
#include "confdefs.h"
/* System header to define __stub macros and hopefully few prototypes,
    which can conflict with char _posix_getpwuid_r(); below.  */
#include <assert.h>
/* Override any gcc2 internal prototype to avoid an error.  */
/* We use char because int might match the return type of a gcc2
    builtin and then its argument prototype would still apply.  */
char _posix_getpwuid_r();

int main() {

/* The GNU C library defines this for functions which it implements
    to always fail with ENOSYS.  Some functions are actually named
    something starting with __ and the normal name is an alias.  */
#if defined (__stub__posix_getpwuid_r) || defined (__stub____posix_getpwuid_r)
choke me
#else
_posix_getpwuid_r();
#endif

; return 0; }
configure:6096: checking for getservbyname_r
configure:6124: ucfront-gcc arm-linux-elf-gcc  -o conftest.gdb -D_REENTRANT -D_LARGEFILE64_SOURCE -O2 -g -fomit-frame-pointer -fno-common -fno-builtin -Wall  -mswp-byte-writes -DCONFIG_NDS_ROM8BIT -mcpu=arm946e-s -mfpu=fpe3 -DEMBED -D__PIC__ -fpic -msingle-pic-base -Dlinux -D__linux__ -Dunix -D__uClinux__ -Wno-format-y2k -static-libgcc  -Wl,-elf2flt -D__PIC__ -fpic -msingle-pic-base -mswp-byte-writes conftest.c -lresolv  1>&5
configure:6096: checking for getservbyport_r
configure:6124: ucfront-gcc arm-linux-elf-gcc  -o conftest.gdb -D_REENTRANT -D_LARGEFILE64_SOURCE -O2 -g -fomit-frame-pointer -fno-common -fno-builtin -Wall  -mswp-byte-writes -DCONFIG_NDS_ROM8BIT -mcpu=arm946e-s -mfpu=fpe3 -DEMBED -D__PIC__ -fpic -msingle-pic-base -Dlinux -D__linux__ -Dunix -D__uClinux__ -Wno-format-y2k -static-libgcc  -Wl,-elf2flt -D__PIC__ -fpic -msingle-pic-base -mswp-byte-writes conftest.c -lresolv  1>&5
configure:6096: checking for gmtime_r
configure:6124: ucfront-gcc arm-linux-elf-gcc  -o conftest.gdb -D_REENTRANT -D_LARGEFILE64_SOURCE -O2 -g -fomit-frame-pointer -fno-common -fno-builtin -Wall  -mswp-byte-writes -DCONFIG_NDS_ROM8BIT -mcpu=arm946e-s -mfpu=fpe3 -DEMBED -D__PIC__ -fpic -msingle-pic-base -Dlinux -D__linux__ -Dunix -D__uClinux__ -Wno-format-y2k -static-libgcc  -Wl,-elf2flt -D__PIC__ -fpic -msingle-pic-base -mswp-byte-writes conftest.c -lresolv  1>&5
No relocations in code!
configure:6096: checking for localtime_r
configure:6124: ucfront-gcc arm-linux-elf-gcc  -o conftest.gdb -D_REENTRANT -D_LARGEFILE64_SOURCE -O2 -g -fomit-frame-pointer -fno-common -fno-builtin -Wall  -mswp-byte-writes -DCONFIG_NDS_ROM8BIT -mcpu=arm946e-s -mfpu=fpe3 -DEMBED -D__PIC__ -fpic -msingle-pic-base -Dlinux -D__linux__ -Dunix -D__uClinux__ -Wno-format-y2k -static-libgcc  -Wl,-elf2flt -D__PIC__ -fpic -msingle-pic-base -mswp-byte-writes conftest.c -lresolv  1>&5
configure:6096: checking for readdir_r
configure:6124: ucfront-gcc arm-linux-elf-gcc  -o conftest.gdb -D_REENTRANT -D_LARGEFILE64_SOURCE -O2 -g -fomit-frame-pointer -fno-common -fno-builtin -Wall  -mswp-byte-writes -DCONFIG_NDS_ROM8BIT -mcpu=arm946e-s -mfpu=fpe3 -DEMBED -D__PIC__ -fpic -msingle-pic-base -Dlinux -D__linux__ -Dunix -D__uClinux__ -Wno-format-y2k -static-libgcc  -Wl,-elf2flt -D__PIC__ -fpic -msingle-pic-base -mswp-byte-writes conftest.c -lresolv  1>&5
No relocations in code!
configure:6155: checking for snprintf
configure:6183: ucfront-gcc arm-linux-elf-gcc  -o conftest.gdb -D_REENTRANT -D_LARGEFILE64_SOURCE -O2 -g -fomit-frame-pointer -fno-common -fno-builtin -Wall  -mswp-byte-writes -DCONFIG_NDS_ROM8BIT -mcpu=arm946e-s -mfpu=fpe3 -DEMBED -D__PIC__ -fpic -msingle-pic-base -Dlinux -D__linux__ -Dunix -D__uClinux__ -Wno-format-y2k -static-libgcc  -Wl,-elf2flt -D__PIC__ -fpic -msingle-pic-base -mswp-byte-writes conftest.c -lresolv  1>&5
configure:6155: checking for vsnprintf
configure:6183: ucfront-gcc arm-linux-elf-gcc  -o conftest.gdb -D_REENTRANT -D_LARGEFILE64_SOURCE -O2 -g -fomit-frame-pointer -fno-common -fno-builtin -Wall  -mswp-byte-writes -DCONFIG_NDS_ROM8BIT -mcpu=arm946e-s -mfpu=fpe3 -DEMBED -D__PIC__ -fpic -msingle-pic-base -Dlinux -D__linux__ -Dunix -D__uClinux__ -Wno-format-y2k -static-libgcc  -Wl,-elf2flt -D__PIC__ -fpic -msingle-pic-base -mswp-byte-writes conftest.c -lresolv  1>&5
configure:6211: checking if snprintf works correctly
configure:6299: checking what snprintf() returns
configure:6840: checking for sigsetjmp and siglongjmp
configure:6870: ucfront-gcc arm-linux-elf-gcc  -o conftest.gdb -D_REENTRANT -D_LARGEFILE64_SOURCE -O2 -g -fomit-frame-pointer -fno-common -fno-builtin -Wall  -mswp-byte-writes -DCONFIG_NDS_ROM8BIT -mcpu=arm946e-s -mfpu=fpe3 -DEMBED -D__PIC__ -fpic -msingle-pic-base -Dlinux -D__linux__ -Dunix -D__uClinux__ -Wno-format-y2k -static-libgcc  -Wl,-elf2flt -D__PIC__ -fpic -msingle-pic-base -mswp-byte-writes conftest.c -lresolv  1>&5
configure: In function 'main':
configure:6865: warning: implicit declaration of function 'exit'
No relocations in code!
configure:6954: checking if setpgrp behavior needs to be checked
configure:7035: checking whether setvbuf behavior can be checked
configure:7090: checking for working alloca.h
configure:7102: ucfront-gcc arm-linux-elf-gcc  -o conftest.gdb -D_REENTRANT -D_LARGEFILE64_SOURCE -O2 -g -fomit-frame-pointer -fno-common -fno-builtin -Wall  -mswp-byte-writes -DCONFIG_NDS_ROM8BIT -mcpu=arm946e-s -mfpu=fpe3 -DEMBED -D__PIC__ -fpic -msingle-pic-base -Dlinux -D__linux__ -Dunix -D__uClinux__ -Wno-format-y2k -static-libgcc  -Wl,-elf2flt -D__PIC__ -fpic -msingle-pic-base -mswp-byte-writes conftest.c -lresolv  1>&5
configure: In function 'main':
configure:7098: warning: unused variable 'p'
No relocations in code!
configure:7123: checking for alloca
configure:7156: ucfront-gcc arm-linux-elf-gcc  -o conftest.gdb -D_REENTRANT -D_LARGEFILE64_SOURCE -O2 -g -fomit-frame-pointer -fno-common -fno-builtin -Wall  -mswp-byte-writes -DCONFIG_NDS_ROM8BIT -mcpu=arm946e-s -mfpu=fpe3 -DEMBED -D__PIC__ -fpic -msingle-pic-base -Dlinux -D__linux__ -Dunix -D__uClinux__ -Wno-format-y2k -static-libgcc  -Wl,-elf2flt -D__PIC__ -fpic -msingle-pic-base -mswp-byte-writes conftest.c -lresolv  1>&5
configure: In function 'main':
configure:7152: warning: unused variable 'p'
No relocations in code!
configure:7341: checking string parameter to waddstr
configure:7544: checking whether curses structure has maxx or _maxx field
configure:7576: ucfront-gcc arm-linux-elf-gcc  -c -D_REENTRANT -D_LARGEFILE64_SOURCE -O2 -g -fomit-frame-pointer -fno-common -fno-builtin -Wall  -mswp-byte-writes -DCONFIG_NDS_ROM8BIT -mcpu=arm946e-s -mfpu=fpe3 -DEMBED -D__PIC__ -fpic -msingle-pic-base -Dlinux -D__linux__ -Dunix -D__uClinux__ -Wno-format-y2k -static-libgcc  conftest.c 1>&5
configure: In function 'main':
configure:7571: error: 'struct _win_st' has no member named 'maxx'
configure: failed program was:
#line 7546 "configure"
#include "confdefs.h"

	/* includes */
#if defined(AIX) || defined(_AIX) || defined(__HOS_AIX__)
#	define _ALL_SOURCE 1
#endif
#ifdef HAVE_UNISTD_H
#	include <unistd.h>
#endif
#include <sys/types.h>
#include <stdio.h>
#include <string.h>
#include <stdlib.h>

#ifdef HAVE_NCURSES_H
#	include <ncurses.h>
#else
#	include <curses.h>
#endif

int main() {

		WINDOW *w;
	
		w = newwin(10, 10, 1, 1);
		w->maxx = 0;

; return 0; }
configure:7655: checking for getcurx() functionality in curses library
configure:7687: ucfront-gcc arm-linux-elf-gcc  -o conftest.gdb -D_REENTRANT -D_LARGEFILE64_SOURCE -O2 -g -fomit-frame-pointer -fno-common -fno-builtin -Wall  -mswp-byte-writes -DCONFIG_NDS_ROM8BIT -mcpu=arm946e-s -mfpu=fpe3 -DEMBED -D__PIC__ -fpic -msingle-pic-base -Dlinux -D__linux__ -Dunix -D__uClinux__ -Wno-format-y2k -static-libgcc  -Wl,-elf2flt -D__PIC__ -fpic -msingle-pic-base -mswp-byte-writes conftest.c -lresolv  -lncurses 1>&5
No relocations in code!
configure:7708: checking for getyx() functionality in curses library
configure:7740: ucfront-gcc arm-linux-elf-gcc  -o conftest.gdb -D_REENTRANT -D_LARGEFILE64_SOURCE -O2 -g -fomit-frame-pointer -fno-common -fno-builtin -Wall  -mswp-byte-writes -DCONFIG_NDS_ROM8BIT -mcpu=arm946e-s -mfpu=fpe3 -DEMBED -D__PIC__ -fpic -msingle-pic-base -Dlinux -D__linux__ -Dunix -D__uClinux__ -Wno-format-y2k -static-libgcc  -Wl,-elf2flt -D__PIC__ -fpic -msingle-pic-base -mswp-byte-writes conftest.c -lresolv  -lncurses 1>&5
No relocations in code!
configure:7761: checking for getmaxx() functionality in curses library
configure:7792: ucfront-gcc arm-linux-elf-gcc  -o conftest.gdb -D_REENTRANT -D_LARGEFILE64_SOURCE -O2 -g -fomit-frame-pointer -fno-common -fno-builtin -Wall  -mswp-byte-writes -DCONFIG_NDS_ROM8BIT -mcpu=arm946e-s -mfpu=fpe3 -DEMBED -D__PIC__ -fpic -msingle-pic-base -Dlinux -D__linux__ -Dunix -D__uClinux__ -Wno-format-y2k -static-libgcc  -Wl,-elf2flt -D__PIC__ -fpic -msingle-pic-base -mswp-byte-writes conftest.c -lresolv  -lncurses 1>&5
No relocations in code!
configure:7813: checking for getmaxyx() functionality in curses library
configure:7844: ucfront-gcc arm-linux-elf-gcc  -o conftest.gdb -D_REENTRANT -D_LARGEFILE64_SOURCE -O2 -g -fomit-frame-pointer -fno-common -fno-builtin -Wall  -mswp-byte-writes -DCONFIG_NDS_ROM8BIT -mcpu=arm946e-s -mfpu=fpe3 -DEMBED -D__PIC__ -fpic -msingle-pic-base -Dlinux -D__linux__ -Dunix -D__uClinux__ -Wno-format-y2k -static-libgcc  -Wl,-elf2flt -D__PIC__ -fpic -msingle-pic-base -mswp-byte-writes conftest.c -lresolv  -lncurses 1>&5
No relocations in code!
configure:7865: checking for getbegx() functionality in curses library
configure:7897: ucfront-gcc arm-linux-elf-gcc  -o conftest.gdb -D_REENTRANT -D_LARGEFILE64_SOURCE -O2 -g -fomit-frame-pointer -fno-common -fno-builtin -Wall  -mswp-byte-writes -DCONFIG_NDS_ROM8BIT -mcpu=arm946e-s -mfpu=fpe3 -DEMBED -D__PIC__ -fpic -msingle-pic-base -Dlinux -D__linux__ -Dunix -D__uClinux__ -Wno-format-y2k -static-libgcc  -Wl,-elf2flt -D__PIC__ -fpic -msingle-pic-base -mswp-byte-writes conftest.c -lresolv  -lncurses 1>&5
No relocations in code!
configure:7918: checking for getbegyx() functionality in curses library
configure:7949: ucfront-gcc arm-linux-elf-gcc  -o conftest.gdb -D_REENTRANT -D_LARGEFILE64_SOURCE -O2 -g -fomit-frame-pointer -fno-common -fno-builtin -Wall  -mswp-byte-writes -DCONFIG_NDS_ROM8BIT -mcpu=arm946e-s -mfpu=fpe3 -DEMBED -D__PIC__ -fpic -msingle-pic-base -Dlinux -D__linux__ -Dunix -D__uClinux__ -Wno-format-y2k -static-libgcc  -Wl,-elf2flt -D__PIC__ -fpic -msingle-pic-base -mswp-byte-writes conftest.c -lresolv  -lncurses 1>&5
No relocations in code!
configure:7970: checking for touchwin() functionality in curses library
configure:7999: ucfront-gcc arm-linux-elf-gcc  -o conftest.gdb -D_REENTRANT -D_LARGEFILE64_SOURCE -O2 -g -fomit-frame-pointer -fno-common -fno-builtin -Wall  -mswp-byte-writes -DCONFIG_NDS_ROM8BIT -mcpu=arm946e-s -mfpu=fpe3 -DEMBED -D__PIC__ -fpic -msingle-pic-base -Dlinux -D__linux__ -Dunix -D__uClinux__ -Wno-format-y2k -static-libgcc  -Wl,-elf2flt -D__PIC__ -fpic -msingle-pic-base -mswp-byte-writes conftest.c -lresolv  -lncurses 1>&5
No relocations in code!
configure:8020: checking for beep() functionality in curses library
configure:8048: ucfront-gcc arm-linux-elf-gcc  -o conftest.gdb -D_REENTRANT -D_LARGEFILE64_SOURCE -O2 -g -fomit-frame-pointer -fno-common -fno-builtin -Wall  -mswp-byte-writes -DCONFIG_NDS_ROM8BIT -mcpu=arm946e-s -mfpu=fpe3 -DEMBED -D__PIC__ -fpic -msingle-pic-base -Dlinux -D__linux__ -Dunix -D__uClinux__ -Wno-format-y2k -static-libgcc  -Wl,-elf2flt -D__PIC__ -fpic -msingle-pic-base -mswp-byte-writes conftest.c -lresolv  -lncurses 1>&5
configure:8070: checking for keypad
configure:8098: ucfront-gcc arm-linux-elf-gcc  -o conftest.gdb -D_REENTRANT -D_LARGEFILE64_SOURCE -O2 -g -fomit-frame-pointer -fno-common -fno-builtin -Wall  -mswp-byte-writes -DCONFIG_NDS_ROM8BIT -mcpu=arm946e-s -mfpu=fpe3 -DEMBED -D__PIC__ -fpic -msingle-pic-base -Dlinux -D__linux__ -Dunix -D__uClinux__ -Wno-format-y2k -static-libgcc  -Wl,-elf2flt -D__PIC__ -fpic -msingle-pic-base -mswp-byte-writes conftest.c -lresolv  -lncurses 1>&5
configure:8070: checking for nodelay
configure:8098: ucfront-gcc arm-linux-elf-gcc  -o conftest.gdb -D_REENTRANT -D_LARGEFILE64_SOURCE -O2 -g -fomit-frame-pointer -fno-common -fno-builtin -Wall  -mswp-byte-writes -DCONFIG_NDS_ROM8BIT -mcpu=arm946e-s -mfpu=fpe3 -DEMBED -D__PIC__ -fpic -msingle-pic-base -Dlinux -D__linux__ -Dunix -D__uClinux__ -Wno-format-y2k -static-libgcc  -Wl,-elf2flt -D__PIC__ -fpic -msingle-pic-base -mswp-byte-writes conftest.c -lresolv  -lncurses 1>&5
configure:8070: checking for curs_set
configure:8098: ucfront-gcc arm-linux-elf-gcc  -o conftest.gdb -D_REENTRANT -D_LARGEFILE64_SOURCE -O2 -g -fomit-frame-pointer -fno-common -fno-builtin -Wall  -mswp-byte-writes -DCONFIG_NDS_ROM8BIT -mcpu=arm946e-s -mfpu=fpe3 -DEMBED -D__PIC__ -fpic -msingle-pic-base -Dlinux -D__linux__ -Dunix -D__uClinux__ -Wno-format-y2k -static-libgcc  -Wl,-elf2flt -D__PIC__ -fpic -msingle-pic-base -mswp-byte-writes conftest.c -lresolv  -lncurses 1>&5
configure:8070: checking for doupdate
configure:8098: ucfront-gcc arm-linux-elf-gcc  -o conftest.gdb -D_REENTRANT -D_LARGEFILE64_SOURCE -O2 -g -fomit-frame-pointer -fno-common -fno-builtin -Wall  -mswp-byte-writes -DCONFIG_NDS_ROM8BIT -mcpu=arm946e-s -mfpu=fpe3 -DEMBED -D__PIC__ -fpic -msingle-pic-base -Dlinux -D__linux__ -Dunix -D__uClinux__ -Wno-format-y2k -static-libgcc  -Wl,-elf2flt -D__PIC__ -fpic -msingle-pic-base -mswp-byte-writes conftest.c -lresolv  -lncurses 1>&5
configure:8070: checking for wnoutrefresh
configure:8098: ucfront-gcc arm-linux-elf-gcc  -o conftest.gdb -D_REENTRANT -D_LARGEFILE64_SOURCE -O2 -g -fomit-frame-pointer -fno-common -fno-builtin -Wall  -mswp-byte-writes -DCONFIG_NDS_ROM8BIT -mcpu=arm946e-s -mfpu=fpe3 -DEMBED -D__PIC__ -fpic -msingle-pic-base -Dlinux -D__linux__ -Dunix -D__uClinux__ -Wno-format-y2k -static-libgcc  -Wl,-elf2flt -D__PIC__ -fpic -msingle-pic-base -mswp-byte-writes conftest.c -lresolv  -lncurses 1>&5
configure:8135: checking for long file names
configure:8179: checking whether make sets ${MAKE}
configure:8209: checking for gtar
configure:8248: checking for tar
configure:8296: checking how to create TAR files
configure:8354: checking for ranlib
configure:8384: checking for ar
configure:8415: checking for a BSD compatible install
configure:8471: checking for pwd
configure:8514: checking for ccdv
configure:9024: checking if shell can test for symlinks
